Eigenvectors vs Theta
Theta = 0.00 degrees
State 0:
 (0.99834845+0.00000000j)  (-0.03321312+0.00000000j)  (-0.03314561+0.00000000j)  (-0.03314561+0.00000000j)
State 1:
 (-0.01280007+0.00000000j)  (-0.92403135+0.00000000j)  (0.27018717+0.00000000j)  (0.27018717+0.00000000j)
State 2:
 (0.00000000+0.00000000j)  (-0.00000000+0.00000000j)  (-0.70710678+0.00000000j)  (0.70710678+0.00000000j)
State 3:
 (0.05600475-0.00000000j)  (0.38087130+0.00000000j)  (0.65261034+0.00000000j)  (0.65261034+0.00000000j)

Theta = 7.35 degrees
State 0:
 (0.99834845+0.00000000j)  (-0.03321275+0.00000000j)  (-0.03314081+0.00000000j)  (-0.03315077+0.00000000j)
State 1:
 (-0.01265107+0.00000000j)  (-0.92244847+0.00000000j)  (0.24549563+0.00000000j)  (0.29775940+0.00000000j)
State 2:
 (0.00318905+0.00000000j)  (0.05263615+0.00000000j)  (-0.68424428+0.00000000j)  (0.72734382+0.00000000j)
State 3:
 (-0.05594778+0.00000000j)  (-0.38107107+0.00000000j)  (-0.68588873+0.00000000j)  (-0.61742314+0.00000000j)

Theta = 14.69 degrees
State 0:
 (0.99834845+0.00000000j)  (-0.03321165+0.00000000j)  (-0.03313647+0.00000000j)  (-0.03315622+0.00000000j)
State 1:
 (0.01219361-0.00000000j)  (0.91744854+0.00000000j)  (-0.22208223+0.00000000j)  (-0.32987723+0.00000000j)
State 2:
 (-0.00627509+0.00000000j)  (-0.10689179+0.00000000j)  (0.66111937+0.00000000j)  (-0.74260080+0.00000000j)
State 3:
 (-0.05578811+0.00000000j)  (-0.38178438+0.00000000j)  (-0.71589290+0.00000000j)  (-0.58191557+0.00000000j)

Theta = 22.04 degrees
State 0:
 (0.99834845+0.00000000j)  (-0.03320983+0.00000000j)  (-0.03313265+0.00000000j)  (-0.03316186+0.00000000j)
State 1:
 (0.01139582-0.00000000j)  (0.90822025+0.00000000j)  (-0.19826072+0.00000000j)  (-0.36837317+0.00000000j)
State 2:
 (-0.00916856+0.00000000j)  (-0.16460943+0.00000000j)  (0.63992896+0.00000000j)  (-0.75054021+0.00000000j)
State 3:
 (-0.05555580+0.00000000j)  (-0.38332338+0.00000000j)  (-0.74167772+0.00000000j)  (-0.54762295+0.00000000j)

Theta = 29.39 degrees
State 0:
 (0.99834845+0.00000000j)  (-0.03320732+0.00000000j)  (-0.03312940+0.00000000j)  (-0.03316761+0.00000000j)
State 1:
 (0.01020389-0.00000000j)  (0.89322539+0.00000000j)  (-0.17212238+0.00000000j)  (-0.41523266+0.00000000j)
State 2:
 (-0.01179656+0.00000000j)  (-0.22793009+0.00000000j)  (0.62246872+0.00000000j)  (-0.74862635+0.00000000j)
State 3:
 (-0.05529101+0.00000000j)  (-0.38612633+0.00000000j)  (-0.76276407+0.00000000j)  (-0.51579098+0.00000000j)

Theta = 36.73 degrees
State 0:
 (0.99834845+0.00000000j)  (-0.03320417+0.00000000j)  (-0.03312680+0.00000000j)  (-0.03317336+0.00000000j)
State 1:
 (0.00854685-0.00000000j)  (0.86998043+0.00000000j)  (-0.14150113+0.00000000j)  (-0.47226946+0.00000000j)
State 2:
 (-0.01408979+0.00000000j)  (-0.29899952+0.00000000j)  (0.60988665+0.00000000j)  (-0.73378406+0.00000000j)
State 3:
 (-0.05503456+0.00000000j)  (-0.39067996+0.00000000j)  (-0.77904963+0.00000000j)  (-0.48725973+0.00000000j)

Theta = 44.08 degrees
State 0:
 (0.99834845+0.00000000j)  (-0.03320043+0.00000000j)  (-0.03312487+0.00000000j)  (-0.03317904+0.00000000j)
State 1:
 (0.00635893-0.00000000j)  (0.83506089+0.00000000j)  (-0.10428521+0.00000000j)  (-0.54014578+0.00000000j)
State 2:
 (-0.01595525+0.00000000j)  (-0.37893732+0.00000000j)  (0.60240263+0.00000000j)  (-0.70232685+0.00000000j)
State 3:
 (-0.05482123+0.00000000j)  (-0.39746388+0.00000000j)  (-0.79065694+0.00000000j)  (-0.46247020+0.00000000j)

Theta = 51.43 degrees
State 0:
 (0.99834845+0.00000000j)  (-0.03319615+0.00000000j)  (-0.03312365+0.00000000j)  (-0.03318453+0.00000000j)
State 1:
 (0.00363828-0.00000000j)  (0.78506642+0.00000000j)  (-0.05945271+0.00000000j)  (-0.61654103+0.00000000j)
State 2:
 (-0.01725125+0.00000000j)  (-0.46581368+0.00000000j)  (0.59908692+0.00000000j)  (-0.65101066+0.00000000j)
State 3:
 (-0.05467660+0.00000000j)  (-0.40692302+0.00000000j)  (-0.79778635+0.00000000j)  (-0.44154396+0.00000000j)

Theta = 58.78 degrees
State 0:
 (0.99834845+0.00000000j)  (-0.03319142+0.00000000j)  (-0.03312316+0.00000000j)  (-0.03318975+0.00000000j)
State 1:
 (0.00053380-0.00000000j)  (0.71933125+0.00000000j)  (-0.00871568+0.00000000j)  (-0.69461234+0.00000000j)
State 2:
 (-0.01780849+0.00000000j)  (-0.55273528+0.00000000j)  (0.59820863+0.00000000j)  (-0.57992499+0.00000000j)
State 3:
 (-0.05461636+0.00000000j)  (-0.41945750+0.00000000j)  (-0.80060810+0.00000000j)  (-0.42438088+0.00000000j)

Theta = 66.12 degrees
State 0:
 (0.99834845+0.00000000j)  (-0.03318630+0.00000000j)  (-0.03312340+0.00000000j)  (-0.03319462+0.00000000j)
State 1:
 (-0.00263315+0.00000000j)  (0.64283955+0.00000000j)  (0.04300824+0.00000000j)  (-0.76478799+0.00000000j)
State 2:
 (-0.01752666+0.00000000j)  (-0.62934114+0.00000000j)  (0.59860953+0.00000000j)  (-0.49526677+0.00000000j)
State 3:
 (-0.05464665+0.00000000j)  (-0.43541441+0.00000000j)  (-0.79919945+0.00000000j)  (-0.41074112+0.00000000j)

Theta = 73.47 degrees
State 0:
 (0.99834845+0.00000000j)  (-0.03318089+0.00000000j)  (-0.03312438+0.00000000j)  (-0.03319906+0.00000000j)
State 1:
 (-0.00550778+0.00000000j)  (0.56490527+0.00000000j)  (0.09017440+0.00000000j)  (-0.82019527+0.00000000j)
State 2:
 (-0.01645895+0.00000000j)  (-0.68752837+0.00000000j)  (0.60091226+0.00000000j)  (-0.40735525+0.00000000j)
State 3:
 (-0.05476441+0.00000000j)  (-0.45506681+0.00000000j)  (-0.79352115+0.00000000j)  (-0.40029895+0.00000000j)

Theta = 80.82 degrees
State 0:
 (0.99834845+0.00000000j)  (-0.03317527+0.00000000j)  (-0.03312608+0.00000000j)  (-0.03320299+0.00000000j)
State 1:
 (-0.00787874+0.00000000j)  (0.49372274+0.00000000j)  (0.12991629+0.00000000j)  (-0.85982413+0.00000000j)
State 2:
 (-0.01476503+0.00000000j)  (-0.72533357+0.00000000j)  (0.60684710+0.00000000j)  (-0.32466875+0.00000000j)
State 3:
 (-0.05495719+0.00000000j)  (-0.47856918+0.00000000j)  (-0.78342901+0.00000000j)  (-0.39267063+0.00000000j)

Theta = 88.16 degrees
State 0:
 (0.99834845+0.00000000j)  (-0.03316953+0.00000000j)  (-0.03312846+0.00000000j)  (-0.03320634+0.00000000j)
State 1:
 (-0.00970695+0.00000000j)  (0.43304348+0.00000000j)  (0.16252490+0.00000000j)  (-0.88654655+0.00000000j)
State 2:
 (-0.01260196+0.00000000j)  (-0.74528793+0.00000000j)  (0.61769980+0.00000000j)  (-0.25066722+0.00000000j)
State 3:
 (-0.05520271+0.00000000j)  (-0.50588441+0.00000000j)  (-0.76872304+0.00000000j)  (-0.38742549+0.00000000j)

Theta = 95.51 degrees
State 0:
 (0.99834845+0.00000000j)  (-0.03316377+0.00000000j)  (-0.03313150+0.00000000j)  (-0.03320907+0.00000000j)
State 1:
 (-0.01104555+0.00000000j)  (0.38296484+0.00000000j)  (0.18990784+0.00000000j)  (-0.90396401+0.00000000j)
State 2:
 (-0.01007734+0.00000000j)  (-0.75113472+0.00000000j)  (0.63362191+0.00000000j)  (-0.18498205+0.00000000j)
State 3:
 (-0.05546906+0.00000000j)  (-0.53668867+0.00000000j)  (-0.74924001+0.00000000j)  (-0.38409356+0.00000000j)

Theta = 102.86 degrees
State 0:
 (0.99834845+0.00000000j)  (-0.03315808+0.00000000j)  (-0.03313513+0.00000000j)  (-0.03321112+0.00000000j)
State 1:
 (-0.01196771+0.00000000j)  (0.34190440+0.00000000j)  (0.21427566+0.00000000j)  (-0.91490114+0.00000000j)
State 2:
 (-0.00726486+0.00000000j)  (-0.74617830+0.00000000j)  (0.65374172+0.00000000j)  (-0.12564610+0.00000000j)
State 3:
 (-0.05571687+0.00000000j)  (-0.57028052+0.00000000j)  (-0.72498950+0.00000000j)  (-0.38218580+0.00000000j)

Theta = 110.20 degrees
State 0:
 (0.99834845+0.00000000j)  (-0.03315256+0.00000000j)  (-0.03313931+0.00000000j)  (-0.03321246+0.00000000j)
State 1:
 (-0.01253398+0.00000000j)  (0.30787384+0.00000000j)  (0.23762922+0.00000000j)  (-0.92118888+0.00000000j)
State 2:
 (-0.00423397+0.00000000j)  (-0.73309748+0.00000000j)  (0.67645103+0.00000000j)  (-0.07045671+0.00000000j)
State 3:
 (-0.05590480+0.00000000j)  (-0.60554329+0.00000000j)  (-0.69631037+0.00000000j)  (-0.38123987+0.00000000j)

Theta = 117.55 degrees
State 0:
 (0.99834845+0.00000000j)  (-0.03314729+0.00000000j)  (-0.03314396+0.00000000j)  (-0.03321308+0.00000000j)
State 1:
 (-0.01278360+0.00000000j)  (0.27897819+0.00000000j)  (0.26171568+0.00000000j)  (-0.92385749+0.00000000j)
State 2:
 (-0.00106826+0.00000000j)  (-0.71426163+0.00000000j)  (0.69965995+0.00000000j)  (-0.01746782+0.00000000j)
State 3:
 (-0.05599832+0.00000000j)  (-0.64101696+0.00000000j)  (-0.66398971+0.00000000j)  (-0.38089252+0.00000000j)

Theta = 124.90 degrees
State 0:
 (0.99834845+0.00000000j)  (-0.03314236+0.00000000j)  (-0.03314901+0.00000000j)  (-0.03321296+0.00000000j)
State 1:
 (-0.01273406+0.00000000j)  (0.25350474+0.00000000j)  (0.28814853+0.00000000j)  (-0.92333288+0.00000000j)
State 2:
 (0.00213257+0.00000000j)  (-0.69200968+0.00000000j)  (0.72103641+0.00000000j)  (0.03499354+0.00000000j)
State 3:
 (-0.05597919+0.00000000j)  (-0.67509964+0.00000000j)  (-0.62926788+0.00000000j)  (-0.38095766+0.00000000j)

Theta = 132.24 degrees
State 0:
 (0.99834845+0.00000000j)  (-0.03313786+0.00000000j)  (-0.03315437+0.00000000j)  (-0.03321209+0.00000000j)
State 1:
 (-0.01238189+0.00000000j)  (0.22984536+0.00000000j)  (0.31855718+0.00000000j)  (-0.91953201+0.00000000j)
State 2:
 (0.00526376+0.00000000j)  (-0.66871528+0.00000000j)  (0.73821169+0.00000000j)  (0.08851933+0.00000000j)
State 3:
 (-0.05585119+0.00000000j)  (-0.70632349+0.00000000j)  (-0.59368814+0.00000000j)  (-0.38147367+0.00000000j)

Theta = 139.59 degrees
State 0:
 (0.99834845+0.00000000j)  (-0.03313386+0.00000000j)  (-0.03315996+0.00000000j)  (-0.03321051+0.00000000j)
State 1:
 (-0.01170244+0.00000000j)  (0.20635863+0.00000000j)  (0.35471150+0.00000000j)  (-0.91184369+0.00000000j)
State 2:
 (0.00823024+0.00000000j)  (-0.64665575+0.00000000j)  (0.74885553+0.00000000j)  (0.14485856+0.00000000j)
State 3:
 (-0.05563892+0.00000000j)  (-0.73359022+0.00000000j)  (-0.55883411+0.00000000j)  (-0.38269327+0.00000000j)

Theta = 146.94 degrees
State 0:
 (0.99834845+0.00000000j)  (-0.03313042+0.00000000j)  (-0.03316569+0.00000000j)  (-0.03320823+0.00000000j)
State 1:
 (-0.01064915+0.00000000j)  (0.18122213+0.00000000j)  (0.39856102+0.00000000j)  (-0.89899624+0.00000000j)
State 2:
 (0.01095415+0.00000000j)  (-0.62778727+0.00000000j)  (0.75053445+0.00000000j)  (0.20606112+0.00000000j)
State 3:
 (-0.05538028+0.00000000j)  (-0.75626983+0.00000000j)  (-0.52606767+0.00000000j)  (-0.38502179+0.00000000j)

Theta = 154.29 degrees
State 0:
 (0.99834845+0.00000000j)  (-0.03312759+0.00000000j)  (-0.03317145+0.00000000j)  (-0.03320529+0.00000000j)
State 1:
 (-0.00915549+0.00000000j)  (0.15234526+0.00000000j)  (0.45204489+0.00000000j)  (-0.87884157+0.00000000j)
State 2:
 (0.01336748+0.00000000j)  (-0.61350265+0.00000000j)  (0.74038721+0.00000000j)  (0.27434028+0.00000000j)
State 3:
 (-0.05511680+0.00000000j)  (-0.77414984+0.00000000j)  (-0.49636867+0.00000000j)  (-0.38893741+0.00000000j)

Theta = 161.63 degrees
State 0:
 (0.99834845+0.00000000j)  (-0.03312543+0.00000000j)  (-0.03317716+0.00000000j)  (-0.03320174+0.00000000j)
State 1:
 (-0.00714960+0.00000000j)  (0.11752623+0.00000000j)  (0.51637393+0.00000000j)  (-0.84823018+0.00000000j)
State 2:
 (0.01538861+0.00000000j)  (-0.60436421+0.00000000j)  (0.71489214+0.00000000j)  (0.35133506+0.00000000j)
State 3:
 (-0.05488577+0.00000000j)  (-0.78729550+0.00000000j)  (-0.47030465+0.00000000j)  (-0.39492644+0.00000000j)

Theta = 168.98 degrees
State 0:
 (0.99834845+0.00000000j)  (-0.03312397+0.00000000j)  (-0.03318272+0.00000000j)  (-0.03319763+0.00000000j)
State 1:
 (-0.00459912+0.00000000j)  (0.07521040+0.00000000j)  (0.59045692+0.00000000j)  (-0.80354395+0.00000000j)
State 2:
 (0.01689319+0.00000000j)  (-0.59983053+0.00000000j)  (0.67042705+0.00000000j)  (0.43640065+0.00000000j)
State 3:
 (-0.05471601+0.00000000j)  (-0.79589543+0.00000000j)  (-0.44809275+0.00000000j)  (-0.40344704+0.00000000j)

Theta = 176.33 degrees
State 0:
 (0.99834845+0.00000000j)  (-0.03312324+0.00000000j)  (-0.03318805+0.00000000j)  (-0.03319304+0.00000000j)
State 1:
 (-0.00159413+0.00000000j)  (0.02603104+0.00000000j)  (0.66899069+0.00000000j)  (-0.74281310+0.00000000j)
State 2:
 (0.01771380+0.00000000j)  (-0.59833330+0.00000000j)  (0.60556668+0.00000000j)  (0.52437819+0.00000000j)
State 3:
 (-0.05462649+0.00000000j)  (-0.80013905+0.00000000j)  (-0.42969642+0.00000000j)  (-0.41491497+0.00000000j)

Theta = 183.67 degrees
State 0:
 (0.99834845+0.00000000j)  (-0.03312324+0.00000000j)  (-0.03319304+0.00000000j)  (-0.03318805+0.00000000j)
State 1:
 (0.00159413-0.00000000j)  (-0.02603104+0.00000000j)  (0.74281310+0.00000000j)  (-0.66899069+0.00000000j)
State 2:
 (0.01771380+0.00000000j)  (-0.59833330+0.00000000j)  (0.52437819+0.00000000j)  (0.60556668+0.00000000j)
State 3:
 (-0.05462649+0.00000000j)  (-0.80013905+0.00000000j)  (-0.41491497+0.00000000j)  (-0.42969642+0.00000000j)

Theta = 191.02 degrees
State 0:
 (0.99834845+0.00000000j)  (-0.03312397+0.00000000j)  (-0.03319763+0.00000000j)  (-0.03318272+0.00000000j)
State 1:
 (0.00459912-0.00000000j)  (-0.07521040+0.00000000j)  (0.80354395+0.00000000j)  (-0.59045692+0.00000000j)
State 2:
 (0.01689319+0.00000000j)  (-0.59983053+0.00000000j)  (0.43640065+0.00000000j)  (0.67042705+0.00000000j)
State 3:
 (-0.05471601+0.00000000j)  (-0.79589543+0.00000000j)  (-0.40344704+0.00000000j)  (-0.44809275+0.00000000j)

Theta = 198.37 degrees
State 0:
 (0.99834845+0.00000000j)  (-0.03312543+0.00000000j)  (-0.03320174+0.00000000j)  (-0.03317716+0.00000000j)
State 1:
 (0.00714960-0.00000000j)  (-0.11752623+0.00000000j)  (0.84823018+0.00000000j)  (-0.51637393+0.00000000j)
State 2:
 (0.01538861+0.00000000j)  (-0.60436421+0.00000000j)  (0.35133506+0.00000000j)  (0.71489214+0.00000000j)
State 3:
 (-0.05488577+0.00000000j)  (-0.78729550+0.00000000j)  (-0.39492644+0.00000000j)  (-0.47030465+0.00000000j)

Theta = 205.71 degrees
State 0:
 (0.99834845+0.00000000j)  (-0.03312759+0.00000000j)  (-0.03320529+0.00000000j)  (-0.03317145+0.00000000j)
State 1:
 (0.00915549-0.00000000j)  (-0.15234526+0.00000000j)  (0.87884157+0.00000000j)  (-0.45204489+0.00000000j)
State 2:
 (0.01336748+0.00000000j)  (-0.61350265+0.00000000j)  (0.27434028+0.00000000j)  (0.74038721+0.00000000j)
State 3:
 (-0.05511680+0.00000000j)  (-0.77414984+0.00000000j)  (-0.38893741+0.00000000j)  (-0.49636867+0.00000000j)

Theta = 213.06 degrees
State 0:
 (0.99834845+0.00000000j)  (-0.03313042+0.00000000j)  (-0.03320823+0.00000000j)  (-0.03316569+0.00000000j)
State 1:
 (0.01064915-0.00000000j)  (-0.18122213+0.00000000j)  (0.89899624+0.00000000j)  (-0.39856102+0.00000000j)
State 2:
 (0.01095415+0.00000000j)  (-0.62778727+0.00000000j)  (0.20606112+0.00000000j)  (0.75053445+0.00000000j)
State 3:
 (-0.05538028+0.00000000j)  (-0.75626983+0.00000000j)  (-0.38502179+0.00000000j)  (-0.52606767+0.00000000j)

Theta = 220.41 degrees
State 0:
 (0.99834845+0.00000000j)  (-0.03313386+0.00000000j)  (-0.03321051+0.00000000j)  (-0.03315996+0.00000000j)
State 1:
 (0.01170244-0.00000000j)  (-0.20635863+0.00000000j)  (0.91184369+0.00000000j)  (-0.35471150+0.00000000j)
State 2:
 (0.00823024+0.00000000j)  (-0.64665575+0.00000000j)  (0.14485856+0.00000000j)  (0.74885553+0.00000000j)
State 3:
 (-0.05563892+0.00000000j)  (-0.73359022+0.00000000j)  (-0.38269327+0.00000000j)  (-0.55883411+0.00000000j)

Theta = 227.76 degrees
State 0:
 (0.99834845+0.00000000j)  (-0.03313786+0.00000000j)  (-0.03321209+0.00000000j)  (-0.03315437+0.00000000j)
State 1:
 (0.01238189-0.00000000j)  (-0.22984536+0.00000000j)  (0.91953201+0.00000000j)  (-0.31855718+0.00000000j)
State 2:
 (0.00526376+0.00000000j)  (-0.66871528+0.00000000j)  (0.08851933+0.00000000j)  (0.73821169+0.00000000j)
State 3:
 (-0.05585119+0.00000000j)  (-0.70632349+0.00000000j)  (-0.38147367+0.00000000j)  (-0.59368814+0.00000000j)

Theta = 235.10 degrees
State 0:
 (0.99834845+0.00000000j)  (-0.03314236+0.00000000j)  (-0.03321296+0.00000000j)  (-0.03314901+0.00000000j)
State 1:
 (0.01273406-0.00000000j)  (-0.25350474+0.00000000j)  (0.92333288+0.00000000j)  (-0.28814853+0.00000000j)
State 2:
 (0.00213257+0.00000000j)  (-0.69200968+0.00000000j)  (0.03499354+0.00000000j)  (0.72103641+0.00000000j)
State 3:
 (-0.05597919+0.00000000j)  (-0.67509964+0.00000000j)  (-0.38095766+0.00000000j)  (-0.62926788+0.00000000j)

Theta = 242.45 degrees
State 0:
 (0.99834845+0.00000000j)  (-0.03314729+0.00000000j)  (-0.03321308+0.00000000j)  (-0.03314396+0.00000000j)
State 1:
 (0.01278360+0.00000000j)  (-0.27897819+0.00000000j)  (0.92385749+0.00000000j)  (-0.26171568+0.00000000j)
State 2:
 (-0.00106826+0.00000000j)  (-0.71426163+0.00000000j)  (-0.01746782+0.00000000j)  (0.69965995+0.00000000j)
State 3:
 (-0.05599832+0.00000000j)  (-0.64101696+0.00000000j)  (-0.38089252+0.00000000j)  (-0.66398971+0.00000000j)

Theta = 249.80 degrees
State 0:
 (0.99834845+0.00000000j)  (-0.03315256+0.00000000j)  (-0.03321246+0.00000000j)  (-0.03313931+0.00000000j)
State 1:
 (0.01253398+0.00000000j)  (-0.30787384+0.00000000j)  (0.92118888+0.00000000j)  (-0.23762922+0.00000000j)
State 2:
 (-0.00423397+0.00000000j)  (-0.73309748+0.00000000j)  (-0.07045671+0.00000000j)  (0.67645103+0.00000000j)
State 3:
 (-0.05590480+0.00000000j)  (-0.60554329+0.00000000j)  (-0.38123987+0.00000000j)  (-0.69631037+0.00000000j)

Theta = 257.14 degrees
State 0:
 (0.99834845+0.00000000j)  (-0.03315808+0.00000000j)  (-0.03321112+0.00000000j)  (-0.03313513+0.00000000j)
State 1:
 (-0.01196771+0.00000000j)  (0.34190440+0.00000000j)  (-0.91490114+0.00000000j)  (0.21427566+0.00000000j)
State 2:
 (0.00726486+0.00000000j)  (0.74617830+0.00000000j)  (0.12564610+0.00000000j)  (-0.65374172+0.00000000j)
State 3:
 (-0.05571687+0.00000000j)  (-0.57028052+0.00000000j)  (-0.38218580+0.00000000j)  (-0.72498950+0.00000000j)

Theta = 264.49 degrees
State 0:
 (0.99834845+0.00000000j)  (-0.03316377+0.00000000j)  (-0.03320907+0.00000000j)  (-0.03313150+0.00000000j)
State 1:
 (-0.01104555+0.00000000j)  (0.38296484+0.00000000j)  (-0.90396401+0.00000000j)  (0.18990784+0.00000000j)
State 2:
 (0.01007734+0.00000000j)  (0.75113472+0.00000000j)  (0.18498205+0.00000000j)  (-0.63362191+0.00000000j)
State 3:
 (-0.05546906+0.00000000j)  (-0.53668867+0.00000000j)  (-0.38409356+0.00000000j)  (-0.74924001+0.00000000j)

Theta = 271.84 degrees
State 0:
 (0.99834845+0.00000000j)  (-0.03316953+0.00000000j)  (-0.03320634+0.00000000j)  (-0.03312846+0.00000000j)
State 1:
 (-0.00970695+0.00000000j)  (0.43304348+0.00000000j)  (-0.88654655+0.00000000j)  (0.16252490+0.00000000j)
State 2:
 (0.01260196+0.00000000j)  (0.74528793+0.00000000j)  (0.25066722+0.00000000j)  (-0.61769980+0.00000000j)
State 3:
 (-0.05520271+0.00000000j)  (-0.50588441+0.00000000j)  (-0.38742549+0.00000000j)  (-0.76872304+0.00000000j)

Theta = 279.18 degrees
State 0:
 (0.99834845+0.00000000j)  (-0.03317527+0.00000000j)  (-0.03320299+0.00000000j)  (-0.03312608+0.00000000j)
State 1:
 (-0.00787874+0.00000000j)  (0.49372274+0.00000000j)  (-0.85982413+0.00000000j)  (0.12991629+0.00000000j)
State 2:
 (0.01476503+0.00000000j)  (0.72533357+0.00000000j)  (0.32466875+0.00000000j)  (-0.60684710+0.00000000j)
State 3:
 (-0.05495719+0.00000000j)  (-0.47856918+0.00000000j)  (-0.39267063+0.00000000j)  (-0.78342901+0.00000000j)

Theta = 286.53 degrees
State 0:
 (0.99834845+0.00000000j)  (-0.03318089+0.00000000j)  (-0.03319906+0.00000000j)  (-0.03312438+0.00000000j)
State 1:
 (-0.00550778+0.00000000j)  (0.56490527+0.00000000j)  (-0.82019527+0.00000000j)  (0.09017440+0.00000000j)
State 2:
 (0.01645895+0.00000000j)  (0.68752837+0.00000000j)  (0.40735525+0.00000000j)  (-0.60091226+0.00000000j)
State 3:
 (-0.05476441+0.00000000j)  (-0.45506681+0.00000000j)  (-0.40029895+0.00000000j)  (-0.79352115+0.00000000j)

Theta = 293.88 degrees
State 0:
 (0.99834845+0.00000000j)  (-0.03318630+0.00000000j)  (-0.03319462+0.00000000j)  (-0.03312340+0.00000000j)
State 1:
 (-0.00263315+0.00000000j)  (0.64283955+0.00000000j)  (-0.76478799+0.00000000j)  (0.04300824+0.00000000j)
State 2:
 (0.01752666+0.00000000j)  (0.62934114+0.00000000j)  (0.49526677+0.00000000j)  (-0.59860953+0.00000000j)
State 3:
 (-0.05464665+0.00000000j)  (-0.43541441+0.00000000j)  (-0.41074112+0.00000000j)  (-0.79919945+0.00000000j)

Theta = 301.22 degrees
State 0:
 (0.99834845+0.00000000j)  (-0.03319142+0.00000000j)  (-0.03318975+0.00000000j)  (-0.03312316+0.00000000j)
State 1:
 (0.00053380-0.00000000j)  (0.71933125+0.00000000j)  (-0.69461234+0.00000000j)  (-0.00871568+0.00000000j)
State 2:
 (0.01780849+0.00000000j)  (0.55273528+0.00000000j)  (0.57992499+0.00000000j)  (-0.59820863+0.00000000j)
State 3:
 (-0.05461636+0.00000000j)  (-0.41945750+0.00000000j)  (-0.42438088+0.00000000j)  (-0.80060810+0.00000000j)

Theta = 308.57 degrees
State 0:
 (0.99834845+0.00000000j)  (-0.03319615+0.00000000j)  (-0.03318453+0.00000000j)  (-0.03312365+0.00000000j)
State 1:
 (0.00363828-0.00000000j)  (0.78506642+0.00000000j)  (-0.61654103+0.00000000j)  (-0.05945271+0.00000000j)
State 2:
 (0.01725125+0.00000000j)  (0.46581368+0.00000000j)  (0.65101066+0.00000000j)  (-0.59908692+0.00000000j)
State 3:
 (-0.05467660+0.00000000j)  (-0.40692302+0.00000000j)  (-0.44154396+0.00000000j)  (-0.79778635+0.00000000j)

Theta = 315.92 degrees
State 0:
 (0.99834845+0.00000000j)  (-0.03320043+0.00000000j)  (-0.03317904+0.00000000j)  (-0.03312487+0.00000000j)
State 1:
 (-0.00635893+0.00000000j)  (-0.83506089+0.00000000j)  (0.54014578+0.00000000j)  (0.10428521+0.00000000j)
State 2:
 (-0.01595525+0.00000000j)  (-0.37893732+0.00000000j)  (-0.70232685+0.00000000j)  (0.60240263+0.00000000j)
State 3:
 (-0.05482123+0.00000000j)  (-0.39746388+0.00000000j)  (-0.46247020+0.00000000j)  (-0.79065694+0.00000000j)

Theta = 323.27 degrees
State 0:
 (0.99834845+0.00000000j)  (-0.03320417+0.00000000j)  (-0.03317336+0.00000000j)  (-0.03312680+0.00000000j)
State 1:
 (-0.00854685+0.00000000j)  (-0.86998043+0.00000000j)  (0.47226946+0.00000000j)  (0.14150113+0.00000000j)
State 2:
 (-0.01408979+0.00000000j)  (-0.29899952+0.00000000j)  (-0.73378406+0.00000000j)  (0.60988665+0.00000000j)
State 3:
 (-0.05503456+0.00000000j)  (-0.39067996+0.00000000j)  (-0.48725973+0.00000000j)  (-0.77904963+0.00000000j)

Theta = 330.61 degrees
State 0:
 (0.99834845+0.00000000j)  (-0.03320732+0.00000000j)  (-0.03316761+0.00000000j)  (-0.03312940+0.00000000j)
State 1:
 (-0.01020389+0.00000000j)  (-0.89322539+0.00000000j)  (0.41523266+0.00000000j)  (0.17212238+0.00000000j)
State 2:
 (-0.01179656+0.00000000j)  (-0.22793009+0.00000000j)  (-0.74862635+0.00000000j)  (0.62246872+0.00000000j)
State 3:
 (-0.05529101+0.00000000j)  (-0.38612633+0.00000000j)  (-0.51579098+0.00000000j)  (-0.76276407+0.00000000j)

Theta = 337.96 degrees
State 0:
 (0.99834845+0.00000000j)  (-0.03320983+0.00000000j)  (-0.03316186+0.00000000j)  (-0.03313265+0.00000000j)
State 1:
 (-0.01139582+0.00000000j)  (-0.90822025+0.00000000j)  (0.36837317+0.00000000j)  (0.19826072+0.00000000j)
State 2:
 (-0.00916856+0.00000000j)  (-0.16460943+0.00000000j)  (-0.75054021+0.00000000j)  (0.63992896+0.00000000j)
State 3:
 (-0.05555580+0.00000000j)  (-0.38332338+0.00000000j)  (-0.54762295+0.00000000j)  (-0.74167772+0.00000000j)

Theta = 345.31 degrees
State 0:
 (0.99834845+0.00000000j)  (-0.03321165+0.00000000j)  (-0.03315622+0.00000000j)  (-0.03313647+0.00000000j)
State 1:
 (-0.01219361+0.00000000j)  (-0.91744854+0.00000000j)  (0.32987723+0.00000000j)  (0.22208223+0.00000000j)
State 2:
 (-0.00627509+0.00000000j)  (-0.10689179+0.00000000j)  (-0.74260080+0.00000000j)  (0.66111937+0.00000000j)
State 3:
 (-0.05578811+0.00000000j)  (-0.38178438+0.00000000j)  (-0.58191557+0.00000000j)  (-0.71589290+0.00000000j)

Theta = 352.65 degrees
State 0:
 (0.99834845+0.00000000j)  (-0.03321275+0.00000000j)  (-0.03315077+0.00000000j)  (-0.03314081+0.00000000j)
State 1:
 (-0.01265107+0.00000000j)  (-0.92244847+0.00000000j)  (0.29775940+0.00000000j)  (0.24549563+0.00000000j)
State 2:
 (-0.00318905+0.00000000j)  (-0.05263615+0.00000000j)  (-0.72734382+0.00000000j)  (0.68424428+0.00000000j)
State 3:
 (-0.05594778+0.00000000j)  (-0.38107107+0.00000000j)  (-0.61742314+0.00000000j)  (-0.68588873+0.00000000j)

Theta = 360.00 degrees
State 0:
 (0.99834845+0.00000000j)  (-0.03321312+0.00000000j)  (-0.03314561+0.00000000j)  (-0.03314561+0.00000000j)
State 1:
 (-0.01280007+0.00000000j)  (-0.92403135+0.00000000j)  (0.27018717+0.00000000j)  (0.27018717+0.00000000j)
State 2:
 (0.00000000+0.00000000j)  (-0.00000000+0.00000000j)  (-0.70710678+0.00000000j)  (0.70710678+0.00000000j)
State 3:
 (0.05600475-0.00000000j)  (0.38087130+0.00000000j)  (0.65261034+0.00000000j)  (0.65261034+0.00000000j)

