Berry Phase Accumulation Data
===========================

Final Berry Phases:
State 0: 0.00000000
State 1: -2.35619449
State 2: -2.35619449
State 3: 0.00000000

Accumulated Berry Phases vs Theta:
Theta (degrees)	State 0	State 1	State 2	State 3
0.00	0.00000000	-0.00000000	-0.00000000	0.00000000
0.36	0.00000000	-0.00314411	-0.00314411	0.00000000
0.72	0.00000000	-0.00628822	-0.00628822	0.00000000
1.08	0.00000000	-0.00943232	-0.00943232	0.00000000
1.44	0.00000000	-0.01257643	-0.01257643	0.00000000
1.80	0.00000000	-0.01572054	-0.01572054	0.00000000
2.16	0.00000000	-0.01886465	-0.01886465	0.00000000
2.52	0.00000000	-0.02200876	-0.02200876	0.00000000
2.88	0.00000000	-0.02515286	-0.02515286	0.00000000
3.24	0.00000000	-0.02829697	-0.02829697	0.00000000
3.60	0.00000000	-0.03144108	-0.03144108	0.00000000
3.96	0.00000000	-0.03458519	-0.03458519	0.00000000
4.32	0.00000000	-0.03772930	-0.03772930	0.00000000
4.68	0.00000000	-0.04087340	-0.04087340	0.00000000
5.04	0.00000000	-0.04401751	-0.04401751	0.00000000
5.40	0.00000000	-0.04716162	-0.04716162	0.00000000
5.76	0.00000000	-0.05030573	-0.05030573	0.00000000
6.12	0.00000000	-0.05344983	-0.05344983	0.00000000
6.49	0.00000000	-0.05659394	-0.05659394	0.00000000
6.85	0.00000000	-0.05973805	-0.05973805	0.00000000
7.21	0.00000000	-0.06288216	-0.06288216	0.00000000
7.57	0.00000000	-0.06602627	-0.06602627	0.00000000
7.93	0.00000000	-0.06917037	-0.06917037	0.00000000
8.29	0.00000000	-0.07231448	-0.07231448	0.00000000
8.65	0.00000000	-0.07545859	-0.07545859	0.00000000
9.01	0.00000000	-0.07860270	-0.07860270	0.00000000
9.37	0.00000000	-0.08174681	-0.08174681	0.00000000
9.73	0.00000000	-0.08489091	-0.08489091	0.00000000
10.09	0.00000000	-0.08803502	-0.08803502	0.00000000
10.45	0.00000000	-0.09117913	-0.09117913	0.00000000
10.81	0.00000000	-0.09432324	-0.09432324	0.00000000
11.17	0.00000000	-0.09746735	-0.09746735	0.00000000
11.53	0.00000000	-0.10061145	-0.10061145	0.00000000
11.89	0.00000000	-0.10375556	-0.10375556	0.00000000
12.25	0.00000000	-0.10689967	-0.10689967	0.00000000
12.61	0.00000000	-0.11004378	-0.11004378	0.00000000
12.97	0.00000000	-0.11318789	-0.11318789	0.00000000
13.33	0.00000000	-0.11633199	-0.11633199	0.00000000
13.69	0.00000000	-0.11947610	-0.11947610	0.00000000
14.05	0.00000000	-0.12262021	-0.12262021	0.00000000
14.41	0.00000000	-0.12576432	-0.12576432	0.00000000
14.77	0.00000000	-0.12890843	-0.12890843	0.00000000
15.13	0.00000000	-0.13205253	-0.13205253	0.00000000
15.49	0.00000000	-0.13519664	-0.13519664	0.00000000
15.85	0.00000000	-0.13834075	-0.13834075	0.00000000
16.21	0.00000000	-0.14148486	-0.14148486	0.00000000
16.57	0.00000000	-0.14462897	-0.14462897	0.00000000
16.93	0.00000000	-0.14777307	-0.14777307	0.00000000
17.29	0.00000000	-0.15091718	-0.15091718	0.00000000
17.65	0.00000000	-0.15406129	-0.15406129	0.00000000
18.01	0.00000000	-0.15720540	-0.15720540	0.00000000
18.37	0.00000000	-0.16034950	-0.16034950	0.00000000
18.73	0.00000000	-0.16349361	-0.16349361	0.00000000
19.10	0.00000000	-0.16663772	-0.16663772	0.00000000
19.46	0.00000000	-0.16978183	-0.16978183	0.00000000
19.82	0.00000000	-0.17292594	-0.17292594	0.00000000
20.18	0.00000000	-0.17607004	-0.17607004	0.00000000
20.54	0.00000000	-0.17921415	-0.17921415	0.00000000
20.90	0.00000000	-0.18235826	-0.18235826	0.00000000
21.26	0.00000000	-0.18550237	-0.18550237	0.00000000
21.62	0.00000000	-0.18864648	-0.18864648	0.00000000
21.98	0.00000000	-0.19179058	-0.19179058	0.00000000
22.34	0.00000000	-0.19493469	-0.19493469	0.00000000
22.70	0.00000000	-0.19807880	-0.19807880	0.00000000
23.06	0.00000000	-0.20122291	-0.20122291	0.00000000
23.42	0.00000000	-0.20436702	-0.20436702	0.00000000
23.78	0.00000000	-0.20751112	-0.20751112	0.00000000
24.14	0.00000000	-0.21065523	-0.21065523	0.00000000
24.50	0.00000000	-0.21379934	-0.21379934	0.00000000
24.86	0.00000000	-0.21694345	-0.21694345	0.00000000
25.22	0.00000000	-0.22008756	-0.22008756	0.00000000
25.58	0.00000000	-0.22323166	-0.22323166	0.00000000
25.94	0.00000000	-0.22637577	-0.22637577	0.00000000
26.30	0.00000000	-0.22951988	-0.22951988	0.00000000
26.66	0.00000000	-0.23266399	-0.23266399	0.00000000
27.02	0.00000000	-0.23580810	-0.23580810	0.00000000
27.38	0.00000000	-0.23895220	-0.23895220	0.00000000
27.74	0.00000000	-0.24209631	-0.24209631	0.00000000
28.10	0.00000000	-0.24524042	-0.24524042	0.00000000
28.46	0.00000000	-0.24838453	-0.24838453	0.00000000
28.82	0.00000000	-0.25152864	-0.25152864	0.00000000
29.18	0.00000000	-0.25467274	-0.25467274	0.00000000
29.54	0.00000000	-0.25781685	-0.25781685	0.00000000
29.90	0.00000000	-0.26096096	-0.26096096	0.00000000
30.26	0.00000000	-0.26410507	-0.26410507	0.00000000
30.62	0.00000000	-0.26724917	-0.26724917	0.00000000
30.98	0.00000000	-0.27039328	-0.27039328	0.00000000
31.35	0.00000000	-0.27353739	-0.27353739	0.00000000
31.71	0.00000000	-0.27668150	-0.27668150	0.00000000
32.07	0.00000000	-0.27982561	-0.27982561	0.00000000
32.43	0.00000000	-0.28296971	-0.28296971	0.00000000
32.79	0.00000000	-0.28611382	-0.28611382	0.00000000
33.15	0.00000000	-0.28925793	-0.28925793	0.00000000
33.51	0.00000000	-0.29240204	-0.29240204	0.00000000
33.87	0.00000000	-0.29554615	-0.29554615	0.00000000
34.23	0.00000000	-0.29869025	-0.29869025	0.00000000
34.59	0.00000000	-0.30183436	-0.30183436	0.00000000
34.95	0.00000000	-0.30497847	-0.30497847	0.00000000
35.31	0.00000000	-0.30812258	-0.30812258	0.00000000
35.67	0.00000000	-0.31126669	-0.31126669	0.00000000
36.03	0.00000000	-0.31441079	-0.31441079	0.00000000
36.39	0.00000000	-0.31755490	-0.31755490	0.00000000
36.75	0.00000000	-0.32069901	-0.32069901	0.00000000
37.11	0.00000000	-0.32384312	-0.32384312	0.00000000
37.47	0.00000000	-0.32698723	-0.32698723	0.00000000
37.83	0.00000000	-0.33013133	-0.33013133	0.00000000
38.19	0.00000000	-0.33327544	-0.33327544	0.00000000
38.55	0.00000000	-0.33641955	-0.33641955	0.00000000
38.91	0.00000000	-0.33956366	-0.33956366	0.00000000
39.27	0.00000000	-0.34270777	-0.34270777	0.00000000
39.63	0.00000000	-0.34585187	-0.34585187	0.00000000
39.99	0.00000000	-0.34899598	-0.34899598	0.00000000
40.35	0.00000000	-0.35214009	-0.35214009	0.00000000
40.71	0.00000000	-0.35528420	-0.35528420	0.00000000
41.07	0.00000000	-0.35842831	-0.35842831	0.00000000
41.43	0.00000000	-0.36157241	-0.36157241	0.00000000
41.79	0.00000000	-0.36471652	-0.36471652	0.00000000
42.15	0.00000000	-0.36786063	-0.36786063	0.00000000
42.51	0.00000000	-0.37100474	-0.37100474	0.00000000
42.87	0.00000000	-0.37414884	-0.37414884	0.00000000
43.23	0.00000000	-0.37729295	-0.37729295	0.00000000
43.59	0.00000000	-0.38043706	-0.38043706	0.00000000
43.96	0.00000000	-0.38358117	-0.38358117	0.00000000
44.32	0.00000000	-0.38672528	-0.38672528	0.00000000
44.68	0.00000000	-0.38986938	-0.38986938	0.00000000
45.04	0.00000000	-0.39301349	-0.39301349	0.00000000
45.40	0.00000000	-0.39615760	-0.39615760	0.00000000
45.76	0.00000000	-0.39930171	-0.39930171	0.00000000
46.12	0.00000000	-0.40244582	-0.40244582	0.00000000
46.48	0.00000000	-0.40558992	-0.40558992	0.00000000
46.84	0.00000000	-0.40873403	-0.40873403	0.00000000
47.20	0.00000000	-0.41187814	-0.41187814	0.00000000
47.56	0.00000000	-0.41502225	-0.41502225	0.00000000
47.92	0.00000000	-0.41816636	-0.41816636	0.00000000
48.28	0.00000000	-0.42131046	-0.42131046	0.00000000
48.64	0.00000000	-0.42445457	-0.42445457	0.00000000
49.00	0.00000000	-0.42759868	-0.42759868	0.00000000
49.36	0.00000000	-0.43074279	-0.43074279	0.00000000
49.72	0.00000000	-0.43388690	-0.43388690	0.00000000
50.08	0.00000000	-0.43703100	-0.43703100	0.00000000
50.44	0.00000000	-0.44017511	-0.44017511	0.00000000
50.80	0.00000000	-0.44331922	-0.44331922	0.00000000
51.16	0.00000000	-0.44646333	-0.44646333	0.00000000
51.52	0.00000000	-0.44960744	-0.44960744	0.00000000
51.88	0.00000000	-0.45275154	-0.45275154	0.00000000
52.24	0.00000000	-0.45589565	-0.45589565	0.00000000
52.60	0.00000000	-0.45903976	-0.45903976	0.00000000
52.96	0.00000000	-0.46218387	-0.46218387	0.00000000
53.32	0.00000000	-0.46532798	-0.46532798	0.00000000
53.68	0.00000000	-0.46847208	-0.46847208	0.00000000
54.04	0.00000000	-0.47161619	-0.47161619	0.00000000
54.40	0.00000000	-0.47476030	-0.47476030	0.00000000
54.76	0.00000000	-0.47790441	-0.47790441	0.00000000
55.12	0.00000000	-0.48104851	-0.48104851	0.00000000
55.48	0.00000000	-0.48419262	-0.48419262	0.00000000
55.84	0.00000000	-0.48733673	-0.48733673	0.00000000
56.20	0.00000000	-0.49048084	-0.49048084	0.00000000
56.57	0.00000000	-0.49362495	-0.49362495	0.00000000
56.93	0.00000000	-0.49676905	-0.49676905	0.00000000
57.29	0.00000000	-0.49991316	-0.49991316	0.00000000
57.65	0.00000000	-0.50305727	-0.50305727	0.00000000
58.01	0.00000000	-0.50620138	-0.50620138	0.00000000
58.37	0.00000000	-0.50934549	-0.50934549	0.00000000
58.73	0.00000000	-0.51248959	-0.51248959	0.00000000
59.09	0.00000000	-0.51563370	-0.51563370	0.00000000
59.45	0.00000000	-0.51877781	-0.51877781	0.00000000
59.81	0.00000000	-0.52192192	-0.52192192	0.00000000
60.17	0.00000000	-0.52506603	-0.52506603	0.00000000
60.53	0.00000000	-0.52821013	-0.52821013	0.00000000
60.89	0.00000000	-0.53135424	-0.53135424	0.00000000
61.25	0.00000000	-0.53449835	-0.53449835	0.00000000
61.61	0.00000000	-0.53764246	-0.53764246	0.00000000
61.97	0.00000000	-0.54078657	-0.54078657	0.00000000
62.33	0.00000000	-0.54393067	-0.54393067	0.00000000
62.69	0.00000000	-0.54707478	-0.54707478	0.00000000
63.05	0.00000000	-0.55021889	-0.55021889	0.00000000
63.41	0.00000000	-0.55336300	-0.55336300	0.00000000
63.77	0.00000000	-0.55650711	-0.55650711	0.00000000
64.13	0.00000000	-0.55965121	-0.55965121	0.00000000
64.49	0.00000000	-0.56279532	-0.56279532	0.00000000
64.85	0.00000000	-0.56593943	-0.56593943	0.00000000
65.21	0.00000000	-0.56908354	-0.56908354	0.00000000
65.57	0.00000000	-0.57222765	-0.57222765	0.00000000
65.93	0.00000000	-0.57537175	-0.57537175	0.00000000
66.29	0.00000000	-0.57851586	-0.57851586	0.00000000
66.65	0.00000000	-0.58165997	-0.58165997	0.00000000
67.01	0.00000000	-0.58480408	-0.58480408	0.00000000
67.37	0.00000000	-0.58794818	-0.58794818	0.00000000
67.73	0.00000000	-0.59109229	-0.59109229	0.00000000
68.09	0.00000000	-0.59423640	-0.59423640	0.00000000
68.45	0.00000000	-0.59738051	-0.59738051	0.00000000
68.82	0.00000000	-0.60052462	-0.60052462	0.00000000
69.18	0.00000000	-0.60366872	-0.60366872	0.00000000
69.54	0.00000000	-0.60681283	-0.60681283	0.00000000
69.90	0.00000000	-0.60995694	-0.60995694	0.00000000
70.26	0.00000000	-0.61310105	-0.61310105	0.00000000
70.62	0.00000000	-0.61624516	-0.61624516	0.00000000
70.98	0.00000000	-0.61938926	-0.61938926	0.00000000
71.34	0.00000000	-0.62253337	-0.62253337	0.00000000
71.70	0.00000000	-0.62567748	-0.62567748	0.00000000
72.06	0.00000000	-0.62882159	-0.62882159	0.00000000
72.42	0.00000000	-0.63196570	-0.63196570	0.00000000
72.78	0.00000000	-0.63510980	-0.63510980	0.00000000
73.14	0.00000000	-0.63825391	-0.63825391	0.00000000
73.50	0.00000000	-0.64139802	-0.64139802	0.00000000
73.86	0.00000000	-0.64454213	-0.64454213	0.00000000
74.22	0.00000000	-0.64768624	-0.64768624	0.00000000
74.58	0.00000000	-0.65083034	-0.65083034	0.00000000
74.94	0.00000000	-0.65397445	-0.65397445	0.00000000
75.30	0.00000000	-0.65711856	-0.65711856	0.00000000
75.66	0.00000000	-0.66026267	-0.66026267	0.00000000
76.02	0.00000000	-0.66340678	-0.66340678	0.00000000
76.38	0.00000000	-0.66655088	-0.66655088	0.00000000
76.74	0.00000000	-0.66969499	-0.66969499	0.00000000
77.10	0.00000000	-0.67283910	-0.67283910	0.00000000
77.46	0.00000000	-0.67598321	-0.67598321	0.00000000
77.82	0.00000000	-0.67912732	-0.67912732	0.00000000
78.18	0.00000000	-0.68227142	-0.68227142	0.00000000
78.54	0.00000000	-0.68541553	-0.68541553	0.00000000
78.90	0.00000000	-0.68855964	-0.68855964	0.00000000
79.26	0.00000000	-0.69170375	-0.69170375	0.00000000
79.62	0.00000000	-0.69484785	-0.69484785	0.00000000
79.98	0.00000000	-0.69799196	-0.69799196	0.00000000
80.34	0.00000000	-0.70113607	-0.70113607	0.00000000
80.70	0.00000000	-0.70428018	-0.70428018	0.00000000
81.06	0.00000000	-0.70742429	-0.70742429	0.00000000
81.43	0.00000000	-0.71056839	-0.71056839	0.00000000
81.79	0.00000000	-0.71371250	-0.71371250	0.00000000
82.15	0.00000000	-0.71685661	-0.71685661	0.00000000
82.51	0.00000000	-0.72000072	-0.72000072	0.00000000
82.87	0.00000000	-0.72314483	-0.72314483	0.00000000
83.23	0.00000000	-0.72628893	-0.72628893	0.00000000
83.59	0.00000000	-0.72943304	-0.72943304	0.00000000
83.95	0.00000000	-0.73257715	-0.73257715	0.00000000
84.31	0.00000000	-0.73572126	-0.73572126	0.00000000
84.67	0.00000000	-0.73886537	-0.73886537	0.00000000
85.03	0.00000000	-0.74200947	-0.74200947	0.00000000
85.39	0.00000000	-0.74515358	-0.74515358	0.00000000
85.75	0.00000000	-0.74829769	-0.74829769	0.00000000
86.11	0.00000000	-0.75144180	-0.75144180	0.00000000
86.47	0.00000000	-0.75458591	-0.75458591	0.00000000
86.83	0.00000000	-0.75773001	-0.75773001	0.00000000
87.19	0.00000000	-0.76087412	-0.76087412	0.00000000
87.55	0.00000000	-0.76401823	-0.76401823	0.00000000
87.91	0.00000000	-0.76716234	-0.76716234	0.00000000
88.27	0.00000000	-0.77030645	-0.77030645	0.00000000
88.63	0.00000000	-0.77345055	-0.77345055	0.00000000
88.99	0.00000000	-0.77659466	-0.77659466	0.00000000
89.35	0.00000000	-0.77973877	-0.77973877	0.00000000
89.71	0.00000000	-0.78288288	-0.78288288	0.00000000
90.07	0.00000000	-0.78602698	-0.78602698	0.00000000
90.43	0.00000000	-0.78917109	-0.78917109	0.00000000
90.79	0.00000000	-0.79231520	-0.79231520	0.00000000
91.15	0.00000000	-0.79545931	-0.79545931	0.00000000
91.51	0.00000000	-0.79860342	-0.79860342	0.00000000
91.87	0.00000000	-0.80174752	-0.80174752	0.00000000
92.23	0.00000000	-0.80489163	-0.80489163	0.00000000
92.59	0.00000000	-0.80803574	-0.80803574	0.00000000
92.95	0.00000000	-0.81117985	-0.81117985	0.00000000
93.31	0.00000000	-0.81432396	-0.81432396	0.00000000
93.67	0.00000000	-0.81746806	-0.81746806	0.00000000
94.04	0.00000000	-0.82061217	-0.82061217	0.00000000
94.40	0.00000000	-0.82375628	-0.82375628	0.00000000
94.76	0.00000000	-0.82690039	-0.82690039	0.00000000
95.12	0.00000000	-0.83004450	-0.83004450	0.00000000
95.48	0.00000000	-0.83318860	-0.83318860	0.00000000
95.84	0.00000000	-0.83633271	-0.83633271	0.00000000
96.20	0.00000000	-0.83947682	-0.83947682	0.00000000
96.56	0.00000000	-0.84262093	-0.84262093	0.00000000
96.92	0.00000000	-0.84576504	-0.84576504	0.00000000
97.28	0.00000000	-0.84890914	-0.84890914	0.00000000
97.64	0.00000000	-0.85205325	-0.85205325	0.00000000
98.00	0.00000000	-0.85519736	-0.85519736	0.00000000
98.36	0.00000000	-0.85834147	-0.85834147	0.00000000
98.72	0.00000000	-0.86148558	-0.86148558	0.00000000
99.08	0.00000000	-0.86462968	-0.86462968	0.00000000
99.44	0.00000000	-0.86777379	-0.86777379	0.00000000
99.80	0.00000000	-0.87091790	-0.87091790	0.00000000
100.16	0.00000000	-0.87406201	-0.87406201	0.00000000
100.52	0.00000000	-0.87720612	-0.87720612	0.00000000
100.88	0.00000000	-0.88035022	-0.88035022	0.00000000
101.24	0.00000000	-0.88349433	-0.88349433	0.00000000
101.60	0.00000000	-0.88663844	-0.88663844	0.00000000
101.96	0.00000000	-0.88978255	-0.88978255	0.00000000
102.32	0.00000000	-0.89292665	-0.89292665	0.00000000
102.68	0.00000000	-0.89607076	-0.89607076	0.00000000
103.04	0.00000000	-0.89921487	-0.89921487	0.00000000
103.40	0.00000000	-0.90235898	-0.90235898	0.00000000
103.76	0.00000000	-0.90550309	-0.90550309	0.00000000
104.12	0.00000000	-0.90864719	-0.90864719	0.00000000
104.48	0.00000000	-0.91179130	-0.91179130	0.00000000
104.84	0.00000000	-0.91493541	-0.91493541	0.00000000
105.20	0.00000000	-0.91807952	-0.91807952	0.00000000
105.56	0.00000000	-0.92122363	-0.92122363	0.00000000
105.92	0.00000000	-0.92436773	-0.92436773	0.00000000
106.29	0.00000000	-0.92751184	-0.92751184	0.00000000
106.65	0.00000000	-0.93065595	-0.93065595	0.00000000
107.01	0.00000000	-0.93380006	-0.93380006	0.00000000
107.37	0.00000000	-0.93694417	-0.93694417	0.00000000
107.73	0.00000000	-0.94008827	-0.94008827	0.00000000
108.09	0.00000000	-0.94323238	-0.94323238	0.00000000
108.45	0.00000000	-0.94637649	-0.94637649	0.00000000
108.81	0.00000000	-0.94952060	-0.94952060	0.00000000
109.17	0.00000000	-0.95266471	-0.95266471	0.00000000
109.53	0.00000000	-0.95580881	-0.95580881	0.00000000
109.89	0.00000000	-0.95895292	-0.95895292	0.00000000
110.25	0.00000000	-0.96209703	-0.96209703	0.00000000
110.61	0.00000000	-0.96524114	-0.96524114	0.00000000
110.97	0.00000000	-0.96838525	-0.96838525	0.00000000
111.33	0.00000000	-0.97152935	-0.97152935	0.00000000
111.69	0.00000000	-0.97467346	-0.97467346	0.00000000
112.05	0.00000000	-0.97781757	-0.97781757	0.00000000
112.41	0.00000000	-0.98096168	-0.98096168	0.00000000
112.77	0.00000000	-0.98410579	-0.98410579	0.00000000
113.13	0.00000000	-0.98724989	-0.98724989	0.00000000
113.49	0.00000000	-0.99039400	-0.99039400	0.00000000
113.85	0.00000000	-0.99353811	-0.99353811	0.00000000
114.21	0.00000000	-0.99668222	-0.99668222	0.00000000
114.57	0.00000000	-0.99982632	-0.99982632	0.00000000
114.93	0.00000000	-1.00297043	-1.00297043	0.00000000
115.29	0.00000000	-1.00611454	-1.00611454	0.00000000
115.65	0.00000000	-1.00925865	-1.00925865	0.00000000
116.01	0.00000000	-1.01240276	-1.01240276	0.00000000
116.37	0.00000000	-1.01554686	-1.01554686	0.00000000
116.73	0.00000000	-1.01869097	-1.01869097	0.00000000
117.09	0.00000000	-1.02183508	-1.02183508	0.00000000
117.45	0.00000000	-1.02497919	-1.02497919	0.00000000
117.81	0.00000000	-1.02812330	-1.02812330	0.00000000
118.17	0.00000000	-1.03126740	-1.03126740	0.00000000
118.53	0.00000000	-1.03441151	-1.03441151	0.00000000
118.90	0.00000000	-1.03755562	-1.03755562	0.00000000
119.26	0.00000000	-1.04069973	-1.04069973	0.00000000
119.62	0.00000000	-1.04384384	-1.04384384	0.00000000
119.98	0.00000000	-1.04698794	-1.04698794	0.00000000
120.34	0.00000000	-1.05013205	-1.05013205	0.00000000
120.70	0.00000000	-1.05327616	-1.05327616	0.00000000
121.06	0.00000000	-1.05642027	-1.05642027	0.00000000
121.42	0.00000000	-1.05956438	-1.05956438	0.00000000
121.78	0.00000000	-1.06270848	-1.06270848	0.00000000
122.14	0.00000000	-1.06585259	-1.06585259	0.00000000
122.50	0.00000000	-1.06899670	-1.06899670	0.00000000
122.86	0.00000000	-1.07214081	-1.07214081	0.00000000
123.22	0.00000000	-1.07528492	-1.07528492	0.00000000
123.58	0.00000000	-1.07842902	-1.07842902	0.00000000
123.94	0.00000000	-1.08157313	-1.08157313	0.00000000
124.30	0.00000000	-1.08471724	-1.08471724	0.00000000
124.66	0.00000000	-1.08786135	-1.08786135	0.00000000
125.02	0.00000000	-1.09100546	-1.09100546	0.00000000
125.38	0.00000000	-1.09414956	-1.09414956	0.00000000
125.74	0.00000000	-1.09729367	-1.09729367	0.00000000
126.10	0.00000000	-1.10043778	-1.10043778	0.00000000
126.46	0.00000000	-1.10358189	-1.10358189	0.00000000
126.82	0.00000000	-1.10672599	-1.10672599	0.00000000
127.18	0.00000000	-1.10987010	-1.10987010	0.00000000
127.54	0.00000000	-1.11301421	-1.11301421	0.00000000
127.90	0.00000000	-1.11615832	-1.11615832	0.00000000
128.26	0.00000000	-1.11930243	-1.11930243	0.00000000
128.62	0.00000000	-1.12244653	-1.12244653	0.00000000
128.98	0.00000000	-1.12559064	-1.12559064	0.00000000
129.34	0.00000000	-1.12873475	-1.12873475	0.00000000
129.70	0.00000000	-1.13187886	-1.13187886	0.00000000
130.06	0.00000000	-1.13502297	-1.13502297	0.00000000
130.42	0.00000000	-1.13816707	-1.13816707	0.00000000
130.78	0.00000000	-1.14131118	-1.14131118	0.00000000
131.14	0.00000000	-1.14445529	-1.14445529	0.00000000
131.51	0.00000000	-1.14759940	-1.14759940	0.00000000
131.87	0.00000000	-1.15074351	-1.15074351	0.00000000
132.23	0.00000000	-1.15388761	-1.15388761	0.00000000
132.59	0.00000000	-1.15703172	-1.15703172	0.00000000
132.95	0.00000000	-1.16017583	-1.16017583	0.00000000
133.31	0.00000000	-1.16331994	-1.16331994	0.00000000
133.67	0.00000000	-1.16646405	-1.16646405	0.00000000
134.03	0.00000000	-1.16960815	-1.16960815	0.00000000
134.39	0.00000000	-1.17275226	-1.17275226	0.00000000
134.75	0.00000000	-1.17589637	-1.17589637	0.00000000
135.11	0.00000000	-1.17904048	-1.17904048	0.00000000
135.47	0.00000000	-1.18218459	-1.18218459	0.00000000
135.83	0.00000000	-1.18532869	-1.18532869	0.00000000
136.19	0.00000000	-1.18847280	-1.18847280	0.00000000
136.55	0.00000000	-1.19161691	-1.19161691	0.00000000
136.91	0.00000000	-1.19476102	-1.19476102	0.00000000
137.27	0.00000000	-1.19790513	-1.19790513	0.00000000
137.63	0.00000000	-1.20104923	-1.20104923	0.00000000
137.99	0.00000000	-1.20419334	-1.20419334	0.00000000
138.35	0.00000000	-1.20733745	-1.20733745	0.00000000
138.71	0.00000000	-1.21048156	-1.21048156	0.00000000
139.07	0.00000000	-1.21362566	-1.21362566	0.00000000
139.43	0.00000000	-1.21676977	-1.21676977	0.00000000
139.79	0.00000000	-1.21991388	-1.21991388	0.00000000
140.15	0.00000000	-1.22305799	-1.22305799	0.00000000
140.51	0.00000000	-1.22620210	-1.22620210	0.00000000
140.87	0.00000000	-1.22934620	-1.22934620	0.00000000
141.23	0.00000000	-1.23249031	-1.23249031	0.00000000
141.59	0.00000000	-1.23563442	-1.23563442	0.00000000
141.95	0.00000000	-1.23877853	-1.23877853	0.00000000
142.31	0.00000000	-1.24192264	-1.24192264	0.00000000
142.67	0.00000000	-1.24506674	-1.24506674	0.00000000
143.03	0.00000000	-1.24821085	-1.24821085	0.00000000
143.39	0.00000000	-1.25135496	-1.25135496	0.00000000
143.76	0.00000000	-1.25449907	-1.25449907	0.00000000
144.12	0.00000000	-1.25764318	-1.25764318	0.00000000
144.48	0.00000000	-1.26078728	-1.26078728	0.00000000
144.84	0.00000000	-1.26393139	-1.26393139	0.00000000
145.20	0.00000000	-1.26707550	-1.26707550	0.00000000
145.56	0.00000000	-1.27021961	-1.27021961	0.00000000
145.92	0.00000000	-1.27336372	-1.27336372	0.00000000
146.28	0.00000000	-1.27650782	-1.27650782	0.00000000
146.64	0.00000000	-1.27965193	-1.27965193	0.00000000
147.00	0.00000000	-1.28279604	-1.28279604	0.00000000
147.36	0.00000000	-1.28594015	-1.28594015	0.00000000
147.72	0.00000000	-1.28908426	-1.28908426	0.00000000
148.08	0.00000000	-1.29222836	-1.29222836	0.00000000
148.44	0.00000000	-1.29537247	-1.29537247	0.00000000
148.80	0.00000000	-1.29851658	-1.29851658	0.00000000
149.16	0.00000000	-1.30166069	-1.30166069	0.00000000
149.52	0.00000000	-1.30480480	-1.30480480	0.00000000
149.88	0.00000000	-1.30794890	-1.30794890	0.00000000
150.24	0.00000000	-1.31109301	-1.31109301	0.00000000
150.60	0.00000000	-1.31423712	-1.31423712	0.00000000
150.96	0.00000000	-1.31738123	-1.31738123	0.00000000
151.32	0.00000000	-1.32052533	-1.32052533	0.00000000
151.68	0.00000000	-1.32366944	-1.32366944	0.00000000
152.04	0.00000000	-1.32681355	-1.32681355	0.00000000
152.40	0.00000000	-1.32995766	-1.32995766	0.00000000
152.76	0.00000000	-1.33310177	-1.33310177	0.00000000
153.12	0.00000000	-1.33624587	-1.33624587	0.00000000
153.48	0.00000000	-1.33938998	-1.33938998	0.00000000
153.84	0.00000000	-1.34253409	-1.34253409	0.00000000
154.20	0.00000000	-1.34567820	-1.34567820	0.00000000
154.56	0.00000000	-1.34882231	-1.34882231	0.00000000
154.92	0.00000000	-1.35196641	-1.35196641	0.00000000
155.28	0.00000000	-1.35511052	-1.35511052	0.00000000
155.64	0.00000000	-1.35825463	-1.35825463	0.00000000
156.00	0.00000000	-1.36139874	-1.36139874	0.00000000
156.37	0.00000000	-1.36454285	-1.36454285	0.00000000
156.73	0.00000000	-1.36768695	-1.36768695	0.00000000
157.09	0.00000000	-1.37083106	-1.37083106	0.00000000
157.45	0.00000000	-1.37397517	-1.37397517	0.00000000
157.81	0.00000000	-1.37711928	-1.37711928	0.00000000
158.17	0.00000000	-1.38026339	-1.38026339	0.00000000
158.53	0.00000000	-1.38340749	-1.38340749	0.00000000
158.89	0.00000000	-1.38655160	-1.38655160	0.00000000
159.25	0.00000000	-1.38969571	-1.38969571	0.00000000
159.61	0.00000000	-1.39283982	-1.39283982	0.00000000
159.97	0.00000000	-1.39598393	-1.39598393	0.00000000
160.33	0.00000000	-1.39912803	-1.39912803	0.00000000
160.69	0.00000000	-1.40227214	-1.40227214	0.00000000
161.05	0.00000000	-1.40541625	-1.40541625	0.00000000
161.41	0.00000000	-1.40856036	-1.40856036	0.00000000
161.77	0.00000000	-1.41170447	-1.41170447	0.00000000
162.13	0.00000000	-1.41484857	-1.41484857	0.00000000
162.49	0.00000000	-1.41799268	-1.41799268	0.00000000
162.85	0.00000000	-1.42113679	-1.42113679	0.00000000
163.21	0.00000000	-1.42428090	-1.42428090	0.00000000
163.57	0.00000000	-1.42742500	-1.42742500	0.00000000
163.93	0.00000000	-1.43056911	-1.43056911	0.00000000
164.29	0.00000000	-1.43371322	-1.43371322	0.00000000
164.65	0.00000000	-1.43685733	-1.43685733	0.00000000
165.01	0.00000000	-1.44000144	-1.44000144	0.00000000
165.37	0.00000000	-1.44314554	-1.44314554	0.00000000
165.73	0.00000000	-1.44628965	-1.44628965	0.00000000
166.09	0.00000000	-1.44943376	-1.44943376	0.00000000
166.45	0.00000000	-1.45257787	-1.45257787	0.00000000
166.81	0.00000000	-1.45572198	-1.45572198	0.00000000
167.17	0.00000000	-1.45886608	-1.45886608	0.00000000
167.53	0.00000000	-1.46201019	-1.46201019	0.00000000
167.89	0.00000000	-1.46515430	-1.46515430	0.00000000
168.25	0.00000000	-1.46829841	-1.46829841	0.00000000
168.61	0.00000000	-1.47144252	-1.47144252	0.00000000
168.98	0.00000000	-1.47458662	-1.47458662	0.00000000
169.34	0.00000000	-1.47773073	-1.47773073	0.00000000
169.70	0.00000000	-1.48087484	-1.48087484	0.00000000
170.06	0.00000000	-1.48401895	-1.48401895	0.00000000
170.42	0.00000000	-1.48716306	-1.48716306	0.00000000
170.78	0.00000000	-1.49030716	-1.49030716	0.00000000
171.14	0.00000000	-1.49345127	-1.49345127	0.00000000
171.50	0.00000000	-1.49659538	-1.49659538	0.00000000
171.86	0.00000000	-1.49973949	-1.49973949	0.00000000
172.22	0.00000000	-1.50288360	-1.50288360	0.00000000
172.58	0.00000000	-1.50602770	-1.50602770	0.00000000
172.94	0.00000000	-1.50917181	-1.50917181	0.00000000
173.30	0.00000000	-1.51231592	-1.51231592	0.00000000
173.66	0.00000000	-1.51546003	-1.51546003	0.00000000
174.02	0.00000000	-1.51860413	-1.51860413	0.00000000
174.38	0.00000000	-1.52174824	-1.52174824	0.00000000
174.74	0.00000000	-1.52489235	-1.52489235	0.00000000
175.10	0.00000000	-1.52803646	-1.52803646	0.00000000
175.46	0.00000000	-1.53118057	-1.53118057	0.00000000
175.82	0.00000000	-1.53432467	-1.53432467	0.00000000
176.18	0.00000000	-1.53746878	-1.53746878	0.00000000
176.54	0.00000000	-1.54061289	-1.54061289	0.00000000
176.90	0.00000000	-1.54375700	-1.54375700	0.00000000
177.26	0.00000000	-1.54690111	-1.54690111	0.00000000
177.62	0.00000000	-1.55004521	-1.55004521	0.00000000
177.98	0.00000000	-1.55318932	-1.55318932	0.00000000
178.34	0.00000000	-1.55633343	-1.55633343	0.00000000
178.70	0.00000000	-1.55947754	-1.55947754	0.00000000
179.06	0.00000000	-1.56262165	-1.56262165	0.00000000
179.42	0.00000000	-1.56576575	-1.56576575	0.00000000
179.78	0.00000000	-1.56890986	-1.56890986	0.00000000
180.14	0.00000000	-1.57205397	-1.57205397	0.00000000
180.50	0.00000000	-1.57519808	-1.57519808	0.00000000
180.86	0.00000000	-1.57834219	-1.57834219	0.00000000
181.22	0.00000000	-1.58148629	-1.58148629	0.00000000
181.59	0.00000000	-1.58463040	-1.58463040	0.00000000
181.95	0.00000000	-1.58777451	-1.58777451	0.00000000
182.31	0.00000000	-1.59091862	-1.59091862	0.00000000
182.67	0.00000000	-1.59406273	-1.59406273	0.00000000
183.03	0.00000000	-1.59720683	-1.59720683	0.00000000
183.39	0.00000000	-1.60035094	-1.60035094	0.00000000
183.75	0.00000000	-1.60349505	-1.60349505	0.00000000
184.11	0.00000000	-1.60663916	-1.60663916	0.00000000
184.47	0.00000000	-1.60978327	-1.60978327	0.00000000
184.83	0.00000000	-1.61292737	-1.61292737	0.00000000
185.19	0.00000000	-1.61607148	-1.61607148	0.00000000
185.55	0.00000000	-1.61921559	-1.61921559	0.00000000
185.91	0.00000000	-1.62235970	-1.62235970	0.00000000
186.27	0.00000000	-1.62550380	-1.62550380	0.00000000
186.63	0.00000000	-1.62864791	-1.62864791	0.00000000
186.99	0.00000000	-1.63179202	-1.63179202	0.00000000
187.35	0.00000000	-1.63493613	-1.63493613	0.00000000
187.71	0.00000000	-1.63808024	-1.63808024	0.00000000
188.07	0.00000000	-1.64122434	-1.64122434	0.00000000
188.43	0.00000000	-1.64436845	-1.64436845	0.00000000
188.79	0.00000000	-1.64751256	-1.64751256	0.00000000
189.15	0.00000000	-1.65065667	-1.65065667	0.00000000
189.51	0.00000000	-1.65380078	-1.65380078	0.00000000
189.87	0.00000000	-1.65694488	-1.65694488	0.00000000
190.23	0.00000000	-1.66008899	-1.66008899	0.00000000
190.59	0.00000000	-1.66323310	-1.66323310	0.00000000
190.95	0.00000000	-1.66637721	-1.66637721	0.00000000
191.31	0.00000000	-1.66952132	-1.66952132	0.00000000
191.67	0.00000000	-1.67266542	-1.67266542	0.00000000
192.03	0.00000000	-1.67580953	-1.67580953	0.00000000
192.39	0.00000000	-1.67895364	-1.67895364	0.00000000
192.75	0.00000000	-1.68209775	-1.68209775	0.00000000
193.11	0.00000000	-1.68524186	-1.68524186	0.00000000
193.47	0.00000000	-1.68838596	-1.68838596	0.00000000
193.84	0.00000000	-1.69153007	-1.69153007	0.00000000
194.20	0.00000000	-1.69467418	-1.69467418	0.00000000
194.56	0.00000000	-1.69781829	-1.69781829	0.00000000
194.92	0.00000000	-1.70096240	-1.70096240	0.00000000
195.28	0.00000000	-1.70410650	-1.70410650	0.00000000
195.64	0.00000000	-1.70725061	-1.70725061	0.00000000
196.00	0.00000000	-1.71039472	-1.71039472	0.00000000
196.36	0.00000000	-1.71353883	-1.71353883	0.00000000
196.72	0.00000000	-1.71668294	-1.71668294	0.00000000
197.08	0.00000000	-1.71982704	-1.71982704	0.00000000
197.44	0.00000000	-1.72297115	-1.72297115	0.00000000
197.80	0.00000000	-1.72611526	-1.72611526	0.00000000
198.16	0.00000000	-1.72925937	-1.72925937	0.00000000
198.52	0.00000000	-1.73240347	-1.73240347	0.00000000
198.88	0.00000000	-1.73554758	-1.73554758	0.00000000
199.24	0.00000000	-1.73869169	-1.73869169	0.00000000
199.60	0.00000000	-1.74183580	-1.74183580	0.00000000
199.96	0.00000000	-1.74497991	-1.74497991	0.00000000
200.32	0.00000000	-1.74812401	-1.74812401	0.00000000
200.68	0.00000000	-1.75126812	-1.75126812	0.00000000
201.04	0.00000000	-1.75441223	-1.75441223	0.00000000
201.40	0.00000000	-1.75755634	-1.75755634	0.00000000
201.76	0.00000000	-1.76070045	-1.76070045	0.00000000
202.12	0.00000000	-1.76384455	-1.76384455	0.00000000
202.48	0.00000000	-1.76698866	-1.76698866	0.00000000
202.84	0.00000000	-1.77013277	-1.77013277	0.00000000
203.20	0.00000000	-1.77327688	-1.77327688	0.00000000
203.56	0.00000000	-1.77642099	-1.77642099	0.00000000
203.92	0.00000000	-1.77956509	-1.77956509	0.00000000
204.28	0.00000000	-1.78270920	-1.78270920	0.00000000
204.64	0.00000000	-1.78585331	-1.78585331	0.00000000
205.00	0.00000000	-1.78899742	-1.78899742	0.00000000
205.36	0.00000000	-1.79214153	-1.79214153	0.00000000
205.72	0.00000000	-1.79528563	-1.79528563	0.00000000
206.08	0.00000000	-1.79842974	-1.79842974	0.00000000
206.45	0.00000000	-1.80157385	-1.80157385	0.00000000
206.81	0.00000000	-1.80471796	-1.80471796	0.00000000
207.17	0.00000000	-1.80786207	-1.80786207	0.00000000
207.53	0.00000000	-1.81100617	-1.81100617	0.00000000
207.89	0.00000000	-1.81415028	-1.81415028	0.00000000
208.25	0.00000000	-1.81729439	-1.81729439	0.00000000
208.61	0.00000000	-1.82043850	-1.82043850	0.00000000
208.97	0.00000000	-1.82358261	-1.82358261	0.00000000
209.33	0.00000000	-1.82672671	-1.82672671	0.00000000
209.69	0.00000000	-1.82987082	-1.82987082	0.00000000
210.05	0.00000000	-1.83301493	-1.83301493	0.00000000
210.41	0.00000000	-1.83615904	-1.83615904	0.00000000
210.77	0.00000000	-1.83930314	-1.83930314	0.00000000
211.13	0.00000000	-1.84244725	-1.84244725	0.00000000
211.49	0.00000000	-1.84559136	-1.84559136	0.00000000
211.85	0.00000000	-1.84873547	-1.84873547	0.00000000
212.21	0.00000000	-1.85187958	-1.85187958	0.00000000
212.57	0.00000000	-1.85502368	-1.85502368	0.00000000
212.93	0.00000000	-1.85816779	-1.85816779	0.00000000
213.29	0.00000000	-1.86131190	-1.86131190	0.00000000
213.65	0.00000000	-1.86445601	-1.86445601	0.00000000
214.01	0.00000000	-1.86760012	-1.86760012	0.00000000
214.37	0.00000000	-1.87074422	-1.87074422	0.00000000
214.73	0.00000000	-1.87388833	-1.87388833	0.00000000
215.09	0.00000000	-1.87703244	-1.87703244	0.00000000
215.45	0.00000000	-1.88017655	-1.88017655	0.00000000
215.81	0.00000000	-1.88332066	-1.88332066	0.00000000
216.17	0.00000000	-1.88646476	-1.88646476	0.00000000
216.53	0.00000000	-1.88960887	-1.88960887	0.00000000
216.89	0.00000000	-1.89275298	-1.89275298	0.00000000
217.25	0.00000000	-1.89589709	-1.89589709	0.00000000
217.61	0.00000000	-1.89904120	-1.89904120	0.00000000
217.97	0.00000000	-1.90218530	-1.90218530	0.00000000
218.33	0.00000000	-1.90532941	-1.90532941	0.00000000
218.69	0.00000000	-1.90847352	-1.90847352	0.00000000
219.06	0.00000000	-1.91161763	-1.91161763	0.00000000
219.42	0.00000000	-1.91476174	-1.91476174	0.00000000
219.78	0.00000000	-1.91790584	-1.91790584	0.00000000
220.14	0.00000000	-1.92104995	-1.92104995	0.00000000
220.50	0.00000000	-1.92419406	-1.92419406	0.00000000
220.86	0.00000000	-1.92733817	-1.92733817	0.00000000
221.22	0.00000000	-1.93048228	-1.93048228	0.00000000
221.58	0.00000000	-1.93362638	-1.93362638	0.00000000
221.94	0.00000000	-1.93677049	-1.93677049	0.00000000
222.30	0.00000000	-1.93991460	-1.93991460	0.00000000
222.66	0.00000000	-1.94305871	-1.94305871	0.00000000
223.02	0.00000000	-1.94620281	-1.94620281	0.00000000
223.38	0.00000000	-1.94934692	-1.94934692	0.00000000
223.74	0.00000000	-1.95249103	-1.95249103	0.00000000
224.10	0.00000000	-1.95563514	-1.95563514	0.00000000
224.46	0.00000000	-1.95877925	-1.95877925	0.00000000
224.82	0.00000000	-1.96192335	-1.96192335	0.00000000
225.18	0.00000000	-1.96506746	-1.96506746	0.00000000
225.54	0.00000000	-1.96821157	-1.96821157	0.00000000
225.90	0.00000000	-1.97135568	-1.97135568	0.00000000
226.26	0.00000000	-1.97449979	-1.97449979	0.00000000
226.62	0.00000000	-1.97764389	-1.97764389	0.00000000
226.98	0.00000000	-1.98078800	-1.98078800	0.00000000
227.34	0.00000000	-1.98393211	-1.98393211	0.00000000
227.70	0.00000000	-1.98707622	-1.98707622	0.00000000
228.06	0.00000000	-1.99022033	-1.99022033	0.00000000
228.42	0.00000000	-1.99336443	-1.99336443	0.00000000
228.78	0.00000000	-1.99650854	-1.99650854	0.00000000
229.14	0.00000000	-1.99965265	-1.99965265	0.00000000
229.50	0.00000000	-2.00279676	-2.00279676	0.00000000
229.86	0.00000000	-2.00594087	-2.00594087	0.00000000
230.22	0.00000000	-2.00908497	-2.00908497	0.00000000
230.58	0.00000000	-2.01222908	-2.01222908	0.00000000
230.94	0.00000000	-2.01537319	-2.01537319	0.00000000
231.31	0.00000000	-2.01851730	-2.01851730	0.00000000
231.67	0.00000000	-2.02166141	-2.02166141	0.00000000
232.03	0.00000000	-2.02480551	-2.02480551	0.00000000
232.39	0.00000000	-2.02794962	-2.02794962	0.00000000
232.75	0.00000000	-2.03109373	-2.03109373	0.00000000
233.11	0.00000000	-2.03423784	-2.03423784	0.00000000
233.47	0.00000000	-2.03738195	-2.03738195	0.00000000
233.83	0.00000000	-2.04052605	-2.04052605	0.00000000
234.19	0.00000000	-2.04367016	-2.04367016	0.00000000
234.55	0.00000000	-2.04681427	-2.04681427	0.00000000
234.91	0.00000000	-2.04995838	-2.04995838	0.00000000
235.27	0.00000000	-2.05310248	-2.05310248	0.00000000
235.63	0.00000000	-2.05624659	-2.05624659	0.00000000
235.99	0.00000000	-2.05939070	-2.05939070	0.00000000
236.35	0.00000000	-2.06253481	-2.06253481	0.00000000
236.71	0.00000000	-2.06567892	-2.06567892	0.00000000
237.07	0.00000000	-2.06882302	-2.06882302	0.00000000
237.43	0.00000000	-2.07196713	-2.07196713	0.00000000
237.79	0.00000000	-2.07511124	-2.07511124	0.00000000
238.15	0.00000000	-2.07825535	-2.07825535	0.00000000
238.51	0.00000000	-2.08139946	-2.08139946	0.00000000
238.87	0.00000000	-2.08454356	-2.08454356	0.00000000
239.23	0.00000000	-2.08768767	-2.08768767	0.00000000
239.59	0.00000000	-2.09083178	-2.09083178	0.00000000
239.95	0.00000000	-2.09397589	-2.09397589	0.00000000
240.31	0.00000000	-2.09712000	-2.09712000	0.00000000
240.67	0.00000000	-2.10026410	-2.10026410	0.00000000
241.03	0.00000000	-2.10340821	-2.10340821	0.00000000
241.39	0.00000000	-2.10655232	-2.10655232	0.00000000
241.75	0.00000000	-2.10969643	-2.10969643	0.00000000
242.11	0.00000000	-2.11284054	-2.11284054	0.00000000
242.47	0.00000000	-2.11598464	-2.11598464	0.00000000
242.83	0.00000000	-2.11912875	-2.11912875	0.00000000
243.19	0.00000000	-2.12227286	-2.12227286	0.00000000
243.55	0.00000000	-2.12541697	-2.12541697	0.00000000
243.92	0.00000000	-2.12856108	-2.12856108	0.00000000
244.28	0.00000000	-2.13170518	-2.13170518	0.00000000
244.64	0.00000000	-2.13484929	-2.13484929	0.00000000
245.00	0.00000000	-2.13799340	-2.13799340	0.00000000
245.36	0.00000000	-2.14113751	-2.14113751	0.00000000
245.72	0.00000000	-2.14428162	-2.14428162	0.00000000
246.08	0.00000000	-2.14742572	-2.14742572	0.00000000
246.44	0.00000000	-2.15056983	-2.15056983	0.00000000
246.80	0.00000000	-2.15371394	-2.15371394	0.00000000
247.16	0.00000000	-2.15685805	-2.15685805	0.00000000
247.52	0.00000000	-2.16000215	-2.16000215	0.00000000
247.88	0.00000000	-2.16314626	-2.16314626	0.00000000
248.24	0.00000000	-2.16629037	-2.16629037	0.00000000
248.60	0.00000000	-2.16943448	-2.16943448	0.00000000
248.96	0.00000000	-2.17257859	-2.17257859	0.00000000
249.32	0.00000000	-2.17572269	-2.17572269	0.00000000
249.68	0.00000000	-2.17886680	-2.17886680	0.00000000
250.04	0.00000000	-2.18201091	-2.18201091	0.00000000
250.40	0.00000000	-2.18515502	-2.18515502	0.00000000
250.76	0.00000000	-2.18829913	-2.18829913	0.00000000
251.12	0.00000000	-2.19144323	-2.19144323	0.00000000
251.48	0.00000000	-2.19458734	-2.19458734	0.00000000
251.84	0.00000000	-2.19773145	-2.19773145	0.00000000
252.20	0.00000000	-2.20087556	-2.20087556	0.00000000
252.56	0.00000000	-2.20401967	-2.20401967	0.00000000
252.92	0.00000000	-2.20716377	-2.20716377	0.00000000
253.28	0.00000000	-2.21030788	-2.21030788	0.00000000
253.64	0.00000000	-2.21345199	-2.21345199	0.00000000
254.00	0.00000000	-2.21659610	-2.21659610	0.00000000
254.36	0.00000000	-2.21974021	-2.21974021	0.00000000
254.72	0.00000000	-2.22288431	-2.22288431	0.00000000
255.08	0.00000000	-2.22602842	-2.22602842	0.00000000
255.44	0.00000000	-2.22917253	-2.22917253	0.00000000
255.80	0.00000000	-2.23231664	-2.23231664	0.00000000
256.16	0.00000000	-2.23546075	-2.23546075	0.00000000
256.53	0.00000000	-2.23860485	-2.23860485	0.00000000
256.89	0.00000000	-2.24174896	-2.24174896	0.00000000
257.25	0.00000000	-2.24489307	-2.24489307	0.00000000
257.61	0.00000000	-2.24803718	-2.24803718	0.00000000
257.97	0.00000000	-2.25118128	-2.25118128	0.00000000
258.33	0.00000000	-2.25432539	-2.25432539	0.00000000
258.69	0.00000000	-2.25746950	-2.25746950	0.00000000
259.05	0.00000000	-2.26061361	-2.26061361	0.00000000
259.41	0.00000000	-2.26375772	-2.26375772	0.00000000
259.77	0.00000000	-2.26690182	-2.26690182	0.00000000
260.13	0.00000000	-2.27004593	-2.27004593	0.00000000
260.49	0.00000000	-2.27319004	-2.27319004	0.00000000
260.85	0.00000000	-2.27633415	-2.27633415	0.00000000
261.21	0.00000000	-2.27947826	-2.27947826	0.00000000
261.57	0.00000000	-2.28262236	-2.28262236	0.00000000
261.93	0.00000000	-2.28576647	-2.28576647	0.00000000
262.29	0.00000000	-2.28891058	-2.28891058	0.00000000
262.65	0.00000000	-2.29205469	-2.29205469	0.00000000
263.01	0.00000000	-2.29519880	-2.29519880	0.00000000
263.37	0.00000000	-2.29834290	-2.29834290	0.00000000
263.73	0.00000000	-2.30148701	-2.30148701	0.00000000
264.09	0.00000000	-2.30463112	-2.30463112	0.00000000
264.45	0.00000000	-2.30777523	-2.30777523	0.00000000
264.81	0.00000000	-2.31091934	-2.31091934	0.00000000
265.17	0.00000000	-2.31406344	-2.31406344	0.00000000
265.53	0.00000000	-2.31720755	-2.31720755	0.00000000
265.89	0.00000000	-2.32035166	-2.32035166	0.00000000
266.25	0.00000000	-2.32349577	-2.32349577	0.00000000
266.61	0.00000000	-2.32663988	-2.32663988	0.00000000
266.97	0.00000000	-2.32978398	-2.32978398	0.00000000
267.33	0.00000000	-2.33292809	-2.33292809	0.00000000
267.69	0.00000000	-2.33607220	-2.33607220	0.00000000
268.05	0.00000000	-2.33921631	-2.33921631	0.00000000
268.41	0.00000000	-2.34236042	-2.34236042	0.00000000
268.78	0.00000000	-2.34550452	-2.34550452	0.00000000
269.14	0.00000000	-2.34864863	-2.34864863	0.00000000
269.50	0.00000000	-2.35179274	-2.35179274	0.00000000
269.86	0.00000000	-2.35493685	-2.35493685	0.00000000
270.22	0.00000000	-2.35808095	-2.35808095	0.00000000
270.58	0.00000000	-2.36122506	-2.36122506	0.00000000
270.94	0.00000000	-2.36436917	-2.36436917	0.00000000
271.30	0.00000000	-2.36751328	-2.36751328	0.00000000
271.66	0.00000000	-2.37065739	-2.37065739	0.00000000
272.02	0.00000000	-2.37380149	-2.37380149	0.00000000
272.38	0.00000000	-2.37694560	-2.37694560	0.00000000
272.74	0.00000000	-2.38008971	-2.38008971	0.00000000
273.10	0.00000000	-2.38323382	-2.38323382	0.00000000
273.46	0.00000000	-2.38637793	-2.38637793	0.00000000
273.82	0.00000000	-2.38952203	-2.38952203	0.00000000
274.18	0.00000000	-2.39266614	-2.39266614	0.00000000
274.54	0.00000000	-2.39581025	-2.39581025	0.00000000
274.90	0.00000000	-2.39895436	-2.39895436	0.00000000
275.26	0.00000000	-2.40209847	-2.40209847	0.00000000
275.62	0.00000000	-2.40524257	-2.40524257	0.00000000
275.98	0.00000000	-2.40838668	-2.40838668	0.00000000
276.34	0.00000000	-2.41153079	-2.41153079	0.00000000
276.70	0.00000000	-2.41467490	-2.41467490	0.00000000
277.06	0.00000000	-2.41781901	-2.41781901	0.00000000
277.42	0.00000000	-2.42096311	-2.42096311	0.00000000
277.78	0.00000000	-2.42410722	-2.42410722	0.00000000
278.14	0.00000000	-2.42725133	-2.42725133	0.00000000
278.50	0.00000000	-2.43039544	-2.43039544	0.00000000
278.86	0.00000000	-2.43353955	-2.43353955	0.00000000
279.22	0.00000000	-2.43668365	-2.43668365	0.00000000
279.58	0.00000000	-2.43982776	-2.43982776	0.00000000
279.94	0.00000000	-2.44297187	-2.44297187	0.00000000
280.30	0.00000000	-2.44611598	-2.44611598	0.00000000
280.66	0.00000000	-2.44926009	-2.44926009	0.00000000
281.02	0.00000000	-2.45240419	-2.45240419	0.00000000
281.39	0.00000000	-2.45554830	-2.45554830	0.00000000
281.75	0.00000000	-2.45869241	-2.45869241	0.00000000
282.11	0.00000000	-2.46183652	-2.46183652	0.00000000
282.47	0.00000000	-2.46498062	-2.46498062	0.00000000
282.83	0.00000000	-2.46812473	-2.46812473	0.00000000
283.19	0.00000000	-2.47126884	-2.47126884	0.00000000
283.55	0.00000000	-2.47441295	-2.47441295	0.00000000
283.91	0.00000000	-2.47755706	-2.47755706	0.00000000
284.27	0.00000000	-2.48070116	-2.48070116	0.00000000
284.63	0.00000000	-2.48384527	-2.48384527	0.00000000
284.99	0.00000000	-2.48698938	-2.48698938	0.00000000
285.35	0.00000000	-2.49013349	-2.49013349	0.00000000
285.71	0.00000000	-2.49327760	-2.49327760	0.00000000
286.07	0.00000000	-2.49642170	-2.49642170	0.00000000
286.43	0.00000000	-2.49956581	-2.49956581	0.00000000
286.79	0.00000000	-2.50270992	-2.50270992	0.00000000
287.15	0.00000000	-2.50585403	-2.50585403	0.00000000
287.51	0.00000000	-2.50899814	-2.50899814	0.00000000
287.87	0.00000000	-2.51214224	-2.51214224	0.00000000
288.23	0.00000000	-2.51528635	-2.51528635	0.00000000
288.59	0.00000000	-2.51843046	-2.51843046	0.00000000
288.95	0.00000000	-2.52157457	-2.52157457	0.00000000
289.31	0.00000000	-2.52471868	-2.52471868	0.00000000
289.67	0.00000000	-2.52786278	-2.52786278	0.00000000
290.03	0.00000000	-2.53100689	-2.53100689	0.00000000
290.39	0.00000000	-2.53415100	-2.53415100	0.00000000
290.75	0.00000000	-2.53729511	-2.53729511	0.00000000
291.11	0.00000000	-2.54043922	-2.54043922	0.00000000
291.47	0.00000000	-2.54358332	-2.54358332	0.00000000
291.83	0.00000000	-2.54672743	-2.54672743	0.00000000
292.19	0.00000000	-2.54987154	-2.54987154	0.00000000
292.55	0.00000000	-2.55301565	-2.55301565	0.00000000
292.91	0.00000000	-2.55615976	-2.55615976	0.00000000
293.27	0.00000000	-2.55930386	-2.55930386	0.00000000
293.63	0.00000000	-2.56244797	-2.56244797	0.00000000
294.00	0.00000000	-2.56559208	-2.56559208	0.00000000
294.36	0.00000000	-2.56873619	-2.56873619	0.00000000
294.72	0.00000000	-2.57188029	-2.57188029	0.00000000
295.08	0.00000000	-2.57502440	-2.57502440	0.00000000
295.44	0.00000000	-2.57816851	-2.57816851	0.00000000
295.80	0.00000000	-2.58131262	-2.58131262	0.00000000
296.16	0.00000000	-2.58445673	-2.58445673	0.00000000
296.52	0.00000000	-2.58760083	-2.58760083	0.00000000
296.88	0.00000000	-2.59074494	-2.59074494	0.00000000
297.24	0.00000000	-2.59388905	-2.59388905	0.00000000
297.60	0.00000000	-2.59703316	-2.59703316	0.00000000
297.96	0.00000000	-2.60017727	-2.60017727	0.00000000
298.32	0.00000000	-2.60332137	-2.60332137	0.00000000
298.68	0.00000000	-2.60646548	-2.60646548	0.00000000
299.04	0.00000000	-2.60960959	-2.60960959	0.00000000
299.40	0.00000000	-2.61275370	-2.61275370	0.00000000
299.76	0.00000000	-2.61589781	-2.61589781	0.00000000
300.12	0.00000000	-2.61904191	-2.61904191	0.00000000
300.48	0.00000000	-2.62218602	-2.62218602	0.00000000
300.84	0.00000000	-2.62533013	-2.62533013	0.00000000
301.20	0.00000000	-2.62847424	-2.62847424	0.00000000
301.56	0.00000000	-2.63161835	-2.63161835	0.00000000
301.92	0.00000000	-2.63476245	-2.63476245	0.00000000
302.28	0.00000000	-2.63790656	-2.63790656	0.00000000
302.64	0.00000000	-2.64105067	-2.64105067	0.00000000
303.00	0.00000000	-2.64419478	-2.64419478	0.00000000
303.36	0.00000000	-2.64733889	-2.64733889	0.00000000
303.72	0.00000000	-2.65048299	-2.65048299	0.00000000
304.08	0.00000000	-2.65362710	-2.65362710	0.00000000
304.44	0.00000000	-2.65677121	-2.65677121	0.00000000
304.80	0.00000000	-2.65991532	-2.65991532	0.00000000
305.16	0.00000000	-2.66305943	-2.66305943	0.00000000
305.52	0.00000000	-2.66620353	-2.66620353	0.00000000
305.88	0.00000000	-2.66934764	-2.66934764	0.00000000
306.24	0.00000000	-2.67249175	-2.67249175	0.00000000
306.61	0.00000000	-2.67563586	-2.67563586	0.00000000
306.97	0.00000000	-2.67877996	-2.67877996	0.00000000
307.33	0.00000000	-2.68192407	-2.68192407	0.00000000
307.69	0.00000000	-2.68506818	-2.68506818	0.00000000
308.05	0.00000000	-2.68821229	-2.68821229	0.00000000
308.41	0.00000000	-2.69135640	-2.69135640	0.00000000
308.77	0.00000000	-2.69450050	-2.69450050	0.00000000
309.13	0.00000000	-2.69764461	-2.69764461	0.00000000
309.49	0.00000000	-2.70078872	-2.70078872	0.00000000
309.85	0.00000000	-2.70393283	-2.70393283	0.00000000
310.21	0.00000000	-2.70707694	-2.70707694	0.00000000
310.57	0.00000000	-2.71022104	-2.71022104	0.00000000
310.93	0.00000000	-2.71336515	-2.71336515	0.00000000
311.29	0.00000000	-2.71650926	-2.71650926	0.00000000
311.65	0.00000000	-2.71965337	-2.71965337	0.00000000
312.01	0.00000000	-2.72279748	-2.72279748	0.00000000
312.37	0.00000000	-2.72594158	-2.72594158	0.00000000
312.73	0.00000000	-2.72908569	-2.72908569	0.00000000
313.09	0.00000000	-2.73222980	-2.73222980	0.00000000
313.45	0.00000000	-2.73537391	-2.73537391	0.00000000
313.81	0.00000000	-2.73851802	-2.73851802	0.00000000
314.17	0.00000000	-2.74166212	-2.74166212	0.00000000
314.53	0.00000000	-2.74480623	-2.74480623	0.00000000
314.89	0.00000000	-2.74795034	-2.74795034	0.00000000
315.25	0.00000000	-2.75109445	-2.75109445	0.00000000
315.61	0.00000000	-2.75423856	-2.75423856	0.00000000
315.97	0.00000000	-2.75738266	-2.75738266	0.00000000
316.33	0.00000000	-2.76052677	-2.76052677	0.00000000
316.69	0.00000000	-2.76367088	-2.76367088	0.00000000
317.05	0.00000000	-2.76681499	-2.76681499	0.00000000
317.41	0.00000000	-2.76995910	-2.76995910	0.00000000
317.77	0.00000000	-2.77310320	-2.77310320	0.00000000
318.13	0.00000000	-2.77624731	-2.77624731	0.00000000
318.49	0.00000000	-2.77939142	-2.77939142	0.00000000
318.86	0.00000000	-2.78253553	-2.78253553	0.00000000
319.22	0.00000000	-2.78567963	-2.78567963	0.00000000
319.58	0.00000000	-2.78882374	-2.78882374	0.00000000
319.94	0.00000000	-2.79196785	-2.79196785	0.00000000
320.30	0.00000000	-2.79511196	-2.79511196	0.00000000
320.66	0.00000000	-2.79825607	-2.79825607	0.00000000
321.02	0.00000000	-2.80140017	-2.80140017	0.00000000
321.38	0.00000000	-2.80454428	-2.80454428	0.00000000
321.74	0.00000000	-2.80768839	-2.80768839	0.00000000
322.10	0.00000000	-2.81083250	-2.81083250	0.00000000
322.46	0.00000000	-2.81397661	-2.81397661	0.00000000
322.82	0.00000000	-2.81712071	-2.81712071	0.00000000
323.18	0.00000000	-2.82026482	-2.82026482	0.00000000
323.54	0.00000000	-2.82340893	-2.82340893	0.00000000
323.90	0.00000000	-2.82655304	-2.82655304	0.00000000
324.26	0.00000000	-2.82969715	-2.82969715	0.00000000
324.62	0.00000000	-2.83284125	-2.83284125	0.00000000
324.98	0.00000000	-2.83598536	-2.83598536	0.00000000
325.34	0.00000000	-2.83912947	-2.83912947	0.00000000
325.70	0.00000000	-2.84227358	-2.84227358	0.00000000
326.06	0.00000000	-2.84541769	-2.84541769	0.00000000
326.42	0.00000000	-2.84856179	-2.84856179	0.00000000
326.78	0.00000000	-2.85170590	-2.85170590	0.00000000
327.14	0.00000000	-2.85485001	-2.85485001	0.00000000
327.50	0.00000000	-2.85799412	-2.85799412	0.00000000
327.86	0.00000000	-2.86113823	-2.86113823	0.00000000
328.22	0.00000000	-2.86428233	-2.86428233	0.00000000
328.58	0.00000000	-2.86742644	-2.86742644	0.00000000
328.94	0.00000000	-2.87057055	-2.87057055	0.00000000
329.30	0.00000000	-2.87371466	-2.87371466	0.00000000
329.66	0.00000000	-2.87685877	-2.87685877	0.00000000
330.02	0.00000000	-2.88000287	-2.88000287	0.00000000
330.38	0.00000000	-2.88314698	-2.88314698	0.00000000
330.74	0.00000000	-2.88629109	-2.88629109	0.00000000
331.10	0.00000000	-2.88943520	-2.88943520	0.00000000
331.47	0.00000000	-2.89257930	-2.89257930	0.00000000
331.83	0.00000000	-2.89572341	-2.89572341	0.00000000
332.19	0.00000000	-2.89886752	-2.89886752	0.00000000
332.55	0.00000000	-2.90201163	-2.90201163	0.00000000
332.91	0.00000000	-2.90515574	-2.90515574	0.00000000
333.27	0.00000000	-2.90829984	-2.90829984	0.00000000
333.63	0.00000000	-2.91144395	-2.91144395	0.00000000
333.99	0.00000000	-2.91458806	-2.91458806	0.00000000
334.35	0.00000000	-2.91773217	-2.91773217	0.00000000
334.71	0.00000000	-2.92087628	-2.92087628	0.00000000
335.07	0.00000000	-2.92402038	-2.92402038	0.00000000
335.43	0.00000000	-2.92716449	-2.92716449	0.00000000
335.79	0.00000000	-2.93030860	-2.93030860	0.00000000
336.15	0.00000000	-2.93345271	-2.93345271	0.00000000
336.51	0.00000000	-2.93659682	-2.93659682	0.00000000
336.87	0.00000000	-2.93974092	-2.93974092	0.00000000
337.23	0.00000000	-2.94288503	-2.94288503	0.00000000
337.59	0.00000000	-2.94602914	-2.94602914	0.00000000
337.95	0.00000000	-2.94917325	-2.94917325	0.00000000
338.31	0.00000000	-2.95231736	-2.95231736	0.00000000
338.67	0.00000000	-2.95546146	-2.95546146	0.00000000
339.03	0.00000000	-2.95860557	-2.95860557	0.00000000
339.39	0.00000000	-2.96174968	-2.96174968	0.00000000
339.75	0.00000000	-2.96489379	-2.96489379	0.00000000
340.11	0.00000000	-2.96803790	-2.96803790	0.00000000
340.47	0.00000000	-2.97118200	-2.97118200	0.00000000
340.83	0.00000000	-2.97432611	-2.97432611	0.00000000
341.19	0.00000000	-2.97747022	-2.97747022	0.00000000
341.55	0.00000000	-2.98061433	-2.98061433	0.00000000
341.91	0.00000000	-2.98375844	-2.98375844	0.00000000
342.27	0.00000000	-2.98690254	-2.98690254	0.00000000
342.63	0.00000000	-2.99004665	-2.99004665	0.00000000
342.99	0.00000000	-2.99319076	-2.99319076	0.00000000
343.35	0.00000000	-2.99633487	-2.99633487	0.00000000
343.71	0.00000000	-2.99947897	-2.99947897	0.00000000
344.08	0.00000000	-3.00262308	-3.00262308	0.00000000
344.44	0.00000000	-3.00576719	-3.00576719	0.00000000
344.80	0.00000000	-3.00891130	-3.00891130	0.00000000
345.16	0.00000000	-3.01205541	-3.01205541	0.00000000
345.52	0.00000000	-3.01519951	-3.01519951	0.00000000
345.88	0.00000000	-3.01834362	-3.01834362	0.00000000
346.24	0.00000000	-3.02148773	-3.02148773	0.00000000
346.60	0.00000000	-3.02463184	-3.02463184	0.00000000
346.96	0.00000000	-3.02777595	-3.02777595	0.00000000
347.32	0.00000000	-3.03092005	-3.03092005	0.00000000
347.68	0.00000000	-3.03406416	-3.03406416	0.00000000
348.04	0.00000000	-3.03720827	-3.03720827	0.00000000
348.40	0.00000000	-3.04035238	-3.04035238	0.00000000
348.76	0.00000000	-3.04349649	-3.04349649	0.00000000
349.12	0.00000000	-3.04664059	-3.04664059	0.00000000
349.48	0.00000000	-3.04978470	-3.04978470	0.00000000
349.84	0.00000000	-3.05292881	-3.05292881	0.00000000
350.20	0.00000000	-3.05607292	-3.05607292	0.00000000
350.56	0.00000000	-3.05921703	-3.05921703	0.00000000
350.92	0.00000000	-3.06236113	-3.06236113	0.00000000
351.28	0.00000000	-3.06550524	-3.06550524	0.00000000
351.64	0.00000000	-3.06864935	-3.06864935	0.00000000
352.00	0.00000000	-3.07179346	-3.07179346	0.00000000
352.36	0.00000000	-3.07493757	-3.07493757	0.00000000
352.72	0.00000000	-3.07808167	-3.07808167	0.00000000
353.08	0.00000000	-3.08122578	-3.08122578	0.00000000
353.44	0.00000000	-3.08436989	-3.08436989	0.00000000
353.80	0.00000000	-3.08751400	-3.08751400	0.00000000
354.16	0.00000000	-3.09065810	-3.09065810	0.00000000
354.52	0.00000000	-3.09380221	-3.09380221	0.00000000
354.88	0.00000000	-3.09694632	-3.09694632	0.00000000
355.24	0.00000000	-3.10009043	-3.10009043	0.00000000
355.60	0.00000000	-3.10323454	-3.10323454	0.00000000
355.96	0.00000000	-3.10637864	-3.10637864	0.00000000
356.33	0.00000000	-3.10952275	-3.10952275	0.00000000
356.69	0.00000000	-3.11266686	-3.11266686	0.00000000
357.05	0.00000000	-3.11581097	-3.11581097	0.00000000
357.41	0.00000000	-3.11895508	-3.11895508	0.00000000
357.77	0.00000000	-3.12209918	-3.12209918	0.00000000
358.13	0.00000000	-3.12524329	-3.12524329	0.00000000
358.49	0.00000000	-3.12838740	-3.12838740	0.00000000
358.85	0.00000000	-3.13153151	-3.13153151	0.00000000
359.21	0.00000000	-3.13467562	-3.13467562	0.00000000
359.57	0.00000000	-3.13781972	-3.13781972	0.00000000
359.93	0.00000000	-3.14096383	-3.14096383	0.00000000
360.29	0.00000000	-3.13907737	-3.13907737	0.00000000
360.65	0.00000000	-3.13593326	-3.13593326	0.00000000
361.01	0.00000000	-3.13278915	-3.13278915	0.00000000
361.37	0.00000000	-3.12964504	-3.12964504	0.00000000
361.73	0.00000000	-3.12650094	-3.12650094	0.00000000
362.09	0.00000000	-3.12335683	-3.12335683	0.00000000
362.45	0.00000000	-3.12021272	-3.12021272	0.00000000
362.81	0.00000000	-3.11706861	-3.11706861	0.00000000
363.17	0.00000000	-3.11392450	-3.11392450	0.00000000
363.53	0.00000000	-3.11078040	-3.11078040	0.00000000
363.89	0.00000000	-3.10763629	-3.10763629	0.00000000
364.25	0.00000000	-3.10449218	-3.10449218	0.00000000
364.61	0.00000000	-3.10134807	-3.10134807	0.00000000
364.97	0.00000000	-3.09820396	-3.09820396	0.00000000
365.33	0.00000000	-3.09505986	-3.09505986	0.00000000
365.69	0.00000000	-3.09191575	-3.09191575	0.00000000
366.05	0.00000000	-3.08877164	-3.08877164	0.00000000
366.41	0.00000000	-3.08562753	-3.08562753	0.00000000
366.77	0.00000000	-3.08248342	-3.08248342	0.00000000
367.13	0.00000000	-3.07933932	-3.07933932	0.00000000
367.49	0.00000000	-3.07619521	-3.07619521	0.00000000
367.85	0.00000000	-3.07305110	-3.07305110	0.00000000
368.21	0.00000000	-3.06990699	-3.06990699	0.00000000
368.57	0.00000000	-3.06676288	-3.06676288	0.00000000
368.94	0.00000000	-3.06361878	-3.06361878	0.00000000
369.30	0.00000000	-3.06047467	-3.06047467	0.00000000
369.66	0.00000000	-3.05733056	-3.05733056	0.00000000
370.02	0.00000000	-3.05418645	-3.05418645	0.00000000
370.38	0.00000000	-3.05104234	-3.05104234	0.00000000
370.74	0.00000000	-3.04789824	-3.04789824	0.00000000
371.10	0.00000000	-3.04475413	-3.04475413	0.00000000
371.46	0.00000000	-3.04161002	-3.04161002	0.00000000
371.82	0.00000000	-3.03846591	-3.03846591	0.00000000
372.18	0.00000000	-3.03532181	-3.03532181	0.00000000
372.54	0.00000000	-3.03217770	-3.03217770	0.00000000
372.90	0.00000000	-3.02903359	-3.02903359	0.00000000
373.26	0.00000000	-3.02588948	-3.02588948	0.00000000
373.62	0.00000000	-3.02274537	-3.02274537	0.00000000
373.98	0.00000000	-3.01960127	-3.01960127	0.00000000
374.34	0.00000000	-3.01645716	-3.01645716	0.00000000
374.70	0.00000000	-3.01331305	-3.01331305	0.00000000
375.06	0.00000000	-3.01016894	-3.01016894	0.00000000
375.42	0.00000000	-3.00702483	-3.00702483	0.00000000
375.78	0.00000000	-3.00388073	-3.00388073	0.00000000
376.14	0.00000000	-3.00073662	-3.00073662	0.00000000
376.50	0.00000000	-2.99759251	-2.99759251	0.00000000
376.86	0.00000000	-2.99444840	-2.99444840	0.00000000
377.22	0.00000000	-2.99130429	-2.99130429	0.00000000
377.58	0.00000000	-2.98816019	-2.98816019	0.00000000
377.94	0.00000000	-2.98501608	-2.98501608	0.00000000
378.30	0.00000000	-2.98187197	-2.98187197	0.00000000
378.66	0.00000000	-2.97872786	-2.97872786	0.00000000
379.02	0.00000000	-2.97558375	-2.97558375	0.00000000
379.38	0.00000000	-2.97243965	-2.97243965	0.00000000
379.74	0.00000000	-2.96929554	-2.96929554	0.00000000
380.10	0.00000000	-2.96615143	-2.96615143	0.00000000
380.46	0.00000000	-2.96300732	-2.96300732	0.00000000
380.82	0.00000000	-2.95986321	-2.95986321	0.00000000
381.18	0.00000000	-2.95671911	-2.95671911	0.00000000
381.55	0.00000000	-2.95357500	-2.95357500	0.00000000
381.91	0.00000000	-2.95043089	-2.95043089	0.00000000
382.27	0.00000000	-2.94728678	-2.94728678	0.00000000
382.63	0.00000000	-2.94414267	-2.94414267	0.00000000
382.99	0.00000000	-2.94099857	-2.94099857	0.00000000
383.35	0.00000000	-2.93785446	-2.93785446	0.00000000
383.71	0.00000000	-2.93471035	-2.93471035	0.00000000
384.07	0.00000000	-2.93156624	-2.93156624	0.00000000
384.43	0.00000000	-2.92842214	-2.92842214	0.00000000
384.79	0.00000000	-2.92527803	-2.92527803	0.00000000
385.15	0.00000000	-2.92213392	-2.92213392	0.00000000
385.51	0.00000000	-2.91898981	-2.91898981	0.00000000
385.87	0.00000000	-2.91584570	-2.91584570	0.00000000
386.23	0.00000000	-2.91270160	-2.91270160	0.00000000
386.59	0.00000000	-2.90955749	-2.90955749	0.00000000
386.95	0.00000000	-2.90641338	-2.90641338	0.00000000
387.31	0.00000000	-2.90326927	-2.90326927	0.00000000
387.67	0.00000000	-2.90012516	-2.90012516	0.00000000
388.03	0.00000000	-2.89698106	-2.89698106	0.00000000
388.39	0.00000000	-2.89383695	-2.89383695	0.00000000
388.75	0.00000000	-2.89069284	-2.89069284	0.00000000
389.11	0.00000000	-2.88754873	-2.88754873	0.00000000
389.47	0.00000000	-2.88440462	-2.88440462	0.00000000
389.83	0.00000000	-2.88126052	-2.88126052	0.00000000
390.19	0.00000000	-2.87811641	-2.87811641	0.00000000
390.55	0.00000000	-2.87497230	-2.87497230	0.00000000
390.91	0.00000000	-2.87182819	-2.87182819	0.00000000
391.27	0.00000000	-2.86868408	-2.86868408	0.00000000
391.63	0.00000000	-2.86553998	-2.86553998	0.00000000
391.99	0.00000000	-2.86239587	-2.86239587	0.00000000
392.35	0.00000000	-2.85925176	-2.85925176	0.00000000
392.71	0.00000000	-2.85610765	-2.85610765	0.00000000
393.07	0.00000000	-2.85296354	-2.85296354	0.00000000
393.43	0.00000000	-2.84981944	-2.84981944	0.00000000
393.80	0.00000000	-2.84667533	-2.84667533	0.00000000
394.16	0.00000000	-2.84353122	-2.84353122	0.00000000
394.52	0.00000000	-2.84038711	-2.84038711	0.00000000
394.88	0.00000000	-2.83724301	-2.83724301	0.00000000
395.24	0.00000000	-2.83409890	-2.83409890	0.00000000
395.60	0.00000000	-2.83095479	-2.83095479	0.00000000
395.96	0.00000000	-2.82781068	-2.82781068	0.00000000
396.32	0.00000000	-2.82466657	-2.82466657	0.00000000
396.68	0.00000000	-2.82152247	-2.82152247	0.00000000
397.04	0.00000000	-2.81837836	-2.81837836	0.00000000
397.40	0.00000000	-2.81523425	-2.81523425	0.00000000
397.76	0.00000000	-2.81209014	-2.81209014	0.00000000
398.12	0.00000000	-2.80894603	-2.80894603	0.00000000
398.48	0.00000000	-2.80580193	-2.80580193	0.00000000
398.84	0.00000000	-2.80265782	-2.80265782	0.00000000
399.20	0.00000000	-2.79951371	-2.79951371	0.00000000
399.56	0.00000000	-2.79636960	-2.79636960	0.00000000
399.92	0.00000000	-2.79322549	-2.79322549	0.00000000
400.28	0.00000000	-2.79008139	-2.79008139	0.00000000
400.64	0.00000000	-2.78693728	-2.78693728	0.00000000
401.00	0.00000000	-2.78379317	-2.78379317	0.00000000
401.36	0.00000000	-2.78064906	-2.78064906	0.00000000
401.72	0.00000000	-2.77750495	-2.77750495	0.00000000
402.08	0.00000000	-2.77436085	-2.77436085	0.00000000
402.44	0.00000000	-2.77121674	-2.77121674	0.00000000
402.80	0.00000000	-2.76807263	-2.76807263	0.00000000
403.16	0.00000000	-2.76492852	-2.76492852	0.00000000
403.52	0.00000000	-2.76178441	-2.76178441	0.00000000
403.88	0.00000000	-2.75864031	-2.75864031	0.00000000
404.24	0.00000000	-2.75549620	-2.75549620	0.00000000
404.60	0.00000000	-2.75235209	-2.75235209	0.00000000
404.96	0.00000000	-2.74920798	-2.74920798	0.00000000
405.32	0.00000000	-2.74606387	-2.74606387	0.00000000
405.68	0.00000000	-2.74291977	-2.74291977	0.00000000
406.04	0.00000000	-2.73977566	-2.73977566	0.00000000
406.41	0.00000000	-2.73663155	-2.73663155	0.00000000
406.77	0.00000000	-2.73348744	-2.73348744	0.00000000
407.13	0.00000000	-2.73034334	-2.73034334	0.00000000
407.49	0.00000000	-2.72719923	-2.72719923	0.00000000
407.85	0.00000000	-2.72405512	-2.72405512	0.00000000
408.21	0.00000000	-2.72091101	-2.72091101	0.00000000
408.57	0.00000000	-2.71776690	-2.71776690	0.00000000
408.93	0.00000000	-2.71462280	-2.71462280	0.00000000
409.29	0.00000000	-2.71147869	-2.71147869	0.00000000
409.65	0.00000000	-2.70833458	-2.70833458	0.00000000
410.01	0.00000000	-2.70519047	-2.70519047	0.00000000
410.37	0.00000000	-2.70204636	-2.70204636	0.00000000
410.73	0.00000000	-2.69890226	-2.69890226	0.00000000
411.09	0.00000000	-2.69575815	-2.69575815	0.00000000
411.45	0.00000000	-2.69261404	-2.69261404	0.00000000
411.81	0.00000000	-2.68946993	-2.68946993	0.00000000
412.17	0.00000000	-2.68632582	-2.68632582	0.00000000
412.53	0.00000000	-2.68318172	-2.68318172	0.00000000
412.89	0.00000000	-2.68003761	-2.68003761	0.00000000
413.25	0.00000000	-2.67689350	-2.67689350	0.00000000
413.61	0.00000000	-2.67374939	-2.67374939	0.00000000
413.97	0.00000000	-2.67060528	-2.67060528	0.00000000
414.33	0.00000000	-2.66746118	-2.66746118	0.00000000
414.69	0.00000000	-2.66431707	-2.66431707	0.00000000
415.05	0.00000000	-2.66117296	-2.66117296	0.00000000
415.41	0.00000000	-2.65802885	-2.65802885	0.00000000
415.77	0.00000000	-2.65488474	-2.65488474	0.00000000
416.13	0.00000000	-2.65174064	-2.65174064	0.00000000
416.49	0.00000000	-2.64859653	-2.64859653	0.00000000
416.85	0.00000000	-2.64545242	-2.64545242	0.00000000
417.21	0.00000000	-2.64230831	-2.64230831	0.00000000
417.57	0.00000000	-2.63916420	-2.63916420	0.00000000
417.93	0.00000000	-2.63602010	-2.63602010	0.00000000
418.29	0.00000000	-2.63287599	-2.63287599	0.00000000
418.65	0.00000000	-2.62973188	-2.62973188	0.00000000
419.02	0.00000000	-2.62658777	-2.62658777	0.00000000
419.38	0.00000000	-2.62344367	-2.62344367	0.00000000
419.74	0.00000000	-2.62029956	-2.62029956	0.00000000
420.10	0.00000000	-2.61715545	-2.61715545	0.00000000
420.46	0.00000000	-2.61401134	-2.61401134	0.00000000
420.82	0.00000000	-2.61086723	-2.61086723	0.00000000
421.18	0.00000000	-2.60772313	-2.60772313	0.00000000
421.54	0.00000000	-2.60457902	-2.60457902	0.00000000
421.90	0.00000000	-2.60143491	-2.60143491	0.00000000
422.26	0.00000000	-2.59829080	-2.59829080	0.00000000
422.62	0.00000000	-2.59514669	-2.59514669	0.00000000
422.98	0.00000000	-2.59200259	-2.59200259	0.00000000
423.34	0.00000000	-2.58885848	-2.58885848	0.00000000
423.70	0.00000000	-2.58571437	-2.58571437	0.00000000
424.06	0.00000000	-2.58257026	-2.58257026	0.00000000
424.42	0.00000000	-2.57942615	-2.57942615	0.00000000
424.78	0.00000000	-2.57628205	-2.57628205	0.00000000
425.14	0.00000000	-2.57313794	-2.57313794	0.00000000
425.50	0.00000000	-2.56999383	-2.56999383	0.00000000
425.86	0.00000000	-2.56684972	-2.56684972	0.00000000
426.22	0.00000000	-2.56370561	-2.56370561	0.00000000
426.58	0.00000000	-2.56056151	-2.56056151	0.00000000
426.94	0.00000000	-2.55741740	-2.55741740	0.00000000
427.30	0.00000000	-2.55427329	-2.55427329	0.00000000
427.66	0.00000000	-2.55112918	-2.55112918	0.00000000
428.02	0.00000000	-2.54798507	-2.54798507	0.00000000
428.38	0.00000000	-2.54484097	-2.54484097	0.00000000
428.74	0.00000000	-2.54169686	-2.54169686	0.00000000
429.10	0.00000000	-2.53855275	-2.53855275	0.00000000
429.46	0.00000000	-2.53540864	-2.53540864	0.00000000
429.82	0.00000000	-2.53226453	-2.53226453	0.00000000
430.18	0.00000000	-2.52912043	-2.52912043	0.00000000
430.54	0.00000000	-2.52597632	-2.52597632	0.00000000
430.90	0.00000000	-2.52283221	-2.52283221	0.00000000
431.27	0.00000000	-2.51968810	-2.51968810	0.00000000
431.63	0.00000000	-2.51654400	-2.51654400	0.00000000
431.99	0.00000000	-2.51339989	-2.51339989	0.00000000
432.35	0.00000000	-2.51025578	-2.51025578	0.00000000
432.71	0.00000000	-2.50711167	-2.50711167	0.00000000
433.07	0.00000000	-2.50396756	-2.50396756	0.00000000
433.43	0.00000000	-2.50082346	-2.50082346	0.00000000
433.79	0.00000000	-2.49767935	-2.49767935	0.00000000
434.15	0.00000000	-2.49453524	-2.49453524	0.00000000
434.51	0.00000000	-2.49139113	-2.49139113	0.00000000
434.87	0.00000000	-2.48824702	-2.48824702	0.00000000
435.23	0.00000000	-2.48510292	-2.48510292	0.00000000
435.59	0.00000000	-2.48195881	-2.48195881	0.00000000
435.95	0.00000000	-2.47881470	-2.47881470	0.00000000
436.31	0.00000000	-2.47567059	-2.47567059	0.00000000
436.67	0.00000000	-2.47252648	-2.47252648	0.00000000
437.03	0.00000000	-2.46938238	-2.46938238	0.00000000
437.39	0.00000000	-2.46623827	-2.46623827	0.00000000
437.75	0.00000000	-2.46309416	-2.46309416	0.00000000
438.11	0.00000000	-2.45995005	-2.45995005	0.00000000
438.47	0.00000000	-2.45680594	-2.45680594	0.00000000
438.83	0.00000000	-2.45366184	-2.45366184	0.00000000
439.19	0.00000000	-2.45051773	-2.45051773	0.00000000
439.55	0.00000000	-2.44737362	-2.44737362	0.00000000
439.91	0.00000000	-2.44422951	-2.44422951	0.00000000
440.27	0.00000000	-2.44108540	-2.44108540	0.00000000
440.63	0.00000000	-2.43794130	-2.43794130	0.00000000
440.99	0.00000000	-2.43479719	-2.43479719	0.00000000
441.35	0.00000000	-2.43165308	-2.43165308	0.00000000
441.71	0.00000000	-2.42850897	-2.42850897	0.00000000
442.07	0.00000000	-2.42536486	-2.42536486	0.00000000
442.43	0.00000000	-2.42222076	-2.42222076	0.00000000
442.79	0.00000000	-2.41907665	-2.41907665	0.00000000
443.15	0.00000000	-2.41593254	-2.41593254	0.00000000
443.51	0.00000000	-2.41278843	-2.41278843	0.00000000
443.88	0.00000000	-2.40964433	-2.40964433	0.00000000
444.24	0.00000000	-2.40650022	-2.40650022	0.00000000
444.60	0.00000000	-2.40335611	-2.40335611	0.00000000
444.96	0.00000000	-2.40021200	-2.40021200	0.00000000
445.32	0.00000000	-2.39706789	-2.39706789	0.00000000
445.68	0.00000000	-2.39392379	-2.39392379	0.00000000
446.04	0.00000000	-2.39077968	-2.39077968	0.00000000
446.40	0.00000000	-2.38763557	-2.38763557	0.00000000
446.76	0.00000000	-2.38449146	-2.38449146	0.00000000
447.12	0.00000000	-2.38134735	-2.38134735	0.00000000
447.48	0.00000000	-2.37820325	-2.37820325	0.00000000
447.84	0.00000000	-2.37505914	-2.37505914	0.00000000
448.20	0.00000000	-2.37191503	-2.37191503	0.00000000
448.56	0.00000000	-2.36877092	-2.36877092	0.00000000
448.92	0.00000000	-2.36562681	-2.36562681	0.00000000
449.28	0.00000000	-2.36248271	-2.36248271	0.00000000
449.64	0.00000000	-2.35933860	-2.35933860	0.00000000
450.00	0.00000000	-2.35619449	-2.35619449	0.00000000
