# Degeneracy Check
======================================

Parameters:
Tolerance level: 0.001
Small difference threshold: 0.1

======================================

No near-degenerate eigenstates found.
Eigenstates 1 and 2 are degenerate.

======================================
Differences between eigenstates:
Eigenstates 0 and 1: [1.10786526 1.10786537 1.10786565 1.10786609 1.1078666  1.10786712
 1.10786758 1.10786789 1.10786803 1.10786796 1.1078677  1.10786729
 1.10786678 1.10786625 1.10786578 1.10786544 1.10786528 1.10786531
 1.10786554 1.10786593 1.10786642 1.10786695 1.10786744 1.10786781
 1.10786801 1.10786801 1.10786781 1.10786744 1.10786695 1.10786642
 1.10786593 1.10786554 1.10786531 1.10786528 1.10786544 1.10786578
 1.10786625 1.10786678 1.10786729 1.1078677  1.10786796 1.10786803
 1.10786789 1.10786758 1.10786712 1.1078666  1.10786609 1.10786565
 1.10786537 1.10786526]
Eigenstates 0 and 2: [1.10868453 1.10868443 1.10868414 1.1086837  1.10868318 1.10868265
 1.1086822  1.10868188 1.10868174 1.10868181 1.10868207 1.10868249
 1.108683   1.10868353 1.108684   1.10868435 1.10868452 1.10868448
 1.10868425 1.10868386 1.10868336 1.10868283 1.10868234 1.10868197
 1.10868177 1.10868177 1.10868197 1.10868234 1.10868283 1.10868336
 1.10868386 1.10868425 1.10868448 1.10868452 1.10868435 1.108684
 1.10868353 1.108683   1.10868249 1.10868207 1.10868181 1.10868174
 1.10868188 1.1086822  1.10868265 1.10868318 1.1086837  1.10868414
 1.10868443 1.10868453]
Eigenstates 0 and 3: [1.21655533 1.21655533 1.21655533 1.21655533 1.21655534 1.21655534
 1.21655534 1.21655535 1.21655535 1.21655535 1.21655535 1.21655534
 1.21655534 1.21655533 1.21655533 1.21655533 1.21655533 1.21655533
 1.21655533 1.21655533 1.21655534 1.21655534 1.21655534 1.21655535
 1.21655535 1.21655535 1.21655535 1.21655534 1.21655534 1.21655534
 1.21655533 1.21655533 1.21655533 1.21655533 1.21655533 1.21655533
 1.21655533 1.21655534 1.21655534 1.21655535 1.21655535 1.21655535
 1.21655535 1.21655534 1.21655534 1.21655534 1.21655533 1.21655533
 1.21655533 1.21655533]
Eigenstates 1 and 2: [0.00081926 0.00081906 0.00081848 0.00081761 0.00081658 0.00081553
 0.00081462 0.00081398 0.00081371 0.00081385 0.00081437 0.0008152
 0.00081622 0.00081728 0.00081822 0.00081891 0.00081924 0.00081917
 0.00081871 0.00081793 0.00081693 0.00081587 0.0008149  0.00081416
 0.00081376 0.00081376 0.00081416 0.0008149  0.00081587 0.00081693
 0.00081793 0.00081871 0.00081917 0.00081924 0.00081891 0.00081822
 0.00081728 0.00081622 0.0008152  0.00081437 0.00081385 0.00081371
 0.00081398 0.00081462 0.00081553 0.00081658 0.00081761 0.00081848
 0.00081906 0.00081926]
Eigenstates 1 and 3: [0.10869006 0.10868996 0.10868968 0.10868925 0.10868874 0.10868822
 0.10868777 0.10868745 0.10868732 0.10868739 0.10868764 0.10868806
 0.10868856 0.10868908 0.10868955 0.10868989 0.10869005 0.10869002
 0.10868979 0.1086894  0.10868891 0.10868839 0.10868791 0.10868754
 0.10868734 0.10868734 0.10868754 0.10868791 0.10868839 0.10868891
 0.1086894  0.10868979 0.10869002 0.10869005 0.10868989 0.10868955
 0.10868908 0.10868856 0.10868806 0.10868764 0.10868739 0.10868732
 0.10868745 0.10868777 0.10868822 0.10868874 0.10868925 0.10868968
 0.10868996 0.10869006]
Eigenstates 2 and 3: [0.1078708  0.1078709  0.10787119 0.10787163 0.10787216 0.10787269
 0.10787315 0.10787347 0.10787361 0.10787354 0.10787327 0.10787285
 0.10787234 0.1078718  0.10787133 0.10787098 0.10787081 0.10787084
 0.10787108 0.10787147 0.10787198 0.10787251 0.10787301 0.10787338
 0.10787358 0.10787358 0.10787338 0.10787301 0.10787251 0.10787198
 0.10787147 0.10787108 0.10787084 0.10787081 0.10787098 0.10787133
 0.1078718  0.10787234 0.10787285 0.10787327 0.10787354 0.10787361
 0.10787347 0.10787315 0.10787269 0.10787216 0.10787163 0.10787119
 0.1078709  0.1078708 ]
