\BOOKMARK [1][-]{section.1}{\376\377\000I\000n\000t\000r\000o\000d\000u\000c\000t\000i\000o\000n}{}% 1
\BOOKMARK [2][-]{subsection.1.1}{\376\377\000P\000r\000o\000j\000e\000c\000t\000\040\000O\000v\000e\000r\000v\000i\000e\000w}{section.1}% 2
\BOOKMARK [2][-]{subsection.1.2}{\376\377\000K\000e\000y\000\040\000F\000e\000a\000t\000u\000r\000e\000s}{section.1}% 3
\BOOKMARK [2][-]{subsection.1.3}{\376\377\000P\000a\000c\000k\000a\000g\000e\000\040\000S\000t\000r\000u\000c\000t\000u\000r\000e}{section.1}% 4
\BOOKMARK [2][-]{subsection.1.4}{\376\377\000D\000o\000c\000u\000m\000e\000n\000t\000\040\000S\000t\000r\000u\000c\000t\000u\000r\000e}{section.1}% 5
\BOOKMARK [1][-]{section.2}{\376\377\000M\000a\000t\000h\000e\000m\000a\000t\000i\000c\000a\000l\000\040\000F\000o\000r\000m\000u\000l\000a\000t\000i\000o\000n}{}% 6
\BOOKMARK [2][-]{subsection.2.1}{\376\377\000D\000e\000f\000i\000n\000i\000t\000i\000o\000n\000s}{section.2}% 7
\BOOKMARK [2][-]{subsection.2.2}{\376\377\000V\000e\000r\000i\000f\000i\000c\000a\000t\000i\000o\000n\000\040\000o\000f\000\040\000O\000r\000t\000h\000o\000g\000o\000n\000a\000l\000i\000t\000y}{section.2}% 8
\BOOKMARK [2][-]{subsection.2.3}{\376\377\000M\000a\000t\000h\000e\000m\000a\000t\000i\000c\000a\000l\000\040\000P\000r\000o\000p\000e\000r\000t\000i\000e\000s}{section.2}% 9
\BOOKMARK [3][-]{subsubsection.2.3.1}{\376\377\000I\000n\000v\000a\000r\000i\000a\000n\000c\000e\000\040\000t\000o\000\040\000O\000r\000i\000g\000i\000n}{subsection.2.3}% 10
\BOOKMARK [3][-]{subsubsection.2.3.2}{\376\377\000I\000n\000v\000a\000r\000i\000a\000n\000c\000e\000\040\000t\000o\000\040\000R\000o\000t\000a\000t\000i\000o\000n}{subsection.2.3}% 11
\BOOKMARK [3][-]{subsubsection.2.3.3}{\376\377\000S\000c\000a\000l\000i\000n\000g}{subsection.2.3}% 12
\BOOKMARK [2][-]{subsection.2.4}{\376\377\000G\000e\000o\000m\000e\000t\000r\000i\000c\000\040\000I\000n\000t\000e\000r\000p\000r\000e\000t\000a\000t\000i\000o\000n}{section.2}% 13
\BOOKMARK [1][-]{section.3}{\376\377\000I\000m\000p\000l\000e\000m\000e\000n\000t\000a\000t\000i\000o\000n}{}% 14
\BOOKMARK [2][-]{subsection.3.1}{\376\377\000M\000o\000d\000u\000l\000a\000r\000\040\000A\000r\000c\000h\000i\000t\000e\000c\000t\000u\000r\000e}{section.3}% 15
\BOOKMARK [2][-]{subsection.3.2}{\376\377\000V\000e\000c\000t\000o\000r\000\040\000U\000t\000i\000l\000i\000t\000i\000e\000s}{section.3}% 16
\BOOKMARK [2][-]{subsection.3.3}{\376\377\000V\000i\000s\000u\000a\000l\000i\000z\000a\000t\000i\000o\000n}{section.3}% 17
\BOOKMARK [2][-]{subsection.3.4}{\376\377\000C\000o\000n\000f\000i\000g\000u\000r\000a\000t\000i\000o\000n\000\040\000M\000a\000n\000a\000g\000e\000m\000e\000n\000t}{section.3}% 18
\BOOKMARK [2][-]{subsection.3.5}{\376\377\000C\000o\000m\000m\000a\000n\000d\000-\000l\000i\000n\000e\000\040\000I\000n\000t\000e\000r\000f\000a\000c\000e}{section.3}% 19
\BOOKMARK [2][-]{subsection.3.6}{\376\377\000P\000a\000c\000k\000a\000g\000e\000\040\000I\000n\000i\000t\000i\000a\000l\000i\000z\000a\000t\000i\000o\000n}{section.3}% 20
\BOOKMARK [2][-]{subsection.3.7}{\376\377\000E\000x\000a\000m\000p\000l\000e\000\040\000S\000c\000r\000i\000p\000t\000s}{section.3}% 21
\BOOKMARK [2][-]{subsection.3.8}{\376\377\000D\000e\000p\000e\000n\000d\000e\000n\000c\000i\000e\000s}{section.3}% 22
\BOOKMARK [1][-]{section.4}{\376\377\000A\000P\000I\000\040\000R\000e\000f\000e\000r\000e\000n\000c\000e}{}% 23
\BOOKMARK [2][-]{subsection.4.1}{\376\377\000v\000e\000c\000t\000o\000r\000\137\000u\000t\000i\000l\000s\000\040\000M\000o\000d\000u\000l\000e}{section.4}% 24
\BOOKMARK [3][-]{subsubsection.4.1.1}{\376\377\000c\000r\000e\000a\000t\000e\000\137\000o\000r\000t\000h\000o\000g\000o\000n\000a\000l\000\137\000v\000e\000c\000t\000o\000r\000s}{subsection.4.1}% 25
\BOOKMARK [3][-]{subsubsection.4.1.2}{\376\377\000c\000h\000e\000c\000k\000\137\000o\000r\000t\000h\000o\000g\000o\000n\000a\000l\000i\000t\000y}{subsection.4.1}% 26
\BOOKMARK [3][-]{subsubsection.4.1.3}{\376\377\000c\000a\000l\000c\000u\000l\000a\000t\000e\000\137\000d\000i\000s\000p\000l\000a\000c\000e\000m\000e\000n\000t\000\137\000v\000e\000c\000t\000o\000r\000s}{subsection.4.1}% 27
\BOOKMARK [3][-]{subsubsection.4.1.4}{\376\377\000c\000a\000l\000c\000u\000l\000a\000t\000e\000\137\000d\000o\000t\000\137\000p\000r\000o\000d\000u\000c\000t\000s}{subsection.4.1}% 28
\BOOKMARK [2][-]{subsection.4.2}{\376\377\000v\000i\000s\000u\000a\000l\000i\000z\000a\000t\000i\000o\000n\000\040\000M\000o\000d\000u\000l\000e}{section.4}% 29
\BOOKMARK [3][-]{subsubsection.4.2.1}{\376\377\000p\000l\000o\000t\000\137\000v\000e\000c\000t\000o\000r\000s\000\137\0003\000d}{subsection.4.2}% 30
\BOOKMARK [3][-]{subsubsection.4.2.2}{\376\377\000p\000l\000o\000t\000\137\000v\000e\000c\000t\000o\000r\000s\000\137\0002\000d}{subsection.4.2}% 31
\BOOKMARK [3][-]{subsubsection.4.2.3}{\376\377\000p\000l\000o\000t\000\137\000v\000e\000c\000t\000o\000r\000s}{subsection.4.2}% 32
\BOOKMARK [2][-]{subsection.4.3}{\376\377\000c\000o\000n\000f\000i\000g\000\040\000M\000o\000d\000u\000l\000e}{section.4}% 33
\BOOKMARK [3][-]{subsubsection.4.3.1}{\376\377\000V\000e\000c\000t\000o\000r\000C\000o\000n\000f\000i\000g\000\040\000C\000l\000a\000s\000s}{subsection.4.3}% 34
\BOOKMARK [3][-]{subsubsection.4.3.2}{\376\377\000V\000e\000c\000t\000o\000r\000C\000o\000n\000f\000i\000g\000.\000s\000a\000v\000e\000\137\000t\000o\000\137\000f\000i\000l\000e}{subsection.4.3}% 35
\BOOKMARK [3][-]{subsubsection.4.3.3}{\376\377\000V\000e\000c\000t\000o\000r\000C\000o\000n\000f\000i\000g\000.\000l\000o\000a\000d\000\137\000f\000r\000o\000m\000\137\000f\000i\000l\000e}{subsection.4.3}% 36
\BOOKMARK [2][-]{subsection.4.4}{\376\377\000m\000a\000i\000n\000\040\000M\000o\000d\000u\000l\000e}{section.4}% 37
\BOOKMARK [3][-]{subsubsection.4.4.1}{\376\377\000m\000a\000i\000n\000\040\000F\000u\000n\000c\000t\000i\000o\000n}{subsection.4.4}% 38
\BOOKMARK [2][-]{subsection.4.5}{\376\377\000\137\000\137\000i\000n\000i\000t\000\137\000\137\000\040\000M\000o\000d\000u\000l\000e}{section.4}% 39
\BOOKMARK [1][-]{section.5}{\376\377\000U\000s\000a\000g\000e\000\040\000E\000x\000a\000m\000p\000l\000e\000s}{}% 40
\BOOKMARK [2][-]{subsection.5.1}{\376\377\000B\000a\000s\000i\000c\000\040\000U\000s\000a\000g\000e\000\040\000a\000s\000\040\000a\000\040\000P\000y\000t\000h\000o\000n\000\040\000M\000o\000d\000u\000l\000e}{section.5}% 41
\BOOKMARK [2][-]{subsection.5.2}{\376\377\000C\000u\000s\000t\000o\000m\000i\000z\000i\000n\000g\000\040\000V\000e\000c\000t\000o\000r\000\040\000G\000e\000n\000e\000r\000a\000t\000i\000o\000n}{section.5}% 42
\BOOKMARK [2][-]{subsection.5.3}{\376\377\000U\000s\000i\000n\000g\000\040\000t\000h\000e\000\040\000V\000e\000c\000t\000o\000r\000C\000o\000n\000f\000i\000g\000\040\000C\000l\000a\000s\000s}{section.5}% 43
\BOOKMARK [2][-]{subsection.5.4}{\376\377\000S\000a\000v\000i\000n\000g\000\040\000a\000n\000d\000\040\000L\000o\000a\000d\000i\000n\000g\000\040\000C\000o\000n\000f\000i\000g\000u\000r\000a\000t\000i\000o\000n\000s}{section.5}% 44
\BOOKMARK [2][-]{subsection.5.5}{\376\377\000C\000h\000e\000c\000k\000i\000n\000g\000\040\000O\000r\000t\000h\000o\000g\000o\000n\000a\000l\000i\000t\000y}{section.5}% 45
\BOOKMARK [2][-]{subsection.5.6}{\376\377\000U\000s\000i\000n\000g\000\040\000t\000h\000e\000\040\000C\000o\000m\000m\000a\000n\000d\000-\000l\000i\000n\000e\000\040\000I\000n\000t\000e\000r\000f\000a\000c\000e}{section.5}% 46
\BOOKMARK [3][-]{subsubsection.5.6.1}{\376\377\000B\000a\000s\000i\000c\000\040\000U\000s\000a\000g\000e}{subsection.5.6}% 47
\BOOKMARK [3][-]{subsubsection.5.6.2}{\376\377\000C\000u\000s\000t\000o\000m\000i\000z\000i\000n\000g\000\040\000V\000e\000c\000t\000o\000r\000\040\000G\000e\000n\000e\000r\000a\000t\000i\000o\000n}{subsection.5.6}% 48
\BOOKMARK [3][-]{subsubsection.5.6.3}{\376\377\000C\000u\000s\000t\000o\000m\000i\000z\000i\000n\000g\000\040\000V\000i\000s\000u\000a\000l\000i\000z\000a\000t\000i\000o\000n}{subsection.5.6}% 49
\BOOKMARK [3][-]{subsubsection.5.6.4}{\376\377\000U\000s\000i\000n\000g\000\040\000a\000\040\000C\000o\000n\000f\000i\000g\000u\000r\000a\000t\000i\000o\000n\000\040\000F\000i\000l\000e}{subsection.5.6}% 50
\BOOKMARK [3][-]{subsubsection.5.6.5}{\376\377\000S\000a\000v\000i\000n\000g\000\040\000a\000\040\000C\000o\000n\000f\000i\000g\000u\000r\000a\000t\000i\000o\000n\000\040\000F\000i\000l\000e}{subsection.5.6}% 51
\BOOKMARK [2][-]{subsection.5.7}{\376\377\000C\000o\000m\000p\000l\000e\000t\000e\000\040\000E\000x\000a\000m\000p\000l\000e\000\040\000S\000c\000r\000i\000p\000t}{section.5}% 52
\BOOKMARK [1][-]{section.6}{\376\377\000V\000i\000s\000u\000a\000l\000i\000z\000a\000t\000i\000o\000n}{}% 53
\BOOKMARK [2][-]{subsection.6.1}{\376\377\0003\000D\000\040\000V\000i\000s\000u\000a\000l\000i\000z\000a\000t\000i\000o\000n}{section.6}% 54
\BOOKMARK [2][-]{subsection.6.2}{\376\377\0002\000D\000\040\000P\000r\000o\000j\000e\000c\000t\000i\000o\000n\000s}{section.6}% 55
\BOOKMARK [2][-]{subsection.6.3}{\376\377\000C\000u\000s\000t\000o\000m\000i\000z\000a\000t\000i\000o\000n\000\040\000O\000p\000t\000i\000o\000n\000s}{section.6}% 56
\BOOKMARK [2][-]{subsection.6.4}{\376\377\000I\000m\000p\000l\000e\000m\000e\000n\000t\000a\000t\000i\000o\000n\000\040\000D\000e\000t\000a\000i\000l\000s}{section.6}% 57
\BOOKMARK [2][-]{subsection.6.5}{\376\377\000V\000i\000s\000u\000a\000l\000i\000z\000a\000t\000i\000o\000n\000\040\000i\000n\000\040\000t\000h\000e\000\040\000C\000o\000m\000m\000a\000n\000d\000-\000l\000i\000n\000e\000\040\000I\000n\000t\000e\000r\000f\000a\000c\000e}{section.6}% 58
\BOOKMARK [1][-]{section.7}{\376\377\000C\000o\000n\000f\000i\000g\000u\000r\000a\000t\000i\000o\000n}{}% 59
\BOOKMARK [2][-]{subsection.7.1}{\376\377\000V\000e\000c\000t\000o\000r\000C\000o\000n\000f\000i\000g\000\040\000C\000l\000a\000s\000s}{section.7}% 60
\BOOKMARK [2][-]{subsection.7.2}{\376\377\000I\000n\000i\000t\000i\000a\000l\000i\000z\000i\000n\000g\000\040\000a\000\040\000C\000o\000n\000f\000i\000g\000u\000r\000a\000t\000i\000o\000n}{section.7}% 61
\BOOKMARK [2][-]{subsection.7.3}{\376\377\000U\000s\000i\000n\000g\000\040\000a\000\040\000C\000o\000n\000f\000i\000g\000u\000r\000a\000t\000i\000o\000n}{section.7}% 62
\BOOKMARK [2][-]{subsection.7.4}{\376\377\000S\000a\000v\000i\000n\000g\000\040\000a\000\040\000C\000o\000n\000f\000i\000g\000u\000r\000a\000t\000i\000o\000n\000\040\000t\000o\000\040\000a\000\040\000F\000i\000l\000e}{section.7}% 63
\BOOKMARK [2][-]{subsection.7.5}{\376\377\000L\000o\000a\000d\000i\000n\000g\000\040\000a\000\040\000C\000o\000n\000f\000i\000g\000u\000r\000a\000t\000i\000o\000n\000\040\000f\000r\000o\000m\000\040\000a\000\040\000F\000i\000l\000e}{section.7}% 64
\BOOKMARK [2][-]{subsection.7.6}{\376\377\000C\000o\000n\000f\000i\000g\000u\000r\000a\000t\000i\000o\000n\000\040\000i\000n\000\040\000t\000h\000e\000\040\000C\000o\000m\000m\000a\000n\000d\000-\000l\000i\000n\000e\000\040\000I\000n\000t\000e\000r\000f\000a\000c\000e}{section.7}% 65
\BOOKMARK [2][-]{subsection.7.7}{\376\377\000C\000o\000n\000f\000i\000g\000u\000r\000a\000t\000i\000o\000n\000\040\000F\000i\000l\000e\000\040\000F\000o\000r\000m\000a\000t}{section.7}% 66
\BOOKMARK [2][-]{subsection.7.8}{\376\377\000D\000e\000f\000a\000u\000l\000t\000\040\000C\000o\000n\000f\000i\000g\000u\000r\000a\000t\000i\000o\000n}{section.7}% 67
\BOOKMARK [1][-]{section.8}{\376\377\000C\000o\000m\000m\000a\000n\000d\000-\000l\000i\000n\000e\000\040\000I\000n\000t\000e\000r\000f\000a\000c\000e}{}% 68
\BOOKMARK [2][-]{subsection.8.1}{\376\377\000B\000a\000s\000i\000c\000\040\000U\000s\000a\000g\000e}{section.8}% 69
\BOOKMARK [2][-]{subsection.8.2}{\376\377\000C\000o\000m\000m\000a\000n\000d\000-\000l\000i\000n\000e\000\040\000O\000p\000t\000i\000o\000n\000s}{section.8}% 70
\BOOKMARK [2][-]{subsection.8.3}{\376\377\000E\000x\000a\000m\000p\000l\000e\000s}{section.8}% 71
\BOOKMARK [3][-]{subsubsection.8.3.1}{\376\377\000C\000u\000s\000t\000o\000m\000i\000z\000i\000n\000g\000\040\000V\000e\000c\000t\000o\000r\000\040\000G\000e\000n\000e\000r\000a\000t\000i\000o\000n}{subsection.8.3}% 72
\BOOKMARK [3][-]{subsubsection.8.3.2}{\376\377\000C\000u\000s\000t\000o\000m\000i\000z\000i\000n\000g\000\040\000V\000i\000s\000u\000a\000l\000i\000z\000a\000t\000i\000o\000n}{subsection.8.3}% 73
\BOOKMARK [3][-]{subsubsection.8.3.3}{\376\377\000U\000s\000i\000n\000g\000\040\000a\000\040\000C\000o\000n\000f\000i\000g\000u\000r\000a\000t\000i\000o\000n\000\040\000F\000i\000l\000e}{subsection.8.3}% 74
\BOOKMARK [3][-]{subsubsection.8.3.4}{\376\377\000S\000a\000v\000i\000n\000g\000\040\000a\000\040\000C\000o\000n\000f\000i\000g\000u\000r\000a\000t\000i\000o\000n\000\040\000F\000i\000l\000e}{subsection.8.3}% 75
\BOOKMARK [3][-]{subsubsection.8.3.5}{\376\377\000C\000h\000e\000c\000k\000i\000n\000g\000\040\000O\000r\000t\000h\000o\000g\000o\000n\000a\000l\000i\000t\000y}{subsection.8.3}% 76
\BOOKMARK [3][-]{subsubsection.8.3.6}{\376\377\000V\000e\000r\000b\000o\000s\000e\000\040\000O\000u\000t\000p\000u\000t}{subsection.8.3}% 77
\BOOKMARK [2][-]{subsection.8.4}{\376\377\000I\000m\000p\000l\000e\000m\000e\000n\000t\000a\000t\000i\000o\000n\000\040\000D\000e\000t\000a\000i\000l\000s}{section.8}% 78
\BOOKMARK [2][-]{subsection.8.5}{\376\377\000E\000r\000r\000o\000r\000\040\000H\000a\000n\000d\000l\000i\000n\000g}{section.8}% 79
\BOOKMARK [2][-]{subsection.8.6}{\376\377\000H\000e\000l\000p\000\040\000M\000e\000s\000s\000a\000g\000e}{section.8}% 80
\BOOKMARK [1][-]{section.9}{\376\377\000E\000x\000a\000m\000p\000l\000e\000\040\000R\000e\000s\000u\000l\000t\000s}{}% 81
\BOOKMARK [2][-]{subsection.9.1}{\376\377\000D\000e\000f\000a\000u\000l\000t\000\040\000C\000o\000n\000f\000i\000g\000u\000r\000a\000t\000i\000o\000n}{section.9}% 82
\BOOKMARK [3][-]{subsubsection.9.1.1}{\376\377\000V\000e\000c\000t\000o\000r\000\040\000C\000o\000o\000r\000d\000i\000n\000a\000t\000e\000s}{subsection.9.1}% 83
\BOOKMARK [3][-]{subsubsection.9.1.2}{\376\377\000D\000o\000t\000\040\000P\000r\000o\000d\000u\000c\000t\000s}{subsection.9.1}% 84
\BOOKMARK [3][-]{subsubsection.9.1.3}{\376\377\0003\000D\000\040\000V\000i\000s\000u\000a\000l\000i\000z\000a\000t\000i\000o\000n}{subsection.9.1}% 85
\BOOKMARK [3][-]{subsubsection.9.1.4}{\376\377\0002\000D\000\040\000P\000r\000o\000j\000e\000c\000t\000i\000o\000n\000s}{subsection.9.1}% 86
\BOOKMARK [2][-]{subsection.9.2}{\376\377\000C\000u\000s\000t\000o\000m\000\040\000C\000o\000n\000f\000i\000g\000u\000r\000a\000t\000i\000o\000n\000\040\0001}{section.9}% 87
\BOOKMARK [3][-]{subsubsection.9.2.1}{\376\377\000V\000e\000c\000t\000o\000r\000\040\000C\000o\000o\000r\000d\000i\000n\000a\000t\000e\000s}{subsection.9.2}% 88
\BOOKMARK [3][-]{subsubsection.9.2.2}{\376\377\000D\000o\000t\000\040\000P\000r\000o\000d\000u\000c\000t\000s}{subsection.9.2}% 89
\BOOKMARK [3][-]{subsubsection.9.2.3}{\376\377\0003\000D\000\040\000V\000i\000s\000u\000a\000l\000i\000z\000a\000t\000i\000o\000n}{subsection.9.2}% 90
\BOOKMARK [3][-]{subsubsection.9.2.4}{\376\377\0002\000D\000\040\000P\000r\000o\000j\000e\000c\000t\000i\000o\000n\000s}{subsection.9.2}% 91
\BOOKMARK [2][-]{subsection.9.3}{\376\377\000C\000u\000s\000t\000o\000m\000\040\000C\000o\000n\000f\000i\000g\000u\000r\000a\000t\000i\000o\000n\000\040\0002}{section.9}% 92
\BOOKMARK [3][-]{subsubsection.9.3.1}{\376\377\000V\000e\000c\000t\000o\000r\000\040\000C\000o\000o\000r\000d\000i\000n\000a\000t\000e\000s}{subsection.9.3}% 93
\BOOKMARK [3][-]{subsubsection.9.3.2}{\376\377\000D\000o\000t\000\040\000P\000r\000o\000d\000u\000c\000t\000s}{subsection.9.3}% 94
\BOOKMARK [3][-]{subsubsection.9.3.3}{\376\377\0003\000D\000\040\000V\000i\000s\000u\000a\000l\000i\000z\000a\000t\000i\000o\000n}{subsection.9.3}% 95
\BOOKMARK [3][-]{subsubsection.9.3.4}{\376\377\0002\000D\000\040\000P\000r\000o\000j\000e\000c\000t\000i\000o\000n\000s}{subsection.9.3}% 96
\BOOKMARK [2][-]{subsection.9.4}{\376\377\000E\000f\000f\000e\000c\000t\000\040\000o\000f\000\040\000D\000i\000s\000t\000a\000n\000c\000e\000\040\000P\000a\000r\000a\000m\000e\000t\000e\000r}{section.9}% 97
\BOOKMARK [2][-]{subsection.9.5}{\376\377\000E\000f\000f\000e\000c\000t\000\040\000o\000f\000\040\000A\000n\000g\000l\000e\000\040\000P\000a\000r\000a\000m\000e\000t\000e\000r}{section.9}% 98
\BOOKMARK [2][-]{subsection.9.6}{\376\377\000E\000f\000f\000e\000c\000t\000\040\000o\000f\000\040\000O\000r\000i\000g\000i\000n}{section.9}% 99
\BOOKMARK [2][-]{subsection.9.7}{\376\377\000S\000u\000m\000m\000a\000r\000y\000\040\000o\000f\000\040\000R\000e\000s\000u\000l\000t\000s}{section.9}% 100
\BOOKMARK [1][-]{section.10}{\376\377\000C\000o\000n\000c\000l\000u\000s\000i\000o\000n}{}% 101
\BOOKMARK [2][-]{subsection.10.1}{\376\377\000S\000u\000m\000m\000a\000r\000y\000\040\000o\000f\000\040\000F\000e\000a\000t\000u\000r\000e\000s}{section.10}% 102
\BOOKMARK [2][-]{subsection.10.2}{\376\377\000P\000o\000t\000e\000n\000t\000i\000a\000l\000\040\000A\000p\000p\000l\000i\000c\000a\000t\000i\000o\000n\000s}{section.10}% 103
\BOOKMARK [2][-]{subsection.10.3}{\376\377\000F\000u\000t\000u\000r\000e\000\040\000W\000o\000r\000k}{section.10}% 104
\BOOKMARK [2][-]{subsection.10.4}{\376\377\000C\000o\000n\000c\000l\000u\000s\000i\000o\000n}{section.10}% 105
\BOOKMARK [1][-]{appendix.A}{\376\377\000S\000o\000u\000r\000c\000e\000\040\000C\000o\000d\000e}{}% 106
\BOOKMARK [2][-]{subsection.A.1}{\376\377\000m\000a\000i\000n\000.\000p\000y}{appendix.A}% 107
\BOOKMARK [2][-]{subsection.A.2}{\376\377\000v\000e\000c\000t\000o\000r\000\137\000u\000t\000i\000l\000s\000.\000p\000y}{appendix.A}% 108
\BOOKMARK [2][-]{subsection.A.3}{\376\377\000c\000o\000n\000f\000i\000g\000.\000p\000y}{appendix.A}% 109
\BOOKMARK [2][-]{subsection.A.4}{\376\377\000v\000i\000s\000u\000a\000l\000i\000z\000a\000t\000i\000o\000n\000.\000p\000y}{appendix.A}% 110
\BOOKMARK [2][-]{subsection.A.5}{\376\377\000\137\000\137\000i\000n\000i\000t\000\137\000\137\000.\000p\000y}{appendix.A}% 111
