This is pdfTeX, Version 3.141592653-2.6-1.40.25 (TeX Live 2023/Debian) (preloaded format=pdflatex 2024.10.2)  10 MAR 2025 18:51
entering extended mode
 restricted \write18 enabled.
 %&-line parsing enabled.
**main.tex
(./main.tex
LaTeX2e <2023-11-01> patch level 1
L3 programming layer <2024-01-22>
(/usr/share/texlive/texmf-dist/tex/latex/base/article.cls
Document Class: article 2023/05/17 v1.4n Standard LaTeX document class
(/usr/share/texlive/texmf-dist/tex/latex/base/size10.clo
File: size10.clo 2023/05/17 v1.4n Standard LaTeX file (size option)
)
\c@part=\count187
\c@section=\count188
\c@subsection=\count189
\c@subsubsection=\count190
\c@paragraph=\count191
\c@subparagraph=\count192
\c@figure=\count193
\c@table=\count194
\abovecaptionskip=\skip48
\belowcaptionskip=\skip49
\bibindent=\dimen140
)
(/usr/share/texlive/texmf-dist/tex/latex/base/inputenc.sty
Package: inputenc 2021/02/14 v1.3d Input encoding file
\inpenc@prehook=\toks17
\inpenc@posthook=\toks18
)
(/usr/share/texlive/texmf-dist/tex/latex/amsmath/amsmath.sty
Package: amsmath 2023/05/13 v2.17o AMS math features
\@mathmargin=\skip50

For additional information on amsmath, use the `?' option.
(/usr/share/texlive/texmf-dist/tex/latex/amsmath/amstext.sty
Package: amstext 2021/08/26 v2.01 AMS text

(/usr/share/texlive/texmf-dist/tex/latex/amsmath/amsgen.sty
File: amsgen.sty 1999/11/30 v2.0 generic functions
\@emptytoks=\toks19
\ex@=\dimen141
))
(/usr/share/texlive/texmf-dist/tex/latex/amsmath/amsbsy.sty
Package: amsbsy 1999/11/29 v1.2d Bold Symbols
\pmbraise@=\dimen142
)
(/usr/share/texlive/texmf-dist/tex/latex/amsmath/amsopn.sty
Package: amsopn 2022/04/08 v2.04 operator names
)
\inf@bad=\count195
LaTeX Info: Redefining \frac on input line 234.
\uproot@=\count196
\leftroot@=\count197
LaTeX Info: Redefining \overline on input line 399.
LaTeX Info: Redefining \colon on input line 410.
\classnum@=\count198
\DOTSCASE@=\count199
LaTeX Info: Redefining \ldots on input line 496.
LaTeX Info: Redefining \dots on input line 499.
LaTeX Info: Redefining \cdots on input line 620.
\Mathstrutbox@=\box51
\strutbox@=\box52
LaTeX Info: Redefining \big on input line 722.
LaTeX Info: Redefining \Big on input line 723.
LaTeX Info: Redefining \bigg on input line 724.
LaTeX Info: Redefining \Bigg on input line 725.
\big@size=\dimen143
LaTeX Font Info:    Redeclaring font encoding OML on input line 743.
LaTeX Font Info:    Redeclaring font encoding OMS on input line 744.
\macc@depth=\count266
LaTeX Info: Redefining \bmod on input line 905.
LaTeX Info: Redefining \pmod on input line 910.
LaTeX Info: Redefining \smash on input line 940.
LaTeX Info: Redefining \relbar on input line 970.
LaTeX Info: Redefining \Relbar on input line 971.
\c@MaxMatrixCols=\count267
\dotsspace@=\muskip16
\c@parentequation=\count268
\dspbrk@lvl=\count269
\tag@help=\toks20
\row@=\count270
\column@=\count271
\maxfields@=\count272
\andhelp@=\toks21
\eqnshift@=\dimen144
\alignsep@=\dimen145
\tagshift@=\dimen146
\tagwidth@=\dimen147
\totwidth@=\dimen148
\lineht@=\dimen149
\@envbody=\toks22
\multlinegap=\skip51
\multlinetaggap=\skip52
\mathdisplay@stack=\toks23
LaTeX Info: Redefining \[ on input line 2953.
LaTeX Info: Redefining \] on input line 2954.
)
(/usr/share/texlive/texmf-dist/tex/latex/amsfonts/amssymb.sty
Package: amssymb 2013/01/14 v3.01 AMS font symbols

(/usr/share/texlive/texmf-dist/tex/latex/amsfonts/amsfonts.sty
Package: amsfonts 2013/01/14 v3.01 Basic AMSFonts support
\symAMSa=\mathgroup4
\symAMSb=\mathgroup5
LaTeX Font Info:    Redeclaring math symbol \hbar on input line 98.
LaTeX Font Info:    Overwriting math alphabet `\mathfrak' in version `bold'
(Font)                  U/euf/m/n --> U/euf/b/n on input line 106.
))
(/usr/share/texlive/texmf-dist/tex/latex/graphics/graphicx.sty
Package: graphicx 2021/09/16 v1.2d Enhanced LaTeX Graphics (DPC,SPQR)

(/usr/share/texlive/texmf-dist/tex/latex/graphics/keyval.sty
Package: keyval 2022/05/29 v1.15 key=value parser (DPC)
\KV@toks@=\toks24
)
(/usr/share/texlive/texmf-dist/tex/latex/graphics/graphics.sty
Package: graphics 2022/03/10 v1.4e Standard LaTeX Graphics (DPC,SPQR)

(/usr/share/texlive/texmf-dist/tex/latex/graphics/trig.sty
Package: trig 2021/08/11 v1.11 sin cos tan (DPC)
)
(/usr/share/texlive/texmf-dist/tex/latex/graphics-cfg/graphics.cfg
File: graphics.cfg 2016/06/04 v1.11 sample graphics configuration
)
Package graphics Info: Driver file: pdftex.def on input line 107.

(/usr/share/texlive/texmf-dist/tex/latex/graphics-def/pdftex.def
File: pdftex.def 2022/09/22 v1.2b Graphics/color driver for pdftex
))
\Gin@req@height=\dimen150
\Gin@req@width=\dimen151
)
(/usr/share/texlive/texmf-dist/tex/latex/hyperref/hyperref.sty
Package: hyperref 2024-01-20 v7.01h Hypertext links for LaTeX

(/usr/share/texlive/texmf-dist/tex/generic/iftex/iftex.sty
Package: iftex 2022/02/03 v1.0f TeX engine tests
)
(/usr/share/texlive/texmf-dist/tex/latex/kvsetkeys/kvsetkeys.sty
Package: kvsetkeys 2022-10-05 v1.19 Key value parser (HO)
)
(/usr/share/texlive/texmf-dist/tex/generic/kvdefinekeys/kvdefinekeys.sty
Package: kvdefinekeys 2019-12-19 v1.6 Define keys (HO)
)
(/usr/share/texlive/texmf-dist/tex/generic/pdfescape/pdfescape.sty
Package: pdfescape 2019/12/09 v1.15 Implements pdfTeX's escape features (HO)

(/usr/share/texlive/texmf-dist/tex/generic/ltxcmds/ltxcmds.sty
Package: ltxcmds 2023-12-04 v1.26 LaTeX kernel commands for general use (HO)
)
(/usr/share/texlive/texmf-dist/tex/generic/pdftexcmds/pdftexcmds.sty
Package: pdftexcmds 2020-06-27 v0.33 Utility functions of pdfTeX for LuaTeX (HO
)

(/usr/share/texlive/texmf-dist/tex/generic/infwarerr/infwarerr.sty
Package: infwarerr 2019/12/03 v1.5 Providing info/warning/error messages (HO)
)
Package pdftexcmds Info: \pdf@primitive is available.
Package pdftexcmds Info: \pdf@ifprimitive is available.
Package pdftexcmds Info: \pdfdraftmode found.
))
(/usr/share/texlive/texmf-dist/tex/latex/hycolor/hycolor.sty
Package: hycolor 2020-01-27 v1.10 Color options for hyperref/bookmark (HO)
)
(/usr/share/texlive/texmf-dist/tex/latex/auxhook/auxhook.sty
Package: auxhook 2019-12-17 v1.6 Hooks for auxiliary files (HO)
)
(/usr/share/texlive/texmf-dist/tex/latex/hyperref/nameref.sty
Package: nameref 2023-11-26 v2.56 Cross-referencing by name of section

(/usr/share/texlive/texmf-dist/tex/latex/refcount/refcount.sty
Package: refcount 2019/12/15 v3.6 Data extraction from label references (HO)
)
(/usr/share/texlive/texmf-dist/tex/generic/gettitlestring/gettitlestring.sty
Package: gettitlestring 2019/12/15 v1.6 Cleanup title references (HO)

(/usr/share/texlive/texmf-dist/tex/latex/kvoptions/kvoptions.sty
Package: kvoptions 2022-06-15 v3.15 Key value format for package options (HO)
))
\c@section@level=\count273
)
(/usr/share/texlive/texmf-dist/tex/latex/etoolbox/etoolbox.sty
Package: etoolbox 2020/10/05 v2.5k e-TeX tools for LaTeX (JAW)
\etb@tempcnta=\count274
)
\@linkdim=\dimen152
\Hy@linkcounter=\count275
\Hy@pagecounter=\count276

(/usr/share/texlive/texmf-dist/tex/latex/hyperref/pd1enc.def
File: pd1enc.def 2024-01-20 v7.01h Hyperref: PDFDocEncoding definition (HO)
Now handling font encoding PD1 ...
... no UTF-8 mapping file for font encoding PD1
)
(/usr/share/texlive/texmf-dist/tex/generic/intcalc/intcalc.sty
Package: intcalc 2019/12/15 v1.3 Expandable calculations with integers (HO)
)
\Hy@SavedSpaceFactor=\count277

(/usr/share/texlive/texmf-dist/tex/latex/hyperref/puenc.def
File: puenc.def 2024-01-20 v7.01h Hyperref: PDF Unicode definition (HO)
Now handling font encoding PU ...
... no UTF-8 mapping file for font encoding PU
)
Package hyperref Info: Hyper figures OFF on input line 4179.
Package hyperref Info: Link nesting OFF on input line 4184.
Package hyperref Info: Hyper index ON on input line 4187.
Package hyperref Info: Plain pages OFF on input line 4194.
Package hyperref Info: Backreferencing OFF on input line 4199.
Package hyperref Info: Implicit mode ON; LaTeX internals redefined.
Package hyperref Info: Bookmarks ON on input line 4446.
\c@Hy@tempcnt=\count278

(/usr/share/texlive/texmf-dist/tex/latex/url/url.sty
\Urlmuskip=\muskip17
Package: url 2013/09/16  ver 3.4  Verb mode for urls, etc.
)
LaTeX Info: Redefining \url on input line 4784.
\XeTeXLinkMargin=\dimen153

(/usr/share/texlive/texmf-dist/tex/generic/bitset/bitset.sty
Package: bitset 2019/12/09 v1.3 Handle bit-vector datatype (HO)

(/usr/share/texlive/texmf-dist/tex/generic/bigintcalc/bigintcalc.sty
Package: bigintcalc 2019/12/15 v1.5 Expandable calculations on big integers (HO
)
))
\Fld@menulength=\count279
\Field@Width=\dimen154
\Fld@charsize=\dimen155
Package hyperref Info: Hyper figures OFF on input line 6063.
Package hyperref Info: Link nesting OFF on input line 6068.
Package hyperref Info: Hyper index ON on input line 6071.
Package hyperref Info: backreferencing OFF on input line 6078.
Package hyperref Info: Link coloring OFF on input line 6083.
Package hyperref Info: Link coloring with OCG OFF on input line 6088.
Package hyperref Info: PDF/A mode OFF on input line 6093.

(/usr/share/texlive/texmf-dist/tex/latex/base/atbegshi-ltx.sty
Package: atbegshi-ltx 2021/01/10 v1.0c Emulation of the original atbegshi
package with kernel methods
)
\Hy@abspage=\count280
\c@Item=\count281
\c@Hfootnote=\count282
)
Package hyperref Info: Driver (autodetected): hpdftex.

(/usr/share/texlive/texmf-dist/tex/latex/hyperref/hpdftex.def
File: hpdftex.def 2024-01-20 v7.01h Hyperref driver for pdfTeX

(/usr/share/texlive/texmf-dist/tex/latex/base/atveryend-ltx.sty
Package: atveryend-ltx 2020/08/19 v1.0a Emulation of the original atveryend pac
kage
with kernel methods
)
\Fld@listcount=\count283
\c@bookmark@seq@number=\count284

(/usr/share/texlive/texmf-dist/tex/latex/rerunfilecheck/rerunfilecheck.sty
Package: rerunfilecheck 2022-07-10 v1.10 Rerun checks for auxiliary files (HO)

(/usr/share/texlive/texmf-dist/tex/generic/uniquecounter/uniquecounter.sty
Package: uniquecounter 2019/12/15 v1.4 Provide unlimited unique counter (HO)
)
Package uniquecounter Info: New unique counter `rerunfilecheck' on input line 2
85.
)
\Hy@SectionHShift=\skip53
)
(/usr/share/texlive/texmf-dist/tex/latex/listings/listings.sty
\lst@mode=\count285
\lst@gtempboxa=\box53
\lst@token=\toks25
\lst@length=\count286
\lst@currlwidth=\dimen156
\lst@column=\count287
\lst@pos=\count288
\lst@lostspace=\dimen157
\lst@width=\dimen158
\lst@newlines=\count289
\lst@lineno=\count290
\lst@maxwidth=\dimen159

(/usr/share/texlive/texmf-dist/tex/latex/listings/lstmisc.sty
File: lstmisc.sty 2023/02/27 1.9 (Carsten Heinz)
\c@lstnumber=\count291
\lst@skipnumbers=\count292
\lst@framebox=\box54
)
(/usr/share/texlive/texmf-dist/tex/latex/listings/listings.cfg
File: listings.cfg 2023/02/27 1.9 listings configuration
))
Package: listings 2023/02/27 1.9 (Carsten Heinz)

(/usr/share/texlive/texmf-dist/tex/latex/xcolor/xcolor.sty
Package: xcolor 2023/11/15 v3.01 LaTeX color extensions (UK)

(/usr/share/texlive/texmf-dist/tex/latex/graphics-cfg/color.cfg
File: color.cfg 2016/01/02 v1.6 sample color configuration
)
Package xcolor Info: Driver file: pdftex.def on input line 274.

(/usr/share/texlive/texmf-dist/tex/latex/graphics/mathcolor.ltx)
Package xcolor Info: Model `cmy' substituted by `cmy0' on input line 1350.
Package xcolor Info: Model `hsb' substituted by `rgb' on input line 1354.
Package xcolor Info: Model `RGB' extended on input line 1366.
Package xcolor Info: Model `HTML' substituted by `rgb' on input line 1368.
Package xcolor Info: Model `Hsb' substituted by `hsb' on input line 1369.
Package xcolor Info: Model `tHsb' substituted by `hsb' on input line 1370.
Package xcolor Info: Model `HSB' substituted by `hsb' on input line 1371.
Package xcolor Info: Model `Gray' substituted by `gray' on input line 1372.
Package xcolor Info: Model `wave' substituted by `hsb' on input line 1373.
)
(/usr/share/texlive/texmf-dist/tex/latex/pgf/frontendlayer/tikz.sty
(/usr/share/texlive/texmf-dist/tex/latex/pgf/basiclayer/pgf.sty
(/usr/share/texlive/texmf-dist/tex/latex/pgf/utilities/pgfrcs.sty
(/usr/share/texlive/texmf-dist/tex/generic/pgf/utilities/pgfutil-common.tex
\pgfutil@everybye=\toks26
\pgfutil@tempdima=\dimen160
\pgfutil@tempdimb=\dimen161
)
(/usr/share/texlive/texmf-dist/tex/generic/pgf/utilities/pgfutil-latex.def
\pgfutil@abb=\box55
)
(/usr/share/texlive/texmf-dist/tex/generic/pgf/utilities/pgfrcs.code.tex
(/usr/share/texlive/texmf-dist/tex/generic/pgf/pgf.revision.tex)
Package: pgfrcs 2023-01-15 v3.1.10 (3.1.10)
))
Package: pgf 2023-01-15 v3.1.10 (3.1.10)

(/usr/share/texlive/texmf-dist/tex/latex/pgf/basiclayer/pgfcore.sty
(/usr/share/texlive/texmf-dist/tex/latex/pgf/systemlayer/pgfsys.sty
(/usr/share/texlive/texmf-dist/tex/generic/pgf/systemlayer/pgfsys.code.tex
Package: pgfsys 2023-01-15 v3.1.10 (3.1.10)

(/usr/share/texlive/texmf-dist/tex/generic/pgf/utilities/pgfkeys.code.tex
\pgfkeys@pathtoks=\toks27
\pgfkeys@temptoks=\toks28

(/usr/share/texlive/texmf-dist/tex/generic/pgf/utilities/pgfkeyslibraryfiltered
.code.tex
\pgfkeys@tmptoks=\toks29
))
\pgf@x=\dimen162
\pgf@y=\dimen163
\pgf@xa=\dimen164
\pgf@ya=\dimen165
\pgf@xb=\dimen166
\pgf@yb=\dimen167
\pgf@xc=\dimen168
\pgf@yc=\dimen169
\pgf@xd=\dimen170
\pgf@yd=\dimen171
\w@pgf@writea=\write3
\r@pgf@reada=\read2
\c@pgf@counta=\count293
\c@pgf@countb=\count294
\c@pgf@countc=\count295
\c@pgf@countd=\count296
\t@pgf@toka=\toks30
\t@pgf@tokb=\toks31
\t@pgf@tokc=\toks32
\pgf@sys@id@count=\count297
 (/usr/share/texlive/texmf-dist/tex/generic/pgf/systemlayer/pgf.cfg
File: pgf.cfg 2023-01-15 v3.1.10 (3.1.10)
)
Driver file for pgf: pgfsys-pdftex.def
(/usr/share/texlive/texmf-dist/tex/generic/pgf/systemlayer/pgfsys-pdftex.def
File: pgfsys-pdftex.def 2023-01-15 v3.1.10 (3.1.10)

(/usr/share/texlive/texmf-dist/tex/generic/pgf/systemlayer/pgfsys-common-pdf.de
f
File: pgfsys-common-pdf.def 2023-01-15 v3.1.10 (3.1.10)
)))
(/usr/share/texlive/texmf-dist/tex/generic/pgf/systemlayer/pgfsyssoftpath.code.
tex
File: pgfsyssoftpath.code.tex 2023-01-15 v3.1.10 (3.1.10)
\pgfsyssoftpath@smallbuffer@items=\count298
\pgfsyssoftpath@bigbuffer@items=\count299
)
(/usr/share/texlive/texmf-dist/tex/generic/pgf/systemlayer/pgfsysprotocol.code.
tex
File: pgfsysprotocol.code.tex 2023-01-15 v3.1.10 (3.1.10)
))
(/usr/share/texlive/texmf-dist/tex/generic/pgf/basiclayer/pgfcore.code.tex
Package: pgfcore 2023-01-15 v3.1.10 (3.1.10)

(/usr/share/texlive/texmf-dist/tex/generic/pgf/math/pgfmath.code.tex
(/usr/share/texlive/texmf-dist/tex/generic/pgf/math/pgfmathutil.code.tex)
(/usr/share/texlive/texmf-dist/tex/generic/pgf/math/pgfmathparser.code.tex
\pgfmath@dimen=\dimen172
\pgfmath@count=\count300
\pgfmath@box=\box56
\pgfmath@toks=\toks33
\pgfmath@stack@operand=\toks34
\pgfmath@stack@operation=\toks35
)
(/usr/share/texlive/texmf-dist/tex/generic/pgf/math/pgfmathfunctions.code.tex)
(/usr/share/texlive/texmf-dist/tex/generic/pgf/math/pgfmathfunctions.basic.code
.tex)
(/usr/share/texlive/texmf-dist/tex/generic/pgf/math/pgfmathfunctions.trigonomet
ric.code.tex)
(/usr/share/texlive/texmf-dist/tex/generic/pgf/math/pgfmathfunctions.random.cod
e.tex)
(/usr/share/texlive/texmf-dist/tex/generic/pgf/math/pgfmathfunctions.comparison
.code.tex)
(/usr/share/texlive/texmf-dist/tex/generic/pgf/math/pgfmathfunctions.base.code.
tex)
(/usr/share/texlive/texmf-dist/tex/generic/pgf/math/pgfmathfunctions.round.code
.tex)
(/usr/share/texlive/texmf-dist/tex/generic/pgf/math/pgfmathfunctions.misc.code.
tex)
(/usr/share/texlive/texmf-dist/tex/generic/pgf/math/pgfmathfunctions.integerari
thmetics.code.tex)
(/usr/share/texlive/texmf-dist/tex/generic/pgf/math/pgfmathcalc.code.tex)
(/usr/share/texlive/texmf-dist/tex/generic/pgf/math/pgfmathfloat.code.tex
\c@pgfmathroundto@lastzeros=\count301
))
(/usr/share/texlive/texmf-dist/tex/generic/pgf/math/pgfint.code.tex)
(/usr/share/texlive/texmf-dist/tex/generic/pgf/basiclayer/pgfcorepoints.code.te
x
File: pgfcorepoints.code.tex 2023-01-15 v3.1.10 (3.1.10)
\pgf@picminx=\dimen173
\pgf@picmaxx=\dimen174
\pgf@picminy=\dimen175
\pgf@picmaxy=\dimen176
\pgf@pathminx=\dimen177
\pgf@pathmaxx=\dimen178
\pgf@pathminy=\dimen179
\pgf@pathmaxy=\dimen180
\pgf@xx=\dimen181
\pgf@xy=\dimen182
\pgf@yx=\dimen183
\pgf@yy=\dimen184
\pgf@zx=\dimen185
\pgf@zy=\dimen186
)
(/usr/share/texlive/texmf-dist/tex/generic/pgf/basiclayer/pgfcorepathconstruct.
code.tex
File: pgfcorepathconstruct.code.tex 2023-01-15 v3.1.10 (3.1.10)
\pgf@path@lastx=\dimen187
\pgf@path@lasty=\dimen188
)
(/usr/share/texlive/texmf-dist/tex/generic/pgf/basiclayer/pgfcorepathusage.code
.tex
File: pgfcorepathusage.code.tex 2023-01-15 v3.1.10 (3.1.10)
\pgf@shorten@end@additional=\dimen189
\pgf@shorten@start@additional=\dimen190
)
(/usr/share/texlive/texmf-dist/tex/generic/pgf/basiclayer/pgfcorescopes.code.te
x
File: pgfcorescopes.code.tex 2023-01-15 v3.1.10 (3.1.10)
\pgfpic=\box57
\pgf@hbox=\box58
\pgf@layerbox@main=\box59
\pgf@picture@serial@count=\count302
)
(/usr/share/texlive/texmf-dist/tex/generic/pgf/basiclayer/pgfcoregraphicstate.c
ode.tex
File: pgfcoregraphicstate.code.tex 2023-01-15 v3.1.10 (3.1.10)
\pgflinewidth=\dimen191
)
(/usr/share/texlive/texmf-dist/tex/generic/pgf/basiclayer/pgfcoretransformation
s.code.tex
File: pgfcoretransformations.code.tex 2023-01-15 v3.1.10 (3.1.10)
\pgf@pt@x=\dimen192
\pgf@pt@y=\dimen193
\pgf@pt@temp=\dimen194
)
(/usr/share/texlive/texmf-dist/tex/generic/pgf/basiclayer/pgfcorequick.code.tex
File: pgfcorequick.code.tex 2023-01-15 v3.1.10 (3.1.10)
)
(/usr/share/texlive/texmf-dist/tex/generic/pgf/basiclayer/pgfcoreobjects.code.t
ex
File: pgfcoreobjects.code.tex 2023-01-15 v3.1.10 (3.1.10)
)
(/usr/share/texlive/texmf-dist/tex/generic/pgf/basiclayer/pgfcorepathprocessing
.code.tex
File: pgfcorepathprocessing.code.tex 2023-01-15 v3.1.10 (3.1.10)
)
(/usr/share/texlive/texmf-dist/tex/generic/pgf/basiclayer/pgfcorearrows.code.te
x
File: pgfcorearrows.code.tex 2023-01-15 v3.1.10 (3.1.10)
\pgfarrowsep=\dimen195
)
(/usr/share/texlive/texmf-dist/tex/generic/pgf/basiclayer/pgfcoreshade.code.tex
File: pgfcoreshade.code.tex 2023-01-15 v3.1.10 (3.1.10)
\pgf@max=\dimen196
\pgf@sys@shading@range@num=\count303
\pgf@shadingcount=\count304
)
(/usr/share/texlive/texmf-dist/tex/generic/pgf/basiclayer/pgfcoreimage.code.tex
File: pgfcoreimage.code.tex 2023-01-15 v3.1.10 (3.1.10)
)
(/usr/share/texlive/texmf-dist/tex/generic/pgf/basiclayer/pgfcoreexternal.code.
tex
File: pgfcoreexternal.code.tex 2023-01-15 v3.1.10 (3.1.10)
\pgfexternal@startupbox=\box60
)
(/usr/share/texlive/texmf-dist/tex/generic/pgf/basiclayer/pgfcorelayers.code.te
x
File: pgfcorelayers.code.tex 2023-01-15 v3.1.10 (3.1.10)
)
(/usr/share/texlive/texmf-dist/tex/generic/pgf/basiclayer/pgfcoretransparency.c
ode.tex
File: pgfcoretransparency.code.tex 2023-01-15 v3.1.10 (3.1.10)
)
(/usr/share/texlive/texmf-dist/tex/generic/pgf/basiclayer/pgfcorepatterns.code.
tex
File: pgfcorepatterns.code.tex 2023-01-15 v3.1.10 (3.1.10)
)
(/usr/share/texlive/texmf-dist/tex/generic/pgf/basiclayer/pgfcorerdf.code.tex
File: pgfcorerdf.code.tex 2023-01-15 v3.1.10 (3.1.10)
)))
(/usr/share/texlive/texmf-dist/tex/generic/pgf/modules/pgfmoduleshapes.code.tex
File: pgfmoduleshapes.code.tex 2023-01-15 v3.1.10 (3.1.10)
\pgfnodeparttextbox=\box61
) (/usr/share/texlive/texmf-dist/tex/generic/pgf/modules/pgfmoduleplot.code.tex
File: pgfmoduleplot.code.tex 2023-01-15 v3.1.10 (3.1.10)
)
(/usr/share/texlive/texmf-dist/tex/latex/pgf/compatibility/pgfcomp-version-0-65
.sty
Package: pgfcomp-version-0-65 2023-01-15 v3.1.10 (3.1.10)
\pgf@nodesepstart=\dimen197
\pgf@nodesepend=\dimen198
)
(/usr/share/texlive/texmf-dist/tex/latex/pgf/compatibility/pgfcomp-version-1-18
.sty
Package: pgfcomp-version-1-18 2023-01-15 v3.1.10 (3.1.10)
)) (/usr/share/texlive/texmf-dist/tex/latex/pgf/utilities/pgffor.sty
(/usr/share/texlive/texmf-dist/tex/latex/pgf/utilities/pgfkeys.sty
(/usr/share/texlive/texmf-dist/tex/generic/pgf/utilities/pgfkeys.code.tex))
(/usr/share/texlive/texmf-dist/tex/latex/pgf/math/pgfmath.sty
(/usr/share/texlive/texmf-dist/tex/generic/pgf/math/pgfmath.code.tex))
(/usr/share/texlive/texmf-dist/tex/generic/pgf/utilities/pgffor.code.tex
Package: pgffor 2023-01-15 v3.1.10 (3.1.10)
\pgffor@iter=\dimen199
\pgffor@skip=\dimen256
\pgffor@stack=\toks36
\pgffor@toks=\toks37
))
(/usr/share/texlive/texmf-dist/tex/generic/pgf/frontendlayer/tikz/tikz.code.tex
Package: tikz 2023-01-15 v3.1.10 (3.1.10)

(/usr/share/texlive/texmf-dist/tex/generic/pgf/libraries/pgflibraryplothandlers
.code.tex
File: pgflibraryplothandlers.code.tex 2023-01-15 v3.1.10 (3.1.10)
\pgf@plot@mark@count=\count305
\pgfplotmarksize=\dimen257
)
\tikz@lastx=\dimen258
\tikz@lasty=\dimen259
\tikz@lastxsaved=\dimen260
\tikz@lastysaved=\dimen261
\tikz@lastmovetox=\dimen262
\tikz@lastmovetoy=\dimen263
\tikzleveldistance=\dimen264
\tikzsiblingdistance=\dimen265
\tikz@figbox=\box62
\tikz@figbox@bg=\box63
\tikz@tempbox=\box64
\tikz@tempbox@bg=\box65
\tikztreelevel=\count306
\tikznumberofchildren=\count307
\tikznumberofcurrentchild=\count308
\tikz@fig@count=\count309

(/usr/share/texlive/texmf-dist/tex/generic/pgf/modules/pgfmodulematrix.code.tex
File: pgfmodulematrix.code.tex 2023-01-15 v3.1.10 (3.1.10)
\pgfmatrixcurrentrow=\count310
\pgfmatrixcurrentcolumn=\count311
\pgf@matrix@numberofcolumns=\count312
)
\tikz@expandcount=\count313

(/usr/share/texlive/texmf-dist/tex/generic/pgf/frontendlayer/tikz/libraries/tik
zlibrarytopaths.code.tex
File: tikzlibrarytopaths.code.tex 2023-01-15 v3.1.10 (3.1.10)
)))
(/usr/share/texlive/texmf-dist/tex/latex/float/float.sty
Package: float 2001/11/08 v1.3d Float enhancements (AL)
\c@float@type=\count314
\float@exts=\toks38
\float@box=\box66
\@float@everytoks=\toks39
\@floatcapt=\box67
)
(/usr/share/texlive/texmf-dist/tex/latex/booktabs/booktabs.sty
Package: booktabs 2020/01/12 v1.61803398 Publication quality tables
\heavyrulewidth=\dimen266
\lightrulewidth=\dimen267
\cmidrulewidth=\dimen268
\belowrulesep=\dimen269
\belowbottomsep=\dimen270
\aboverulesep=\dimen271
\abovetopsep=\dimen272
\cmidrulesep=\dimen273
\cmidrulekern=\dimen274
\defaultaddspace=\dimen275
\@cmidla=\count315
\@cmidlb=\count316
\@aboverulesep=\dimen276
\@belowrulesep=\dimen277
\@thisruleclass=\count317
\@lastruleclass=\count318
\@thisrulewidth=\dimen278
)
(/usr/share/texlive/texmf-dist/tex/latex/geometry/geometry.sty
Package: geometry 2020/01/02 v5.9 Page Geometry

(/usr/share/texlive/texmf-dist/tex/generic/iftex/ifvtex.sty
Package: ifvtex 2019/10/25 v1.7 ifvtex legacy package. Use iftex instead.
)
\Gm@cnth=\count319
\Gm@cntv=\count320
\c@Gm@tempcnt=\count321
\Gm@bindingoffset=\dimen279
\Gm@wd@mp=\dimen280
\Gm@odd@mp=\dimen281
\Gm@even@mp=\dimen282
\Gm@layoutwidth=\dimen283
\Gm@layoutheight=\dimen284
\Gm@layouthoffset=\dimen285
\Gm@layoutvoffset=\dimen286
\Gm@dimlist=\toks40
)
(/usr/share/texlive/texmf-dist/tex/latex/fancyhdr/fancyhdr.sty
Package: fancyhdr 2022/11/09 v4.1 Extensive control of page headers and footers

\f@nch@headwidth=\skip54
\f@nch@O@elh=\skip55
\f@nch@O@erh=\skip56
\f@nch@O@olh=\skip57
\f@nch@O@orh=\skip58
\f@nch@O@elf=\skip59
\f@nch@O@erf=\skip60
\f@nch@O@olf=\skip61
\f@nch@O@orf=\skip62
)
(/usr/share/texlive/texmf-dist/tex/latex/l3backend/l3backend-pdftex.def
File: l3backend-pdftex.def 2024-01-04 L3 backend support: PDF output (pdfTeX)
\l__color_backend_stack_int=\count322
\l__pdf_internal_box=\box68
)
(./main.aux)
\openout1 = `main.aux'.

LaTeX Font Info:    Checking defaults for OML/cmm/m/it on input line 74.
LaTeX Font Info:    ... okay on input line 74.
LaTeX Font Info:    Checking defaults for OMS/cmsy/m/n on input line 74.
LaTeX Font Info:    ... okay on input line 74.
LaTeX Font Info:    Checking defaults for OT1/cmr/m/n on input line 74.
LaTeX Font Info:    ... okay on input line 74.
LaTeX Font Info:    Checking defaults for T1/cmr/m/n on input line 74.
LaTeX Font Info:    ... okay on input line 74.
LaTeX Font Info:    Checking defaults for TS1/cmr/m/n on input line 74.
LaTeX Font Info:    ... okay on input line 74.
LaTeX Font Info:    Checking defaults for OMX/cmex/m/n on input line 74.
LaTeX Font Info:    ... okay on input line 74.
LaTeX Font Info:    Checking defaults for U/cmr/m/n on input line 74.
LaTeX Font Info:    ... okay on input line 74.
LaTeX Font Info:    Checking defaults for PD1/pdf/m/n on input line 74.
LaTeX Font Info:    ... okay on input line 74.
LaTeX Font Info:    Checking defaults for PU/pdf/m/n on input line 74.
LaTeX Font Info:    ... okay on input line 74.
 (/usr/share/texlive/texmf-dist/tex/context/base/mkii/supp-pdf.mkii
[Loading MPS to PDF converter (version 2006.09.02).]
\scratchcounter=\count323
\scratchdimen=\dimen287
\scratchbox=\box69
\nofMPsegments=\count324
\nofMParguments=\count325
\everyMPshowfont=\toks41
\MPscratchCnt=\count326
\MPscratchDim=\dimen288
\MPnumerator=\count327
\makeMPintoPDFobject=\count328
\everyMPtoPDFconversion=\toks42
) (/usr/share/texlive/texmf-dist/tex/latex/epstopdf-pkg/epstopdf-base.sty
Package: epstopdf-base 2020-01-24 v2.11 Base part for package epstopdf
Package epstopdf-base Info: Redefining graphics rule for `.eps' on input line 4
85.

(/usr/share/texlive/texmf-dist/tex/latex/latexconfig/epstopdf-sys.cfg
File: epstopdf-sys.cfg 2010/07/13 v1.3 Configuration of (r)epstopdf for TeX Liv
e
))
Package hyperref Info: Link coloring OFF on input line 74.

(./main.out) (./main.out)
\@outlinefile=\write4
\openout4 = `main.out'.

\c@lstlisting=\count329

*geometry* driver: auto-detecting
*geometry* detected driver: pdftex
*geometry* verbose mode - [ preamble ] result:
* driver: pdftex
* paper: a4paper
* layout: <same size as paper>
* layoutoffset:(h,v)=(0.0pt,0.0pt)
* modes: 
* h-part:(L,W,R)=(72.26999pt, 452.9679pt, 72.26999pt)
* v-part:(T,H,B)=(72.26999pt, 700.50687pt, 72.26999pt)
* \paperwidth=597.50787pt
* \paperheight=845.04684pt
* \textwidth=452.9679pt
* \textheight=700.50687pt
* \oddsidemargin=0.0pt
* \evensidemargin=0.0pt
* \topmargin=-37.0pt
* \headheight=12.0pt
* \headsep=25.0pt
* \topskip=10.0pt
* \footskip=30.0pt
* \marginparwidth=65.0pt
* \marginparsep=11.0pt
* \columnsep=10.0pt
* \skip\footins=9.0pt plus 4.0pt minus 2.0pt
* \hoffset=0.0pt
* \voffset=0.0pt
* \mag=1000
* \@twocolumnfalse
* \@twosidefalse
* \@mparswitchfalse
* \@reversemarginfalse
* (1in=72.27pt=25.4mm, 1cm=28.453pt)

LaTeX Font Info:    Trying to load font information for U+msa on input line 77.

(/usr/share/texlive/texmf-dist/tex/latex/amsfonts/umsa.fd
File: umsa.fd 2013/01/14 v3.01 AMS symbols A
)
LaTeX Font Info:    Trying to load font information for U+msb on input line 77.


(/usr/share/texlive/texmf-dist/tex/latex/amsfonts/umsb.fd
File: umsb.fd 2013/01/14 v3.01 AMS symbols B
) (./main.toc [1

{/var/lib/texmf/fonts/map/pdftex/updmap/pdftex.map}] [2] [3] [4])
\tf@toc=\write5
\openout5 = `main.toc'.

 [5]
(./include/introduction.tex [6{/usr/share/texmf/fonts/enc/dvips/cm-super/cm-sup
er-ts1.enc}]) (./include/mathematical_formulation.tex [7] [8] [9] [10])
(./include/implementation.tex [11] [12] [13]) (./include/api_reference.tex
[14] (/usr/share/texlive/texmf-dist/tex/latex/listings/lstlang1.sty
File: lstlang1.sty 2023/02/27 1.9 listings language file
) [15]
[16] [17] [18]) (./include/usage_examples.tex [19] [20] [21] [22]
LaTeX Font Info:    Trying to load font information for TS1+cmtt on input line 
237.

(/usr/share/texlive/texmf-dist/tex/latex/base/ts1cmtt.fd
File: ts1cmtt.fd 2023/04/13 v2.5m Standard LaTeX font definitions
)
(/usr/share/texlive/texmf-dist/tex/latex/listings/lstlang1.sty
File: lstlang1.sty 2023/02/27 1.9 listings language file
)
(/usr/share/texlive/texmf-dist/tex/latex/listings/lstlang1.sty
File: lstlang1.sty 2023/02/27 1.9 listings language file
) [23] [24]
[25] [26]) (./include/visualization_new.tex [27]
<figures/orthogonal_3d.png, id=1841, 867.24pt x 722.7pt>
File: figures/orthogonal_3d.png Graphic file (type png)
<use figures/orthogonal_3d.png>
Package pdftex.def Info: figures/orthogonal_3d.png  used on input line 23.
(pdftex.def)             Requested size: 362.37569pt x 301.97705pt.
 [28
pdfTeX warning (ext4): destination with the same identifier (name{figure.1}) ha
s been already used, duplicate ignored
<argument> ...shipout:D \box_use:N \l_shipout_box 
                                                  \__shipout_drop_firstpage_...
l.37 \end{itemize}
                   <./figures/orthogonal_3d.png>]
<figures/orthogonal_xy.png, id=1849, 722.7pt x 722.7pt>
File: figures/orthogonal_xy.png Graphic file (type png)
<use figures/orthogonal_xy.png>
Package pdftex.def Info: figures/orthogonal_xy.png  used on input line 54.
(pdftex.def)             Requested size: 203.83417pt x 203.8323pt.
<figures/orthogonal_xz.png, id=1850, 722.7pt x 722.7pt>
File: figures/orthogonal_xz.png Graphic file (type png)
<use figures/orthogonal_xz.png>
Package pdftex.def Info: figures/orthogonal_xz.png  used on input line 55.
(pdftex.def)             Requested size: 203.83417pt x 203.8323pt.
<figures/orthogonal_yz.png, id=1851, 722.7pt x 722.7pt>
File: figures/orthogonal_yz.png Graphic file (type png)
<use figures/orthogonal_yz.png>
Package pdftex.def Info: figures/orthogonal_yz.png  used on input line 56.
(pdftex.def)             Requested size: 203.83417pt x 203.8323pt.
<figures/orthogonal_r0.png, id=1852, 722.7pt x 722.7pt>
File: figures/orthogonal_r0.png Graphic file (type png)
<use figures/orthogonal_r0.png>
Package pdftex.def Info: figures/orthogonal_r0.png  used on input line 57.
(pdftex.def)             Requested size: 203.83417pt x 203.8323pt.
 [29
pdfTeX warning (ext4): destination with the same identifier (name{figure.2}) ha
s been already used, duplicate ignored
<argument> ...shipout:D \box_use:N \l_shipout_box 
                                                  \__shipout_drop_firstpage_...
l.67     \item I
                n 3D visualization, the endpoints are shown as colored dots. <.
/figures/orthogonal_xy.png> <./figures/orthogonal_xz.png> <./figures/orthogonal
_yz.png> <./figures/orthogonal_r0.png>]
<figures/circle_3d.png, id=1862, 867.24pt x 722.7pt>
File: figures/circle_3d.png Graphic file (type png)
<use figures/circle_3d.png>
Package pdftex.def Info: figures/circle_3d.png  used on input line 76.
(pdftex.def)             Requested size: 362.37569pt x 301.97705pt.
 [30
pdfTeX warning (ext4): destination with the same identifier (name{figure.3}) ha
s been already used, duplicate ignored
<argument> ...shipout:D \box_use:N \l_shipout_box 
                                                  \__shipout_drop_firstpage_...
l.100     \item \texttt
                       {example\_circle\_xy.py}: Creates a traditional circl...
 <./figures/circle_3d.png>]
<figures/circle_xy.png, id=1869, 722.7pt x 722.7pt>
File: figures/circle_xy.png Graphic file (type png)
<use figures/circle_xy.png>
Package pdftex.def Info: figures/circle_xy.png  used on input line 110.
(pdftex.def)             Requested size: 217.42265pt x 217.41818pt.
<figures/xy_circle.png, id=1870, 722.7pt x 722.7pt>
File: figures/xy_circle.png Graphic file (type png)
<use figures/xy_circle.png>
Package pdftex.def Info: figures/xy_circle.png  used on input line 116.
(pdftex.def)             Requested size: 217.42265pt x 217.41818pt.
<figures/3d_xy_circle.png, id=1871, 867.24pt x 722.7pt>
File: figures/3d_xy_circle.png Graphic file (type png)
<use figures/3d_xy_circle.png>
Package pdftex.def Info: figures/3d_xy_circle.png  used on input line 124.
(pdftex.def)             Requested size: 362.37569pt x 301.97705pt.
 [31
pdfTeX warning (ext4): destination with the same identifier (name{figure.4}) ha
s been already used, duplicate ignored
<argument> ...shipout:D \box_use:N \l_shipout_box 
                                                  \__shipout_drop_firstpage_...
l.128 
      
pdfTeX warning (ext4): destination with the same identifier (name{figure.5}) ha
s been already used, duplicate ignored
<argument> ...shipout:D \box_use:N \l_shipout_box 
                                                  \__shipout_drop_firstpage_...
l.128 
       <./figures/circle_xy.png> <./figures/xy_circle.png>])
(./include/configuration.tex [32
pdfTeX warning (ext4): destination with the same identifier (name{figure.6}) ha
s been already used, duplicate ignored
<argument> ...shipout:D \box_use:N \l_shipout_box 
                                                  \__shipout_drop_firstpage_...
l.1 \newpage
             <./figures/3d_xy_circle.png>] [33] [34])
(./include/command_line.tex [35]
Overfull \hbox (49.38306pt too wide) in paragraph at lines 37--38
[]\OT1/cmtt/m/n/10 -a VALUE\OT1/cmr/m/n/10 , \OT1/cmtt/m/n/10 --angle VALUE\OT1
/cmr/m/n/10 , \OT1/cmtt/m/n/10 --theta VALUE\OT1/cmr/m/n/10 : Sets the an-gle p
a-ram-e-ter in ra-di-ans. De-fault: 0.7853981633974483
 []

[36] [37] [38] [39] [40]) (./include/example_results.tex [41]
File: figures/circle_3d.png Graphic file (type png)
<use figures/circle_3d.png>
Package pdftex.def Info: figures/circle_3d.png  used on input line 25.
(pdftex.def)             Requested size: 362.37569pt x 301.97705pt.
File: figures/circle_xy.png Graphic file (type png)
<use figures/circle_xy.png>
Package pdftex.def Info: figures/circle_xy.png  used on input line 34.
(pdftex.def)             Requested size: 203.83417pt x 203.8323pt.
<figures/circle_xz.png, id=2078, 722.7pt x 722.7pt>
File: figures/circle_xz.png Graphic file (type png)
<use figures/circle_xz.png>
Package pdftex.def Info: figures/circle_xz.png  used on input line 35.
(pdftex.def)             Requested size: 203.83417pt x 203.8323pt.
<figures/circle_yz.png, id=2079, 722.7pt x 722.7pt>
File: figures/circle_yz.png Graphic file (type png)
<use figures/circle_yz.png>
Package pdftex.def Info: figures/circle_yz.png  used on input line 36.
(pdftex.def)             Requested size: 203.83417pt x 203.8323pt.
<figures/circle_r0.png, id=2080, 722.7pt x 722.7pt>
File: figures/circle_r0.png Graphic file (type png)
<use figures/circle_r0.png>
Package pdftex.def Info: figures/circle_r0.png  used on input line 37.
(pdftex.def)             Requested size: 203.83417pt x 203.8323pt.
 [42
pdfTeX warning (ext4): destination with the same identifier (name{figure.7}) ha
s been already used, duplicate ignored
<argument> ...shipout:D \box_use:N \l_shipout_box 
                                                  \__shipout_drop_firstpage_...
l.41 
     ] [43
pdfTeX warning (ext4): destination with the same identifier (name{figure.8}) ha
s been already used, duplicate ignored
<argument> ...shipout:D \box_use:N \l_shipout_box 
                                                  \__shipout_drop_firstpage_...
l.65 
      <./figures/circle_xz.png> <./figures/circle_yz.png> <./figures/circle_r0.
png>]
<figures/../../../circle_plots/circle_3d.png, id=2100, 867.24pt x 722.7pt>
File: figures/../../../circle_plots/circle_3d.png Graphic file (type png)
<use figures/../../../circle_plots/circle_3d.png>
Package pdftex.def Info: figures/../../../circle_plots/circle_3d.png  used on i
nput line 76.
(pdftex.def)             Requested size: 362.37569pt x 301.97705pt.
<figures/../../../circle_plots/circle_xy.png, id=2101, 722.7pt x 722.7pt>
File: figures/../../../circle_plots/circle_xy.png Graphic file (type png)
<use figures/../../../circle_plots/circle_xy.png>
Package pdftex.def Info: figures/../../../circle_plots/circle_xy.png  used on i
nput line 85.
(pdftex.def)             Requested size: 217.42265pt x 217.41818pt.
<figures/../../../circle_plots/circle_xz.png, id=2102, 722.7pt x 722.7pt>
File: figures/../../../circle_plots/circle_xz.png Graphic file (type png)
<use figures/../../../circle_plots/circle_xz.png>
Package pdftex.def Info: figures/../../../circle_plots/circle_xz.png  used on i
nput line 91.
(pdftex.def)             Requested size: 217.42265pt x 217.41818pt.
 [44
pdfTeX warning (ext4): destination with the same identifier (name{figure.9}) ha
s been already used, duplicate ignored
<argument> ...shipout:D \box_use:N \l_shipout_box 
                                                  \__shipout_drop_firstpage_...
l.96 
      <./figures/../../../circle_plots/circle_3d.png>]
<figures/../../../circle_plots/circle_yz.png, id=2111, 722.7pt x 722.7pt>
File: figures/../../../circle_plots/circle_yz.png Graphic file (type png)
<use figures/../../../circle_plots/circle_yz.png>
Package pdftex.def Info: figures/../../../circle_plots/circle_yz.png  used on i
nput line 101.
(pdftex.def)             Requested size: 217.42265pt x 217.41818pt.
<figures/../../../circle_plots/circle_r0.png, id=2112, 722.7pt x 722.7pt>
File: figures/../../../circle_plots/circle_r0.png Graphic file (type png)
<use figures/../../../circle_plots/circle_r0.png>
Package pdftex.def Info: figures/../../../circle_plots/circle_r0.png  used on i
nput line 107.
(pdftex.def)             Requested size: 217.42265pt x 217.41818pt.
File: figures/xy_circle.png Graphic file (type png)
<use figures/xy_circle.png>
Package pdftex.def Info: figures/xy_circle.png  used on input line 123.
(pdftex.def)             Requested size: 362.37569pt x 362.37466pt.
 [45
pdfTeX warning (ext4): destination with the same identifier (name{figure.10}) h
as been already used, duplicate ignored
<argument> ...shipout:D \box_use:N \l_shipout_box 
                                                  \__shipout_drop_firstpage_...
l.127 
      
pdfTeX warning (ext4): destination with the same identifier (name{figure.11}) h
as been already used, duplicate ignored
<argument> ...shipout:D \box_use:N \l_shipout_box 
                                                  \__shipout_drop_firstpage_...
l.127 
      
pdfTeX warning (ext4): destination with the same identifier (name{figure.12}) h
as been already used, duplicate ignored
<argument> ...shipout:D \box_use:N \l_shipout_box 
                                                  \__shipout_drop_firstpage_...
l.127 
      
pdfTeX warning (ext4): destination with the same identifier (name{figure.13}) h
as been already used, duplicate ignored
<argument> ...shipout:D \box_use:N \l_shipout_box 
                                                  \__shipout_drop_firstpage_...
l.127 
       <./figures/../../../circle_plots/circle_xy.png> <./figures/../../../circ
le_plots/circle_xz.png> <./figures/../../../circle_plots/circle_yz.png> <./figu
res/../../../circle_plots/circle_r0.png>]
<figures/../../../circle_plots/3d_xy_circle.png, id=2128, 867.24pt x 722.7pt>
File: figures/../../../circle_plots/3d_xy_circle.png Graphic file (type png)
<use figures/../../../circle_plots/3d_xy_circle.png>
Package pdftex.def Info: figures/../../../circle_plots/3d_xy_circle.png  used o
n input line 130.
(pdftex.def)             Requested size: 362.37569pt x 301.97705pt.
 [46
pdfTeX warning (ext4): destination with the same identifier (name{figure.14}) h
as been already used, duplicate ignored
<argument> ...shipout:D \box_use:N \l_shipout_box 
                                                  \__shipout_drop_firstpage_...
l.134 
      ]
<figures/../../../circle_plots/orthogonal_3d.png, id=2134, 867.24pt x 722.7pt>
File: figures/../../../circle_plots/orthogonal_3d.png Graphic file (type png)
<use figures/../../../circle_plots/orthogonal_3d.png>
Package pdftex.def Info: figures/../../../circle_plots/orthogonal_3d.png  used 
on input line 145.
(pdftex.def)             Requested size: 362.37569pt x 301.97705pt.
 [47
pdfTeX warning (ext4): destination with the same identifier (name{figure.15}) h
as been already used, duplicate ignored
<argument> ...shipout:D \box_use:N \l_shipout_box 
                                                  \__shipout_drop_firstpage_...
l.149 
       <./figures/../../../circle_plots/3d_xy_circle.png>]
<figures/../../../circle_plots/orthogonal_xy.png, id=2143, 722.7pt x 722.7pt>
File: figures/../../../circle_plots/orthogonal_xy.png Graphic file (type png)
<use figures/../../../circle_plots/orthogonal_xy.png>
Package pdftex.def Info: figures/../../../circle_plots/orthogonal_xy.png  used 
on input line 154.
(pdftex.def)             Requested size: 217.42265pt x 217.41818pt.
<figures/../../../circle_plots/orthogonal_xz.png, id=2144, 722.7pt x 722.7pt>
File: figures/../../../circle_plots/orthogonal_xz.png Graphic file (type png)
<use figures/../../../circle_plots/orthogonal_xz.png>
Package pdftex.def Info: figures/../../../circle_plots/orthogonal_xz.png  used 
on input line 160.
(pdftex.def)             Requested size: 217.42265pt x 217.41818pt.
<figures/../../../circle_plots/orthogonal_yz.png, id=2145, 722.7pt x 722.7pt>
File: figures/../../../circle_plots/orthogonal_yz.png Graphic file (type png)
<use figures/../../../circle_plots/orthogonal_yz.png>
Package pdftex.def Info: figures/../../../circle_plots/orthogonal_yz.png  used 
on input line 170.
(pdftex.def)             Requested size: 217.42265pt x 217.41818pt.
<figures/../../../circle_plots/orthogonal_r0.png, id=2146, 722.7pt x 722.7pt>
File: figures/../../../circle_plots/orthogonal_r0.png Graphic file (type png)
<use figures/../../../circle_plots/orthogonal_r0.png>
Package pdftex.def Info: figures/../../../circle_plots/orthogonal_r0.png  used 
on input line 176.
(pdftex.def)             Requested size: 217.42265pt x 217.41818pt.
 [48
pdfTeX warning (ext4): destination with the same identifier (name{figure.16}) h
as been already used, duplicate ignored
<argument> ...shipout:D \box_use:N \l_shipout_box 
                                                  \__shipout_drop_firstpage_...
l.181 
      
pdfTeX warning (ext4): destination with the same identifier (name{figure.17}) h
as been already used, duplicate ignored
<argument> ...shipout:D \box_use:N \l_shipout_box 
                                                  \__shipout_drop_firstpage_...
l.181 
      
pdfTeX warning (ext4): destination with the same identifier (name{figure.18}) h
as been already used, duplicate ignored
<argument> ...shipout:D \box_use:N \l_shipout_box 
                                                  \__shipout_drop_firstpage_...
l.181 
       <./figures/../../../circle_plots/orthogonal_3d.png> <./figures/../../../
circle_plots/orthogonal_xy.png> <./figures/../../../circle_plots/orthogonal_xz.
png>]
<figures/../../../perfect_circle_output/perfect_circle_3d.png, id=2157, 459.396
3pt x 480.1137pt>
File: figures/../../../perfect_circle_output/perfect_circle_3d.png Graphic file
 (type png)
<use figures/../../../perfect_circle_output/perfect_circle_3d.png>
Package pdftex.def Info: figures/../../../perfect_circle_output/perfect_circle_
3d.png  used on input line 230.
(pdftex.def)             Requested size: 362.37569pt x 378.72888pt.
 [49
pdfTeX warning (ext4): destination with the same identifier (name{figure.19}) h
as been already used, duplicate ignored
<argument> ...shipout:D \box_use:N \l_shipout_box 
                                                  \__shipout_drop_firstpage_...
l.234 
      
pdfTeX warning (ext4): destination with the same identifier (name{figure.20}) h
as been already used, duplicate ignored
<argument> ...shipout:D \box_use:N \l_shipout_box 
                                                  \__shipout_drop_firstpage_...
l.234 
       <./figures/../../../circle_plots/orthogonal_yz.png> <./figures/../../../
circle_plots/orthogonal_r0.png>]
<figures/../../../perfect_circle_output/perfect_circle_projections.png, id=2168
, 775.698pt x 714.5094pt>
File: figures/../../../perfect_circle_output/perfect_circle_projections.png Gra
phic file (type png)
<use figures/../../../perfect_circle_output/perfect_circle_projections.png>
Package pdftex.def Info: figures/../../../perfect_circle_output/perfect_circle_
projections.png  used on input line 237.
(pdftex.def)             Requested size: 362.37569pt x 333.7916pt.
 [50
pdfTeX warning (ext4): destination with the same identifier (name{figure.21}) h
as been already used, duplicate ignored
<argument> ...shipout:D \box_use:N \l_shipout_box 
                                                  \__shipout_drop_firstpage_...
l.241 
       <./figures/../../../perfect_circle_output/perfect_circle_3d.png>]
<figures/../../../perfect_circle_output/perfect_circle_orthogonal_plane.png, id
=2175, 514.3215pt x 505.89pt>
File: figures/../../../perfect_circle_output/perfect_circle_orthogonal_plane.pn
g Graphic file (type png)
<use figures/../../../perfect_circle_output/perfect_circle_orthogonal_plane.png
>
Package pdftex.def Info: figures/../../../perfect_circle_output/perfect_circle_
orthogonal_plane.png  used on input line 244.
(pdftex.def)             Requested size: 362.37569pt x 356.43634pt.

[51
pdfTeX warning (ext4): destination with the same identifier (name{figure.22}) h
as been already used, duplicate ignored
<argument> ...shipout:D \box_use:N \l_shipout_box 
                                                  \__shipout_drop_firstpage_...
l.248 
       <./figures/../../../perfect_circle_output/perfect_circle_projections.png
>]
<figures/orthogonality_test/orthogonality_test_3d.png, id=2182, 460.8417pt x 47
4.8139pt>
File: figures/orthogonality_test/orthogonality_test_3d.png Graphic file (type p
ng)
<use figures/orthogonality_test/orthogonality_test_3d.png>
Package pdftex.def Info: figures/orthogonality_test/orthogonality_test_3d.png  
used on input line 266.
(pdftex.def)             Requested size: 362.37569pt x 373.38179pt.
 [52
pdfTeX warning (ext4): destination with the same identifier (name{figure.23}) h
as been already used, duplicate ignored
<argument> ...shipout:D \box_use:N \l_shipout_box 
                                                  \__shipout_drop_firstpage_...
l.270 
       <./figures/../../../perfect_circle_output/perfect_circle_orthogonal_plan
e.png>]
<figures/orthogonality_test/orthogonality_test_2d.png, id=2189, 611.6451pt x 14
2.6128pt>
File: figures/orthogonality_test/orthogonality_test_2d.png Graphic file (type p
ng)
<use figures/orthogonality_test/orthogonality_test_2d.png>
Package pdftex.def Info: figures/orthogonality_test/orthogonality_test_2d.png  
used on input line 273.
(pdftex.def)             Requested size: 362.37569pt x 84.49333pt.
<figures/orthogonality_test/orthogonality_circle_3d.png, id=2190, 460.8417pt x 
474.8139pt>
File: figures/orthogonality_test/orthogonality_circle_3d.png Graphic file (type
 png)
<use figures/orthogonality_test/orthogonality_circle_3d.png>
Package pdftex.def Info: figures/orthogonality_test/orthogonality_circle_3d.png
  used on input line 284.
(pdftex.def)             Requested size: 362.37569pt x 373.38179pt.
 [53
pdfTeX warning (ext4): destination with the same identifier (name{figure.24}) h
as been already used, duplicate ignored
<argument> ...shipout:D \box_use:N \l_shipout_box 
                                                  \__shipout_drop_firstpage_...
l.288 
      
pdfTeX warning (ext4): destination with the same identifier (name{figure.25}) h
as been already used, duplicate ignored
<argument> ...shipout:D \box_use:N \l_shipout_box 
                                                  \__shipout_drop_firstpage_...
l.288 
       <./figures/orthogonality_test/orthogonality_test_3d.png> <./figures/orth
ogonality_test/orthogonality_test_2d.png>]
<figures/orthogonality_test/orthogonality_circle_2d.png, id=2199, 619.8357pt x 
324.7332pt>
File: figures/orthogonality_test/orthogonality_circle_2d.png Graphic file (type
 png)
<use figures/orthogonality_test/orthogonality_circle_2d.png>
Package pdftex.def Info: figures/orthogonality_test/orthogonality_circle_2d.png
  used on input line 291.
(pdftex.def)             Requested size: 362.37569pt x 189.85172pt.
<figures/orthogonality_test/orthogonal_circle_3d.png, id=2200, 460.8417pt x 474
.8139pt>
File: figures/orthogonality_test/orthogonal_circle_3d.png Graphic file (type pn
g)
<use figures/orthogonality_test/orthogonal_circle_3d.png>
Package pdftex.def Info: figures/orthogonality_test/orthogonal_circle_3d.png  u
sed on input line 302.
(pdftex.def)             Requested size: 362.37569pt x 373.38179pt.
 [54
pdfTeX warning (ext4): destination with the same identifier (name{figure.26}) h
as been already used, duplicate ignored
<argument> ...shipout:D \box_use:N \l_shipout_box 
                                                  \__shipout_drop_firstpage_...
l.306 
      
pdfTeX warning (ext4): destination with the same identifier (name{figure.27}) h
as been already used, duplicate ignored
<argument> ...shipout:D \box_use:N \l_shipout_box 
                                                  \__shipout_drop_firstpage_...
l.306 
       <./figures/orthogonality_test/orthogonality_circle_3d.png> <./figures/or
thogonality_test/orthogonality_circle_2d.png>]
<figures/orthogonality_test/orthogonal_circle_projections.png, id=2209, 860.013
pt x 714.5094pt>
File: figures/orthogonality_test/orthogonal_circle_projections.png Graphic file
 (type png)
<use figures/orthogonality_test/orthogonal_circle_projections.png>
Package pdftex.def Info: figures/orthogonality_test/orthogonal_circle_projectio
ns.png  used on input line 309.
(pdftex.def)             Requested size: 362.37569pt x 301.06223pt.
 [55
pdfTeX warning (ext4): destination with the same identifier (name{figure.28}) h
as been already used, duplicate ignored
<argument> ...shipout:D \box_use:N \l_shipout_box 
                                                  \__shipout_drop_firstpage_...
l.313 
       <./figures/orthogonality_test/orthogonal_circle_3d.png>] [56
pdfTeX warning (ext4): destination with the same identifier (name{figure.29}) h
as been already used, duplicate ignored
<argument> ...shipout:D \box_use:N \l_shipout_box 
                                                  \__shipout_drop_firstpage_...
l.344 
       <./figures/orthogonality_test/orthogonal_circle_projections.png>]
<figures/../../../perfect_circle_distance_range.png, id=2225, 570.933pt x 586.1
097pt>
File: figures/../../../perfect_circle_distance_range.png Graphic file (type png
)
<use figures/../../../perfect_circle_distance_range.png>
Package pdftex.def Info: figures/../../../perfect_circle_distance_range.png  us
ed on input line 351.
(pdftex.def)             Requested size: 362.37569pt x 372.02348pt.
<figures/../../../perfect_circle_distance_range_projections.png, id=2226, 907.4
703pt x 858.8085pt>
File: figures/../../../perfect_circle_distance_range_projections.png Graphic fi
le (type png)
<use figures/../../../perfect_circle_distance_range_projections.png>
Package pdftex.def Info: figures/../../../perfect_circle_distance_range_project
ions.png  used on input line 358.
(pdftex.def)             Requested size: 362.37569pt x 342.95383pt.

[57
pdfTeX warning (ext4): destination with the same identifier (name{figure.30}) h
as been already used, duplicate ignored
<argument> ...shipout:D \box_use:N \l_shipout_box 
                                                  \__shipout_drop_firstpage_...
l.362 
       <./figures/../../../perfect_circle_distance_range.png>] [58
pdfTeX warning (ext4): destination with the same identifier (name{figure.31}) h
as been already used, duplicate ignored
<argument> ...shipout:D \box_use:N \l_shipout_box 
                                                  \__shipout_drop_firstpage_...
l.381 
       <./figures/../../../perfect_circle_distance_range_projections.png>]
<figures/../../../perfect_circle_tests.png, id=2239, 722.7pt x 578.16pt>
File: figures/../../../perfect_circle_tests.png Graphic file (type png)
<use figures/../../../perfect_circle_tests.png>
Package pdftex.def Info: figures/../../../perfect_circle_tests.png  used on inp
ut line 430.
(pdftex.def)             Requested size: 362.37569pt x 289.89973pt.

[59
pdfTeX warning (ext4): destination with the same identifier (name{table.1}) has
 been already used, duplicate ignored
<argument> ...shipout:D \box_use:N \l_shipout_box 
                                                  \__shipout_drop_firstpage_...
l.434 
      
pdfTeX warning (ext4): destination with the same identifier (name{table.2}) has
 been already used, duplicate ignored
<argument> ...shipout:D \box_use:N \l_shipout_box 
                                                  \__shipout_drop_firstpage_...
l.434 
      ]) (./include/arrowhead.tex [60
pdfTeX warning (ext4): destination with the same identifier (name{figure.32}) h
as been already used, duplicate ignored
<argument> ...shipout:D \box_use:N \l_shipout_box 
                                                  \__shipout_drop_firstpage_...
l.1 \newpage
            \section{Arrowhead Matrix Visualization} <./figures/../../../perfec
t_circle_tests.png>]
<../example_use/arrowhead_matrix/results/plots/all_eigenvalues_2d.png, id=2253,
 723.6636pt x 505.89pt>
File: ../example_use/arrowhead_matrix/results/plots/all_eigenvalues_2d.png Grap
hic file (type png)
<use ../example_use/arrowhead_matrix/results/plots/all_eigenvalues_2d.png>
Package pdftex.def Info: ../example_use/arrowhead_matrix/results/plots/all_eige
nvalues_2d.png  used on input line 68.
(pdftex.def)             Requested size: 362.37569pt x 253.32262pt.
 [61]
<../example_use/arrowhead_matrix/results/plots/eigenvalue_0_2d.png, id=2272, 62
6.34pt x 394.5942pt>
File: ../example_use/arrowhead_matrix/results/plots/eigenvalue_0_2d.png Graphic
 file (type png)
<use ../example_use/arrowhead_matrix/results/plots/eigenvalue_0_2d.png>
Package pdftex.def Info: ../example_use/arrowhead_matrix/results/plots/eigenval
ue_0_2d.png  used on input line 77.
(pdftex.def)             Requested size: 362.37569pt x 228.30482pt.
<../example_use/arrowhead_matrix/results/plots/eigenvalue_1_2d.png, id=2273, 61
7.9085pt x 394.5942pt>
File: ../example_use/arrowhead_matrix/results/plots/eigenvalue_1_2d.png Graphic
 file (type png)
<use ../example_use/arrowhead_matrix/results/plots/eigenvalue_1_2d.png>
Package pdftex.def Info: ../example_use/arrowhead_matrix/results/plots/eigenval
ue_1_2d.png  used on input line 84.
(pdftex.def)             Requested size: 362.37569pt x 231.41167pt.
 [62
pdfTeX warning (ext4): destination with the same identifier (name{figure.33}) h
as been already used, duplicate ignored
<argument> ...shipout:D \box_use:N \l_shipout_box 
                                                  \__shipout_drop_firstpage_...
l.88 
     
pdfTeX warning (ext4): destination with the same identifier (name{figure.34}) h
as been already used, duplicate ignored
<argument> ...shipout:D \box_use:N \l_shipout_box 
                                                  \__shipout_drop_firstpage_...
l.88 
      <../example_use/arrowhead_matrix/results/plots/all_eigenvalues_2d.png> <.
./example_use/arrowhead_matrix/results/plots/eigenvalue_0_2d.png>]
<../example_use/arrowhead_matrix/results/plots/eigenvalue_2_2d.png, id=2283, 61
7.9085pt x 394.5942pt>
File: ../example_use/arrowhead_matrix/results/plots/eigenvalue_2_2d.png Graphic
 file (type png)
<use ../example_use/arrowhead_matrix/results/plots/eigenvalue_2_2d.png>
Package pdftex.def Info: ../example_use/arrowhead_matrix/results/plots/eigenval
ue_2_2d.png  used on input line 91.
(pdftex.def)             Requested size: 362.37569pt x 231.41167pt.
<../example_use/arrowhead_matrix/results/plots/eigenvalue_3_2d.png, id=2284, 61
1.6451pt x 394.5942pt>
File: ../example_use/arrowhead_matrix/results/plots/eigenvalue_3_2d.png Graphic
 file (type png)
<use ../example_use/arrowhead_matrix/results/plots/eigenvalue_3_2d.png>
Package pdftex.def Info: ../example_use/arrowhead_matrix/results/plots/eigenval
ue_3_2d.png  used on input line 98.
(pdftex.def)             Requested size: 362.37569pt x 233.78395pt.
 [63
pdfTeX warning (ext4): destination with the same identifier (name{figure.35}) h
as been already used, duplicate ignored
<argument> ...shipout:D \box_use:N \l_shipout_box 
                                                  \__shipout_drop_firstpage_...
l.102 
      
pdfTeX warning (ext4): destination with the same identifier (name{figure.36}) h
as been already used, duplicate ignored
<argument> ...shipout:D \box_use:N \l_shipout_box 
                                                  \__shipout_drop_firstpage_...
l.102 
       <../example_use/arrowhead_matrix/results/plots/eigenvalue_1_2d.png> <../
example_use/arrowhead_matrix/results/plots/eigenvalue_2_2d.png>]
<../example_use/arrowhead_matrix/results/plots/eigenvectors_no_labels.png, id=2
294, 744.6219pt x 659.3433pt>
File: ../example_use/arrowhead_matrix/results/plots/eigenvectors_no_labels.png 
Graphic file (type png)
<use ../example_use/arrowhead_matrix/results/plots/eigenvectors_no_labels.png>
Package pdftex.def Info: ../example_use/arrowhead_matrix/results/plots/eigenvec
tors_no_labels.png  used on input line 113.
(pdftex.def)             Requested size: 362.37569pt x 320.87773pt.
<../example_use/arrowhead_matrix/results/plots/eigenvector_0_no_labels.png, id=
2297, 543.4704pt x 476.982pt>
File: ../example_use/arrowhead_matrix/results/plots/eigenvector_0_no_labels.png
 Graphic file (type png)
<use ../example_use/arrowhead_matrix/results/plots/eigenvector_0_no_labels.png>

Package pdftex.def Info: ../example_use/arrowhead_matrix/results/plots/eigenvec
tor_0_no_labels.png  used on input line 126.
(pdftex.def)             Requested size: 362.37569pt x 318.04057pt.
 [64
pdfTeX warning (ext4): destination with the same identifier (name{figure.37}) h
as been already used, duplicate ignored
<argument> ...shipout:D \box_use:N \l_shipout_box 
                                                  \__shipout_drop_firstpage_...
l.129 \end{figure}
                  
pdfTeX warning (ext4): destination with the same identifier (name{figure.38}) h
as been already used, duplicate ignored
<argument> ...shipout:D \box_use:N \l_shipout_box 
                                                  \__shipout_drop_firstpage_...
l.129 \end{figure}
                   <../example_use/arrowhead_matrix/results/plots/eigenvalue_3_
2d.png> <../example_use/arrowhead_matrix/results/plots/eigenvectors_no_labels.p
ng>]
<../example_use/arrowhead_matrix/results/plots/eigenvector_1_no_labels.png, id=
2305, 543.4704pt x 483.7272pt>
File: ../example_use/arrowhead_matrix/results/plots/eigenvector_1_no_labels.png
 Graphic file (type png)
<use ../example_use/arrowhead_matrix/results/plots/eigenvector_1_no_labels.png>

Package pdftex.def Info: ../example_use/arrowhead_matrix/results/plots/eigenvec
tor_1_no_labels.png  used on input line 133.
(pdftex.def)             Requested size: 362.37569pt x 322.53813pt.
 [65
pdfTeX warning (ext4): destination with the same identifier (name{figure.39}) h
as been already used, duplicate ignored
<argument> ...shipout:D \box_use:N \l_shipout_box 
                                                  \__shipout_drop_firstpage_...
l.137 
       <../example_use/arrowhead_matrix/results/plots/eigenvector_0_no_labels.p
ng>]
<../example_use/arrowhead_matrix/results/plots/eigenvector_2_no_labels.png, id=
2313, 543.4704pt x 483.0045pt>
File: ../example_use/arrowhead_matrix/results/plots/eigenvector_2_no_labels.png
 Graphic file (type png)
<use ../example_use/arrowhead_matrix/results/plots/eigenvector_2_no_labels.png>

Package pdftex.def Info: ../example_use/arrowhead_matrix/results/plots/eigenvec
tor_2_no_labels.png  used on input line 140.
(pdftex.def)             Requested size: 362.37569pt x 322.05624pt.
 [66
pdfTeX warning (ext4): destination with the same identifier (name{figure.40}) h
as been already used, duplicate ignored
<argument> ...shipout:D \box_use:N \l_shipout_box 
                                                  \__shipout_drop_firstpage_...
l.144 
       <../example_use/arrowhead_matrix/results/plots/eigenvector_1_no_labels.p
ng>]
<../example_use/arrowhead_matrix/results/plots/eigenvector_3_no_labels.png, id=
2320, 543.4704pt x 482.5227pt>
File: ../example_use/arrowhead_matrix/results/plots/eigenvector_3_no_labels.png
 Graphic file (type png)
<use ../example_use/arrowhead_matrix/results/plots/eigenvector_3_no_labels.png>

Package pdftex.def Info: ../example_use/arrowhead_matrix/results/plots/eigenvec
tor_3_no_labels.png  used on input line 147.
(pdftex.def)             Requested size: 362.37569pt x 321.735pt.
 [67
pdfTeX warning (ext4): destination with the same identifier (name{figure.41}) h
as been already used, duplicate ignored
<argument> ...shipout:D \box_use:N \l_shipout_box 
                                                  \__shipout_drop_firstpage_...
l.151 
       <../example_use/arrowhead_matrix/results/plots/eigenvector_2_no_labels.p
ng>]
<../example_use/arrowhead_matrix/results/plots/r_vectors_3d.png, id=2329, 466.3
824pt x 474.8139pt>
File: ../example_use/arrowhead_matrix/results/plots/r_vectors_3d.png Graphic fi
le (type png)
<use ../example_use/arrowhead_matrix/results/plots/r_vectors_3d.png>
Package pdftex.def Info: ../example_use/arrowhead_matrix/results/plots/r_vector
s_3d.png  used on input line 158.
(pdftex.def)             Requested size: 362.37569pt x 368.92607pt.
 [68
pdfTeX warning (ext4): destination with the same identifier (name{figure.42}) h
as been already used, duplicate ignored
<argument> ...shipout:D \box_use:N \l_shipout_box 
                                                  \__shipout_drop_firstpage_...
l.162 
       <../example_use/arrowhead_matrix/results/plots/eigenvector_3_no_labels.p
ng>]) (./include/arrowhead_generalized.tex [69
pdfTeX warning (ext4): destination with the same identifier (name{figure.43}) h
as been already used, duplicate ignored
<argument> ...shipout:D \box_use:N \l_shipout_box 
                                                  \__shipout_drop_firstpage_...
l.2 \newpage
             <../example_use/arrowhead_matrix/results/plots/r_vectors_3d.png>]
[70] [71]
File: ../example_use/arrowhead_matrix/results/plots/all_eigenvalues_2d.png Grap
hic file (type png)
<use ../example_use/arrowhead_matrix/results/plots/all_eigenvalues_2d.png>
Package pdftex.def Info: ../example_use/arrowhead_matrix/results/plots/all_eige
nvalues_2d.png  used on input line 150.
(pdftex.def)             Requested size: 362.37569pt x 253.32262pt.
 [72]
File: ../example_use/arrowhead_matrix/results/plots/eigenvalue_0_2d.png Graphic
 file (type png)
<use ../example_use/arrowhead_matrix/results/plots/eigenvalue_0_2d.png>
Package pdftex.def Info: ../example_use/arrowhead_matrix/results/plots/eigenval
ue_0_2d.png  used on input line 159.
(pdftex.def)             Requested size: 362.37569pt x 228.30482pt.
File: ../example_use/arrowhead_matrix/results/plots/eigenvalue_1_2d.png Graphic
 file (type png)
<use ../example_use/arrowhead_matrix/results/plots/eigenvalue_1_2d.png>
Package pdftex.def Info: ../example_use/arrowhead_matrix/results/plots/eigenval
ue_1_2d.png  used on input line 166.
(pdftex.def)             Requested size: 362.37569pt x 231.41167pt.
 [73
pdfTeX warning (ext4): destination with the same identifier (name{figure.44}) h
as been already used, duplicate ignored
<argument> ...shipout:D \box_use:N \l_shipout_box 
                                                  \__shipout_drop_firstpage_...
l.170 
      
pdfTeX warning (ext4): destination with the same identifier (name{figure.45}) h
as been already used, duplicate ignored
<argument> ...shipout:D \box_use:N \l_shipout_box 
                                                  \__shipout_drop_firstpage_...
l.170 
      ]
File: ../example_use/arrowhead_matrix/results/plots/eigenvalue_2_2d.png Graphic
 file (type png)
<use ../example_use/arrowhead_matrix/results/plots/eigenvalue_2_2d.png>
Package pdftex.def Info: ../example_use/arrowhead_matrix/results/plots/eigenval
ue_2_2d.png  used on input line 173.
(pdftex.def)             Requested size: 362.37569pt x 231.41167pt.
File: ../example_use/arrowhead_matrix/results/plots/eigenvalue_3_2d.png Graphic
 file (type png)
<use ../example_use/arrowhead_matrix/results/plots/eigenvalue_3_2d.png>
Package pdftex.def Info: ../example_use/arrowhead_matrix/results/plots/eigenval
ue_3_2d.png  used on input line 180.
(pdftex.def)             Requested size: 362.37569pt x 233.78395pt.
 [74
pdfTeX warning (ext4): destination with the same identifier (name{figure.46}) h
as been already used, duplicate ignored
<argument> ...shipout:D \box_use:N \l_shipout_box 
                                                  \__shipout_drop_firstpage_...
l.184 
      
pdfTeX warning (ext4): destination with the same identifier (name{figure.47}) h
as been already used, duplicate ignored
<argument> ...shipout:D \box_use:N \l_shipout_box 
                                                  \__shipout_drop_firstpage_...
l.184 
      ]
File: ../example_use/arrowhead_matrix/results/plots/eigenvectors_no_labels.png 
Graphic file (type png)
<use ../example_use/arrowhead_matrix/results/plots/eigenvectors_no_labels.png>
Package pdftex.def Info: ../example_use/arrowhead_matrix/results/plots/eigenvec
tors_no_labels.png  used on input line 191.
(pdftex.def)             Requested size: 362.37569pt x 320.87773pt.
File: ../example_use/arrowhead_matrix/results/plots/eigenvector_0_no_labels.png
 Graphic file (type png)
<use ../example_use/arrowhead_matrix/results/plots/eigenvector_0_no_labels.png>

Package pdftex.def Info: ../example_use/arrowhead_matrix/results/plots/eigenvec
tor_0_no_labels.png  used on input line 200.
(pdftex.def)             Requested size: 362.37569pt x 318.04057pt.
 [75
pdfTeX warning (ext4): destination with the same identifier (name{figure.48}) h
as been already used, duplicate ignored
<argument> ...shipout:D \box_use:N \l_shipout_box 
                                                  \__shipout_drop_firstpage_...
l.204 
      
pdfTeX warning (ext4): destination with the same identifier (name{figure.49}) h
as been already used, duplicate ignored
<argument> ...shipout:D \box_use:N \l_shipout_box 
                                                  \__shipout_drop_firstpage_...
l.204 
      ]
File: ../example_use/arrowhead_matrix/results/plots/eigenvector_1_no_labels.png
 Graphic file (type png)
<use ../example_use/arrowhead_matrix/results/plots/eigenvector_1_no_labels.png>

Package pdftex.def Info: ../example_use/arrowhead_matrix/results/plots/eigenvec
tor_1_no_labels.png  used on input line 207.
(pdftex.def)             Requested size: 362.37569pt x 322.53813pt.
 [76
pdfTeX warning (ext4): destination with the same identifier (name{figure.50}) h
as been already used, duplicate ignored
<argument> ...shipout:D \box_use:N \l_shipout_box 
                                                  \__shipout_drop_firstpage_...
l.211 
      ]
File: ../example_use/arrowhead_matrix/results/plots/eigenvector_2_no_labels.png
 Graphic file (type png)
<use ../example_use/arrowhead_matrix/results/plots/eigenvector_2_no_labels.png>

Package pdftex.def Info: ../example_use/arrowhead_matrix/results/plots/eigenvec
tor_2_no_labels.png  used on input line 214.
(pdftex.def)             Requested size: 362.37569pt x 322.05624pt.
 [77
pdfTeX warning (ext4): destination with the same identifier (name{figure.51}) h
as been already used, duplicate ignored
<argument> ...shipout:D \box_use:N \l_shipout_box 
                                                  \__shipout_drop_firstpage_...
l.218 
      ]
File: ../example_use/arrowhead_matrix/results/plots/eigenvector_3_no_labels.png
 Graphic file (type png)
<use ../example_use/arrowhead_matrix/results/plots/eigenvector_3_no_labels.png>

Package pdftex.def Info: ../example_use/arrowhead_matrix/results/plots/eigenvec
tor_3_no_labels.png  used on input line 221.
(pdftex.def)             Requested size: 362.37569pt x 321.735pt.
 [78
pdfTeX warning (ext4): destination with the same identifier (name{figure.52}) h
as been already used, duplicate ignored
<argument> ...shipout:D \box_use:N \l_shipout_box 
                                                  \__shipout_drop_firstpage_...
l.225 
      ]
File: ../example_use/arrowhead_matrix/results/plots/r_vectors_3d.png Graphic fi
le (type png)
<use ../example_use/arrowhead_matrix/results/plots/r_vectors_3d.png>
Package pdftex.def Info: ../example_use/arrowhead_matrix/results/plots/r_vector
s_3d.png  used on input line 232.
(pdftex.def)             Requested size: 362.37569pt x 368.92607pt.
 [79
pdfTeX warning (ext4): destination with the same identifier (name{figure.53}) h
as been already used, duplicate ignored
<argument> ...shipout:D \box_use:N \l_shipout_box 
                                                  \__shipout_drop_firstpage_...
l.236 
      ] [80
pdfTeX warning (ext4): destination with the same identifier (name{figure.54}) h
as been already used, duplicate ignored
<argument> ...shipout:D \box_use:N \l_shipout_box 
                                                  \__shipout_drop_firstpage_...
l.343 \end{verbatim}
                    ] [81]
Overfull \hbox (2.42401pt too wide) in paragraph at lines 345--346
[]\OT1/cmr/m/n/10 The full im-ple-men-ta-tion can be found in the \OT1/cmtt/m/n
/10 arrowhead.py \OT1/cmr/m/n/10 file in the \OT1/cmtt/m/n/10 example[]use/arro
whead[]matrix
 []

) (./include/conclusion.tex [82] [83]) (./include/appendix_code.tex [84]
[85] [86] [87] [88] [89] [90] [91] [92] [93] [94] [95] [96] [97] [98] [99]
[100] [101] [102] [103] [104] [105] [106] [107] [108] [109])
(./include/appendix_example_application.tex [110] [111] [112] [113] [114]
[115] [116] [117] [118]) (./include/appendix_arrowhead_generalized.tex [119]
[120
pdfTeX warning (ext4): destination with the same identifier (name{table.3}) has
 been already used, duplicate ignored
<argument> ...shipout:D \box_use:N \l_shipout_box 
                                                  \__shipout_drop_firstpage_...
l.93 \end{verbatim}
                   ] [121] [122] [123] [124]
<../example_use/arrowhead_matrix/testing/plots/all_eigenvalues_2d.png, id=5150,
 723.6636pt x 505.89pt>
File: ../example_use/arrowhead_matrix/testing/plots/all_eigenvalues_2d.png Grap
hic file (type png)
<use ../example_use/arrowhead_matrix/testing/plots/all_eigenvalues_2d.png>
Package pdftex.def Info: ../example_use/arrowhead_matrix/testing/plots/all_eige
nvalues_2d.png  used on input line 354.
(pdftex.def)             Requested size: 362.37569pt x 253.32262pt.
<../example_use/arrowhead_matrix/testing/plots/eigenvectors_no_labels.png, id=5
151, 744.6219pt x 659.3433pt>
File: ../example_use/arrowhead_matrix/testing/plots/eigenvectors_no_labels.png 
Graphic file (type png)
<use ../example_use/arrowhead_matrix/testing/plots/eigenvectors_no_labels.png>
Package pdftex.def Info: ../example_use/arrowhead_matrix/testing/plots/eigenvec
tors_no_labels.png  used on input line 361.
(pdftex.def)             Requested size: 362.37569pt x 320.87773pt.
 [125
pdfTeX warning (ext4): destination with the same identifier (name{figure.55}) h
as been already used, duplicate ignored
<argument> ...shipout:D \box_use:N \l_shipout_box 
                                                  \__shipout_drop_firstpage_...
l.365 
       <../example_use/arrowhead_matrix/testing/plots/all_eigenvalues_2d.png>]
<../example_use/arrowhead_matrix/testing/plots/r_vectors_3d.png, id=5164, 466.3
824pt x 474.8139pt>
File: ../example_use/arrowhead_matrix/testing/plots/r_vectors_3d.png Graphic fi
le (type png)
<use ../example_use/arrowhead_matrix/testing/plots/r_vectors_3d.png>
Package pdftex.def Info: ../example_use/arrowhead_matrix/testing/plots/r_vector
s_3d.png  used on input line 368.
(pdftex.def)             Requested size: 362.37569pt x 368.92607pt.
) (./include/appendix_berry_phase.tex [126
pdfTeX warning (ext4): destination with the same identifier (name{figure.56}) h
as been already used, duplicate ignored
<argument> ...shipout:D \box_use:N \l_shipout_box 
                                                  \__shipout_drop_firstpage_...
l.1 \section
            {Berry Phase Calculation in Quantum Systems} <../example_use/arrowh
ead_matrix/testing/plots/eigenvectors_no_labels.png>] [127
pdfTeX warning (ext4): destination with the same identifier (name{figure.57}) h
as been already used, duplicate ignored
<argument> ...shipout:D \box_use:N \l_shipout_box 
                                                  \__shipout_drop_firstpage_...
l.24 \end{equation}
                    <../example_use/arrowhead_matrix/testing/plots/r_vectors_3d
.png>]
Overfull \hbox (10.53294pt too wide) in paragraph at lines 70--80
 [][] 
 []

[128
pdfTeX warning (ext4): destination with the same identifier (name{table.4}) has
 been already used, duplicate ignored
<argument> ...shipout:D \box_use:N \l_shipout_box 
                                                  \__shipout_drop_firstpage_...
l.87 
     ] [129]) [130] (./main.aux)
 ***********
LaTeX2e <2023-11-01> patch level 1
L3 programming layer <2024-01-22>
 ***********
Package rerunfilecheck Info: File `main.out' has not changed.
(rerunfilecheck)             Checksum: 673F7E2DED26164B8C8B3C2C6AEA6611;37475.
 ) 
Here is how much of TeX's memory you used:
 27677 strings out of 474222
 502187 string characters out of 5748733
 2830975 words of memory out of 5000000
 45729 multiletter control sequences out of 15000+600000
 568126 words of font info for 75 fonts, out of 8000000 for 9000
 1141 hyphenation exceptions out of 8191
 84i,12n,87p,1069b,2099s stack positions out of 10000i,1000n,20000p,200000b,200000s
</usr/share/texlive/texmf-dist/fonts/type1/public/amsfonts/cm/cmbx10.pfb></us
r/share/texlive/texmf-dist/fonts/type1/public/amsfonts/cm/cmbx12.pfb></usr/shar
e/texlive/texmf-dist/fonts/type1/public/amsfonts/cm/cmbx7.pfb></usr/share/texli
ve/texmf-dist/fonts/type1/public/amsfonts/cm/cmbx9.pfb></usr/share/texlive/texm
f-dist/fonts/type1/public/amsfonts/cm/cmex10.pfb></usr/share/texlive/texmf-dist
/fonts/type1/public/amsfonts/cm/cmmi10.pfb></usr/share/texlive/texmf-dist/fonts
/type1/public/amsfonts/cm/cmmi7.pfb></usr/share/texlive/texmf-dist/fonts/type1/
public/amsfonts/cm/cmr10.pfb></usr/share/texlive/texmf-dist/fonts/type1/public/
amsfonts/cm/cmr12.pfb></usr/share/texlive/texmf-dist/fonts/type1/public/amsfont
s/cm/cmr17.pfb></usr/share/texlive/texmf-dist/fonts/type1/public/amsfonts/cm/cm
r5.pfb></usr/share/texlive/texmf-dist/fonts/type1/public/amsfonts/cm/cmr7.pfb><
/usr/share/texlive/texmf-dist/fonts/type1/public/amsfonts/cm/cmr9.pfb></usr/sha
re/texlive/texmf-dist/fonts/type1/public/amsfonts/cm/cmsy10.pfb></usr/share/tex
live/texmf-dist/fonts/type1/public/amsfonts/cm/cmsy5.pfb></usr/share/texlive/te
xmf-dist/fonts/type1/public/amsfonts/cm/cmsy7.pfb></usr/share/texlive/texmf-dis
t/fonts/type1/public/amsfonts/cm/cmtt10.pfb></usr/share/texlive/texmf-dist/font
s/type1/public/amsfonts/cm/cmtt8.pfb></usr/share/texlive/texmf-dist/fonts/type1
/public/amsfonts/symbols/msbm10.pfb></usr/share/texmf/fonts/type1/public/cm-sup
er/sfrm1000.pfb></usr/share/texmf/fonts/type1/public/cm-super/sftt0800.pfb>
Output written on main.pdf (130 pages, 10862606 bytes).
PDF statistics:
 6079 PDF objects out of 6186 (max. 8388607)
 5749 compressed objects within 58 object streams
 3787 named destinations out of 4296 (max. 500000)
 1914 words of extra memory for PDF output out of 10000 (max. 10000000)

