\BOOKMARK [1][-]{section.1}{\376\377\000I\000n\000t\000r\000o\000d\000u\000c\000t\000i\000o\000n}{}% 1
\BOOKMARK [2][-]{subsection.1.1}{\376\377\000P\000r\000o\000j\000e\000c\000t\000\040\000O\000v\000e\000r\000v\000i\000e\000w}{section.1}% 2
\BOOKMARK [2][-]{subsection.1.2}{\376\377\000K\000e\000y\000\040\000F\000e\000a\000t\000u\000r\000e\000s}{section.1}% 3
\BOOKMARK [2][-]{subsection.1.3}{\376\377\000P\000a\000c\000k\000a\000g\000e\000\040\000S\000t\000r\000u\000c\000t\000u\000r\000e}{section.1}% 4
\BOOKMARK [2][-]{subsection.1.4}{\376\377\000D\000o\000c\000u\000m\000e\000n\000t\000\040\000S\000t\000r\000u\000c\000t\000u\000r\000e}{section.1}% 5
\BOOKMARK [1][-]{section.2}{\376\377\000M\000a\000t\000h\000e\000m\000a\000t\000i\000c\000a\000l\000\040\000F\000o\000r\000m\000u\000l\000a\000t\000i\000o\000n}{}% 6
\BOOKMARK [2][-]{subsection.2.1}{\376\377\000B\000a\000s\000i\000s\000\040\000V\000e\000c\000t\000o\000r\000s\000\040\000F\000o\000r\000m\000u\000l\000a\000t\000i\000o\000n}{section.2}% 7
\BOOKMARK [2][-]{subsection.2.2}{\376\377\000P\000e\000r\000f\000e\000c\000t\000\040\000O\000r\000t\000h\000o\000g\000o\000n\000a\000l\000\040\000C\000i\000r\000c\000l\000e\000\040\000M\000e\000t\000h\000o\000d}{section.2}% 8
\BOOKMARK [3][-]{subsubsection.2.2.1}{\376\377\000N\000o\000r\000m\000a\000l\000i\000z\000e\000d\000\040\000B\000a\000s\000i\000s\000\040\000V\000e\000c\000t\000o\000r\000s}{subsection.2.2}% 9
\BOOKMARK [3][-]{subsubsection.2.2.2}{\376\377\000P\000a\000r\000a\000m\000e\000t\000r\000i\000c\000\040\000C\000i\000r\000c\000l\000e\000\040\000E\000q\000u\000a\000t\000i\000o\000n}{subsection.2.2}% 10
\BOOKMARK [3][-]{subsubsection.2.2.3}{\376\377\000M\000a\000t\000h\000e\000m\000a\000t\000i\000c\000a\000l\000\040\000P\000r\000o\000p\000e\000r\000t\000i\000e\000s}{subsection.2.2}% 11
\BOOKMARK [2][-]{subsection.2.3}{\376\377\000M\000a\000t\000h\000e\000m\000a\000t\000i\000c\000a\000l\000\040\000P\000r\000o\000p\000e\000r\000t\000i\000e\000s}{section.2}% 12
\BOOKMARK [3][-]{subsubsection.2.3.1}{\376\377\000O\000r\000t\000h\000o\000g\000o\000n\000a\000l\000i\000t\000y\000\040\000t\000o\000\040\000t\000h\000e\000\040\000x\000=\000y\000=\000z\000\040\000L\000i\000n\000e}{subsection.2.3}% 13
\BOOKMARK [3][-]{subsubsection.2.3.2}{\376\377\000I\000n\000v\000a\000r\000i\000a\000n\000c\000e\000\040\000t\000o\000\040\000O\000r\000i\000g\000i\000n}{subsection.2.3}% 14
\BOOKMARK [3][-]{subsubsection.2.3.3}{\376\377\000I\000n\000v\000a\000r\000i\000a\000n\000c\000e\000\040\000t\000o\000\040\000R\000o\000t\000a\000t\000i\000o\000n}{subsection.2.3}% 15
\BOOKMARK [3][-]{subsubsection.2.3.4}{\376\377\000S\000c\000a\000l\000i\000n\000g}{subsection.2.3}% 16
\BOOKMARK [2][-]{subsection.2.4}{\376\377\000G\000e\000o\000m\000e\000t\000r\000i\000c\000\040\000I\000n\000t\000e\000r\000p\000r\000e\000t\000a\000t\000i\000o\000n}{section.2}% 17
\BOOKMARK [2][-]{subsection.2.5}{\376\377\000C\000i\000r\000c\000l\000e\000\040\000a\000n\000d\000\040\000S\000p\000h\000e\000r\000e\000\040\000G\000e\000n\000e\000r\000a\000t\000i\000o\000n}{section.2}% 18
\BOOKMARK [2][-]{subsection.2.6}{\376\377\000E\000n\000h\000a\000n\000c\000e\000d\000\040\000V\000i\000s\000u\000a\000l\000i\000z\000a\000t\000i\000o\000n\000\040\000T\000e\000c\000h\000n\000i\000q\000u\000e\000s}{section.2}% 19
\BOOKMARK [3][-]{subsubsection.2.6.1}{\376\377\000C\000o\000l\000o\000r\000-\000c\000o\000d\000e\000d\000\040\000C\000o\000o\000r\000d\000i\000n\000a\000t\000e\000\040\000S\000y\000s\000t\000e\000m}{subsection.2.6}% 20
\BOOKMARK [3][-]{subsubsection.2.6.2}{\376\377\000C\000o\000o\000r\000d\000i\000n\000a\000t\000e\000\040\000L\000a\000b\000e\000l\000s\000\040\000a\000n\000d\000\040\000T\000i\000c\000k\000\040\000M\000a\000r\000k\000s}{subsection.2.6}% 21
\BOOKMARK [3][-]{subsubsection.2.6.3}{\376\377\000D\000a\000t\000a\000-\000d\000r\000i\000v\000e\000n\000\040\000S\000c\000a\000l\000i\000n\000g}{subsection.2.6}% 22
\BOOKMARK [3][-]{subsubsection.2.6.4}{\376\377\000E\000q\000u\000a\000l\000\040\000A\000s\000p\000e\000c\000t\000\040\000R\000a\000t\000i\000o}{subsection.2.6}% 23
\BOOKMARK [1][-]{section.3}{\376\377\000I\000m\000p\000l\000e\000m\000e\000n\000t\000a\000t\000i\000o\000n}{}% 24
\BOOKMARK [2][-]{subsection.3.1}{\376\377\000M\000o\000d\000u\000l\000a\000r\000\040\000A\000r\000c\000h\000i\000t\000e\000c\000t\000u\000r\000e}{section.3}% 25
\BOOKMARK [2][-]{subsection.3.2}{\376\377\000V\000e\000c\000t\000o\000r\000\040\000G\000e\000n\000e\000r\000a\000t\000i\000o\000n}{section.3}% 26
\BOOKMARK [2][-]{subsection.3.3}{\376\377\000P\000e\000r\000f\000e\000c\000t\000\040\000O\000r\000t\000h\000o\000g\000o\000n\000a\000l\000\040\000C\000i\000r\000c\000l\000e\000\040\000I\000m\000p\000l\000e\000m\000e\000n\000t\000a\000t\000i\000o\000n}{section.3}% 27
\BOOKMARK [2][-]{subsection.3.4}{\376\377\000V\000i\000s\000u\000a\000l\000i\000z\000a\000t\000i\000o\000n}{section.3}% 28
\BOOKMARK [3][-]{subsubsection.3.4.1}{\376\377\000E\000n\000h\000a\000n\000c\000e\000d\000\040\000V\000i\000s\000u\000a\000l\000i\000z\000a\000t\000i\000o\000n\000\040\000F\000e\000a\000t\000u\000r\000e\000s}{subsection.3.4}% 29
\BOOKMARK [2][-]{subsection.3.5}{\376\377\000C\000o\000n\000f\000i\000g\000u\000r\000a\000t\000i\000o\000n\000\040\000M\000a\000n\000a\000g\000e\000m\000e\000n\000t}{section.3}% 30
\BOOKMARK [2][-]{subsection.3.6}{\376\377\000C\000o\000m\000m\000a\000n\000d\000-\000l\000i\000n\000e\000\040\000I\000n\000t\000e\000r\000f\000a\000c\000e}{section.3}% 31
\BOOKMARK [2][-]{subsection.3.7}{\376\377\000C\000i\000r\000c\000l\000e\000\040\000E\000x\000a\000m\000p\000l\000e\000s}{section.3}% 32
\BOOKMARK [2][-]{subsection.3.8}{\376\377\000D\000e\000p\000e\000n\000d\000e\000n\000c\000i\000e\000s}{section.3}% 33
\BOOKMARK [1][-]{section.4}{\376\377\000A\000P\000I\000\040\000R\000e\000f\000e\000r\000e\000n\000c\000e}{}% 34
\BOOKMARK [2][-]{subsection.4.1}{\376\377\000v\000e\000c\000t\000o\000r\000\137\000u\000t\000i\000l\000s\000\040\000M\000o\000d\000u\000l\000e}{section.4}% 35
\BOOKMARK [3][-]{subsubsection.4.1.1}{\376\377\000c\000r\000e\000a\000t\000e\000\137\000o\000r\000t\000h\000o\000g\000o\000n\000a\000l\000\137\000v\000e\000c\000t\000o\000r\000s}{subsection.4.1}% 36
\BOOKMARK [3][-]{subsubsection.4.1.2}{\376\377\000c\000r\000e\000a\000t\000e\000\137\000p\000e\000r\000f\000e\000c\000t\000\137\000o\000r\000t\000h\000o\000g\000o\000n\000a\000l\000\137\000c\000i\000r\000c\000l\000e}{subsection.4.1}% 37
\BOOKMARK [3][-]{subsubsection.4.1.3}{\376\377\000c\000h\000e\000c\000k\000\137\000o\000r\000t\000h\000o\000g\000o\000n\000a\000l\000i\000t\000y}{subsection.4.1}% 38
\BOOKMARK [3][-]{subsubsection.4.1.4}{\376\377\000c\000a\000l\000c\000u\000l\000a\000t\000e\000\137\000d\000i\000s\000p\000l\000a\000c\000e\000m\000e\000n\000t\000\137\000v\000e\000c\000t\000o\000r\000s}{subsection.4.1}% 39
\BOOKMARK [3][-]{subsubsection.4.1.5}{\376\377\000c\000a\000l\000c\000u\000l\000a\000t\000e\000\137\000d\000o\000t\000\137\000p\000r\000o\000d\000u\000c\000t\000s}{subsection.4.1}% 40
\BOOKMARK [2][-]{subsection.4.2}{\376\377\000v\000i\000s\000u\000a\000l\000i\000z\000a\000t\000i\000o\000n\000\040\000M\000o\000d\000u\000l\000e}{section.4}% 41
\BOOKMARK [3][-]{subsubsection.4.2.1}{\376\377\000s\000e\000t\000u\000p\000\137\000e\000n\000h\000a\000n\000c\000e\000d\000\137\0003\000d\000\137\000a\000x\000e\000s}{subsection.4.2}% 42
\BOOKMARK [3][-]{subsubsection.4.2.2}{\376\377\000p\000l\000o\000t\000\137\000v\000e\000c\000t\000o\000r\000s\000\137\0003\000d}{subsection.4.2}% 43
\BOOKMARK [3][-]{subsubsection.4.2.3}{\376\377\000p\000l\000o\000t\000\137\000v\000e\000c\000t\000o\000r\000s\000\137\0002\000d}{subsection.4.2}% 44
\BOOKMARK [3][-]{subsubsection.4.2.4}{\376\377\000p\000l\000o\000t\000\137\000v\000e\000c\000t\000o\000r\000s}{subsection.4.2}% 45
\BOOKMARK [2][-]{subsection.4.3}{\376\377\000c\000o\000n\000f\000i\000g\000\040\000M\000o\000d\000u\000l\000e}{section.4}% 46
\BOOKMARK [3][-]{subsubsection.4.3.1}{\376\377\000V\000e\000c\000t\000o\000r\000C\000o\000n\000f\000i\000g\000\040\000C\000l\000a\000s\000s}{subsection.4.3}% 47
\BOOKMARK [3][-]{subsubsection.4.3.2}{\376\377\000V\000e\000c\000t\000o\000r\000C\000o\000n\000f\000i\000g\000.\000s\000a\000v\000e\000\137\000t\000o\000\137\000f\000i\000l\000e}{subsection.4.3}% 48
\BOOKMARK [3][-]{subsubsection.4.3.3}{\376\377\000V\000e\000c\000t\000o\000r\000C\000o\000n\000f\000i\000g\000.\000l\000o\000a\000d\000\137\000f\000r\000o\000m\000\137\000f\000i\000l\000e}{subsection.4.3}% 49
\BOOKMARK [2][-]{subsection.4.4}{\376\377\000m\000a\000i\000n\000\040\000M\000o\000d\000u\000l\000e}{section.4}% 50
\BOOKMARK [3][-]{subsubsection.4.4.1}{\376\377\000m\000a\000i\000n\000\040\000F\000u\000n\000c\000t\000i\000o\000n}{subsection.4.4}% 51
\BOOKMARK [2][-]{subsection.4.5}{\376\377\000\137\000\137\000i\000n\000i\000t\000\137\000\137\000\040\000M\000o\000d\000u\000l\000e}{section.4}% 52
\BOOKMARK [1][-]{section.5}{\376\377\000U\000s\000a\000g\000e\000\040\000E\000x\000a\000m\000p\000l\000e\000s}{}% 53
\BOOKMARK [2][-]{subsection.5.1}{\376\377\000B\000a\000s\000i\000c\000\040\000U\000s\000a\000g\000e\000\040\000a\000s\000\040\000a\000\040\000P\000y\000t\000h\000o\000n\000\040\000M\000o\000d\000u\000l\000e}{section.5}% 54
\BOOKMARK [2][-]{subsection.5.2}{\376\377\000C\000u\000s\000t\000o\000m\000i\000z\000i\000n\000g\000\040\000V\000e\000c\000t\000o\000r\000\040\000G\000e\000n\000e\000r\000a\000t\000i\000o\000n}{section.5}% 55
\BOOKMARK [2][-]{subsection.5.3}{\376\377\000U\000s\000i\000n\000g\000\040\000t\000h\000e\000\040\000V\000e\000c\000t\000o\000r\000C\000o\000n\000f\000i\000g\000\040\000C\000l\000a\000s\000s}{section.5}% 56
\BOOKMARK [2][-]{subsection.5.4}{\376\377\000S\000a\000v\000i\000n\000g\000\040\000a\000n\000d\000\040\000L\000o\000a\000d\000i\000n\000g\000\040\000C\000o\000n\000f\000i\000g\000u\000r\000a\000t\000i\000o\000n\000s}{section.5}% 57
\BOOKMARK [2][-]{subsection.5.5}{\376\377\000C\000h\000e\000c\000k\000i\000n\000g\000\040\000O\000r\000t\000h\000o\000g\000o\000n\000a\000l\000i\000t\000y}{section.5}% 58
\BOOKMARK [2][-]{subsection.5.6}{\376\377\000P\000e\000r\000f\000e\000c\000t\000\040\000O\000r\000t\000h\000o\000g\000o\000n\000a\000l\000\040\000C\000i\000r\000c\000l\000e\000\040\000G\000e\000n\000e\000r\000a\000t\000i\000o\000n}{section.5}% 59
\BOOKMARK [2][-]{subsection.5.7}{\376\377\000G\000e\000n\000e\000r\000a\000t\000i\000n\000g\000\040\000C\000i\000r\000c\000l\000e\000\040\000S\000e\000g\000m\000e\000n\000t\000s}{section.5}% 60
\BOOKMARK [2][-]{subsection.5.8}{\376\377\000U\000s\000i\000n\000g\000\040\000t\000h\000e\000\040\000C\000o\000m\000m\000a\000n\000d\000-\000l\000i\000n\000e\000\040\000I\000n\000t\000e\000r\000f\000a\000c\000e}{section.5}% 61
\BOOKMARK [3][-]{subsubsection.5.8.1}{\376\377\000V\000e\000c\000t\000o\000r\000\040\000G\000e\000n\000e\000r\000a\000t\000i\000o\000n\000\040\000E\000x\000a\000m\000p\000l\000e\000s}{subsection.5.8}% 62
\BOOKMARK [3][-]{subsubsection.5.8.2}{\376\377\000A\000r\000r\000o\000w\000h\000e\000a\000d\000\040\000M\000a\000t\000r\000i\000x\000\040\000E\000x\000a\000m\000p\000l\000e\000s}{subsection.5.8}% 63
\BOOKMARK [3][-]{subsubsection.5.8.3}{\376\377\000S\000a\000v\000i\000n\000g\000\040\000a\000\040\000C\000o\000n\000f\000i\000g\000u\000r\000a\000t\000i\000o\000n\000\040\000F\000i\000l\000e}{subsection.5.8}% 64
\BOOKMARK [2][-]{subsection.5.9}{\376\377\000U\000s\000i\000n\000g\000\040\000t\000h\000e\000\040\000A\000r\000r\000o\000w\000h\000e\000a\000d\000\040\000M\000a\000t\000r\000i\000x\000\040\000A\000n\000a\000l\000y\000z\000e\000r\000\040\000a\000s\000\040\000a\000\040\000P\000y\000t\000h\000o\000n\000\040\000M\000o\000d\000u\000l\000e}{section.5}% 65
\BOOKMARK [3][-]{subsubsection.5.9.1}{\376\377\000B\000a\000s\000i\000c\000\040\000U\000s\000a\000g\000e}{subsection.5.9}% 66
\BOOKMARK [3][-]{subsubsection.5.9.2}{\376\377\000C\000u\000s\000t\000o\000m\000i\000z\000i\000n\000g\000\040\000M\000a\000t\000r\000i\000x\000\040\000G\000e\000n\000e\000r\000a\000t\000i\000o\000n}{subsection.5.9}% 67
\BOOKMARK [3][-]{subsubsection.5.9.3}{\376\377\000L\000o\000a\000d\000i\000n\000g\000\040\000E\000x\000i\000s\000t\000i\000n\000g\000\040\000R\000e\000s\000u\000l\000t\000s}{subsection.5.9}% 68
\BOOKMARK [3][-]{subsubsection.5.9.4}{\376\377\000A\000c\000c\000e\000s\000s\000i\000n\000g\000\040\000E\000i\000g\000e\000n\000v\000a\000l\000u\000e\000s\000\040\000a\000n\000d\000\040\000E\000i\000g\000e\000n\000v\000e\000c\000t\000o\000r\000s}{subsection.5.9}% 69
\BOOKMARK [2][-]{subsection.5.10}{\376\377\000C\000o\000m\000p\000l\000e\000t\000e\000\040\000E\000x\000a\000m\000p\000l\000e\000\040\000S\000c\000r\000i\000p\000t}{section.5}% 70
\BOOKMARK [1][-]{section.6}{\376\377\000V\000i\000s\000u\000a\000l\000i\000z\000a\000t\000i\000o\000n}{}% 71
\BOOKMARK [2][-]{subsection.6.1}{\376\377\0003\000D\000\040\000V\000i\000s\000u\000a\000l\000i\000z\000a\000t\000i\000o\000n}{section.6}% 72
\BOOKMARK [2][-]{subsection.6.2}{\376\377\0002\000D\000\040\000P\000r\000o\000j\000e\000c\000t\000i\000o\000n\000s}{section.6}% 73
\BOOKMARK [2][-]{subsection.6.3}{\376\377\000E\000n\000d\000p\000o\000i\000n\000t\000s\000-\000o\000n\000l\000y\000\040\000P\000l\000o\000t\000t\000i\000n\000g}{section.6}% 74
\BOOKMARK [2][-]{subsection.6.4}{\376\377\000M\000u\000l\000t\000i\000p\000l\000e\000\040\000V\000e\000c\000t\000o\000r\000\040\000V\000i\000s\000u\000a\000l\000i\000z\000a\000t\000i\000o\000n}{section.6}% 75
\BOOKMARK [2][-]{subsection.6.5}{\376\377\000C\000i\000r\000c\000l\000e\000\040\000E\000x\000a\000m\000p\000l\000e\000s\000\040\000V\000i\000s\000u\000a\000l\000i\000z\000a\000t\000i\000o\000n}{section.6}% 76
\BOOKMARK [2][-]{subsection.6.6}{\376\377\000I\000m\000p\000l\000e\000m\000e\000n\000t\000a\000t\000i\000o\000n\000\040\000D\000e\000t\000a\000i\000l\000s}{section.6}% 77
\BOOKMARK [2][-]{subsection.6.7}{\376\377\000V\000i\000s\000u\000a\000l\000i\000z\000a\000t\000i\000o\000n\000\040\000i\000n\000\040\000t\000h\000e\000\040\000C\000o\000m\000m\000a\000n\000d\000-\000l\000i\000n\000e\000\040\000I\000n\000t\000e\000r\000f\000a\000c\000e}{section.6}% 78
\BOOKMARK [1][-]{section.7}{\376\377\000C\000o\000n\000f\000i\000g\000u\000r\000a\000t\000i\000o\000n}{}% 79
\BOOKMARK [2][-]{subsection.7.1}{\376\377\000V\000e\000c\000t\000o\000r\000C\000o\000n\000f\000i\000g\000\040\000C\000l\000a\000s\000s}{section.7}% 80
\BOOKMARK [2][-]{subsection.7.2}{\376\377\000I\000n\000i\000t\000i\000a\000l\000i\000z\000i\000n\000g\000\040\000a\000\040\000C\000o\000n\000f\000i\000g\000u\000r\000a\000t\000i\000o\000n}{section.7}% 81
\BOOKMARK [2][-]{subsection.7.3}{\376\377\000U\000s\000i\000n\000g\000\040\000a\000\040\000C\000o\000n\000f\000i\000g\000u\000r\000a\000t\000i\000o\000n}{section.7}% 82
\BOOKMARK [2][-]{subsection.7.4}{\376\377\000S\000a\000v\000i\000n\000g\000\040\000a\000\040\000C\000o\000n\000f\000i\000g\000u\000r\000a\000t\000i\000o\000n\000\040\000t\000o\000\040\000a\000\040\000F\000i\000l\000e}{section.7}% 83
\BOOKMARK [2][-]{subsection.7.5}{\376\377\000L\000o\000a\000d\000i\000n\000g\000\040\000a\000\040\000C\000o\000n\000f\000i\000g\000u\000r\000a\000t\000i\000o\000n\000\040\000f\000r\000o\000m\000\040\000a\000\040\000F\000i\000l\000e}{section.7}% 84
\BOOKMARK [2][-]{subsection.7.6}{\376\377\000C\000o\000n\000f\000i\000g\000u\000r\000a\000t\000i\000o\000n\000\040\000i\000n\000\040\000t\000h\000e\000\040\000C\000o\000m\000m\000a\000n\000d\000-\000l\000i\000n\000e\000\040\000I\000n\000t\000e\000r\000f\000a\000c\000e}{section.7}% 85
\BOOKMARK [2][-]{subsection.7.7}{\376\377\000C\000o\000n\000f\000i\000g\000u\000r\000a\000t\000i\000o\000n\000\040\000F\000i\000l\000e\000\040\000F\000o\000r\000m\000a\000t}{section.7}% 86
\BOOKMARK [2][-]{subsection.7.8}{\376\377\000D\000e\000f\000a\000u\000l\000t\000\040\000C\000o\000n\000f\000i\000g\000u\000r\000a\000t\000i\000o\000n}{section.7}% 87
\BOOKMARK [1][-]{section.8}{\376\377\000C\000o\000m\000m\000a\000n\000d\000-\000l\000i\000n\000e\000\040\000I\000n\000t\000e\000r\000f\000a\000c\000e}{}% 88
\BOOKMARK [2][-]{subsection.8.1}{\376\377\000B\000a\000s\000i\000c\000\040\000U\000s\000a\000g\000e}{section.8}% 89
\BOOKMARK [2][-]{subsection.8.2}{\376\377\000C\000o\000m\000m\000a\000n\000d\000-\000l\000i\000n\000e\000\040\000O\000p\000t\000i\000o\000n\000s}{section.8}% 90
\BOOKMARK [3][-]{subsubsection.8.2.1}{\376\377\000V\000e\000c\000t\000o\000r\000\040\000G\000e\000n\000e\000r\000a\000t\000i\000o\000n\000\040\000O\000p\000t\000i\000o\000n\000s}{subsection.8.2}% 91
\BOOKMARK [3][-]{subsubsection.8.2.2}{\376\377\000A\000r\000r\000o\000w\000h\000e\000a\000d\000\040\000M\000a\000t\000r\000i\000x\000\040\000O\000p\000t\000i\000o\000n\000s}{subsection.8.2}% 92
\BOOKMARK [2][-]{subsection.8.3}{\376\377\000E\000x\000a\000m\000p\000l\000e\000s}{section.8}% 93
\BOOKMARK [3][-]{subsubsection.8.3.1}{\376\377\000V\000e\000c\000t\000o\000r\000\040\000G\000e\000n\000e\000r\000a\000t\000i\000o\000n\000\040\000E\000x\000a\000m\000p\000l\000e\000s}{subsection.8.3}% 94
\BOOKMARK [3][-]{subsubsection.8.3.2}{\376\377\000A\000r\000r\000o\000w\000h\000e\000a\000d\000\040\000M\000a\000t\000r\000i\000x\000\040\000E\000x\000a\000m\000p\000l\000e\000s}{subsection.8.3}% 95
\BOOKMARK [3][-]{subsubsection.8.3.3}{\376\377\000E\000n\000d\000p\000o\000i\000n\000t\000s\000-\000o\000n\000l\000y\000\040\000P\000l\000o\000t\000t\000i\000n\000g}{subsection.8.3}% 96
\BOOKMARK [3][-]{subsubsection.8.3.4}{\376\377\000S\000a\000v\000i\000n\000g\000\040\000P\000l\000o\000t\000s}{subsection.8.3}% 97
\BOOKMARK [3][-]{subsubsection.8.3.5}{\376\377\000U\000s\000i\000n\000g\000\040\000a\000\040\000C\000o\000n\000f\000i\000g\000u\000r\000a\000t\000i\000o\000n\000\040\000F\000i\000l\000e}{subsection.8.3}% 98
\BOOKMARK [3][-]{subsubsection.8.3.6}{\376\377\000S\000a\000v\000i\000n\000g\000\040\000a\000\040\000C\000o\000n\000f\000i\000g\000u\000r\000a\000t\000i\000o\000n\000\040\000F\000i\000l\000e}{subsection.8.3}% 99
\BOOKMARK [2][-]{subsection.8.4}{\376\377\000C\000o\000n\000f\000i\000g\000u\000r\000a\000t\000i\000o\000n\000\040\000F\000i\000l\000e\000\040\000F\000o\000r\000m\000a\000t}{section.8}% 100
\BOOKMARK [2][-]{subsection.8.5}{\376\377\000C\000i\000r\000c\000l\000e\000\040\000E\000x\000a\000m\000p\000l\000e\000s}{section.8}% 101
\BOOKMARK [2][-]{subsection.8.6}{\376\377\000I\000m\000p\000l\000e\000m\000e\000n\000t\000a\000t\000i\000o\000n\000\040\000D\000e\000t\000a\000i\000l\000s}{section.8}% 102
\BOOKMARK [2][-]{subsection.8.7}{\376\377\000E\000r\000r\000o\000r\000\040\000H\000a\000n\000d\000l\000i\000n\000g}{section.8}% 103
\BOOKMARK [2][-]{subsection.8.8}{\376\377\000H\000e\000l\000p\000\040\000M\000e\000s\000s\000a\000g\000e}{section.8}% 104
\BOOKMARK [1][-]{section.9}{\376\377\000E\000x\000a\000m\000p\000l\000e\000\040\000R\000e\000s\000u\000l\000t\000s}{}% 105
\BOOKMARK [2][-]{subsection.9.1}{\376\377\000S\000i\000n\000g\000l\000e\000\040\000V\000e\000c\000t\000o\000r\000\040\000G\000e\000n\000e\000r\000a\000t\000i\000o\000n}{section.9}% 106
\BOOKMARK [3][-]{subsubsection.9.1.1}{\376\377\000S\000c\000a\000l\000a\000r\000\040\000F\000o\000r\000m\000u\000l\000a\000t\000i\000o\000n}{subsection.9.1}% 107
\BOOKMARK [3][-]{subsubsection.9.1.2}{\376\377\0003\000D\000\040\000V\000i\000s\000u\000a\000l\000i\000z\000a\000t\000i\000o\000n}{subsection.9.1}% 108
\BOOKMARK [3][-]{subsubsection.9.1.3}{\376\377\0002\000D\000\040\000P\000r\000o\000j\000e\000c\000t\000i\000o\000n\000s}{subsection.9.1}% 109
\BOOKMARK [2][-]{subsection.9.2}{\376\377\000M\000u\000l\000t\000i\000p\000l\000e\000\040\000V\000e\000c\000t\000o\000r\000\040\000G\000e\000n\000e\000r\000a\000t\000i\000o\000n}{section.9}% 110
\BOOKMARK [3][-]{subsubsection.9.2.1}{\376\377\000D\000i\000s\000t\000a\000n\000c\000e\000\040\000R\000a\000n\000g\000e\000\040\000E\000x\000a\000m\000p\000l\000e}{subsection.9.2}% 111
\BOOKMARK [3][-]{subsubsection.9.2.2}{\376\377\000A\000n\000g\000l\000e\000\040\000R\000a\000n\000g\000e\000\040\000E\000x\000a\000m\000p\000l\000e}{subsection.9.2}% 112
\BOOKMARK [2][-]{subsection.9.3}{\376\377\000C\000i\000r\000c\000l\000e\000\040\000E\000x\000a\000m\000p\000l\000e\000s}{section.9}% 113
\BOOKMARK [3][-]{subsubsection.9.3.1}{\376\377\000O\000r\000t\000h\000o\000g\000o\000n\000a\000l\000\040\000V\000e\000c\000t\000o\000r\000\040\000C\000i\000r\000c\000l\000e}{subsection.9.3}% 114
\BOOKMARK [3][-]{subsubsection.9.3.2}{\376\377\000T\000r\000a\000d\000i\000t\000i\000o\000n\000a\000l\000\040\000X\000Y\000\040\000C\000i\000r\000c\000l\000e}{subsection.9.3}% 115
\BOOKMARK [3][-]{subsubsection.9.3.3}{\376\377\000I\000m\000p\000r\000o\000v\000e\000d\000\040\000O\000r\000t\000h\000o\000g\000o\000n\000a\000l\000\040\000V\000e\000c\000t\000o\000r\000\040\000C\000i\000r\000c\000l\000e}{subsection.9.3}% 116
\BOOKMARK [2][-]{subsection.9.4}{\376\377\000P\000e\000r\000f\000e\000c\000t\000\040\000O\000r\000t\000h\000o\000g\000o\000n\000a\000l\000\040\000C\000i\000r\000c\000l\000e\000\040\000G\000e\000n\000e\000r\000a\000t\000i\000o\000n}{section.9}% 117
\BOOKMARK [3][-]{subsubsection.9.4.1}{\376\377\000I\000m\000p\000l\000e\000m\000e\000n\000t\000a\000t\000i\000o\000n\000\040\000A\000p\000p\000r\000o\000a\000c\000h}{subsection.9.4}% 118
\BOOKMARK [3][-]{subsubsection.9.4.2}{\376\377\000V\000e\000r\000i\000f\000i\000c\000a\000t\000i\000o\000n\000\040\000R\000e\000s\000u\000l\000t\000s}{subsection.9.4}% 119
\BOOKMARK [2][-]{subsection.9.5}{\376\377\000O\000r\000t\000h\000o\000g\000o\000n\000a\000l\000i\000t\000y\000\040\000T\000e\000s\000t\000\040\000R\000e\000s\000u\000l\000t\000s}{section.9}% 120
\BOOKMARK [3][-]{subsubsection.9.5.1}{\376\377\000S\000i\000n\000g\000l\000e\000\040\000V\000e\000c\000t\000o\000r\000\040\000O\000r\000t\000h\000o\000g\000o\000n\000a\000l\000i\000t\000y\000\040\000T\000e\000s\000t}{subsection.9.5}% 121
\BOOKMARK [3][-]{subsubsection.9.5.2}{\376\377\000C\000i\000r\000c\000l\000e\000\040\000O\000r\000t\000h\000o\000g\000o\000n\000a\000l\000i\000t\000y\000\040\000T\000e\000s\000t}{subsection.9.5}% 122
\BOOKMARK [3][-]{subsubsection.9.5.3}{\376\377\000C\000o\000m\000p\000r\000e\000h\000e\000n\000s\000i\000v\000e\000\040\000C\000i\000r\000c\000l\000e\000\040\000V\000i\000s\000u\000a\000l\000i\000z\000a\000t\000i\000o\000n}{subsection.9.5}% 123
\BOOKMARK [3][-]{subsubsection.9.5.4}{\376\377\000O\000r\000t\000h\000o\000g\000o\000n\000a\000l\000i\000t\000y\000\040\000V\000e\000r\000i\000f\000i\000c\000a\000t\000i\000o\000n\000\040\000R\000e\000s\000u\000l\000t\000s}{subsection.9.5}% 124
\BOOKMARK [2][-]{subsection.9.6}{\376\377\000P\000a\000r\000a\000m\000e\000t\000e\000r\000\040\000E\000f\000f\000e\000c\000t\000s\000\040\000i\000n\000\040\000B\000a\000s\000i\000s\000\040\000V\000e\000c\000t\000o\000r\000\040\000F\000o\000r\000m\000u\000l\000a\000t\000i\000o\000n}{section.9}% 125
\BOOKMARK [3][-]{subsubsection.9.6.1}{\376\377\000D\000i\000s\000t\000a\000n\000c\000e\000\040\000P\000a\000r\000a\000m\000e\000t\000e\000r}{subsection.9.6}% 126
\BOOKMARK [3][-]{subsubsection.9.6.2}{\376\377\000A\000n\000g\000l\000e\000\040\000P\000a\000r\000a\000m\000e\000t\000e\000r}{subsection.9.6}% 127
\BOOKMARK [3][-]{subsubsection.9.6.3}{\376\377\000M\000u\000l\000t\000i\000p\000l\000e\000\040\000P\000e\000r\000f\000e\000c\000t\000\040\000C\000i\000r\000c\000l\000e\000s\000\040\000w\000i\000t\000h\000\040\000D\000i\000f\000f\000e\000r\000e\000n\000t\000\040\000D\000i\000s\000t\000a\000n\000c\000e\000s}{subsection.9.6}% 128
\BOOKMARK [3][-]{subsubsection.9.6.4}{\376\377\000E\000n\000h\000a\000n\000c\000e\000d\000\040\000V\000i\000s\000u\000a\000l\000i\000z\000a\000t\000i\000o\000n\000\040\000F\000e\000a\000t\000u\000r\000e\000s}{subsection.9.6}% 129
\BOOKMARK [3][-]{subsubsection.9.6.5}{\376\377\000F\000l\000e\000x\000i\000b\000l\000e\000\040\000P\000a\000r\000a\000m\000e\000t\000e\000r\000\040\000S\000u\000p\000p\000o\000r\000t}{subsection.9.6}% 130
\BOOKMARK [3][-]{subsubsection.9.6.6}{\376\377\000P\000a\000r\000a\000m\000e\000t\000e\000r\000\040\000V\000e\000r\000i\000f\000i\000c\000a\000t\000i\000o\000n\000\040\000R\000e\000s\000u\000l\000t\000s}{subsection.9.6}% 131
\BOOKMARK [2][-]{subsection.9.7}{\376\377\000S\000u\000m\000m\000a\000r\000y\000\040\000o\000f\000\040\000R\000e\000s\000u\000l\000t\000s}{section.9}% 132
\BOOKMARK [1][-]{section.10}{\376\377\000A\000r\000r\000o\000w\000h\000e\000a\000d\000\040\000M\000a\000t\000r\000i\000x\000\040\000V\000i\000s\000u\000a\000l\000i\000z\000a\000t\000i\000o\000n}{}% 133
\BOOKMARK [2][-]{subsection.10.1}{\376\377\000A\000r\000r\000o\000w\000h\000e\000a\000d\000\040\000M\000a\000t\000r\000i\000x\000\040\000S\000t\000r\000u\000c\000t\000u\000r\000e\000\040\000a\000n\000d\000\040\000C\000r\000e\000a\000t\000i\000o\000n\000\040\000P\000r\000o\000c\000e\000s\000s}{section.10}% 134
\BOOKMARK [2][-]{subsection.10.2}{\376\377\000E\000x\000a\000m\000p\000l\000e\000\040\000A\000r\000r\000o\000w\000h\000e\000a\000d\000\040\000M\000a\000t\000r\000i\000x}{section.10}% 135
\BOOKMARK [2][-]{subsection.10.3}{\376\377\000E\000i\000g\000e\000n\000v\000a\000l\000u\000e\000\040\000V\000i\000s\000u\000a\000l\000i\000z\000a\000t\000i\000o\000n}{section.10}% 136
\BOOKMARK [3][-]{subsubsection.10.3.1}{\376\377\0002\000D\000\040\000E\000i\000g\000e\000n\000v\000a\000l\000u\000e\000\040\000P\000l\000o\000t\000s}{subsection.10.3}% 137
\BOOKMARK [2][-]{subsection.10.4}{\376\377\000E\000i\000g\000e\000n\000v\000e\000c\000t\000o\000r\000\040\000V\000i\000s\000u\000a\000l\000i\000z\000a\000t\000i\000o\000n}{section.10}% 138
\BOOKMARK [3][-]{subsubsection.10.4.1}{\376\377\000C\000o\000m\000b\000i\000n\000e\000d\000\040\000E\000i\000g\000e\000n\000v\000e\000c\000t\000o\000r\000\040\000P\000l\000o\000t\000s}{subsection.10.4}% 139
\BOOKMARK [3][-]{subsubsection.10.4.2}{\376\377\000I\000n\000d\000i\000v\000i\000d\000u\000a\000l\000\040\000E\000i\000g\000e\000n\000v\000e\000c\000t\000o\000r\000\040\000P\000l\000o\000t\000s}{subsection.10.4}% 140
\BOOKMARK [2][-]{subsection.10.5}{\376\377\000R\000\040\000V\000e\000c\000t\000o\000r\000s\000\040\000V\000i\000s\000u\000a\000l\000i\000z\000a\000t\000i\000o\000n}{section.10}% 141
\BOOKMARK [2][-]{subsection.10.6}{\376\377\000F\000i\000l\000e\000\040\000O\000r\000g\000a\000n\000i\000z\000a\000t\000i\000o\000n}{section.10}% 142
\BOOKMARK [1][-]{section.11}{\376\377\000G\000e\000n\000e\000r\000a\000l\000i\000z\000e\000d\000\040\000A\000r\000r\000o\000w\000h\000e\000a\000d\000\040\000M\000a\000t\000r\000i\000x\000\040\000I\000m\000p\000l\000e\000m\000e\000n\000t\000a\000t\000i\000o\000n}{}% 143
\BOOKMARK [2][-]{subsection.11.1}{\376\377\000O\000v\000e\000r\000v\000i\000e\000w}{section.11}% 144
\BOOKMARK [2][-]{subsection.11.2}{\376\377\000K\000e\000y\000\040\000F\000e\000a\000t\000u\000r\000e\000s}{section.11}% 145
\BOOKMARK [2][-]{subsection.11.3}{\376\377\000U\000s\000a\000g\000e}{section.11}% 146
\BOOKMARK [3][-]{subsubsection.11.3.1}{\376\377\000U\000s\000i\000n\000g\000\040\000a\000r\000r\000o\000w\000h\000e\000a\000d\000.\000p\000y}{subsection.11.3}% 147
\BOOKMARK [3][-]{subsubsection.11.3.2}{\376\377\000U\000s\000i\000n\000g\000\040\000m\000a\000i\000n\000.\000p\000y}{subsection.11.3}% 148
\BOOKMARK [2][-]{subsection.11.4}{\376\377\000C\000o\000m\000m\000a\000n\000d\000-\000l\000i\000n\000e\000\040\000A\000r\000g\000u\000m\000e\000n\000t\000s}{section.11}% 149
\BOOKMARK [2][-]{subsection.11.5}{\376\377\000I\000m\000p\000l\000e\000m\000e\000n\000t\000a\000t\000i\000o\000n\000\040\000D\000e\000t\000a\000i\000l\000s}{section.11}% 150
\BOOKMARK [3][-]{subsubsection.11.5.1}{\376\377\000M\000a\000t\000r\000i\000x\000\040\000G\000e\000n\000e\000r\000a\000t\000i\000o\000n}{subsection.11.5}% 151
\BOOKMARK [3][-]{subsubsection.11.5.2}{\376\377\000E\000i\000g\000e\000n\000v\000a\000l\000u\000e\000\040\000a\000n\000d\000\040\000E\000i\000g\000e\000n\000v\000e\000c\000t\000o\000r\000\040\000C\000a\000l\000c\000u\000l\000a\000t\000i\000o\000n}{subsection.11.5}% 152
\BOOKMARK [3][-]{subsubsection.11.5.3}{\376\377\000V\000i\000s\000u\000a\000l\000i\000z\000a\000t\000i\000o\000n}{subsection.11.5}% 153
\BOOKMARK [2][-]{subsection.11.6}{\376\377\000E\000x\000a\000m\000p\000l\000e\000\040\000R\000e\000s\000u\000l\000t\000s}{section.11}% 154
\BOOKMARK [3][-]{subsubsection.11.6.1}{\376\377\000E\000i\000g\000e\000n\000v\000a\000l\000u\000e\000\040\000P\000l\000o\000t\000s}{subsection.11.6}% 155
\BOOKMARK [3][-]{subsubsection.11.6.2}{\376\377\000E\000i\000g\000e\000n\000v\000e\000c\000t\000o\000r\000\040\000V\000i\000s\000u\000a\000l\000i\000z\000a\000t\000i\000o\000n}{subsection.11.6}% 156
\BOOKMARK [3][-]{subsubsection.11.6.3}{\376\377\000R\000\040\000V\000e\000c\000t\000o\000r\000s\000\040\000V\000i\000s\000u\000a\000l\000i\000z\000a\000t\000i\000o\000n}{subsection.11.6}% 157
\BOOKMARK [2][-]{subsection.11.7}{\376\377\000S\000o\000u\000r\000c\000e\000\040\000C\000o\000d\000e}{section.11}% 158
\BOOKMARK [2][-]{subsection.11.8}{\376\377\000C\000o\000n\000c\000l\000u\000s\000i\000o\000n}{section.11}% 159
\BOOKMARK [1][-]{section.12}{\376\377\000C\000o\000n\000c\000l\000u\000s\000i\000o\000n}{}% 160
\BOOKMARK [2][-]{subsection.12.1}{\376\377\000S\000u\000m\000m\000a\000r\000y\000\040\000o\000f\000\040\000F\000e\000a\000t\000u\000r\000e\000s}{section.12}% 161
\BOOKMARK [2][-]{subsection.12.2}{\376\377\000P\000o\000t\000e\000n\000t\000i\000a\000l\000\040\000A\000p\000p\000l\000i\000c\000a\000t\000i\000o\000n\000s}{section.12}% 162
\BOOKMARK [2][-]{subsection.12.3}{\376\377\000F\000u\000t\000u\000r\000e\000\040\000W\000o\000r\000k}{section.12}% 163
\BOOKMARK [2][-]{subsection.12.4}{\376\377\000C\000o\000n\000c\000l\000u\000s\000i\000o\000n}{section.12}% 164
\BOOKMARK [1][-]{appendix.A}{\376\377\000S\000o\000u\000r\000c\000e\000\040\000C\000o\000d\000e}{}% 165
\BOOKMARK [2][-]{subsection.A.1}{\376\377\000E\000x\000a\000m\000p\000l\000e\000\040\000S\000c\000r\000i\000p\000t\000s}{appendix.A}% 166
\BOOKMARK [3][-]{subsubsection.A.1.1}{\376\377\000p\000e\000r\000f\000e\000c\000t\000\137\000c\000i\000r\000c\000l\000e\000\137\000d\000i\000s\000t\000a\000n\000c\000e\000\137\000r\000a\000n\000g\000e\000.\000p\000y}{subsection.A.1}% 167
\BOOKMARK [3][-]{subsubsection.A.1.2}{\376\377\000p\000e\000r\000f\000e\000c\000t\000\137\000o\000r\000t\000h\000o\000g\000o\000n\000a\000l\000\137\000c\000i\000r\000c\000l\000e\000.\000p\000y}{subsection.A.1}% 168
\BOOKMARK [3][-]{subsubsection.A.1.3}{\376\377\000t\000e\000s\000t\000\137\000p\000e\000r\000f\000e\000c\000t\000\137\000c\000i\000r\000c\000l\000e\000\137\000r\000a\000n\000g\000e\000s\000.\000p\000y}{subsection.A.1}% 169
\BOOKMARK [3][-]{subsubsection.A.1.4}{\376\377\000e\000x\000a\000m\000p\000l\000e\000\137\000c\000i\000r\000c\000l\000e\000.\000p\000y}{subsection.A.1}% 170
\BOOKMARK [3][-]{subsubsection.A.1.5}{\376\377\000e\000x\000a\000m\000p\000l\000e\000\137\000c\000i\000r\000c\000l\000e\000\137\000x\000y\000.\000p\000y}{subsection.A.1}% 171
\BOOKMARK [3][-]{subsubsection.A.1.6}{\376\377\000e\000x\000a\000m\000p\000l\000e\000\137\000o\000r\000t\000h\000o\000g\000o\000n\000a\000l\000\137\000c\000i\000r\000c\000l\000e\000.\000p\000y}{subsection.A.1}% 172
\BOOKMARK [2][-]{subsection.A.2}{\376\377\000m\000a\000i\000n\000.\000p\000y}{appendix.A}% 173
\BOOKMARK [2][-]{subsection.A.3}{\376\377\000v\000e\000c\000t\000o\000r\000\137\000u\000t\000i\000l\000s\000.\000p\000y}{appendix.A}% 174
\BOOKMARK [2][-]{subsection.A.4}{\376\377\000c\000o\000n\000f\000i\000g\000.\000p\000y}{appendix.A}% 175
\BOOKMARK [2][-]{subsection.A.5}{\376\377\000v\000i\000s\000u\000a\000l\000i\000z\000a\000t\000i\000o\000n\000.\000p\000y}{appendix.A}% 176
\BOOKMARK [2][-]{subsection.A.6}{\376\377\000\137\000\137\000i\000n\000i\000t\000\137\000\137\000.\000p\000y}{appendix.A}% 177
\BOOKMARK [1][-]{appendix.B}{\376\377\000E\000x\000a\000m\000p\000l\000e\000\040\000A\000p\000p\000l\000i\000c\000a\000t\000i\000o\000n\000:\000\040\000A\000r\000r\000o\000w\000h\000e\000a\000d\000\040\000M\000a\000t\000r\000i\000x\000\040\000V\000i\000s\000u\000a\000l\000i\000z\000a\000t\000i\000o\000n}{}% 178
\BOOKMARK [2][-]{subsection.B.1}{\376\377\000g\000e\000n\000e\000r\000a\000t\000e\000\137\000a\000r\000r\000o\000w\000h\000e\000a\000d\000\137\000m\000a\000t\000r\000i\000x\000.\000p\000y}{appendix.B}% 179
\BOOKMARK [2][-]{subsection.B.2}{\376\377\000g\000e\000n\000e\000r\000a\000t\000e\000\137\0004\000x\0004\000\137\000a\000r\000r\000o\000w\000h\000e\000a\000d\000.\000p\000y}{appendix.B}% 180
\BOOKMARK [2][-]{subsection.B.3}{\376\377\000p\000l\000o\000t\000\137\000i\000m\000p\000r\000o\000v\000e\000d\000.\000p\000y}{appendix.B}% 181
\BOOKMARK [2][-]{subsection.B.4}{\376\377\000f\000i\000l\000e\000\137\000u\000t\000i\000l\000s\000.\000p\000y}{appendix.B}% 182
\BOOKMARK [1][-]{appendix.C}{\376\377\000A\000p\000p\000e\000n\000d\000i\000x\000:\000\040\000G\000e\000n\000e\000r\000a\000l\000i\000z\000e\000d\000\040\000A\000r\000r\000o\000w\000h\000e\000a\000d\000\040\000M\000a\000t\000r\000i\000x\000\040\000I\000m\000p\000l\000e\000m\000e\000n\000t\000a\000t\000i\000o\000n}{}% 183
\BOOKMARK [2][-]{subsection.C.1}{\376\377\000C\000o\000m\000m\000a\000n\000d\000-\000L\000i\000n\000e\000\040\000I\000n\000t\000e\000r\000f\000a\000c\000e}{appendix.C}% 184
\BOOKMARK [2][-]{subsection.C.2}{\376\377\000U\000s\000a\000g\000e\000\040\000E\000x\000a\000m\000p\000l\000e\000s}{appendix.C}% 185
\BOOKMARK [3][-]{subsubsection.C.2.1}{\376\377\000U\000s\000i\000n\000g\000\040\000a\000r\000r\000o\000w\000h\000e\000a\000d\000.\000p\000y}{subsection.C.2}% 186
\BOOKMARK [3][-]{subsubsection.C.2.2}{\376\377\000U\000s\000i\000n\000g\000\040\000m\000a\000i\000n\000.\000p\000y}{subsection.C.2}% 187
\BOOKMARK [2][-]{subsection.C.3}{\376\377\000E\000x\000a\000m\000p\000l\000e\000\040\000O\000u\000t\000p\000u\000t}{appendix.C}% 188
\BOOKMARK [2][-]{subsection.C.4}{\376\377\000S\000o\000u\000r\000c\000e\000\040\000C\000o\000d\000e}{appendix.C}% 189
\BOOKMARK [2][-]{subsection.C.5}{\376\377\000E\000x\000a\000m\000p\000l\000e\000\040\000R\000e\000s\000u\000l\000t\000s}{appendix.C}% 190
\BOOKMARK [1][-]{appendix.D}{\376\377\000B\000e\000r\000r\000y\000\040\000P\000h\000a\000s\000e\000\040\000C\000a\000l\000c\000u\000l\000a\000t\000i\000o\000n\000\040\000i\000n\000\040\000Q\000u\000a\000n\000t\000u\000m\000\040\000S\000y\000s\000t\000e\000m\000s}{}% 191
\BOOKMARK [2][-]{subsection.D.1}{\376\377\000I\000n\000t\000r\000o\000d\000u\000c\000t\000i\000o\000n}{appendix.D}% 192
\BOOKMARK [2][-]{subsection.D.2}{\376\377\000T\000h\000e\000o\000r\000e\000t\000i\000c\000a\000l\000\040\000B\000a\000c\000k\000g\000r\000o\000u\000n\000d}{appendix.D}% 193
\BOOKMARK [3][-]{subsubsection.D.2.1}{\376\377\000D\000e\000f\000i\000n\000i\000t\000i\000o\000n\000\040\000o\000f\000\040\000B\000e\000r\000r\000y\000\040\000P\000h\000a\000s\000e}{subsection.D.2}% 194
\BOOKMARK [3][-]{subsubsection.D.2.2}{\376\377\000D\000i\000s\000c\000r\000e\000t\000e\000\040\000A\000p\000p\000r\000o\000x\000i\000m\000a\000t\000i\000o\000n}{subsection.D.2}% 195
\BOOKMARK [3][-]{subsubsection.D.2.3}{\376\377\000T\000o\000p\000o\000l\000o\000g\000i\000c\000a\000l\000\040\000S\000i\000g\000n\000i\000f\000i\000c\000a\000n\000c\000e}{subsection.D.2}% 196
\BOOKMARK [2][-]{subsection.D.3}{\376\377\000I\000m\000p\000l\000e\000m\000e\000n\000t\000a\000t\000i\000o\000n\000\040\000D\000e\000t\000a\000i\000l\000s}{appendix.D}% 197
\BOOKMARK [2][-]{subsection.D.4}{\376\377\000R\000e\000s\000u\000l\000t\000s\000\040\000a\000n\000d\000\040\000I\000n\000t\000e\000r\000p\000r\000e\000t\000a\000t\000i\000o\000n}{appendix.D}% 198
\BOOKMARK [3][-]{subsubsection.D.4.1}{\376\377\000B\000e\000r\000r\000y\000\040\000P\000h\000a\000s\000e\000\040\000V\000a\000l\000u\000e\000s}{subsection.D.4}% 199
\BOOKMARK [3][-]{subsubsection.D.4.2}{\376\377\000W\000i\000n\000d\000i\000n\000g\000\040\000N\000u\000m\000b\000e\000r\000s}{subsection.D.4}% 200
\BOOKMARK [3][-]{subsubsection.D.4.3}{\376\377\000I\000n\000t\000e\000r\000p\000r\000e\000t\000a\000t\000i\000o\000n}{subsection.D.4}% 201
\BOOKMARK [2][-]{subsection.D.5}{\376\377\000O\000v\000e\000r\000l\000a\000p\000\040\000A\000n\000a\000l\000y\000s\000i\000s}{appendix.D}% 202
\BOOKMARK [2][-]{subsection.D.6}{\376\377\000P\000h\000y\000s\000i\000c\000a\000l\000\040\000I\000n\000t\000e\000r\000p\000r\000e\000t\000a\000t\000i\000o\000n\000\040\000o\000f\000\040\000E\000i\000g\000e\000n\000s\000t\000a\000t\000e\000s\000\040\0001\000\040\000a\000n\000d\000\040\0002}{appendix.D}% 203
\BOOKMARK [3][-]{subsubsection.D.6.1}{\376\377\000E\000i\000g\000e\000n\000s\000t\000a\000t\000e\000\040\0001\000:\000\040\000O\000d\000d\000\040\000W\000i\000n\000d\000i\000n\000g\000\040\000N\000u\000m\000b\000e\000r\000\040\000a\000n\000d\000\040\000C\000h\000i\000r\000a\000l\000\040\000F\000l\000o\000w}{subsection.D.6}% 204
\BOOKMARK [3][-]{subsubsection.D.6.2}{\376\377\000E\000i\000g\000e\000n\000s\000t\000a\000t\000e\000\040\0002\000:\000\040\000E\000v\000e\000n\000\040\000W\000i\000n\000d\000i\000n\000g\000\040\000N\000u\000m\000b\000e\000r\000\040\000a\000n\000d\000\040\000N\000o\000n\000-\000t\000r\000i\000v\000i\000a\000l\000\040\000T\000o\000p\000o\000l\000o\000g\000y}{subsection.D.6}% 205
\BOOKMARK [3][-]{subsubsection.D.6.3}{\376\377\000P\000h\000y\000s\000i\000c\000a\000l\000\040\000F\000l\000o\000w\000\040\000a\000n\000d\000\040\000T\000o\000p\000o\000l\000o\000g\000i\000c\000a\000l\000\040\000C\000u\000r\000r\000e\000n\000t\000s}{subsection.D.6}% 206
\BOOKMARK [2][-]{subsection.D.7}{\376\377\000C\000o\000n\000c\000l\000u\000s\000i\000o\000n}{appendix.D}% 207
