# Degeneracy Check
======================================

Parameters:
Tolerance level: 0.001
Small difference threshold: 0.1

======================================

No near-degenerate eigenstates found.
Eigenstates 1 and 2 are degenerate.

======================================
Differences between eigenstates:
Eigenstates 0 and 1: [1.10786435 1.10786445 1.10786474 1.10786517 1.10786569 1.10786621
 1.10786667 1.10786698 1.10786712 1.10786705 1.10786679 1.10786638
 1.10786587 1.10786534 1.10786487 1.10786453 1.10786436 1.1078644
 1.10786463 1.10786502 1.10786551 1.10786604 1.10786653 1.1078669
 1.10786709 1.10786709 1.1078669  1.10786653 1.10786604 1.10786551
 1.10786502 1.10786463 1.1078644  1.10786436 1.10786453 1.10786487
 1.10786534 1.10786587 1.10786638 1.10786679 1.10786705 1.10786712
 1.10786698 1.10786667 1.10786621 1.10786569 1.10786517 1.10786474
 1.10786445 1.10786435]
Eigenstates 0 and 2: [1.10868362 1.10868352 1.10868323 1.10868279 1.10868227 1.10868174
 1.10868129 1.10868097 1.10868083 1.1086809  1.10868116 1.10868158
 1.10868209 1.10868262 1.10868309 1.10868344 1.10868361 1.10868357
 1.10868334 1.10868295 1.10868245 1.10868191 1.10868143 1.10868106
 1.10868085 1.10868085 1.10868106 1.10868143 1.10868191 1.10868245
 1.10868295 1.10868334 1.10868357 1.10868361 1.10868344 1.10868309
 1.10868262 1.10868209 1.10868158 1.10868116 1.1086809  1.10868083
 1.10868097 1.10868129 1.10868174 1.10868227 1.10868279 1.10868323
 1.10868352 1.10868362]
Eigenstates 0 and 3: [1.2165545  1.21655451 1.21655451 1.21655451 1.21655452 1.21655452
 1.21655452 1.21655452 1.21655453 1.21655453 1.21655452 1.21655452
 1.21655452 1.21655451 1.21655451 1.21655451 1.2165545  1.21655451
 1.21655451 1.21655451 1.21655451 1.21655452 1.21655452 1.21655452
 1.21655453 1.21655453 1.21655452 1.21655452 1.21655452 1.21655451
 1.21655451 1.21655451 1.21655451 1.2165545  1.21655451 1.21655451
 1.21655451 1.21655452 1.21655452 1.21655452 1.21655453 1.21655453
 1.21655452 1.21655452 1.21655452 1.21655452 1.21655451 1.21655451
 1.21655451 1.2165545 ]
Eigenstates 1 and 2: [0.00081926 0.00081906 0.00081848 0.00081761 0.00081658 0.00081553
 0.00081462 0.00081398 0.00081371 0.00081385 0.00081437 0.0008152
 0.00081622 0.00081728 0.00081822 0.00081891 0.00081924 0.00081917
 0.00081871 0.00081793 0.00081693 0.00081587 0.0008149  0.00081416
 0.00081376 0.00081376 0.00081416 0.0008149  0.00081587 0.00081693
 0.00081793 0.00081871 0.00081917 0.00081924 0.00081891 0.00081822
 0.00081728 0.00081622 0.0008152  0.00081437 0.00081385 0.00081371
 0.00081398 0.00081462 0.00081553 0.00081658 0.00081761 0.00081848
 0.00081906 0.00081926]
Eigenstates 1 and 3: [0.10869015 0.10869005 0.10868977 0.10868934 0.10868882 0.10868831
 0.10868786 0.10868754 0.10868741 0.10868748 0.10868773 0.10868815
 0.10868865 0.10868917 0.10868964 0.10868998 0.10869014 0.10869011
 0.10868988 0.10868949 0.108689   0.10868848 0.10868799 0.10868763
 0.10868743 0.10868743 0.10868763 0.10868799 0.10868848 0.108689
 0.10868949 0.10868988 0.10869011 0.10869014 0.10868998 0.10868964
 0.10868917 0.10868865 0.10868815 0.10868773 0.10868748 0.10868741
 0.10868754 0.10868786 0.10868831 0.10868882 0.10868934 0.10868977
 0.10869005 0.10869015]
Eigenstates 2 and 3: [0.10787089 0.10787099 0.10787128 0.10787172 0.10787225 0.10787278
 0.10787324 0.10787356 0.10787369 0.10787363 0.10787336 0.10787294
 0.10787242 0.10787189 0.10787142 0.10787107 0.1078709  0.10787093
 0.10787117 0.10787156 0.10787207 0.1078726  0.10787309 0.10787347
 0.10787367 0.10787367 0.10787347 0.10787309 0.1078726  0.10787207
 0.10787156 0.10787117 0.10787093 0.1078709  0.10787107 0.10787142
 0.10787189 0.10787242 0.10787294 0.10787336 0.10787363 0.10787369
 0.10787356 0.10787324 0.10787278 0.10787225 0.10787172 0.10787128
 0.10787099 0.10787089]
