# Eigenstate Overlaps vs Theta
# Theta (degrees)	State 0	State 1	State 2	State 3
0.00	1.00000000+0.00000000j	0.99931379+0.00000000j	0.99814352+0.00000000j	0.99882718-0.00000000j	
7.35	1.00000000+0.00000000j	0.99919752-0.00000000j	0.99813963-0.00000000j	0.99891921+0.00000000j	
14.69	1.00000000+0.00000000j	0.99893240+0.00000000j	0.99807412+0.00000000j	0.99907837+0.00000000j	
22.04	1.00000000+0.00000000j	0.99844735+0.00000000j	0.99783753+0.00000000j	0.99926708+0.00000000j	
29.39	1.00000000+0.00000000j	0.99763303+0.00000000j	0.99728264+0.00000000j	0.99944997+0.00000000j	
36.73	1.00000000+0.00000000j	0.99639181+0.00000000j	0.99628045+0.00000000j	0.99960234+0.00000000j	
44.08	1.00000000+0.00000000j	0.99482348+0.00000000j	0.99490324+0.00000000j	0.99971088+0.00000000j	
51.43	1.00000000+0.00000000j	0.99349994+0.00000000j	0.99369519+0.00000000j	0.99977017+0.00000000j	
58.78	1.00000000+0.00000000j	0.99326950+0.00000000j	0.99348214+0.00000000j	0.99977867+0.00000000j	
66.12	1.00000000+0.00000000j	0.99431169+0.00000000j	0.99443968+0.00000000j	0.99973624+0.00000000j	
73.47	1.00000000+0.00000000j	0.99588878+0.00000000j	0.99584781+0.00000000j	0.99964378+0.00000000j	
80.82	1.00000000+0.00000000j	0.99726864+0.00000000j	0.99700157+0.00000000j	0.99950502+0.00000000j	
88.16	1.00000000+0.00000000j	0.99821857+0.00000000j	0.99769569+0.00000000j	0.99933017+0.00000000j	
95.51	1.00000000+0.00000000j	0.99879989+0.00000000j	0.99802098+0.00000000j	0.99913990+0.00000000j	
102.86	1.00000000+0.00000000j	0.99912834+0.00000000j	0.99812906+0.00000000j	0.99896656+0.00000000j	
110.20	1.00000000+0.00000000j	0.99928885+0.00000000j	0.99814436+0.00000000j	0.99884843+0.00000000j	
117.55	1.00000000+0.00000000j	0.99932607+0.00000000j	0.99814273+0.00000000j	0.99881638+0.00000000j	
124.90	1.00000000+0.00000000j	0.99925049+0.00000000j	0.99814378+0.00000000j	0.99887944+0.00000000j	
132.24	1.00000000+0.00000000j	0.99904083+0.00000000j	0.99810859+0.00000000j	0.99902009+0.00000000j	
139.59	1.00000000+0.00000000j	0.99863960+0.00000000j	0.99794399+0.00000000j	0.99920325+0.00000000j	
146.94	1.00000000+0.00000000j	0.99794858+0.00000000j	0.99751256+0.00000000j	0.99939144+0.00000000j	
154.29	1.00000000+0.00000000j	0.99685416+0.00000000j	0.99666711+0.00000000j	0.99955597+0.00000000j	
161.63	1.00000000+0.00000000j	0.99535886+0.00000000j	0.99538194+0.00000000j	0.99968002+0.00000000j	
168.98	1.00000000+0.00000000j	0.99385829+0.00000000j	0.99402508+0.00000000j	0.99975602+0.00000000j	
176.33	1.00000000+0.00000000j	0.99318994+0.00000000j	0.99340843+0.00000000j	0.99978151+0.00000000j	
183.67	1.00000000+0.00000000j	0.99385829+0.00000000j	0.99402508+0.00000000j	0.99975602+0.00000000j	
191.02	1.00000000+0.00000000j	0.99535886+0.00000000j	0.99538194+0.00000000j	0.99968002+0.00000000j	
198.37	1.00000000+0.00000000j	0.99685416+0.00000000j	0.99666711+0.00000000j	0.99955597+0.00000000j	
205.71	1.00000000+0.00000000j	0.99794858+0.00000000j	0.99751256+0.00000000j	0.99939144+0.00000000j	
213.06	1.00000000+0.00000000j	0.99863960+0.00000000j	0.99794399+0.00000000j	0.99920325+0.00000000j	
220.41	1.00000000+0.00000000j	0.99904083+0.00000000j	0.99810859+0.00000000j	0.99902009+0.00000000j	
227.76	1.00000000+0.00000000j	0.99925049+0.00000000j	0.99814378+0.00000000j	0.99887944+0.00000000j	
235.10	1.00000000+0.00000000j	0.99932607+0.00000000j	0.99814273+0.00000000j	0.99881638+0.00000000j	
242.45	1.00000000+0.00000000j	0.99928885+0.00000000j	0.99814436+0.00000000j	0.99884843+0.00000000j	
249.80	1.00000000+0.00000000j	0.99912834-0.00000000j	0.99812906-0.00000000j	0.99896656+0.00000000j	
257.14	1.00000000+0.00000000j	0.99879989+0.00000000j	0.99802098+0.00000000j	0.99913990+0.00000000j	
264.49	1.00000000+0.00000000j	0.99821857+0.00000000j	0.99769569+0.00000000j	0.99933017+0.00000000j	
271.84	1.00000000+0.00000000j	0.99726864+0.00000000j	0.99700157+0.00000000j	0.99950502+0.00000000j	
279.18	1.00000000+0.00000000j	0.99588878+0.00000000j	0.99584781+0.00000000j	0.99964378+0.00000000j	
286.53	1.00000000+0.00000000j	0.99431169+0.00000000j	0.99443968+0.00000000j	0.99973624+0.00000000j	
293.88	1.00000000+0.00000000j	0.99326950+0.00000000j	0.99348214+0.00000000j	0.99977867+0.00000000j	
301.22	1.00000000+0.00000000j	0.99349994+0.00000000j	0.99369519+0.00000000j	0.99977017+0.00000000j	
308.57	1.00000000+0.00000000j	0.99482348-0.00000000j	0.99490324-0.00000000j	0.99971088+0.00000000j	
315.92	1.00000000+0.00000000j	0.99639181+0.00000000j	0.99628045+0.00000000j	0.99960234+0.00000000j	
323.27	1.00000000+0.00000000j	0.99763303+0.00000000j	0.99728264+0.00000000j	0.99944997+0.00000000j	
330.61	1.00000000+0.00000000j	0.99844735+0.00000000j	0.99783753+0.00000000j	0.99926708+0.00000000j	
337.96	1.00000000+0.00000000j	0.99893240+0.00000000j	0.99807412+0.00000000j	0.99907837+0.00000000j	
345.31	1.00000000+0.00000000j	0.99919752+0.00000000j	0.99813963+0.00000000j	0.99891921+0.00000000j	
352.65	1.00000000+0.00000000j	0.99931379+0.00000000j	0.99814352+0.00000000j	0.99882718-0.00000000j	
360.00	1.00000000+0.00000000j	1.00000000+0.00000000j	1.00000000+0.00000000j	1.00000000+0.00000000j	
