# Eigenstate Overlaps vs Theta
# Theta (degrees)	State 0	State 1	State 2	State 3
0.00	1.00000000	0.99798585	0.99798564	0.99999978	
7.35	1.00000000	0.99797999	0.99797981	0.99999978	
14.69	1.00000000	0.99796906	0.99796893	0.99999979	
22.04	1.00000000	0.99795459	0.99795454	0.99999979	
29.39	1.00000000	0.99793864	0.99793867	0.99999979	
36.73	1.00000000	0.99792354	0.99792364	0.99999979	
44.08	1.00000000	0.99791153	0.99791170	0.99999979	
51.43	1.00000000	0.99790446	0.99790466	0.99999979	
58.78	1.00000000	0.99790341	0.99790362	0.99999979	
66.12	1.00000000	0.99790855	0.99790873	0.99999979	
73.47	1.00000000	0.99791909	0.99791922	0.99999979	
80.82	1.00000000	0.99793340	0.99793345	0.99999979	
88.16	1.00000000	0.99794933	0.99794930	0.99999979	
95.51	1.00000000	0.99796454	0.99796444	0.99999979	
102.86	1.00000000	0.99797685	0.99797668	0.99999978	
110.20	1.00000000	0.99798453	0.99798432	0.99999978	
117.55	1.00000000	0.99798652	0.99798631	0.99999978	
124.90	1.00000000	0.99798256	0.99798237	0.99999978	
132.24	1.00000000	0.99797318	0.99797304	0.99999979	
139.59	1.00000000	0.99795969	0.99795961	0.99999979	
146.94	1.00000000	0.99794398	0.99794399	0.99999979	
154.29	1.00000000	0.99792833	0.99792842	0.99999979	
161.63	1.00000000	0.99791506	0.99791521	0.99999979	
168.98	1.00000000	0.99790618	0.99790637	0.99999979	
176.33	1.00000000	0.99790306	0.99790327	0.99999979	
183.67	1.00000000	0.99790618	0.99790637	0.99999979	
191.02	1.00000000	0.99791506	0.99791521	0.99999979	
198.37	1.00000000	0.99792833	0.99792842	0.99999979	
205.71	1.00000000	0.99794398	0.99794399	0.99999979	
213.06	1.00000000	0.99795969	0.99795961	0.99999979	
220.41	1.00000000	0.99797318	0.99797304	0.99999979	
227.76	1.00000000	0.99798256	0.99798237	0.99999978	
235.10	1.00000000	0.99798652	0.99798631	0.99999978	
242.45	1.00000000	0.99798453	0.99798432	0.99999978	
249.80	1.00000000	0.99797685	0.99797668	0.99999978	
257.14	1.00000000	0.99796454	0.99796444	0.99999979	
264.49	1.00000000	0.99794933	0.99794930	0.99999979	
271.84	1.00000000	0.99793340	0.99793345	0.99999979	
279.18	1.00000000	0.99791909	0.99791922	0.99999979	
286.53	1.00000000	0.99790855	0.99790873	0.99999979	
293.88	1.00000000	0.99790341	0.99790362	0.99999979	
301.22	1.00000000	0.99790446	0.99790466	0.99999979	
308.57	1.00000000	0.99791153	0.99791170	0.99999979	
315.92	1.00000000	0.99792354	0.99792364	0.99999979	
323.27	1.00000000	0.99793864	0.99793867	0.99999979	
330.61	1.00000000	0.99795459	0.99795454	0.99999979	
337.96	1.00000000	0.99796906	0.99796893	0.99999979	
345.31	1.00000000	0.99797999	0.99797981	0.99999978	
352.65	1.00000000	0.99798585	0.99798564	0.99999978	
360.00	1.00000000	1.00000000	1.00000000	1.00000000	
