# Eigenstate Overlaps vs Theta
# Theta (degrees)	State 0	State 1	State 2	State 3
0.00	1.00000000+0.00000000j	0.99798585+0.00000000j	0.99798564+0.00000000j	-0.99999978+0.00000000j	
7.35	1.00000000+0.00000000j	0.99797999+0.00000000j	0.99797981+0.00000000j	0.99999978+0.00000000j	
14.69	1.00000000+0.00000000j	0.99796906+0.00000000j	0.99796893+0.00000000j	0.99999979+0.00000000j	
22.04	1.00000000+0.00000000j	0.99795459+0.00000000j	0.99795454+0.00000000j	0.99999979+0.00000000j	
29.39	1.00000000+0.00000000j	-0.99793864+0.00000000j	-0.99793867+0.00000000j	0.99999979+0.00000000j	
36.73	1.00000000+0.00000000j	0.99792354+0.00000000j	0.99792364+0.00000000j	0.99999979+0.00000000j	
44.08	1.00000000+0.00000000j	0.99791153+0.00000000j	0.99791170+0.00000000j	0.99999979+0.00000000j	
51.43	1.00000000+0.00000000j	0.99790446+0.00000000j	0.99790466+0.00000000j	0.99999979+0.00000000j	
58.78	1.00000000+0.00000000j	0.99790341+0.00000000j	0.99790362+0.00000000j	0.99999979+0.00000000j	
66.12	1.00000000+0.00000000j	0.99790855+0.00000000j	0.99790873+0.00000000j	0.99999979+0.00000000j	
73.47	1.00000000+0.00000000j	0.99791909+0.00000000j	0.99791922+0.00000000j	0.99999979+0.00000000j	
80.82	1.00000000+0.00000000j	0.99793340+0.00000000j	0.99793345+0.00000000j	0.99999979+0.00000000j	
88.16	1.00000000+0.00000000j	0.99794933+0.00000000j	0.99794930+0.00000000j	0.99999979+0.00000000j	
95.51	1.00000000+0.00000000j	0.99796454+0.00000000j	0.99796444+0.00000000j	0.99999979+0.00000000j	
102.86	1.00000000+0.00000000j	0.99797685+0.00000000j	0.99797668+0.00000000j	0.99999978+0.00000000j	
110.20	1.00000000+0.00000000j	0.99798453+0.00000000j	0.99798432+0.00000000j	0.99999978+0.00000000j	
117.55	1.00000000+0.00000000j	0.99798652+0.00000000j	0.99798631+0.00000000j	0.99999978+0.00000000j	
124.90	1.00000000+0.00000000j	0.99798256+0.00000000j	0.99798237+0.00000000j	0.99999978+0.00000000j	
132.24	1.00000000+0.00000000j	-0.99797318+0.00000000j	-0.99797304+0.00000000j	0.99999979+0.00000000j	
139.59	1.00000000+0.00000000j	0.99795969+0.00000000j	0.99795961+0.00000000j	0.99999979+0.00000000j	
146.94	1.00000000+0.00000000j	-0.99794398+0.00000000j	-0.99794399+0.00000000j	0.99999979+0.00000000j	
154.29	1.00000000+0.00000000j	0.99792833+0.00000000j	0.99792842+0.00000000j	0.99999979+0.00000000j	
161.63	1.00000000+0.00000000j	0.99791506+0.00000000j	0.99791521+0.00000000j	0.99999979+0.00000000j	
168.98	1.00000000+0.00000000j	0.99790618+0.00000000j	0.99790637+0.00000000j	0.99999979+0.00000000j	
176.33	1.00000000+0.00000000j	0.99790306+0.00000000j	0.99790327+0.00000000j	0.99999979+0.00000000j	
183.67	1.00000000+0.00000000j	0.99790618+0.00000000j	0.99790637+0.00000000j	0.99999979+0.00000000j	
191.02	1.00000000+0.00000000j	0.99791506+0.00000000j	0.99791521+0.00000000j	0.99999979+0.00000000j	
198.37	1.00000000+0.00000000j	0.99792833+0.00000000j	0.99792842+0.00000000j	0.99999979+0.00000000j	
205.71	1.00000000+0.00000000j	0.99794398+0.00000000j	0.99794399+0.00000000j	0.99999979+0.00000000j	
213.06	1.00000000+0.00000000j	0.99795969+0.00000000j	0.99795961+0.00000000j	0.99999979+0.00000000j	
220.41	1.00000000+0.00000000j	0.99797318+0.00000000j	0.99797304+0.00000000j	0.99999979+0.00000000j	
227.76	1.00000000+0.00000000j	0.99798256+0.00000000j	0.99798237+0.00000000j	0.99999978+0.00000000j	
235.10	1.00000000+0.00000000j	0.99798652+0.00000000j	0.99798631+0.00000000j	0.99999978+0.00000000j	
242.45	1.00000000+0.00000000j	0.99798453+0.00000000j	0.99798432+0.00000000j	0.99999978+0.00000000j	
249.80	1.00000000+0.00000000j	0.99797685+0.00000000j	0.99797668+0.00000000j	0.99999978+0.00000000j	
257.14	1.00000000+0.00000000j	0.99796454+0.00000000j	0.99796444+0.00000000j	0.99999979+0.00000000j	
264.49	1.00000000+0.00000000j	-0.99794933+0.00000000j	-0.99794930+0.00000000j	0.99999979+0.00000000j	
271.84	1.00000000+0.00000000j	0.99793340+0.00000000j	0.99793345+0.00000000j	0.99999979+0.00000000j	
279.18	1.00000000+0.00000000j	0.99791909+0.00000000j	0.99791922+0.00000000j	0.99999979+0.00000000j	
286.53	1.00000000+0.00000000j	0.99790855+0.00000000j	0.99790873+0.00000000j	0.99999979+0.00000000j	
293.88	1.00000000+0.00000000j	0.99790341+0.00000000j	0.99790362+0.00000000j	0.99999979+0.00000000j	
301.22	1.00000000+0.00000000j	0.99790446+0.00000000j	0.99790466+0.00000000j	0.99999979+0.00000000j	
308.57	1.00000000+0.00000000j	-0.99791153+0.00000000j	-0.99791170+0.00000000j	0.99999979+0.00000000j	
315.92	1.00000000+0.00000000j	0.99792354+0.00000000j	0.99792364+0.00000000j	0.99999979+0.00000000j	
323.27	1.00000000+0.00000000j	0.99793864+0.00000000j	0.99793867+0.00000000j	0.99999979+0.00000000j	
330.61	1.00000000+0.00000000j	0.99795459+0.00000000j	0.99795454+0.00000000j	0.99999979+0.00000000j	
337.96	1.00000000+0.00000000j	0.99796906+0.00000000j	0.99796893+0.00000000j	0.99999979+0.00000000j	
345.31	1.00000000+0.00000000j	0.99797999+0.00000000j	0.99797981+0.00000000j	0.99999978+0.00000000j	
352.65	1.00000000+0.00000000j	0.99798585+0.00000000j	0.99798564+0.00000000j	-0.99999978+0.00000000j	
360.00	1.00000000+0.00000000j	1.00000000+0.00000000j	1.00000000+0.00000000j	1.00000000+0.00000000j	
