# Degeneracy Check
======================================

Parameters:
Tolerance level: 0.001
Small difference threshold: 0.1

======================================

No degenerate eigenstates found.
Eigenstates 1 and 2 are near degenerate.
Eigenstates 1 and 3 are near degenerate.
Eigenstates 2 and 3 are near degenerate.

======================================
Differences between eigenstates:
Eigenstates 0 and 1: [2.05746214 2.05746293 2.05746519 2.0574686  2.05747267 2.05747681
 2.05748041 2.05748295 2.05748402 2.05748348 2.0574814  2.0574781
 2.05747407 2.05746991 2.05746622 2.05746353 2.05746223 2.05746249
 2.05746429 2.05746736 2.05747127 2.05747546 2.05747931 2.05748225
 2.05748384 2.05748384 2.05748225 2.05747931 2.05747546 2.05747127
 2.05746736 2.05746429 2.05746249 2.05746223 2.05746353 2.05746622
 2.05746991 2.05747407 2.0574781  2.0574814  2.05748348 2.05748402
 2.05748295 2.05748041 2.05747681 2.05747267 2.0574686  2.05746519
 2.05746293 2.05746214]
Eigenstates 0 and 2: [2.05911704 2.05911623 2.0591139  2.0591104  2.05910621 2.05910195
 2.05909824 2.05909564 2.05909453 2.05909509 2.05909723 2.05910062
 2.05910477 2.05910905 2.05911284 2.05911561 2.05911695 2.05911668
 2.05911483 2.05911167 2.05910765 2.05910334 2.05909938 2.05909636
 2.05909472 2.05909472 2.05909636 2.05909938 2.05910334 2.05910765
 2.05911167 2.05911483 2.05911668 2.05911695 2.05911561 2.05911284
 2.05910905 2.05910477 2.05910062 2.05909723 2.05909509 2.05909453
 2.05909564 2.05909824 2.05910195 2.05910621 2.0591104  2.0591139
 2.05911623 2.05911704]
Eigenstates 0 and 3: [2.11662299 2.11662301 2.11662308 2.11662318 2.11662329 2.11662341
 2.11662351 2.11662358 2.11662361 2.1166236  2.11662354 2.11662345
 2.11662333 2.11662321 2.11662311 2.11662303 2.11662299 2.116623
 2.11662305 2.11662314 2.11662325 2.11662337 2.11662348 2.11662356
 2.11662361 2.11662361 2.11662356 2.11662348 2.11662337 2.11662325
 2.11662314 2.11662305 2.116623   2.11662299 2.11662303 2.11662311
 2.11662321 2.11662333 2.11662345 2.11662354 2.1166236  2.11662361
 2.11662358 2.11662351 2.11662341 2.11662329 2.11662318 2.11662308
 2.11662301 2.11662299]
Eigenstates 1 and 2: [0.0016549  0.0016533  0.00164871 0.0016418  0.00163354 0.00162514
 0.00161783 0.00161269 0.00161051 0.00161161 0.00161583 0.00162252
 0.0016307  0.00163914 0.00164663 0.00165208 0.00165472 0.00165418
 0.00165054 0.00164431 0.00163637 0.00162788 0.00162007 0.00161411
 0.00161088 0.00161088 0.00161411 0.00162007 0.00162788 0.00163637
 0.00164431 0.00165054 0.00165418 0.00165472 0.00165208 0.00164663
 0.00163914 0.0016307  0.00162252 0.00161583 0.00161161 0.00161051
 0.00161269 0.00161783 0.00162514 0.00163354 0.0016418  0.00164871
 0.0016533  0.0016549 ]
Eigenstates 1 and 3: [0.05916085 0.05916009 0.05915789 0.05915458 0.05915063 0.0591466
 0.0591431  0.05914064 0.05913959 0.05914012 0.05914214 0.05914535
 0.05914926 0.05915331 0.05915689 0.0591595  0.05916077 0.05916051
 0.05915877 0.05915578 0.05915198 0.05914791 0.05914417 0.05914131
 0.05913977 0.05913977 0.05914131 0.05914417 0.05914791 0.05915198
 0.05915578 0.05915877 0.05916051 0.05916077 0.0591595  0.05915689
 0.05915331 0.05914926 0.05914535 0.05914214 0.05914012 0.05913959
 0.05914064 0.0591431  0.0591466  0.05915063 0.05915458 0.05915789
 0.05916009 0.05916085]
Eigenstates 2 and 3: [0.05750595 0.05750679 0.05750918 0.05751278 0.05751708 0.05752146
 0.05752527 0.05752794 0.05752908 0.05752851 0.05752631 0.05752282
 0.05751857 0.05751417 0.05751027 0.05750742 0.05750605 0.05750633
 0.05750822 0.05751147 0.05751561 0.05752003 0.0575241  0.05752721
 0.05752889 0.05752889 0.05752721 0.0575241  0.05752003 0.05751561
 0.05751147 0.05750822 0.05750633 0.05750605 0.05750742 0.05751027
 0.05751417 0.05751857 0.05752282 0.05752631 0.05752851 0.05752908
 0.05752794 0.05752527 0.05752146 0.05751708 0.05751278 0.05750918
 0.05750679 0.05750595]
