Eigenvectors vs Theta
Theta = 0.00 degrees
State 0:
 (0.98613162+0.00000000j)  (-0.09589606+0.00000000j)  (-0.09578199+0.00000000j)  (-0.09578199+0.00000000j)
State 1:
 (-0.00328681-0.00000000j)  (-0.82729670+0.00000000j)  (0.39722120+0.00000000j)  (0.39722120+0.00000000j)
State 2:
 (-0.00000000+0.00000000j)  (-0.00000000+0.00000000j)  (-0.70710678+0.00000000j)  (0.70710678+0.00000000j)
State 3:
 (-0.16593261+0.00000000j)  (-0.55351975+0.00000000j)  (-0.57709715+0.00000000j)  (-0.57709715+0.00000000j)

Theta = 7.35 degrees
State 0:
 (0.98613162+0.00000000j)  (-0.09589544+0.00000000j)  (-0.09577389+0.00000000j)  (-0.09579071+0.00000000j)
State 1:
 (-0.00322781+0.00000000j)  (-0.82555576+0.00000000j)  (0.35310344+0.00000000j)  (0.44018773+0.00000000j)
State 2:
 (0.00063749+0.00000000j)  (0.05235503+0.00000000j)  (-0.72875131+0.00000000j)  (0.68277381+0.00000000j)
State 3:
 (-0.16593254+0.00000000j)  (-0.55364312+0.00000000j)  (-0.57884959+0.00000000j)  (-0.57522068+0.00000000j)

Theta = 14.69 degrees
State 0:
 (0.98613162+0.00000000j)  (-0.09589357+0.00000000j)  (-0.09576655+0.00000000j)  (-0.09579992+0.00000000j)
State 1:
 (-0.00305250+0.00000000j)  (-0.82030831+0.00000000j)  (0.30773149+0.00000000j)  (0.48206461+0.00000000j)
State 2:
 (0.00125315+0.00000000j)  (0.10473708+0.00000000j)  (-0.74780463+0.00000000j)  (0.65560415+0.00000000j)
State 3:
 (-0.16593235+0.00000000j)  (-0.55401159+0.00000000j)  (-0.58044666+0.00000000j)  (-0.57325324+0.00000000j)

Theta = 22.04 degrees
State 0:
 (0.98613162+0.00000000j)  (-0.09589050+0.00000000j)  (-0.09576008+0.00000000j)  (-0.09580946+0.00000000j)
State 1:
 (-0.00276596+0.00000000j)  (-0.81148773+0.00000000j)  (0.26100423+0.00000000j)  (0.52283536+0.00000000j)
State 2:
 (0.00182543+0.00000000j)  (0.15712758+0.00000000j)  (-0.76429469+0.00000000j)  (0.62542882+0.00000000j)
State 3:
 (-0.16593207+0.00000000j)  (-0.55462023+0.00000000j)  (-0.58185945+0.00000000j)  (-0.57122896+0.00000000j)

Theta = 29.39 degrees
State 0:
 (0.98613162+0.00000000j)  (-0.09588627+0.00000000j)  (-0.09575460+0.00000000j)  (-0.09581917+0.00000000j)
State 1:
 (0.00237697-0.00000000j)  (0.79900652+0.00000000j)  (-0.21286748+0.00000000j)  (-0.56237920+0.00000000j)
State 2:
 (-0.00233351+0.00000000j)  (-0.20942220+0.00000000j)  (0.77817548+0.00000000j)  (-0.59209782+0.00000000j)
State 3:
 (-0.16593173+0.00000000j)  (-0.55546084+0.00000000j)  (-0.58306211+0.00000000j)  (-0.56918230+0.00000000j)

Theta = 36.73 degrees
State 0:
 (0.98613162+0.00000000j)  (-0.09588095+0.00000000j)  (-0.09575019+0.00000000j)  (-0.09582890+0.00000000j)
State 1:
 (0.00189814-0.00000000j)  (0.78278924+0.00000000j)  (-0.16335547+0.00000000j)  (-0.60046015+0.00000000j)
State 2:
 (-0.00275794+0.00000000j)  (-0.26140236+0.00000000j)  (0.78933706+0.00000000j)  (-0.55552516+0.00000000j)
State 3:
 (-0.16593138+0.00000000j)  (-0.55652193+0.00000000j)  (-0.58403244+0.00000000j)  (-0.56714745+0.00000000j)

Theta = 44.08 degrees
State 0:
 (0.98613162+0.00000000j)  (-0.09587462+0.00000000j)  (-0.09574693+0.00000000j)  (-0.09583848+0.00000000j)
State 1:
 (0.00134610-0.00000000j)  (0.76281217+0.00000000j)  (-0.11262101+0.00000000j)  (-0.63673565+0.00000000j)
State 2:
 (-0.00308154+0.00000000j)  (-0.31272564+0.00000000j)  (0.79763002+0.00000000j)  (-0.51573203+0.00000000j)
State 3:
 (-0.16593109+0.00000000j)  (-0.55778878+0.00000000j)  (-0.58475241+0.00000000j)  (-0.56515765+0.00000000j)

Theta = 51.43 degrees
State 0:
 (0.98613162+0.00000000j)  (-0.09586740+0.00000000j)  (-0.09574487+0.00000000j)  (-0.09584776+0.00000000j)
State 1:
 (0.00074121-0.00000000j)  (0.73914154+0.00000000j)  (-0.06094576+0.00000000j)  (-0.67078674+0.00000000j)
State 2:
 (-0.00329051+0.00000000j)  (-0.36294073+0.00000000j)  (0.80290065+0.00000000j)  (-0.47287815+0.00000000j)
State 3:
 (-0.16593088+0.00000000j)  (-0.55924347+0.00000000j)  (-0.58520858+0.00000000j)  (-0.56324471+0.00000000j)

Theta = 58.78 degrees
State 0:
 (0.98613162+0.00000000j)  (-0.09585941+0.00000000j)  (-0.09574404+0.00000000j)  (-0.09585659+0.00000000j)
State 1:
 (0.00010684-0.00000000j)  (0.71195911+0.00000000j)  (-0.00872445+0.00000000j)  (-0.70216672+0.00000000j)
State 2:
 (-0.00337561+0.00000000j)  (-0.41152846+0.00000000j)  (0.80502964+0.00000000j)  (-0.42727066+0.00000000j)
State 3:
 (-0.16593079+0.00000000j)  (-0.56086499+0.00000000j)  (-0.58539239+0.00000000j)  (-0.56143850+0.00000000j)

Theta = 66.12 degrees
State 0:
 (0.98613162+0.00000000j)  (-0.09585077+0.00000000j)  (-0.09574446+0.00000000j)  (-0.09586482+0.00000000j)
State 1:
 (-0.00053180+0.00000000j)  (0.68156528+0.00000000j)  (0.04357727+0.00000000j)  (-0.73045842+0.00000000j)
State 2:
 (-0.00333295+0.00000000j)  (-0.45796242+0.00000000j)  (0.80396361+0.00000000j)  (-0.37934395+0.00000000j)
State 3:
 (-0.16593084+0.00000000j)  (-0.56262937+0.00000000j)  (-0.58530039+0.00000000j)  (-0.55976656+0.00000000j)

Theta = 73.47 degrees
State 0:
 (0.98613162+0.00000000j)  (-0.09584162+0.00000000j)  (-0.09574611+0.00000000j)  (-0.09587231+0.00000000j)
State 1:
 (-0.00114924+0.00000000j)  (0.64835520+0.00000000j)  (0.09548299+0.00000000j)  (-0.75532590+0.00000000j)
State 2:
 (-0.00316449+0.00000000j)  (-0.50177529+0.00000000j)  (0.79972967+0.00000000j)  (-0.32961190+0.00000000j)
State 3:
 (-0.16593101+0.00000000j)  (-0.56450995+0.00000000j)  (-0.58493430+0.00000000j)  (-0.55825378+0.00000000j)

Theta = 80.82 degrees
State 0:
 (0.98613162+0.00000000j)  (-0.09583212+0.00000000j)  (-0.09574898+0.00000000j)  (-0.09587894+0.00000000j)
State 1:
 (-0.00172133+0.00000000j)  (0.61277211+0.00000000j)  (0.14656852+0.00000000j)  (-0.77654687+0.00000000j)
State 2:
 (-0.00287777+0.00000000j)  (-0.54261377+0.00000000j)  (0.79242800+0.00000000j)  (-0.27860344+0.00000000j)
State 3:
 (-0.16593128+0.00000000j)  (-0.56647757+0.00000000j)  (-0.58430101+0.00000000j)  (-0.55692217+0.00000000j)

Theta = 88.16 degrees
State 0:
 (0.98613162+0.00000000j)  (-0.09582242+0.00000000j)  (-0.09575301+0.00000000j)  (-0.09588461+0.00000000j)
State 1:
 (-0.00222660+0.00000000j)  (0.57525032+0.00000000j)  (0.19651137+0.00000000j)  (-0.79401851+0.00000000j)
State 2:
 (-0.00248519+0.00000000j)  (-0.58026865+0.00000000j)  (0.78220501+0.00000000j)  (-0.22679825+0.00000000j)
State 3:
 (-0.16593161+0.00000000j)  (-0.56850104+0.00000000j)  (-0.58341235+0.00000000j)  (-0.55579070+0.00000000j)

Theta = 95.51 degrees
State 0:
 (0.98613162+0.00000000j)  (-0.09581268+0.00000000j)  (-0.09575814+0.00000000j)  (-0.09588921+0.00000000j)
State 1:
 (-0.00264714+0.00000000j)  (0.53616224+0.00000000j)  (0.24511574+0.00000000j)  (-0.80773840+0.00000000j)
State 2:
 (-0.00200292+0.00000000j)  (-0.61467512+0.00000000j)  (0.76921583+0.00000000j)  (-0.17457803+0.00000000j)
State 3:
 (-0.16593196+0.00000000j)  (-0.57054753+0.00000000j)  (-0.58228486+0.00000000j)  (-0.55487516+0.00000000j)

Theta = 102.86 degrees
State 0:
 (0.98613162+0.00000000j)  (-0.09580307+0.00000000j)  (-0.09576429+0.00000000j)  (-0.09589268+0.00000000j)
State 1:
 (-0.00296899+0.00000000j)  (0.49578140+0.00000000j)  (0.29231040+0.00000000j)  (-0.81776929+0.00000000j)
State 2:
 (-0.00144978+0.00000000j)  (-0.64588789+0.00000000j)  (0.75358691+0.00000000j)  (-0.12220269+0.00000000j)
State 3:
 (-0.16593227+0.00000000j)  (-0.57258310+0.00000000j)  (-0.58093941+0.00000000j)  (-0.55418813+0.00000000j)

Theta = 110.20 degrees
State 0:
 (0.98613162+0.00000000j)  (-0.09579374+0.00000000j)  (-0.09577135+0.00000000j)  (-0.09589495+0.00000000j)
State 1:
 (-0.00318212+0.00000000j)  (0.45426666+0.00000000j)  (0.33812428+0.00000000j)  (-0.82419879+0.00000000j)
State 2:
 (-0.00084621+0.00000000j)  (-0.67404071+0.00000000j)  (0.73538742+0.00000000j)  (-0.06981227+0.00000000j)
State 3:
 (-0.16593249+0.00000000j)  (-0.57457330+0.00000000j)  (-0.57940070+0.00000000j)  (-0.55373889+0.00000000j)

Theta = 117.55 degrees
State 0:
 (0.98613162+0.00000000j)  (-0.09578483+0.00000000j)  (-0.09577921+0.00000000j)  (-0.09589599+0.00000000j)
State 1:
 (-0.00328024+0.00000000j)  (0.41166701+0.00000000j)  (0.38264783+0.00000000j)  (-0.82710347+0.00000000j)
State 2:
 (-0.00021358+0.00000000j)  (-0.69930102+0.00000000j)  (0.71461426+0.00000000j)  (-0.01744989+0.00000000j)
State 3:
 (-0.16593260+0.00000000j)  (-0.57648384+0.00000000j)  (-0.57769667+0.00000000j)  (-0.55353347+0.00000000j)

Theta = 124.90 degrees
State 0:
 (0.98613162+0.00000000j)  (-0.09577651+0.00000000j)  (-0.09578774+0.00000000j)  (-0.09589579+0.00000000j)
State 1:
 (-0.00326055+0.00000000j)  (0.36794324+0.00000000j)  (0.42598837+0.00000000j)  (-0.82652347+0.00000000j)
State 2:
 (0.00042635+0.00000000j)  (-0.72182787+0.00000000j)  (0.69119190+0.00000000j)  (0.03490118+0.00000000j)
State 3:
 (-0.16593258+0.00000000j)  (-0.57828121+0.00000000j)  (-0.57585794+0.00000000j)  (-0.55357462+0.00000000j)

Theta = 132.24 degrees
State 0:
 (0.98613162+0.00000000j)  (-0.09576890+0.00000000j)  (-0.09579681+0.00000000j)  (-0.09589433+0.00000000j)
State 1:
 (-0.00312362+0.00000000j)  (0.32300161+0.00000000j)  (0.46822579+0.00000000j)  (-0.82245049+0.00000000j)
State 2:
 (0.00105170+0.00000000j)  (-0.74173817+0.00000000j)  (0.66498630+0.00000000j)  (0.08727313+0.00000000j)
State 3:
 (-0.16593243+0.00000000j)  (-0.57993341+0.00000000j)  (-0.57391707+0.00000000j)  (-0.55386177+0.00000000j)

Theta = 139.59 degrees
State 0:
 (0.98613162+0.00000000j)  (-0.09576213+0.00000000j)  (-0.09580625+0.00000000j)  (-0.09589166+0.00000000j)
State 1:
 (0.00287337+0.00000000j)  (-0.27673537+0.00000000j)  (-0.50937313+0.00000000j)  (0.81483023+0.00000000j)
State 2:
 (-0.00164080+0.00000000j)  (0.75908418+0.00000000j)  (-0.63583137+0.00000000j)  (-0.13966744+0.00000000j)
State 3:
 (-0.16593217+0.00000000j)  (-0.58141066+0.00000000j)  (-0.57190791+0.00000000j)  (-0.55439111+0.00000000j)

Theta = 146.94 degrees
State 0:
 (0.98613162+0.00000000j)  (-0.09575631+0.00000000j)  (-0.09581592+0.00000000j)  (-0.09588780+0.00000000j)
State 1:
 (0.00251732+0.00000000j)  (-0.22906977+0.00000000j)  (-0.54934644+0.00000000j)  (0.80357899+0.00000000j)
State 2:
 (-0.00217252+0.00000000j)  (0.77384415+0.00000000j)  (-0.60356591+0.00000000j)  (-0.19201225+0.00000000j)
State 3:
 (-0.16593184+0.00000000j)  (-0.58268602+0.00000000j)  (-0.56986489+0.00000000j)  (-0.55515551+0.00000000j)

Theta = 154.29 degrees
State 0:
 (0.98613162+0.00000000j)  (-0.09575154+0.00000000j)  (-0.09582566+0.00000000j)  (-0.09588284+0.00000000j)
State 1:
 (-0.00206679+0.00000000j)  (0.18000550+0.00000000j)  (0.58794824+0.00000000j)  (-0.78861309+0.00000000j)
State 2:
 (0.00262688+0.00000000j)  (-0.78592743+0.00000000j)  (0.56807754+0.00000000j)  (0.24412922+0.00000000j)
State 3:
 (-0.16593150+0.00000000j)  (-0.58373601+0.00000000j)  (-0.56782234+0.00000000j)  (-0.55614458+0.00000000j)

Theta = 161.63 degrees
State 0:
 (0.98613162+0.00000000j)  (-0.09574789+0.00000000j)  (-0.09583531+0.00000000j)  (-0.09587684+0.00000000j)
State 1:
 (-0.00153707+0.00000000j)  (0.12965354+0.00000000j)  (0.62486918+0.00000000j)  (-0.76988707+0.00000000j)
State 2:
 (0.00298581+0.00000000j)  (-0.79519427+0.00000000j)  (0.52934744+0.00000000j)  (0.29571683+0.00000000j)
State 3:
 (-0.16593118+0.00000000j)  (-0.58454117+0.00000000j)  (-0.56581391+0.00000000j)  (-0.55734468+0.00000000j)

Theta = 168.98 degrees
State 0:
 (0.98613162+0.00000000j)  (-0.09574542+0.00000000j)  (-0.09584471+0.00000000j)  (-0.09586990+0.00000000j)
State 1:
 (-0.00094732+0.00000000j)  (0.07825297+0.00000000j)  (0.65971116+0.00000000j)  (-0.74743345+0.00000000j)
State 2:
 (0.00323427+0.00000000j)  (-0.80148806+0.00000000j)  (0.48748685+0.00000000j)  (0.34635675+0.00000000j)
State 3:
 (-0.16593094+0.00000000j)  (-0.58508647+0.00000000j)  (-0.56387193+0.00000000j)  (-0.55873893+0.00000000j)

Theta = 176.33 degrees
State 0:
 (0.98613162+0.00000000j)  (-0.09574418+0.00000000j)  (-0.09585371+0.00000000j)  (-0.09586215+0.00000000j)
State 1:
 (-0.00032003+0.00000000j)  (0.02616433+0.00000000j)  (0.69203050+0.00000000j)  (-0.72139387+0.00000000j)
State 2:
 (0.00336137+0.00000000j)  (-0.80467395+0.00000000j)  (0.44275449+0.00000000j)  (0.39554645+0.00000000j)
State 3:
 (-0.16593081+0.00000000j)  (-0.58536170+0.00000000j)  (-0.56202696+0.00000000j)  (-0.56030736+0.00000000j)

Theta = 183.67 degrees
State 0:
 (0.98613162+0.00000000j)  (-0.09574418+0.00000000j)  (-0.09586215+0.00000000j)  (-0.09585371+0.00000000j)
State 1:
 (0.00032003-0.00000000j)  (-0.02616433+0.00000000j)  (0.72139387+0.00000000j)  (-0.69203050+0.00000000j)
State 2:
 (0.00336137+0.00000000j)  (-0.80467395+0.00000000j)  (0.39554645+0.00000000j)  (0.44275449+0.00000000j)
State 3:
 (-0.16593081+0.00000000j)  (-0.58536170+0.00000000j)  (-0.56030736+0.00000000j)  (-0.56202696+0.00000000j)

Theta = 191.02 degrees
State 0:
 (0.98613162+0.00000000j)  (-0.09574542+0.00000000j)  (-0.09586990+0.00000000j)  (-0.09584471+0.00000000j)
State 1:
 (0.00094732-0.00000000j)  (-0.07825297+0.00000000j)  (0.74743345+0.00000000j)  (-0.65971116+0.00000000j)
State 2:
 (0.00323427+0.00000000j)  (-0.80148806+0.00000000j)  (0.34635675+0.00000000j)  (0.48748685+0.00000000j)
State 3:
 (-0.16593094+0.00000000j)  (-0.58508647+0.00000000j)  (-0.55873893+0.00000000j)  (-0.56387193+0.00000000j)

Theta = 198.37 degrees
State 0:
 (0.98613162+0.00000000j)  (-0.09574789+0.00000000j)  (-0.09587684+0.00000000j)  (-0.09583531+0.00000000j)
State 1:
 (0.00153707-0.00000000j)  (-0.12965354+0.00000000j)  (0.76988707+0.00000000j)  (-0.62486918+0.00000000j)
State 2:
 (0.00298581+0.00000000j)  (-0.79519427+0.00000000j)  (0.29571683+0.00000000j)  (0.52934744+0.00000000j)
State 3:
 (-0.16593118+0.00000000j)  (-0.58454117+0.00000000j)  (-0.55734468+0.00000000j)  (-0.56581391+0.00000000j)

Theta = 205.71 degrees
State 0:
 (0.98613162+0.00000000j)  (-0.09575154+0.00000000j)  (-0.09588284+0.00000000j)  (-0.09582566+0.00000000j)
State 1:
 (0.00206679-0.00000000j)  (-0.18000550+0.00000000j)  (0.78861309+0.00000000j)  (-0.58794824+0.00000000j)
State 2:
 (0.00262688+0.00000000j)  (-0.78592743+0.00000000j)  (0.24412922+0.00000000j)  (0.56807754+0.00000000j)
State 3:
 (-0.16593150+0.00000000j)  (-0.58373601+0.00000000j)  (-0.55614458+0.00000000j)  (-0.56782234+0.00000000j)

Theta = 213.06 degrees
State 0:
 (0.98613162+0.00000000j)  (-0.09575631+0.00000000j)  (-0.09588780+0.00000000j)  (-0.09581592+0.00000000j)
State 1:
 (0.00251732-0.00000000j)  (-0.22906977+0.00000000j)  (0.80357899+0.00000000j)  (-0.54934644+0.00000000j)
State 2:
 (0.00217252+0.00000000j)  (-0.77384415+0.00000000j)  (0.19201225+0.00000000j)  (0.60356591+0.00000000j)
State 3:
 (-0.16593184+0.00000000j)  (-0.58268602+0.00000000j)  (-0.55515551+0.00000000j)  (-0.56986489+0.00000000j)

Theta = 220.41 degrees
State 0:
 (0.98613162+0.00000000j)  (-0.09576213+0.00000000j)  (-0.09589166+0.00000000j)  (-0.09580625+0.00000000j)
State 1:
 (0.00287337-0.00000000j)  (-0.27673537+0.00000000j)  (0.81483023+0.00000000j)  (-0.50937313+0.00000000j)
State 2:
 (0.00164080+0.00000000j)  (-0.75908418+0.00000000j)  (0.13966744+0.00000000j)  (0.63583137+0.00000000j)
State 3:
 (-0.16593217+0.00000000j)  (-0.58141066+0.00000000j)  (-0.55439111+0.00000000j)  (-0.57190791+0.00000000j)

Theta = 227.76 degrees
State 0:
 (0.98613162+0.00000000j)  (-0.09576890+0.00000000j)  (-0.09589433+0.00000000j)  (-0.09579681+0.00000000j)
State 1:
 (0.00312362-0.00000000j)  (-0.32300161+0.00000000j)  (0.82245049+0.00000000j)  (-0.46822579+0.00000000j)
State 2:
 (0.00105170+0.00000000j)  (-0.74173817+0.00000000j)  (0.08727313+0.00000000j)  (0.66498630+0.00000000j)
State 3:
 (-0.16593243+0.00000000j)  (-0.57993341+0.00000000j)  (-0.55386177+0.00000000j)  (-0.57391707+0.00000000j)

Theta = 235.10 degrees
State 0:
 (0.98613162+0.00000000j)  (-0.09577651+0.00000000j)  (-0.09589579+0.00000000j)  (-0.09578774+0.00000000j)
State 1:
 (0.00326055-0.00000000j)  (-0.36794324+0.00000000j)  (0.82652347+0.00000000j)  (-0.42598837+0.00000000j)
State 2:
 (0.00042635+0.00000000j)  (-0.72182787+0.00000000j)  (0.03490118+0.00000000j)  (0.69119190+0.00000000j)
State 3:
 (-0.16593258+0.00000000j)  (-0.57828121+0.00000000j)  (-0.55357462+0.00000000j)  (-0.57585794+0.00000000j)

Theta = 242.45 degrees
State 0:
 (0.98613162+0.00000000j)  (-0.09578483+0.00000000j)  (-0.09589599+0.00000000j)  (-0.09577921+0.00000000j)
State 1:
 (0.00328024+0.00000000j)  (-0.41166701+0.00000000j)  (0.82710347+0.00000000j)  (-0.38264783+0.00000000j)
State 2:
 (-0.00021358+0.00000000j)  (-0.69930102+0.00000000j)  (-0.01744989+0.00000000j)  (0.71461426+0.00000000j)
State 3:
 (-0.16593260+0.00000000j)  (-0.57648384+0.00000000j)  (-0.55353347+0.00000000j)  (-0.57769667+0.00000000j)

Theta = 249.80 degrees
State 0:
 (0.98613162+0.00000000j)  (-0.09579374+0.00000000j)  (-0.09589495+0.00000000j)  (-0.09577135+0.00000000j)
State 1:
 (0.00318212+0.00000000j)  (-0.45426666+0.00000000j)  (0.82419879+0.00000000j)  (-0.33812428+0.00000000j)
State 2:
 (-0.00084621+0.00000000j)  (-0.67404071+0.00000000j)  (-0.06981227+0.00000000j)  (0.73538742+0.00000000j)
State 3:
 (-0.16593249+0.00000000j)  (-0.57457330+0.00000000j)  (-0.55373889+0.00000000j)  (-0.57940070+0.00000000j)

Theta = 257.14 degrees
State 0:
 (0.98613162+0.00000000j)  (-0.09580307+0.00000000j)  (-0.09589268+0.00000000j)  (-0.09576429+0.00000000j)
State 1:
 (0.00296899+0.00000000j)  (-0.49578140+0.00000000j)  (0.81776929+0.00000000j)  (-0.29231040+0.00000000j)
State 2:
 (-0.00144978+0.00000000j)  (-0.64588789+0.00000000j)  (-0.12220269+0.00000000j)  (0.75358691+0.00000000j)
State 3:
 (-0.16593227+0.00000000j)  (-0.57258310+0.00000000j)  (-0.55418813+0.00000000j)  (-0.58093941+0.00000000j)

Theta = 264.49 degrees
State 0:
 (0.98613162+0.00000000j)  (-0.09581268+0.00000000j)  (-0.09588921+0.00000000j)  (-0.09575814+0.00000000j)
State 1:
 (0.00264714+0.00000000j)  (-0.53616224+0.00000000j)  (0.80773840+0.00000000j)  (-0.24511574+0.00000000j)
State 2:
 (-0.00200292+0.00000000j)  (-0.61467512+0.00000000j)  (-0.17457803+0.00000000j)  (0.76921583+0.00000000j)
State 3:
 (-0.16593196+0.00000000j)  (-0.57054753+0.00000000j)  (-0.55487516+0.00000000j)  (-0.58228486+0.00000000j)

Theta = 271.84 degrees
State 0:
 (0.98613162+0.00000000j)  (-0.09582242+0.00000000j)  (-0.09588461+0.00000000j)  (-0.09575301+0.00000000j)
State 1:
 (-0.00222660+0.00000000j)  (0.57525032+0.00000000j)  (-0.79401851+0.00000000j)  (0.19651137+0.00000000j)
State 2:
 (0.00248519+0.00000000j)  (0.58026865+0.00000000j)  (0.22679825+0.00000000j)  (-0.78220501+0.00000000j)
State 3:
 (-0.16593161+0.00000000j)  (-0.56850104+0.00000000j)  (-0.55579070+0.00000000j)  (-0.58341235+0.00000000j)

Theta = 279.18 degrees
State 0:
 (0.98613162+0.00000000j)  (-0.09583212+0.00000000j)  (-0.09587894+0.00000000j)  (-0.09574898+0.00000000j)
State 1:
 (-0.00172133+0.00000000j)  (0.61277211+0.00000000j)  (-0.77654687+0.00000000j)  (0.14656852+0.00000000j)
State 2:
 (0.00287777+0.00000000j)  (0.54261377+0.00000000j)  (0.27860344+0.00000000j)  (-0.79242800+0.00000000j)
State 3:
 (-0.16593128+0.00000000j)  (-0.56647757+0.00000000j)  (-0.55692217+0.00000000j)  (-0.58430101+0.00000000j)

Theta = 286.53 degrees
State 0:
 (0.98613162+0.00000000j)  (-0.09584162+0.00000000j)  (-0.09587231+0.00000000j)  (-0.09574611+0.00000000j)
State 1:
 (-0.00114924+0.00000000j)  (0.64835520+0.00000000j)  (-0.75532590+0.00000000j)  (0.09548299+0.00000000j)
State 2:
 (0.00316449+0.00000000j)  (0.50177529+0.00000000j)  (0.32961190+0.00000000j)  (-0.79972967+0.00000000j)
State 3:
 (-0.16593101+0.00000000j)  (-0.56450995+0.00000000j)  (-0.55825378+0.00000000j)  (-0.58493430+0.00000000j)

Theta = 293.88 degrees
State 0:
 (0.98613162+0.00000000j)  (-0.09585077+0.00000000j)  (-0.09586482+0.00000000j)  (-0.09574446+0.00000000j)
State 1:
 (-0.00053180+0.00000000j)  (0.68156528+0.00000000j)  (-0.73045842+0.00000000j)  (0.04357727+0.00000000j)
State 2:
 (0.00333295+0.00000000j)  (0.45796242+0.00000000j)  (0.37934395+0.00000000j)  (-0.80396361+0.00000000j)
State 3:
 (-0.16593084+0.00000000j)  (-0.56262937+0.00000000j)  (-0.55976656+0.00000000j)  (-0.58530039+0.00000000j)

Theta = 301.22 degrees
State 0:
 (0.98613162+0.00000000j)  (-0.09585941+0.00000000j)  (-0.09585659+0.00000000j)  (-0.09574404+0.00000000j)
State 1:
 (0.00010684-0.00000000j)  (0.71195911+0.00000000j)  (-0.70216672+0.00000000j)  (-0.00872445+0.00000000j)
State 2:
 (0.00337561+0.00000000j)  (0.41152846+0.00000000j)  (0.42727066+0.00000000j)  (-0.80502964+0.00000000j)
State 3:
 (-0.16593079+0.00000000j)  (-0.56086499+0.00000000j)  (-0.56143850+0.00000000j)  (-0.58539239+0.00000000j)

Theta = 308.57 degrees
State 0:
 (0.98613162+0.00000000j)  (-0.09586740+0.00000000j)  (-0.09584776+0.00000000j)  (-0.09574487+0.00000000j)
State 1:
 (0.00074121-0.00000000j)  (0.73914154+0.00000000j)  (-0.67078674+0.00000000j)  (-0.06094576+0.00000000j)
State 2:
 (0.00329051+0.00000000j)  (0.36294073+0.00000000j)  (0.47287815+0.00000000j)  (-0.80290065+0.00000000j)
State 3:
 (-0.16593088+0.00000000j)  (-0.55924347+0.00000000j)  (-0.56324471+0.00000000j)  (-0.58520858+0.00000000j)

Theta = 315.92 degrees
State 0:
 (0.98613162+0.00000000j)  (-0.09587462+0.00000000j)  (-0.09583848+0.00000000j)  (-0.09574693+0.00000000j)
State 1:
 (-0.00134610+0.00000000j)  (-0.76281217+0.00000000j)  (0.63673565+0.00000000j)  (0.11262101+0.00000000j)
State 2:
 (-0.00308154+0.00000000j)  (-0.31272564+0.00000000j)  (-0.51573203+0.00000000j)  (0.79763002+0.00000000j)
State 3:
 (-0.16593109+0.00000000j)  (-0.55778878+0.00000000j)  (-0.56515765+0.00000000j)  (-0.58475241+0.00000000j)

Theta = 323.27 degrees
State 0:
 (0.98613162+0.00000000j)  (-0.09588095+0.00000000j)  (-0.09582890+0.00000000j)  (-0.09575019+0.00000000j)
State 1:
 (-0.00189814+0.00000000j)  (-0.78278924+0.00000000j)  (0.60046015+0.00000000j)  (0.16335547+0.00000000j)
State 2:
 (-0.00275794+0.00000000j)  (-0.26140236+0.00000000j)  (-0.55552516+0.00000000j)  (0.78933706+0.00000000j)
State 3:
 (-0.16593138+0.00000000j)  (-0.55652193+0.00000000j)  (-0.56714745+0.00000000j)  (-0.58403244+0.00000000j)

Theta = 330.61 degrees
State 0:
 (0.98613162+0.00000000j)  (-0.09588627+0.00000000j)  (-0.09581917+0.00000000j)  (-0.09575460+0.00000000j)
State 1:
 (-0.00237697+0.00000000j)  (-0.79900652+0.00000000j)  (0.56237920+0.00000000j)  (0.21286748+0.00000000j)
State 2:
 (-0.00233351+0.00000000j)  (-0.20942220+0.00000000j)  (-0.59209782+0.00000000j)  (0.77817548+0.00000000j)
State 3:
 (-0.16593173+0.00000000j)  (-0.55546084+0.00000000j)  (-0.56918230+0.00000000j)  (-0.58306211+0.00000000j)

Theta = 337.96 degrees
State 0:
 (0.98613162+0.00000000j)  (-0.09589050+0.00000000j)  (-0.09580946+0.00000000j)  (-0.09576008+0.00000000j)
State 1:
 (-0.00276596+0.00000000j)  (-0.81148773+0.00000000j)  (0.52283536+0.00000000j)  (0.26100423+0.00000000j)
State 2:
 (-0.00182543+0.00000000j)  (-0.15712758+0.00000000j)  (-0.62542882+0.00000000j)  (0.76429469+0.00000000j)
State 3:
 (-0.16593207+0.00000000j)  (-0.55462023+0.00000000j)  (-0.57122896+0.00000000j)  (-0.58185945+0.00000000j)

Theta = 345.31 degrees
State 0:
 (0.98613162+0.00000000j)  (-0.09589357+0.00000000j)  (-0.09579992+0.00000000j)  (-0.09576655+0.00000000j)
State 1:
 (-0.00305250+0.00000000j)  (-0.82030831+0.00000000j)  (0.48206461+0.00000000j)  (0.30773149+0.00000000j)
State 2:
 (-0.00125315+0.00000000j)  (-0.10473708+0.00000000j)  (-0.65560415+0.00000000j)  (0.74780463+0.00000000j)
State 3:
 (-0.16593235+0.00000000j)  (-0.55401159+0.00000000j)  (-0.57325324+0.00000000j)  (-0.58044666+0.00000000j)

Theta = 352.65 degrees
State 0:
 (0.98613162+0.00000000j)  (-0.09589544+0.00000000j)  (-0.09579071+0.00000000j)  (-0.09577389+0.00000000j)
State 1:
 (-0.00322781+0.00000000j)  (-0.82555576+0.00000000j)  (0.44018773+0.00000000j)  (0.35310344+0.00000000j)
State 2:
 (-0.00063749+0.00000000j)  (-0.05235503+0.00000000j)  (-0.68277381+0.00000000j)  (0.72875131+0.00000000j)
State 3:
 (-0.16593254+0.00000000j)  (-0.55364312+0.00000000j)  (-0.57522068+0.00000000j)  (-0.57884959+0.00000000j)

Theta = 360.00 degrees
State 0:
 (0.98613162+0.00000000j)  (-0.09589606+0.00000000j)  (-0.09578199+0.00000000j)  (-0.09578199+0.00000000j)
State 1:
 (-0.00328681-0.00000000j)  (-0.82729670+0.00000000j)  (0.39722120+0.00000000j)  (0.39722120+0.00000000j)
State 2:
 (-0.00000000+0.00000000j)  (-0.00000000+0.00000000j)  (-0.70710678+0.00000000j)  (0.70710678+0.00000000j)
State 3:
 (-0.16593261+0.00000000j)  (-0.55351975+0.00000000j)  (-0.57709715+0.00000000j)  (-0.57709715+0.00000000j)

