Berry Phase Accumulation Data
===========================

Final Berry Phases:
State 0: 0.00000000
State 1: -3.14159265
State 2: -3.14159265
State 3: 0.00000000

Accumulated Berry Phases vs Theta:
Theta (degrees)	State 0	State 1	State 2	State 3
0.00	0.00000000	-0.00000000	-0.00000000	0.00000000
1.08	0.00000000	-0.00943421	-0.00943421	0.00000000
2.16	0.00000000	-0.01886842	-0.01886842	0.00000000
3.24	0.00000000	-0.02830264	-0.02830264	0.00000000
4.32	0.00000000	-0.03773685	-0.03773685	0.00000000
5.41	0.00000000	-0.04717106	-0.04717106	0.00000000
6.49	0.00000000	-0.05660527	-0.05660527	0.00000000
7.57	0.00000000	-0.06603949	-0.06603949	0.00000000
8.65	0.00000000	-0.07547370	-0.07547370	0.00000000
9.73	0.00000000	-0.08490791	-0.08490791	0.00000000
10.81	0.00000000	-0.09434212	-0.09434212	0.00000000
11.89	0.00000000	-0.10377633	-0.10377633	0.00000000
12.97	0.00000000	-0.11321055	-0.11321055	0.00000000
14.05	0.00000000	-0.12264476	-0.12264476	0.00000000
15.14	0.00000000	-0.13207897	-0.13207897	0.00000000
16.22	0.00000000	-0.14151318	-0.14151318	0.00000000
17.30	0.00000000	-0.15094739	-0.15094739	0.00000000
18.38	0.00000000	-0.16038161	-0.16038161	0.00000000
19.46	0.00000000	-0.16981582	-0.16981582	0.00000000
20.54	0.00000000	-0.17925003	-0.17925003	0.00000000
21.62	0.00000000	-0.18868424	-0.18868424	0.00000000
22.70	0.00000000	-0.19811846	-0.19811846	0.00000000
23.78	0.00000000	-0.20755267	-0.20755267	0.00000000
24.86	0.00000000	-0.21698688	-0.21698688	0.00000000
25.95	0.00000000	-0.22642109	-0.22642109	0.00000000
27.03	0.00000000	-0.23585530	-0.23585530	0.00000000
28.11	0.00000000	-0.24528952	-0.24528952	0.00000000
29.19	0.00000000	-0.25472373	-0.25472373	0.00000000
30.27	0.00000000	-0.26415794	-0.26415794	0.00000000
31.35	0.00000000	-0.27359215	-0.27359215	0.00000000
32.43	0.00000000	-0.28302637	-0.28302637	0.00000000
33.51	0.00000000	-0.29246058	-0.29246058	0.00000000
34.59	0.00000000	-0.30189479	-0.30189479	0.00000000
35.68	0.00000000	-0.31132900	-0.31132900	0.00000000
36.76	0.00000000	-0.32076321	-0.32076321	0.00000000
37.84	0.00000000	-0.33019743	-0.33019743	0.00000000
38.92	0.00000000	-0.33963164	-0.33963164	0.00000000
40.00	0.00000000	-0.34906585	-0.34906585	0.00000000
41.08	0.00000000	-0.35850006	-0.35850006	0.00000000
42.16	0.00000000	-0.36793427	-0.36793427	0.00000000
43.24	0.00000000	-0.37736849	-0.37736849	0.00000000
44.32	0.00000000	-0.38680270	-0.38680270	0.00000000
45.41	0.00000000	-0.39623691	-0.39623691	0.00000000
46.49	0.00000000	-0.40567112	-0.40567112	0.00000000
47.57	0.00000000	-0.41510534	-0.41510534	0.00000000
48.65	0.00000000	-0.42453955	-0.42453955	0.00000000
49.73	0.00000000	-0.43397376	-0.43397376	0.00000000
50.81	0.00000000	-0.44340797	-0.44340797	0.00000000
51.89	0.00000000	-0.45284218	-0.45284218	0.00000000
52.97	0.00000000	-0.46227640	-0.46227640	0.00000000
54.05	0.00000000	-0.47171061	-0.47171061	0.00000000
55.14	0.00000000	-0.48114482	-0.48114482	0.00000000
56.22	0.00000000	-0.49057903	-0.49057903	0.00000000
57.30	0.00000000	-0.50001325	-0.50001325	0.00000000
58.38	0.00000000	-0.50944746	-0.50944746	0.00000000
59.46	0.00000000	-0.51888167	-0.51888167	0.00000000
60.54	0.00000000	-0.52831588	-0.52831588	0.00000000
61.62	0.00000000	-0.53775009	-0.53775009	0.00000000
62.70	0.00000000	-0.54718431	-0.54718431	0.00000000
63.78	0.00000000	-0.55661852	-0.55661852	0.00000000
64.86	0.00000000	-0.56605273	-0.56605273	0.00000000
65.95	0.00000000	-0.57548694	-0.57548694	0.00000000
67.03	0.00000000	-0.58492115	-0.58492115	0.00000000
68.11	0.00000000	-0.59435537	-0.59435537	0.00000000
69.19	0.00000000	-0.60378958	-0.60378958	0.00000000
70.27	0.00000000	-0.61322379	-0.61322379	0.00000000
71.35	0.00000000	-0.62265800	-0.62265800	0.00000000
72.43	0.00000000	-0.63209222	-0.63209222	0.00000000
73.51	0.00000000	-0.64152643	-0.64152643	0.00000000
74.59	0.00000000	-0.65096064	-0.65096064	0.00000000
75.68	0.00000000	-0.66039485	-0.66039485	0.00000000
76.76	0.00000000	-0.66982906	-0.66982906	0.00000000
77.84	0.00000000	-0.67926328	-0.67926328	0.00000000
78.92	0.00000000	-0.68869749	-0.68869749	0.00000000
80.00	0.00000000	-0.69813170	-0.69813170	0.00000000
81.08	0.00000000	-0.70756591	-0.70756591	0.00000000
82.16	0.00000000	-0.71700013	-0.71700013	0.00000000
83.24	0.00000000	-0.72643434	-0.72643434	0.00000000
84.32	0.00000000	-0.73586855	-0.73586855	0.00000000
85.41	0.00000000	-0.74530276	-0.74530276	0.00000000
86.49	0.00000000	-0.75473697	-0.75473697	0.00000000
87.57	0.00000000	-0.76417119	-0.76417119	0.00000000
88.65	0.00000000	-0.77360540	-0.77360540	0.00000000
89.73	0.00000000	-0.78303961	-0.78303961	0.00000000
90.81	0.00000000	-0.79247382	-0.79247382	0.00000000
91.89	0.00000000	-0.80190803	-0.80190803	0.00000000
92.97	0.00000000	-0.81134225	-0.81134225	0.00000000
94.05	0.00000000	-0.82077646	-0.82077646	0.00000000
95.14	0.00000000	-0.83021067	-0.83021067	0.00000000
96.22	0.00000000	-0.83964488	-0.83964488	0.00000000
97.30	0.00000000	-0.84907910	-0.84907910	0.00000000
98.38	0.00000000	-0.85851331	-0.85851331	0.00000000
99.46	0.00000000	-0.86794752	-0.86794752	0.00000000
100.54	0.00000000	-0.87738173	-0.87738173	0.00000000
101.62	0.00000000	-0.88681594	-0.88681594	0.00000000
102.70	0.00000000	-0.89625016	-0.89625016	0.00000000
103.78	0.00000000	-0.90568437	-0.90568437	0.00000000
104.86	0.00000000	-0.91511858	-0.91511858	0.00000000
105.95	0.00000000	-0.92455279	-0.92455279	0.00000000
107.03	0.00000000	-0.93398701	-0.93398701	0.00000000
108.11	0.00000000	-0.94342122	-0.94342122	0.00000000
109.19	0.00000000	-0.95285543	-0.95285543	0.00000000
110.27	0.00000000	-0.96228964	-0.96228964	0.00000000
111.35	0.00000000	-0.97172385	-0.97172385	0.00000000
112.43	0.00000000	-0.98115807	-0.98115807	0.00000000
113.51	0.00000000	-0.99059228	-0.99059228	0.00000000
114.59	0.00000000	-1.00002649	-1.00002649	0.00000000
115.68	0.00000000	-1.00946070	-1.00946070	0.00000000
116.76	0.00000000	-1.01889491	-1.01889491	0.00000000
117.84	0.00000000	-1.02832913	-1.02832913	0.00000000
118.92	0.00000000	-1.03776334	-1.03776334	0.00000000
120.00	0.00000000	-1.04719755	-1.04719755	0.00000000
121.08	0.00000000	-1.05663176	-1.05663176	0.00000000
122.16	0.00000000	-1.06606598	-1.06606598	0.00000000
123.24	0.00000000	-1.07550019	-1.07550019	0.00000000
124.32	0.00000000	-1.08493440	-1.08493440	0.00000000
125.41	0.00000000	-1.09436861	-1.09436861	0.00000000
126.49	0.00000000	-1.10380282	-1.10380282	0.00000000
127.57	0.00000000	-1.11323704	-1.11323704	0.00000000
128.65	0.00000000	-1.12267125	-1.12267125	0.00000000
129.73	0.00000000	-1.13210546	-1.13210546	0.00000000
130.81	0.00000000	-1.14153967	-1.14153967	0.00000000
131.89	0.00000000	-1.15097389	-1.15097389	0.00000000
132.97	0.00000000	-1.16040810	-1.16040810	0.00000000
134.05	0.00000000	-1.16984231	-1.16984231	0.00000000
135.14	0.00000000	-1.17927652	-1.17927652	0.00000000
136.22	0.00000000	-1.18871073	-1.18871073	0.00000000
137.30	0.00000000	-1.19814495	-1.19814495	0.00000000
138.38	0.00000000	-1.20757916	-1.20757916	0.00000000
139.46	0.00000000	-1.21701337	-1.21701337	0.00000000
140.54	0.00000000	-1.22644758	-1.22644758	0.00000000
141.62	0.00000000	-1.23588179	-1.23588179	0.00000000
142.70	0.00000000	-1.24531601	-1.24531601	0.00000000
143.78	0.00000000	-1.25475022	-1.25475022	0.00000000
144.86	0.00000000	-1.26418443	-1.26418443	0.00000000
145.95	0.00000000	-1.27361864	-1.27361864	0.00000000
147.03	0.00000000	-1.28305286	-1.28305286	0.00000000
148.11	0.00000000	-1.29248707	-1.29248707	0.00000000
149.19	0.00000000	-1.30192128	-1.30192128	0.00000000
150.27	0.00000000	-1.31135549	-1.31135549	0.00000000
151.35	0.00000000	-1.32078970	-1.32078970	0.00000000
152.43	0.00000000	-1.33022392	-1.33022392	0.00000000
153.51	0.00000000	-1.33965813	-1.33965813	0.00000000
154.59	0.00000000	-1.34909234	-1.34909234	0.00000000
155.68	0.00000000	-1.35852655	-1.35852655	0.00000000
156.76	0.00000000	-1.36796077	-1.36796077	0.00000000
157.84	0.00000000	-1.37739498	-1.37739498	0.00000000
158.92	0.00000000	-1.38682919	-1.38682919	0.00000000
160.00	0.00000000	-1.39626340	-1.39626340	0.00000000
161.08	0.00000000	-1.40569761	-1.40569761	0.00000000
162.16	0.00000000	-1.41513183	-1.41513183	0.00000000
163.24	0.00000000	-1.42456604	-1.42456604	0.00000000
164.32	0.00000000	-1.43400025	-1.43400025	0.00000000
165.41	0.00000000	-1.44343446	-1.44343446	0.00000000
166.49	0.00000000	-1.45286867	-1.45286867	0.00000000
167.57	0.00000000	-1.46230289	-1.46230289	0.00000000
168.65	0.00000000	-1.47173710	-1.47173710	0.00000000
169.73	0.00000000	-1.48117131	-1.48117131	0.00000000
170.81	0.00000000	-1.49060552	-1.49060552	0.00000000
171.89	0.00000000	-1.50003974	-1.50003974	0.00000000
172.97	0.00000000	-1.50947395	-1.50947395	0.00000000
174.05	0.00000000	-1.51890816	-1.51890816	0.00000000
175.14	0.00000000	-1.52834237	-1.52834237	0.00000000
176.22	0.00000000	-1.53777658	-1.53777658	0.00000000
177.30	0.00000000	-1.54721080	-1.54721080	0.00000000
178.38	0.00000000	-1.55664501	-1.55664501	0.00000000
179.46	0.00000000	-1.56607922	-1.56607922	0.00000000
180.54	0.00000000	-1.57551343	-1.57551343	0.00000000
181.62	0.00000000	-1.58494765	-1.58494765	0.00000000
182.70	0.00000000	-1.59438186	-1.59438186	0.00000000
183.78	0.00000000	-1.60381607	-1.60381607	0.00000000
184.86	0.00000000	-1.61325028	-1.61325028	0.00000000
185.95	0.00000000	-1.62268449	-1.62268449	0.00000000
187.03	0.00000000	-1.63211871	-1.63211871	0.00000000
188.11	0.00000000	-1.64155292	-1.64155292	0.00000000
189.19	0.00000000	-1.65098713	-1.65098713	0.00000000
190.27	0.00000000	-1.66042134	-1.66042134	0.00000000
191.35	0.00000000	-1.66985555	-1.66985555	0.00000000
192.43	0.00000000	-1.67928977	-1.67928977	0.00000000
193.51	0.00000000	-1.68872398	-1.68872398	0.00000000
194.59	0.00000000	-1.69815819	-1.69815819	0.00000000
195.68	0.00000000	-1.70759240	-1.70759240	0.00000000
196.76	0.00000000	-1.71702662	-1.71702662	0.00000000
197.84	0.00000000	-1.72646083	-1.72646083	0.00000000
198.92	0.00000000	-1.73589504	-1.73589504	0.00000000
200.00	0.00000000	-1.74532925	-1.74532925	0.00000000
201.08	0.00000000	-1.75476346	-1.75476346	0.00000000
202.16	0.00000000	-1.76419768	-1.76419768	0.00000000
203.24	0.00000000	-1.77363189	-1.77363189	0.00000000
204.32	0.00000000	-1.78306610	-1.78306610	0.00000000
205.41	0.00000000	-1.79250031	-1.79250031	0.00000000
206.49	0.00000000	-1.80193453	-1.80193453	0.00000000
207.57	0.00000000	-1.81136874	-1.81136874	0.00000000
208.65	0.00000000	-1.82080295	-1.82080295	0.00000000
209.73	0.00000000	-1.83023716	-1.83023716	0.00000000
210.81	0.00000000	-1.83967137	-1.83967137	0.00000000
211.89	0.00000000	-1.84910559	-1.84910559	0.00000000
212.97	0.00000000	-1.85853980	-1.85853980	0.00000000
214.05	0.00000000	-1.86797401	-1.86797401	0.00000000
215.14	0.00000000	-1.87740822	-1.87740822	0.00000000
216.22	0.00000000	-1.88684243	-1.88684243	0.00000000
217.30	0.00000000	-1.89627665	-1.89627665	0.00000000
218.38	0.00000000	-1.90571086	-1.90571086	0.00000000
219.46	0.00000000	-1.91514507	-1.91514507	0.00000000
220.54	0.00000000	-1.92457928	-1.92457928	0.00000000
221.62	0.00000000	-1.93401350	-1.93401350	0.00000000
222.70	0.00000000	-1.94344771	-1.94344771	0.00000000
223.78	0.00000000	-1.95288192	-1.95288192	0.00000000
224.86	0.00000000	-1.96231613	-1.96231613	0.00000000
225.95	0.00000000	-1.97175034	-1.97175034	0.00000000
227.03	0.00000000	-1.98118456	-1.98118456	0.00000000
228.11	0.00000000	-1.99061877	-1.99061877	0.00000000
229.19	0.00000000	-2.00005298	-2.00005298	0.00000000
230.27	0.00000000	-2.00948719	-2.00948719	0.00000000
231.35	0.00000000	-2.01892141	-2.01892141	0.00000000
232.43	0.00000000	-2.02835562	-2.02835562	0.00000000
233.51	0.00000000	-2.03778983	-2.03778983	0.00000000
234.59	0.00000000	-2.04722404	-2.04722404	0.00000000
235.68	0.00000000	-2.05665825	-2.05665825	0.00000000
236.76	0.00000000	-2.06609247	-2.06609247	0.00000000
237.84	0.00000000	-2.07552668	-2.07552668	0.00000000
238.92	0.00000000	-2.08496089	-2.08496089	0.00000000
240.00	0.00000000	-2.09439510	-2.09439510	0.00000000
241.08	0.00000000	-2.10382931	-2.10382931	0.00000000
242.16	0.00000000	-2.11326353	-2.11326353	0.00000000
243.24	0.00000000	-2.12269774	-2.12269774	0.00000000
244.32	0.00000000	-2.13213195	-2.13213195	0.00000000
245.41	0.00000000	-2.14156616	-2.14156616	0.00000000
246.49	0.00000000	-2.15100038	-2.15100038	0.00000000
247.57	0.00000000	-2.16043459	-2.16043459	0.00000000
248.65	0.00000000	-2.16986880	-2.16986880	0.00000000
249.73	0.00000000	-2.17930301	-2.17930301	0.00000000
250.81	0.00000000	-2.18873722	-2.18873722	0.00000000
251.89	0.00000000	-2.19817144	-2.19817144	0.00000000
252.97	0.00000000	-2.20760565	-2.20760565	0.00000000
254.05	0.00000000	-2.21703986	-2.21703986	0.00000000
255.14	0.00000000	-2.22647407	-2.22647407	0.00000000
256.22	0.00000000	-2.23590828	-2.23590828	0.00000000
257.30	0.00000000	-2.24534250	-2.24534250	0.00000000
258.38	0.00000000	-2.25477671	-2.25477671	0.00000000
259.46	0.00000000	-2.26421092	-2.26421092	0.00000000
260.54	0.00000000	-2.27364513	-2.27364513	0.00000000
261.62	0.00000000	-2.28307935	-2.28307935	0.00000000
262.70	0.00000000	-2.29251356	-2.29251356	0.00000000
263.78	0.00000000	-2.30194777	-2.30194777	0.00000000
264.86	0.00000000	-2.31138198	-2.31138198	0.00000000
265.95	0.00000000	-2.32081619	-2.32081619	0.00000000
267.03	0.00000000	-2.33025041	-2.33025041	0.00000000
268.11	0.00000000	-2.33968462	-2.33968462	0.00000000
269.19	0.00000000	-2.34911883	-2.34911883	0.00000000
270.27	0.00000000	-2.35855304	-2.35855304	0.00000000
271.35	0.00000000	-2.36798726	-2.36798726	0.00000000
272.43	0.00000000	-2.37742147	-2.37742147	0.00000000
273.51	0.00000000	-2.38685568	-2.38685568	0.00000000
274.59	0.00000000	-2.39628989	-2.39628989	0.00000000
275.68	0.00000000	-2.40572410	-2.40572410	0.00000000
276.76	0.00000000	-2.41515832	-2.41515832	0.00000000
277.84	0.00000000	-2.42459253	-2.42459253	0.00000000
278.92	0.00000000	-2.43402674	-2.43402674	0.00000000
280.00	0.00000000	-2.44346095	-2.44346095	0.00000000
281.08	0.00000000	-2.45289516	-2.45289516	0.00000000
282.16	0.00000000	-2.46232938	-2.46232938	0.00000000
283.24	0.00000000	-2.47176359	-2.47176359	0.00000000
284.32	0.00000000	-2.48119780	-2.48119780	0.00000000
285.41	0.00000000	-2.49063201	-2.49063201	0.00000000
286.49	0.00000000	-2.50006623	-2.50006623	0.00000000
287.57	0.00000000	-2.50950044	-2.50950044	0.00000000
288.65	0.00000000	-2.51893465	-2.51893465	0.00000000
289.73	0.00000000	-2.52836886	-2.52836886	0.00000000
290.81	0.00000000	-2.53780307	-2.53780307	0.00000000
291.89	0.00000000	-2.54723729	-2.54723729	0.00000000
292.97	0.00000000	-2.55667150	-2.55667150	0.00000000
294.05	0.00000000	-2.56610571	-2.56610571	0.00000000
295.14	0.00000000	-2.57553992	-2.57553992	0.00000000
296.22	0.00000000	-2.58497414	-2.58497414	0.00000000
297.30	0.00000000	-2.59440835	-2.59440835	0.00000000
298.38	0.00000000	-2.60384256	-2.60384256	0.00000000
299.46	0.00000000	-2.61327677	-2.61327677	0.00000000
300.54	0.00000000	-2.62271098	-2.62271098	0.00000000
301.62	0.00000000	-2.63214520	-2.63214520	0.00000000
302.70	0.00000000	-2.64157941	-2.64157941	0.00000000
303.78	0.00000000	-2.65101362	-2.65101362	0.00000000
304.86	0.00000000	-2.66044783	-2.66044783	0.00000000
305.95	0.00000000	-2.66988204	-2.66988204	0.00000000
307.03	0.00000000	-2.67931626	-2.67931626	0.00000000
308.11	0.00000000	-2.68875047	-2.68875047	0.00000000
309.19	0.00000000	-2.69818468	-2.69818468	0.00000000
310.27	0.00000000	-2.70761889	-2.70761889	0.00000000
311.35	0.00000000	-2.71705311	-2.71705311	0.00000000
312.43	0.00000000	-2.72648732	-2.72648732	0.00000000
313.51	0.00000000	-2.73592153	-2.73592153	0.00000000
314.59	0.00000000	-2.74535574	-2.74535574	0.00000000
315.68	0.00000000	-2.75478995	-2.75478995	0.00000000
316.76	0.00000000	-2.76422417	-2.76422417	0.00000000
317.84	0.00000000	-2.77365838	-2.77365838	0.00000000
318.92	0.00000000	-2.78309259	-2.78309259	0.00000000
320.00	0.00000000	-2.79252680	-2.79252680	0.00000000
321.08	0.00000000	-2.80196102	-2.80196102	0.00000000
322.16	0.00000000	-2.81139523	-2.81139523	0.00000000
323.24	0.00000000	-2.82082944	-2.82082944	0.00000000
324.32	0.00000000	-2.83026365	-2.83026365	0.00000000
325.41	0.00000000	-2.83969786	-2.83969786	0.00000000
326.49	0.00000000	-2.84913208	-2.84913208	0.00000000
327.57	0.00000000	-2.85856629	-2.85856629	0.00000000
328.65	0.00000000	-2.86800050	-2.86800050	0.00000000
329.73	0.00000000	-2.87743471	-2.87743471	0.00000000
330.81	0.00000000	-2.88686892	-2.88686892	0.00000000
331.89	0.00000000	-2.89630314	-2.89630314	0.00000000
332.97	0.00000000	-2.90573735	-2.90573735	0.00000000
334.05	0.00000000	-2.91517156	-2.91517156	0.00000000
335.14	0.00000000	-2.92460577	-2.92460577	0.00000000
336.22	0.00000000	-2.93403999	-2.93403999	0.00000000
337.30	0.00000000	-2.94347420	-2.94347420	0.00000000
338.38	0.00000000	-2.95290841	-2.95290841	0.00000000
339.46	0.00000000	-2.96234262	-2.96234262	0.00000000
340.54	0.00000000	-2.97177683	-2.97177683	0.00000000
341.62	0.00000000	-2.98121105	-2.98121105	0.00000000
342.70	0.00000000	-2.99064526	-2.99064526	0.00000000
343.78	0.00000000	-3.00007947	-3.00007947	0.00000000
344.86	0.00000000	-3.00951368	-3.00951368	0.00000000
345.95	0.00000000	-3.01894790	-3.01894790	0.00000000
347.03	0.00000000	-3.02838211	-3.02838211	0.00000000
348.11	0.00000000	-3.03781632	-3.03781632	0.00000000
349.19	0.00000000	-3.04725053	-3.04725053	0.00000000
350.27	0.00000000	-3.05668474	-3.05668474	0.00000000
351.35	0.00000000	-3.06611896	-3.06611896	0.00000000
352.43	0.00000000	-3.07555317	-3.07555317	0.00000000
353.51	0.00000000	-3.08498738	-3.08498738	0.00000000
354.59	0.00000000	-3.09442159	-3.09442159	0.00000000
355.68	0.00000000	-3.10385580	-3.10385580	0.00000000
356.76	0.00000000	-3.11329002	-3.11329002	0.00000000
357.84	0.00000000	-3.12272423	-3.12272423	0.00000000
358.92	0.00000000	-3.13215844	-3.13215844	0.00000000
360.00	0.00000000	-3.14159265	-3.14159265	0.00000000
361.08	0.00000000	-3.13215844	-3.13215844	0.00000000
362.16	0.00000000	-3.12272423	-3.12272423	0.00000000
363.24	0.00000000	-3.11329002	-3.11329002	0.00000000
364.32	0.00000000	-3.10385580	-3.10385580	0.00000000
365.41	0.00000000	-3.09442159	-3.09442159	0.00000000
366.49	0.00000000	-3.08498738	-3.08498738	0.00000000
367.57	0.00000000	-3.07555317	-3.07555317	0.00000000
368.65	0.00000000	-3.06611896	-3.06611896	0.00000000
369.73	0.00000000	-3.05668474	-3.05668474	0.00000000
370.81	0.00000000	-3.04725053	-3.04725053	0.00000000
371.89	0.00000000	-3.03781632	-3.03781632	0.00000000
372.97	0.00000000	-3.02838211	-3.02838211	0.00000000
374.05	0.00000000	-3.01894790	-3.01894790	0.00000000
375.14	0.00000000	-3.00951368	-3.00951368	0.00000000
376.22	0.00000000	-3.00007947	-3.00007947	0.00000000
377.30	0.00000000	-2.99064526	-2.99064526	0.00000000
378.38	0.00000000	-2.98121105	-2.98121105	0.00000000
379.46	0.00000000	-2.97177683	-2.97177683	0.00000000
380.54	0.00000000	-2.96234262	-2.96234262	0.00000000
381.62	0.00000000	-2.95290841	-2.95290841	0.00000000
382.70	0.00000000	-2.94347420	-2.94347420	0.00000000
383.78	0.00000000	-2.93403999	-2.93403999	0.00000000
384.86	0.00000000	-2.92460577	-2.92460577	0.00000000
385.95	0.00000000	-2.91517156	-2.91517156	0.00000000
387.03	0.00000000	-2.90573735	-2.90573735	0.00000000
388.11	0.00000000	-2.89630314	-2.89630314	0.00000000
389.19	0.00000000	-2.88686892	-2.88686892	0.00000000
390.27	0.00000000	-2.87743471	-2.87743471	0.00000000
391.35	0.00000000	-2.86800050	-2.86800050	0.00000000
392.43	0.00000000	-2.85856629	-2.85856629	0.00000000
393.51	0.00000000	-2.84913208	-2.84913208	0.00000000
394.59	0.00000000	-2.83969786	-2.83969786	0.00000000
395.68	0.00000000	-2.83026365	-2.83026365	0.00000000
396.76	0.00000000	-2.82082944	-2.82082944	0.00000000
397.84	0.00000000	-2.81139523	-2.81139523	0.00000000
398.92	0.00000000	-2.80196102	-2.80196102	0.00000000
400.00	0.00000000	-2.79252680	-2.79252680	0.00000000
401.08	0.00000000	-2.78309259	-2.78309259	0.00000000
402.16	0.00000000	-2.77365838	-2.77365838	0.00000000
403.24	0.00000000	-2.76422417	-2.76422417	0.00000000
404.32	0.00000000	-2.75478995	-2.75478995	0.00000000
405.41	0.00000000	-2.74535574	-2.74535574	0.00000000
406.49	0.00000000	-2.73592153	-2.73592153	0.00000000
407.57	0.00000000	-2.72648732	-2.72648732	0.00000000
408.65	0.00000000	-2.71705311	-2.71705311	0.00000000
409.73	0.00000000	-2.70761889	-2.70761889	0.00000000
410.81	0.00000000	-2.69818468	-2.69818468	0.00000000
411.89	0.00000000	-2.68875047	-2.68875047	0.00000000
412.97	0.00000000	-2.67931626	-2.67931626	0.00000000
414.05	0.00000000	-2.66988204	-2.66988204	0.00000000
415.14	0.00000000	-2.66044783	-2.66044783	0.00000000
416.22	0.00000000	-2.65101362	-2.65101362	0.00000000
417.30	0.00000000	-2.64157941	-2.64157941	0.00000000
418.38	0.00000000	-2.63214520	-2.63214520	0.00000000
419.46	0.00000000	-2.62271098	-2.62271098	0.00000000
420.54	0.00000000	-2.61327677	-2.61327677	0.00000000
421.62	0.00000000	-2.60384256	-2.60384256	0.00000000
422.70	0.00000000	-2.59440835	-2.59440835	0.00000000
423.78	0.00000000	-2.58497414	-2.58497414	0.00000000
424.86	0.00000000	-2.57553992	-2.57553992	0.00000000
425.95	0.00000000	-2.56610571	-2.56610571	0.00000000
427.03	0.00000000	-2.55667150	-2.55667150	0.00000000
428.11	0.00000000	-2.54723729	-2.54723729	0.00000000
429.19	0.00000000	-2.53780307	-2.53780307	0.00000000
430.27	0.00000000	-2.52836886	-2.52836886	0.00000000
431.35	0.00000000	-2.51893465	-2.51893465	0.00000000
432.43	0.00000000	-2.50950044	-2.50950044	0.00000000
433.51	0.00000000	-2.50006623	-2.50006623	0.00000000
434.59	0.00000000	-2.49063201	-2.49063201	0.00000000
435.68	0.00000000	-2.48119780	-2.48119780	0.00000000
436.76	0.00000000	-2.47176359	-2.47176359	0.00000000
437.84	0.00000000	-2.46232938	-2.46232938	0.00000000
438.92	0.00000000	-2.45289516	-2.45289516	0.00000000
440.00	0.00000000	-2.44346095	-2.44346095	0.00000000
441.08	0.00000000	-2.43402674	-2.43402674	0.00000000
442.16	0.00000000	-2.42459253	-2.42459253	0.00000000
443.24	0.00000000	-2.41515832	-2.41515832	0.00000000
444.32	0.00000000	-2.40572410	-2.40572410	0.00000000
445.41	0.00000000	-2.39628989	-2.39628989	0.00000000
446.49	0.00000000	-2.38685568	-2.38685568	0.00000000
447.57	0.00000000	-2.37742147	-2.37742147	0.00000000
448.65	0.00000000	-2.36798726	-2.36798726	0.00000000
449.73	0.00000000	-2.35855304	-2.35855304	0.00000000
450.81	0.00000000	-2.34911883	-2.34911883	0.00000000
451.89	0.00000000	-2.33968462	-2.33968462	0.00000000
452.97	0.00000000	-2.33025041	-2.33025041	0.00000000
454.05	0.00000000	-2.32081619	-2.32081619	0.00000000
455.14	0.00000000	-2.31138198	-2.31138198	0.00000000
456.22	0.00000000	-2.30194777	-2.30194777	0.00000000
457.30	0.00000000	-2.29251356	-2.29251356	0.00000000
458.38	0.00000000	-2.28307935	-2.28307935	0.00000000
459.46	0.00000000	-2.27364513	-2.27364513	0.00000000
460.54	0.00000000	-2.26421092	-2.26421092	0.00000000
461.62	0.00000000	-2.25477671	-2.25477671	0.00000000
462.70	0.00000000	-2.24534250	-2.24534250	0.00000000
463.78	0.00000000	-2.23590828	-2.23590828	0.00000000
464.86	0.00000000	-2.22647407	-2.22647407	0.00000000
465.95	0.00000000	-2.21703986	-2.21703986	0.00000000
467.03	0.00000000	-2.20760565	-2.20760565	0.00000000
468.11	0.00000000	-2.19817144	-2.19817144	0.00000000
469.19	0.00000000	-2.18873722	-2.18873722	0.00000000
470.27	0.00000000	-2.17930301	-2.17930301	0.00000000
471.35	0.00000000	-2.16986880	-2.16986880	0.00000000
472.43	0.00000000	-2.16043459	-2.16043459	0.00000000
473.51	0.00000000	-2.15100038	-2.15100038	0.00000000
474.59	0.00000000	-2.14156616	-2.14156616	0.00000000
475.68	0.00000000	-2.13213195	-2.13213195	0.00000000
476.76	0.00000000	-2.12269774	-2.12269774	0.00000000
477.84	0.00000000	-2.11326353	-2.11326353	0.00000000
478.92	0.00000000	-2.10382931	-2.10382931	0.00000000
480.00	0.00000000	-2.09439510	-2.09439510	0.00000000
481.08	0.00000000	-2.08496089	-2.08496089	0.00000000
482.16	0.00000000	-2.07552668	-2.07552668	0.00000000
483.24	0.00000000	-2.06609247	-2.06609247	0.00000000
484.32	0.00000000	-2.05665825	-2.05665825	0.00000000
485.41	0.00000000	-2.04722404	-2.04722404	0.00000000
486.49	0.00000000	-2.03778983	-2.03778983	0.00000000
487.57	0.00000000	-2.02835562	-2.02835562	0.00000000
488.65	0.00000000	-2.01892141	-2.01892141	0.00000000
489.73	0.00000000	-2.00948719	-2.00948719	0.00000000
490.81	0.00000000	-2.00005298	-2.00005298	0.00000000
491.89	0.00000000	-1.99061877	-1.99061877	0.00000000
492.97	0.00000000	-1.98118456	-1.98118456	0.00000000
494.05	0.00000000	-1.97175034	-1.97175034	0.00000000
495.14	0.00000000	-1.96231613	-1.96231613	0.00000000
496.22	0.00000000	-1.95288192	-1.95288192	0.00000000
497.30	0.00000000	-1.94344771	-1.94344771	0.00000000
498.38	0.00000000	-1.93401350	-1.93401350	0.00000000
499.46	0.00000000	-1.92457928	-1.92457928	0.00000000
500.54	0.00000000	-1.91514507	-1.91514507	0.00000000
501.62	0.00000000	-1.90571086	-1.90571086	0.00000000
502.70	0.00000000	-1.89627665	-1.89627665	0.00000000
503.78	0.00000000	-1.88684243	-1.88684243	0.00000000
504.86	0.00000000	-1.87740822	-1.87740822	0.00000000
505.95	0.00000000	-1.86797401	-1.86797401	0.00000000
507.03	0.00000000	-1.85853980	-1.85853980	0.00000000
508.11	0.00000000	-1.84910559	-1.84910559	0.00000000
509.19	0.00000000	-1.83967137	-1.83967137	0.00000000
510.27	0.00000000	-1.83023716	-1.83023716	0.00000000
511.35	0.00000000	-1.82080295	-1.82080295	0.00000000
512.43	0.00000000	-1.81136874	-1.81136874	0.00000000
513.51	0.00000000	-1.80193453	-1.80193453	0.00000000
514.59	0.00000000	-1.79250031	-1.79250031	0.00000000
515.68	0.00000000	-1.78306610	-1.78306610	0.00000000
516.76	0.00000000	-1.77363189	-1.77363189	0.00000000
517.84	0.00000000	-1.76419768	-1.76419768	0.00000000
518.92	0.00000000	-1.75476346	-1.75476346	0.00000000
520.00	0.00000000	-1.74532925	-1.74532925	0.00000000
521.08	0.00000000	-1.73589504	-1.73589504	0.00000000
522.16	0.00000000	-1.72646083	-1.72646083	0.00000000
523.24	0.00000000	-1.71702662	-1.71702662	0.00000000
524.32	0.00000000	-1.70759240	-1.70759240	0.00000000
525.41	0.00000000	-1.69815819	-1.69815819	0.00000000
526.49	0.00000000	-1.68872398	-1.68872398	0.00000000
527.57	0.00000000	-1.67928977	-1.67928977	0.00000000
528.65	0.00000000	-1.66985555	-1.66985555	0.00000000
529.73	0.00000000	-1.66042134	-1.66042134	0.00000000
530.81	0.00000000	-1.65098713	-1.65098713	0.00000000
531.89	0.00000000	-1.64155292	-1.64155292	0.00000000
532.97	0.00000000	-1.63211871	-1.63211871	0.00000000
534.05	0.00000000	-1.62268449	-1.62268449	0.00000000
535.14	0.00000000	-1.61325028	-1.61325028	0.00000000
536.22	0.00000000	-1.60381607	-1.60381607	0.00000000
537.30	0.00000000	-1.59438186	-1.59438186	0.00000000
538.38	0.00000000	-1.58494765	-1.58494765	0.00000000
539.46	0.00000000	-1.57551343	-1.57551343	0.00000000
540.54	0.00000000	-1.56607922	-1.56607922	0.00000000
541.62	0.00000000	-1.55664501	-1.55664501	0.00000000
542.70	0.00000000	-1.54721080	-1.54721080	0.00000000
543.78	0.00000000	-1.53777658	-1.53777658	0.00000000
544.86	0.00000000	-1.52834237	-1.52834237	0.00000000
545.95	0.00000000	-1.51890816	-1.51890816	0.00000000
547.03	0.00000000	-1.50947395	-1.50947395	0.00000000
548.11	0.00000000	-1.50003974	-1.50003974	0.00000000
549.19	0.00000000	-1.49060552	-1.49060552	0.00000000
550.27	0.00000000	-1.48117131	-1.48117131	0.00000000
551.35	0.00000000	-1.47173710	-1.47173710	0.00000000
552.43	0.00000000	-1.46230289	-1.46230289	0.00000000
553.51	0.00000000	-1.45286867	-1.45286867	0.00000000
554.59	0.00000000	-1.44343446	-1.44343446	0.00000000
555.68	0.00000000	-1.43400025	-1.43400025	0.00000000
556.76	0.00000000	-1.42456604	-1.42456604	0.00000000
557.84	0.00000000	-1.41513183	-1.41513183	0.00000000
558.92	0.00000000	-1.40569761	-1.40569761	0.00000000
560.00	0.00000000	-1.39626340	-1.39626340	0.00000000
561.08	0.00000000	-1.38682919	-1.38682919	0.00000000
562.16	0.00000000	-1.37739498	-1.37739498	0.00000000
563.24	0.00000000	-1.36796077	-1.36796077	0.00000000
564.32	0.00000000	-1.35852655	-1.35852655	0.00000000
565.41	0.00000000	-1.34909234	-1.34909234	0.00000000
566.49	0.00000000	-1.33965813	-1.33965813	0.00000000
567.57	0.00000000	-1.33022392	-1.33022392	0.00000000
568.65	0.00000000	-1.32078970	-1.32078970	0.00000000
569.73	0.00000000	-1.31135549	-1.31135549	0.00000000
570.81	0.00000000	-1.30192128	-1.30192128	0.00000000
571.89	0.00000000	-1.29248707	-1.29248707	0.00000000
572.97	0.00000000	-1.28305286	-1.28305286	0.00000000
574.05	0.00000000	-1.27361864	-1.27361864	0.00000000
575.14	0.00000000	-1.26418443	-1.26418443	0.00000000
576.22	0.00000000	-1.25475022	-1.25475022	0.00000000
577.30	0.00000000	-1.24531601	-1.24531601	0.00000000
578.38	0.00000000	-1.23588179	-1.23588179	0.00000000
579.46	0.00000000	-1.22644758	-1.22644758	0.00000000
580.54	0.00000000	-1.21701337	-1.21701337	0.00000000
581.62	0.00000000	-1.20757916	-1.20757916	0.00000000
582.70	0.00000000	-1.19814495	-1.19814495	0.00000000
583.78	0.00000000	-1.18871073	-1.18871073	0.00000000
584.86	0.00000000	-1.17927652	-1.17927652	0.00000000
585.95	0.00000000	-1.16984231	-1.16984231	0.00000000
587.03	0.00000000	-1.16040810	-1.16040810	0.00000000
588.11	0.00000000	-1.15097389	-1.15097389	0.00000000
589.19	0.00000000	-1.14153967	-1.14153967	0.00000000
590.27	0.00000000	-1.13210546	-1.13210546	0.00000000
591.35	0.00000000	-1.12267125	-1.12267125	0.00000000
592.43	0.00000000	-1.11323704	-1.11323704	0.00000000
593.51	0.00000000	-1.10380282	-1.10380282	0.00000000
594.59	0.00000000	-1.09436861	-1.09436861	0.00000000
595.68	0.00000000	-1.08493440	-1.08493440	0.00000000
596.76	0.00000000	-1.07550019	-1.07550019	0.00000000
597.84	0.00000000	-1.06606598	-1.06606598	0.00000000
598.92	0.00000000	-1.05663176	-1.05663176	0.00000000
600.00	0.00000000	-1.04719755	-1.04719755	0.00000000
601.08	0.00000000	-1.03776334	-1.03776334	0.00000000
602.16	0.00000000	-1.02832913	-1.02832913	0.00000000
603.24	0.00000000	-1.01889491	-1.01889491	0.00000000
604.32	0.00000000	-1.00946070	-1.00946070	0.00000000
605.41	0.00000000	-1.00002649	-1.00002649	0.00000000
606.49	0.00000000	-0.99059228	-0.99059228	0.00000000
607.57	0.00000000	-0.98115807	-0.98115807	0.00000000
608.65	0.00000000	-0.97172385	-0.97172385	0.00000000
609.73	0.00000000	-0.96228964	-0.96228964	0.00000000
610.81	0.00000000	-0.95285543	-0.95285543	0.00000000
611.89	0.00000000	-0.94342122	-0.94342122	0.00000000
612.97	0.00000000	-0.93398701	-0.93398701	0.00000000
614.05	0.00000000	-0.92455279	-0.92455279	0.00000000
615.14	0.00000000	-0.91511858	-0.91511858	0.00000000
616.22	0.00000000	-0.90568437	-0.90568437	0.00000000
617.30	0.00000000	-0.89625016	-0.89625016	0.00000000
618.38	0.00000000	-0.88681594	-0.88681594	0.00000000
619.46	0.00000000	-0.87738173	-0.87738173	0.00000000
620.54	0.00000000	-0.86794752	-0.86794752	0.00000000
621.62	0.00000000	-0.85851331	-0.85851331	0.00000000
622.70	0.00000000	-0.84907910	-0.84907910	0.00000000
623.78	0.00000000	-0.83964488	-0.83964488	0.00000000
624.86	0.00000000	-0.83021067	-0.83021067	0.00000000
625.95	0.00000000	-0.82077646	-0.82077646	0.00000000
627.03	0.00000000	-0.81134225	-0.81134225	0.00000000
628.11	0.00000000	-0.80190803	-0.80190803	0.00000000
629.19	0.00000000	-0.79247382	-0.79247382	0.00000000
630.27	0.00000000	-0.78303961	-0.78303961	0.00000000
631.35	0.00000000	-0.77360540	-0.77360540	0.00000000
632.43	0.00000000	-0.76417119	-0.76417119	0.00000000
633.51	0.00000000	-0.75473697	-0.75473697	0.00000000
634.59	0.00000000	-0.74530276	-0.74530276	0.00000000
635.68	0.00000000	-0.73586855	-0.73586855	0.00000000
636.76	0.00000000	-0.72643434	-0.72643434	0.00000000
637.84	0.00000000	-0.71700013	-0.71700013	0.00000000
638.92	0.00000000	-0.70756591	-0.70756591	0.00000000
640.00	0.00000000	-0.69813170	-0.69813170	0.00000000
641.08	0.00000000	-0.68869749	-0.68869749	0.00000000
642.16	0.00000000	-0.67926328	-0.67926328	0.00000000
643.24	0.00000000	-0.66982906	-0.66982906	0.00000000
644.32	0.00000000	-0.66039485	-0.66039485	0.00000000
645.41	0.00000000	-0.65096064	-0.65096064	0.00000000
646.49	0.00000000	-0.64152643	-0.64152643	0.00000000
647.57	0.00000000	-0.63209222	-0.63209222	0.00000000
648.65	0.00000000	-0.62265800	-0.62265800	0.00000000
649.73	0.00000000	-0.61322379	-0.61322379	0.00000000
650.81	0.00000000	-0.60378958	-0.60378958	0.00000000
651.89	0.00000000	-0.59435537	-0.59435537	0.00000000
652.97	0.00000000	-0.58492115	-0.58492115	0.00000000
654.05	0.00000000	-0.57548694	-0.57548694	0.00000000
655.14	0.00000000	-0.56605273	-0.56605273	0.00000000
656.22	0.00000000	-0.55661852	-0.55661852	0.00000000
657.30	0.00000000	-0.54718431	-0.54718431	0.00000000
658.38	0.00000000	-0.53775009	-0.53775009	0.00000000
659.46	0.00000000	-0.52831588	-0.52831588	0.00000000
660.54	0.00000000	-0.51888167	-0.51888167	0.00000000
661.62	0.00000000	-0.50944746	-0.50944746	0.00000000
662.70	0.00000000	-0.50001325	-0.50001325	0.00000000
663.78	0.00000000	-0.49057903	-0.49057903	0.00000000
664.86	0.00000000	-0.48114482	-0.48114482	0.00000000
665.95	0.00000000	-0.47171061	-0.47171061	0.00000000
667.03	0.00000000	-0.46227640	-0.46227640	0.00000000
668.11	0.00000000	-0.45284218	-0.45284218	0.00000000
669.19	0.00000000	-0.44340797	-0.44340797	0.00000000
670.27	0.00000000	-0.43397376	-0.43397376	0.00000000
671.35	0.00000000	-0.42453955	-0.42453955	0.00000000
672.43	0.00000000	-0.41510534	-0.41510534	0.00000000
673.51	0.00000000	-0.40567112	-0.40567112	0.00000000
674.59	0.00000000	-0.39623691	-0.39623691	0.00000000
675.68	0.00000000	-0.38680270	-0.38680270	0.00000000
676.76	0.00000000	-0.37736849	-0.37736849	0.00000000
677.84	0.00000000	-0.36793427	-0.36793427	0.00000000
678.92	0.00000000	-0.35850006	-0.35850006	0.00000000
680.00	0.00000000	-0.34906585	-0.34906585	0.00000000
681.08	0.00000000	-0.33963164	-0.33963164	0.00000000
682.16	0.00000000	-0.33019743	-0.33019743	0.00000000
683.24	0.00000000	-0.32076321	-0.32076321	0.00000000
684.32	0.00000000	-0.31132900	-0.31132900	0.00000000
685.41	0.00000000	-0.30189479	-0.30189479	0.00000000
686.49	0.00000000	-0.29246058	-0.29246058	0.00000000
687.57	0.00000000	-0.28302637	-0.28302637	0.00000000
688.65	0.00000000	-0.27359215	-0.27359215	0.00000000
689.73	0.00000000	-0.26415794	-0.26415794	0.00000000
690.81	0.00000000	-0.25472373	-0.25472373	0.00000000
691.89	0.00000000	-0.24528952	-0.24528952	0.00000000
692.97	0.00000000	-0.23585530	-0.23585530	0.00000000
694.05	0.00000000	-0.22642109	-0.22642109	0.00000000
695.14	0.00000000	-0.21698688	-0.21698688	0.00000000
696.22	0.00000000	-0.20755267	-0.20755267	0.00000000
697.30	0.00000000	-0.19811846	-0.19811846	0.00000000
698.38	0.00000000	-0.18868424	-0.18868424	0.00000000
699.46	0.00000000	-0.17925003	-0.17925003	0.00000000
700.54	0.00000000	-0.16981582	-0.16981582	0.00000000
701.62	0.00000000	-0.16038161	-0.16038161	0.00000000
702.70	0.00000000	-0.15094739	-0.15094739	0.00000000
703.78	0.00000000	-0.14151318	-0.14151318	0.00000000
704.86	0.00000000	-0.13207897	-0.13207897	0.00000000
705.95	0.00000000	-0.12264476	-0.12264476	0.00000000
707.03	0.00000000	-0.11321055	-0.11321055	0.00000000
708.11	0.00000000	-0.10377633	-0.10377633	0.00000000
709.19	0.00000000	-0.09434212	-0.09434212	0.00000000
710.27	0.00000000	-0.08490791	-0.08490791	0.00000000
711.35	0.00000000	-0.07547370	-0.07547370	0.00000000
712.43	0.00000000	-0.06603949	-0.06603949	0.00000000
713.51	0.00000000	-0.05660527	-0.05660527	0.00000000
714.59	0.00000000	-0.04717106	-0.04717106	0.00000000
715.68	0.00000000	-0.03773685	-0.03773685	0.00000000
716.76	0.00000000	-0.02830264	-0.02830264	0.00000000
717.84	0.00000000	-0.01886842	-0.01886842	0.00000000
718.92	0.00000000	-0.00943421	-0.00943421	0.00000000
720.00	0.00000000	-0.00000000	-0.00000000	0.00000000
721.08	0.00000000	-0.00943421	-0.00943421	0.00000000
722.16	0.00000000	-0.01886842	-0.01886842	0.00000000
723.24	0.00000000	-0.02830264	-0.02830264	0.00000000
724.32	0.00000000	-0.03773685	-0.03773685	0.00000000
725.41	0.00000000	-0.04717106	-0.04717106	0.00000000
726.49	0.00000000	-0.05660527	-0.05660527	0.00000000
727.57	0.00000000	-0.06603949	-0.06603949	0.00000000
728.65	0.00000000	-0.07547370	-0.07547370	0.00000000
729.73	0.00000000	-0.08490791	-0.08490791	0.00000000
730.81	0.00000000	-0.09434212	-0.09434212	0.00000000
731.89	0.00000000	-0.10377633	-0.10377633	0.00000000
732.97	0.00000000	-0.11321055	-0.11321055	0.00000000
734.05	0.00000000	-0.12264476	-0.12264476	0.00000000
735.14	0.00000000	-0.13207897	-0.13207897	0.00000000
736.22	0.00000000	-0.14151318	-0.14151318	0.00000000
737.30	0.00000000	-0.15094739	-0.15094739	0.00000000
738.38	0.00000000	-0.16038161	-0.16038161	0.00000000
739.46	0.00000000	-0.16981582	-0.16981582	0.00000000
740.54	0.00000000	-0.17925003	-0.17925003	0.00000000
741.62	0.00000000	-0.18868424	-0.18868424	0.00000000
742.70	0.00000000	-0.19811846	-0.19811846	0.00000000
743.78	0.00000000	-0.20755267	-0.20755267	0.00000000
744.86	0.00000000	-0.21698688	-0.21698688	0.00000000
745.95	0.00000000	-0.22642109	-0.22642109	0.00000000
747.03	0.00000000	-0.23585530	-0.23585530	0.00000000
748.11	0.00000000	-0.24528952	-0.24528952	0.00000000
749.19	0.00000000	-0.25472373	-0.25472373	0.00000000
750.27	0.00000000	-0.26415794	-0.26415794	0.00000000
751.35	0.00000000	-0.27359215	-0.27359215	0.00000000
752.43	0.00000000	-0.28302637	-0.28302637	0.00000000
753.51	0.00000000	-0.29246058	-0.29246058	0.00000000
754.59	0.00000000	-0.30189479	-0.30189479	0.00000000
755.68	0.00000000	-0.31132900	-0.31132900	0.00000000
756.76	0.00000000	-0.32076321	-0.32076321	0.00000000
757.84	0.00000000	-0.33019743	-0.33019743	0.00000000
758.92	0.00000000	-0.33963164	-0.33963164	0.00000000
760.00	0.00000000	-0.34906585	-0.34906585	0.00000000
761.08	0.00000000	-0.35850006	-0.35850006	0.00000000
762.16	0.00000000	-0.36793427	-0.36793427	0.00000000
763.24	0.00000000	-0.37736849	-0.37736849	0.00000000
764.32	0.00000000	-0.38680270	-0.38680270	0.00000000
765.41	0.00000000	-0.39623691	-0.39623691	0.00000000
766.49	0.00000000	-0.40567112	-0.40567112	0.00000000
767.57	0.00000000	-0.41510534	-0.41510534	0.00000000
768.65	0.00000000	-0.42453955	-0.42453955	0.00000000
769.73	0.00000000	-0.43397376	-0.43397376	0.00000000
770.81	0.00000000	-0.44340797	-0.44340797	0.00000000
771.89	0.00000000	-0.45284218	-0.45284218	0.00000000
772.97	0.00000000	-0.46227640	-0.46227640	0.00000000
774.05	0.00000000	-0.47171061	-0.47171061	0.00000000
775.14	0.00000000	-0.48114482	-0.48114482	0.00000000
776.22	0.00000000	-0.49057903	-0.49057903	0.00000000
777.30	0.00000000	-0.50001325	-0.50001325	0.00000000
778.38	0.00000000	-0.50944746	-0.50944746	0.00000000
779.46	0.00000000	-0.51888167	-0.51888167	0.00000000
780.54	0.00000000	-0.52831588	-0.52831588	0.00000000
781.62	0.00000000	-0.53775009	-0.53775009	0.00000000
782.70	0.00000000	-0.54718431	-0.54718431	0.00000000
783.78	0.00000000	-0.55661852	-0.55661852	0.00000000
784.86	0.00000000	-0.56605273	-0.56605273	0.00000000
785.95	0.00000000	-0.57548694	-0.57548694	0.00000000
787.03	0.00000000	-0.58492115	-0.58492115	0.00000000
788.11	0.00000000	-0.59435537	-0.59435537	0.00000000
789.19	0.00000000	-0.60378958	-0.60378958	0.00000000
790.27	0.00000000	-0.61322379	-0.61322379	0.00000000
791.35	0.00000000	-0.62265800	-0.62265800	0.00000000
792.43	0.00000000	-0.63209222	-0.63209222	0.00000000
793.51	0.00000000	-0.64152643	-0.64152643	0.00000000
794.59	0.00000000	-0.65096064	-0.65096064	0.00000000
795.68	0.00000000	-0.66039485	-0.66039485	0.00000000
796.76	0.00000000	-0.66982906	-0.66982906	0.00000000
797.84	0.00000000	-0.67926328	-0.67926328	0.00000000
798.92	0.00000000	-0.68869749	-0.68869749	0.00000000
800.00	0.00000000	-0.69813170	-0.69813170	0.00000000
801.08	0.00000000	-0.70756591	-0.70756591	0.00000000
802.16	0.00000000	-0.71700013	-0.71700013	0.00000000
803.24	0.00000000	-0.72643434	-0.72643434	0.00000000
804.32	0.00000000	-0.73586855	-0.73586855	0.00000000
805.41	0.00000000	-0.74530276	-0.74530276	0.00000000
806.49	0.00000000	-0.75473697	-0.75473697	0.00000000
807.57	0.00000000	-0.76417119	-0.76417119	0.00000000
808.65	0.00000000	-0.77360540	-0.77360540	0.00000000
809.73	0.00000000	-0.78303961	-0.78303961	0.00000000
810.81	0.00000000	-0.79247382	-0.79247382	0.00000000
811.89	0.00000000	-0.80190803	-0.80190803	0.00000000
812.97	0.00000000	-0.81134225	-0.81134225	0.00000000
814.05	0.00000000	-0.82077646	-0.82077646	0.00000000
815.14	0.00000000	-0.83021067	-0.83021067	0.00000000
816.22	0.00000000	-0.83964488	-0.83964488	0.00000000
817.30	0.00000000	-0.84907910	-0.84907910	0.00000000
818.38	0.00000000	-0.85851331	-0.85851331	0.00000000
819.46	0.00000000	-0.86794752	-0.86794752	0.00000000
820.54	0.00000000	-0.87738173	-0.87738173	0.00000000
821.62	0.00000000	-0.88681594	-0.88681594	0.00000000
822.70	0.00000000	-0.89625016	-0.89625016	0.00000000
823.78	0.00000000	-0.90568437	-0.90568437	0.00000000
824.86	0.00000000	-0.91511858	-0.91511858	0.00000000
825.95	0.00000000	-0.92455279	-0.92455279	0.00000000
827.03	0.00000000	-0.93398701	-0.93398701	0.00000000
828.11	0.00000000	-0.94342122	-0.94342122	0.00000000
829.19	0.00000000	-0.95285543	-0.95285543	0.00000000
830.27	0.00000000	-0.96228964	-0.96228964	0.00000000
831.35	0.00000000	-0.97172385	-0.97172385	0.00000000
832.43	0.00000000	-0.98115807	-0.98115807	0.00000000
833.51	0.00000000	-0.99059228	-0.99059228	0.00000000
834.59	0.00000000	-1.00002649	-1.00002649	0.00000000
835.68	0.00000000	-1.00946070	-1.00946070	0.00000000
836.76	0.00000000	-1.01889491	-1.01889491	0.00000000
837.84	0.00000000	-1.02832913	-1.02832913	0.00000000
838.92	0.00000000	-1.03776334	-1.03776334	0.00000000
840.00	0.00000000	-1.04719755	-1.04719755	0.00000000
841.08	0.00000000	-1.05663176	-1.05663176	0.00000000
842.16	0.00000000	-1.06606598	-1.06606598	0.00000000
843.24	0.00000000	-1.07550019	-1.07550019	0.00000000
844.32	0.00000000	-1.08493440	-1.08493440	0.00000000
845.41	0.00000000	-1.09436861	-1.09436861	0.00000000
846.49	0.00000000	-1.10380282	-1.10380282	0.00000000
847.57	0.00000000	-1.11323704	-1.11323704	0.00000000
848.65	0.00000000	-1.12267125	-1.12267125	0.00000000
849.73	0.00000000	-1.13210546	-1.13210546	0.00000000
850.81	0.00000000	-1.14153967	-1.14153967	0.00000000
851.89	0.00000000	-1.15097389	-1.15097389	0.00000000
852.97	0.00000000	-1.16040810	-1.16040810	0.00000000
854.05	0.00000000	-1.16984231	-1.16984231	0.00000000
855.14	0.00000000	-1.17927652	-1.17927652	0.00000000
856.22	0.00000000	-1.18871073	-1.18871073	0.00000000
857.30	0.00000000	-1.19814495	-1.19814495	0.00000000
858.38	0.00000000	-1.20757916	-1.20757916	0.00000000
859.46	0.00000000	-1.21701337	-1.21701337	0.00000000
860.54	0.00000000	-1.22644758	-1.22644758	0.00000000
861.62	0.00000000	-1.23588179	-1.23588179	0.00000000
862.70	0.00000000	-1.24531601	-1.24531601	0.00000000
863.78	0.00000000	-1.25475022	-1.25475022	0.00000000
864.86	0.00000000	-1.26418443	-1.26418443	0.00000000
865.95	0.00000000	-1.27361864	-1.27361864	0.00000000
867.03	0.00000000	-1.28305286	-1.28305286	0.00000000
868.11	0.00000000	-1.29248707	-1.29248707	0.00000000
869.19	0.00000000	-1.30192128	-1.30192128	0.00000000
870.27	0.00000000	-1.31135549	-1.31135549	0.00000000
871.35	0.00000000	-1.32078970	-1.32078970	0.00000000
872.43	0.00000000	-1.33022392	-1.33022392	0.00000000
873.51	0.00000000	-1.33965813	-1.33965813	0.00000000
874.59	0.00000000	-1.34909234	-1.34909234	0.00000000
875.68	0.00000000	-1.35852655	-1.35852655	0.00000000
876.76	0.00000000	-1.36796077	-1.36796077	0.00000000
877.84	0.00000000	-1.37739498	-1.37739498	0.00000000
878.92	0.00000000	-1.38682919	-1.38682919	0.00000000
880.00	0.00000000	-1.39626340	-1.39626340	0.00000000
881.08	0.00000000	-1.40569761	-1.40569761	0.00000000
882.16	0.00000000	-1.41513183	-1.41513183	0.00000000
883.24	0.00000000	-1.42456604	-1.42456604	0.00000000
884.32	0.00000000	-1.43400025	-1.43400025	0.00000000
885.41	0.00000000	-1.44343446	-1.44343446	0.00000000
886.49	0.00000000	-1.45286867	-1.45286867	0.00000000
887.57	0.00000000	-1.46230289	-1.46230289	0.00000000
888.65	0.00000000	-1.47173710	-1.47173710	0.00000000
889.73	0.00000000	-1.48117131	-1.48117131	0.00000000
890.81	0.00000000	-1.49060552	-1.49060552	0.00000000
891.89	0.00000000	-1.50003974	-1.50003974	0.00000000
892.97	0.00000000	-1.50947395	-1.50947395	0.00000000
894.05	0.00000000	-1.51890816	-1.51890816	0.00000000
895.14	0.00000000	-1.52834237	-1.52834237	0.00000000
896.22	0.00000000	-1.53777658	-1.53777658	0.00000000
897.30	0.00000000	-1.54721080	-1.54721080	0.00000000
898.38	0.00000000	-1.55664501	-1.55664501	0.00000000
899.46	0.00000000	-1.56607922	-1.56607922	0.00000000
900.54	0.00000000	-1.57551343	-1.57551343	0.00000000
901.62	0.00000000	-1.58494765	-1.58494765	0.00000000
902.70	0.00000000	-1.59438186	-1.59438186	0.00000000
903.78	0.00000000	-1.60381607	-1.60381607	0.00000000
904.86	0.00000000	-1.61325028	-1.61325028	0.00000000
905.95	0.00000000	-1.62268449	-1.62268449	0.00000000
907.03	0.00000000	-1.63211871	-1.63211871	0.00000000
908.11	0.00000000	-1.64155292	-1.64155292	0.00000000
909.19	0.00000000	-1.65098713	-1.65098713	0.00000000
910.27	0.00000000	-1.66042134	-1.66042134	0.00000000
911.35	0.00000000	-1.66985555	-1.66985555	0.00000000
912.43	0.00000000	-1.67928977	-1.67928977	0.00000000
913.51	0.00000000	-1.68872398	-1.68872398	0.00000000
914.59	0.00000000	-1.69815819	-1.69815819	0.00000000
915.68	0.00000000	-1.70759240	-1.70759240	0.00000000
916.76	0.00000000	-1.71702662	-1.71702662	0.00000000
917.84	0.00000000	-1.72646083	-1.72646083	0.00000000
918.92	0.00000000	-1.73589504	-1.73589504	0.00000000
920.00	0.00000000	-1.74532925	-1.74532925	0.00000000
921.08	0.00000000	-1.75476346	-1.75476346	0.00000000
922.16	0.00000000	-1.76419768	-1.76419768	0.00000000
923.24	0.00000000	-1.77363189	-1.77363189	0.00000000
924.32	0.00000000	-1.78306610	-1.78306610	0.00000000
925.41	0.00000000	-1.79250031	-1.79250031	0.00000000
926.49	0.00000000	-1.80193453	-1.80193453	0.00000000
927.57	0.00000000	-1.81136874	-1.81136874	0.00000000
928.65	0.00000000	-1.82080295	-1.82080295	0.00000000
929.73	0.00000000	-1.83023716	-1.83023716	0.00000000
930.81	0.00000000	-1.83967137	-1.83967137	0.00000000
931.89	0.00000000	-1.84910559	-1.84910559	0.00000000
932.97	0.00000000	-1.85853980	-1.85853980	0.00000000
934.05	0.00000000	-1.86797401	-1.86797401	0.00000000
935.14	0.00000000	-1.87740822	-1.87740822	0.00000000
936.22	0.00000000	-1.88684243	-1.88684243	0.00000000
937.30	0.00000000	-1.89627665	-1.89627665	0.00000000
938.38	0.00000000	-1.90571086	-1.90571086	0.00000000
939.46	0.00000000	-1.91514507	-1.91514507	0.00000000
940.54	0.00000000	-1.92457928	-1.92457928	0.00000000
941.62	0.00000000	-1.93401350	-1.93401350	0.00000000
942.70	0.00000000	-1.94344771	-1.94344771	0.00000000
943.78	0.00000000	-1.95288192	-1.95288192	0.00000000
944.86	0.00000000	-1.96231613	-1.96231613	0.00000000
945.95	0.00000000	-1.97175034	-1.97175034	0.00000000
947.03	0.00000000	-1.98118456	-1.98118456	0.00000000
948.11	0.00000000	-1.99061877	-1.99061877	0.00000000
949.19	0.00000000	-2.00005298	-2.00005298	0.00000000
950.27	0.00000000	-2.00948719	-2.00948719	0.00000000
951.35	0.00000000	-2.01892141	-2.01892141	0.00000000
952.43	0.00000000	-2.02835562	-2.02835562	0.00000000
953.51	0.00000000	-2.03778983	-2.03778983	0.00000000
954.59	0.00000000	-2.04722404	-2.04722404	0.00000000
955.68	0.00000000	-2.05665825	-2.05665825	0.00000000
956.76	0.00000000	-2.06609247	-2.06609247	0.00000000
957.84	0.00000000	-2.07552668	-2.07552668	0.00000000
958.92	0.00000000	-2.08496089	-2.08496089	0.00000000
960.00	0.00000000	-2.09439510	-2.09439510	0.00000000
961.08	0.00000000	-2.10382931	-2.10382931	0.00000000
962.16	0.00000000	-2.11326353	-2.11326353	0.00000000
963.24	0.00000000	-2.12269774	-2.12269774	0.00000000
964.32	0.00000000	-2.13213195	-2.13213195	0.00000000
965.41	0.00000000	-2.14156616	-2.14156616	0.00000000
966.49	0.00000000	-2.15100038	-2.15100038	0.00000000
967.57	0.00000000	-2.16043459	-2.16043459	0.00000000
968.65	0.00000000	-2.16986880	-2.16986880	0.00000000
969.73	0.00000000	-2.17930301	-2.17930301	0.00000000
970.81	0.00000000	-2.18873722	-2.18873722	0.00000000
971.89	0.00000000	-2.19817144	-2.19817144	0.00000000
972.97	0.00000000	-2.20760565	-2.20760565	0.00000000
974.05	0.00000000	-2.21703986	-2.21703986	0.00000000
975.14	0.00000000	-2.22647407	-2.22647407	0.00000000
976.22	0.00000000	-2.23590828	-2.23590828	0.00000000
977.30	0.00000000	-2.24534250	-2.24534250	0.00000000
978.38	0.00000000	-2.25477671	-2.25477671	0.00000000
979.46	0.00000000	-2.26421092	-2.26421092	0.00000000
980.54	0.00000000	-2.27364513	-2.27364513	0.00000000
981.62	0.00000000	-2.28307935	-2.28307935	0.00000000
982.70	0.00000000	-2.29251356	-2.29251356	0.00000000
983.78	0.00000000	-2.30194777	-2.30194777	0.00000000
984.86	0.00000000	-2.31138198	-2.31138198	0.00000000
985.95	0.00000000	-2.32081619	-2.32081619	0.00000000
987.03	0.00000000	-2.33025041	-2.33025041	0.00000000
988.11	0.00000000	-2.33968462	-2.33968462	0.00000000
989.19	0.00000000	-2.34911883	-2.34911883	0.00000000
990.27	0.00000000	-2.35855304	-2.35855304	0.00000000
991.35	0.00000000	-2.36798726	-2.36798726	0.00000000
992.43	0.00000000	-2.37742147	-2.37742147	0.00000000
993.51	0.00000000	-2.38685568	-2.38685568	0.00000000
994.59	0.00000000	-2.39628989	-2.39628989	0.00000000
995.68	0.00000000	-2.40572410	-2.40572410	0.00000000
996.76	0.00000000	-2.41515832	-2.41515832	0.00000000
997.84	0.00000000	-2.42459253	-2.42459253	0.00000000
998.92	0.00000000	-2.43402674	-2.43402674	0.00000000
1000.00	0.00000000	-2.44346095	-2.44346095	0.00000000
1001.08	0.00000000	-2.45289516	-2.45289516	0.00000000
1002.16	0.00000000	-2.46232938	-2.46232938	0.00000000
1003.24	0.00000000	-2.47176359	-2.47176359	0.00000000
1004.32	0.00000000	-2.48119780	-2.48119780	0.00000000
1005.41	0.00000000	-2.49063201	-2.49063201	0.00000000
1006.49	0.00000000	-2.50006623	-2.50006623	0.00000000
1007.57	0.00000000	-2.50950044	-2.50950044	0.00000000
1008.65	0.00000000	-2.51893465	-2.51893465	0.00000000
1009.73	0.00000000	-2.52836886	-2.52836886	0.00000000
1010.81	0.00000000	-2.53780307	-2.53780307	0.00000000
1011.89	0.00000000	-2.54723729	-2.54723729	0.00000000
1012.97	0.00000000	-2.55667150	-2.55667150	0.00000000
1014.05	0.00000000	-2.56610571	-2.56610571	0.00000000
1015.14	0.00000000	-2.57553992	-2.57553992	0.00000000
1016.22	0.00000000	-2.58497414	-2.58497414	0.00000000
1017.30	0.00000000	-2.59440835	-2.59440835	0.00000000
1018.38	0.00000000	-2.60384256	-2.60384256	0.00000000
1019.46	0.00000000	-2.61327677	-2.61327677	0.00000000
1020.54	0.00000000	-2.62271098	-2.62271098	0.00000000
1021.62	0.00000000	-2.63214520	-2.63214520	0.00000000
1022.70	0.00000000	-2.64157941	-2.64157941	0.00000000
1023.78	0.00000000	-2.65101362	-2.65101362	0.00000000
1024.86	0.00000000	-2.66044783	-2.66044783	0.00000000
1025.95	0.00000000	-2.66988204	-2.66988204	0.00000000
1027.03	0.00000000	-2.67931626	-2.67931626	0.00000000
1028.11	0.00000000	-2.68875047	-2.68875047	0.00000000
1029.19	0.00000000	-2.69818468	-2.69818468	0.00000000
1030.27	0.00000000	-2.70761889	-2.70761889	0.00000000
1031.35	0.00000000	-2.71705311	-2.71705311	0.00000000
1032.43	0.00000000	-2.72648732	-2.72648732	0.00000000
1033.51	0.00000000	-2.73592153	-2.73592153	0.00000000
1034.59	0.00000000	-2.74535574	-2.74535574	0.00000000
1035.68	0.00000000	-2.75478995	-2.75478995	0.00000000
1036.76	0.00000000	-2.76422417	-2.76422417	0.00000000
1037.84	0.00000000	-2.77365838	-2.77365838	0.00000000
1038.92	0.00000000	-2.78309259	-2.78309259	0.00000000
1040.00	0.00000000	-2.79252680	-2.79252680	0.00000000
1041.08	0.00000000	-2.80196102	-2.80196102	0.00000000
1042.16	0.00000000	-2.81139523	-2.81139523	0.00000000
1043.24	0.00000000	-2.82082944	-2.82082944	0.00000000
1044.32	0.00000000	-2.83026365	-2.83026365	0.00000000
1045.41	0.00000000	-2.83969786	-2.83969786	0.00000000
1046.49	0.00000000	-2.84913208	-2.84913208	0.00000000
1047.57	0.00000000	-2.85856629	-2.85856629	0.00000000
1048.65	0.00000000	-2.86800050	-2.86800050	0.00000000
1049.73	0.00000000	-2.87743471	-2.87743471	0.00000000
1050.81	0.00000000	-2.88686892	-2.88686892	0.00000000
1051.89	0.00000000	-2.89630314	-2.89630314	0.00000000
1052.97	0.00000000	-2.90573735	-2.90573735	0.00000000
1054.05	0.00000000	-2.91517156	-2.91517156	0.00000000
1055.14	0.00000000	-2.92460577	-2.92460577	0.00000000
1056.22	0.00000000	-2.93403999	-2.93403999	0.00000000
1057.30	0.00000000	-2.94347420	-2.94347420	0.00000000
1058.38	0.00000000	-2.95290841	-2.95290841	0.00000000
1059.46	0.00000000	-2.96234262	-2.96234262	0.00000000
1060.54	0.00000000	-2.97177683	-2.97177683	0.00000000
1061.62	0.00000000	-2.98121105	-2.98121105	0.00000000
1062.70	0.00000000	-2.99064526	-2.99064526	0.00000000
1063.78	0.00000000	-3.00007947	-3.00007947	0.00000000
1064.86	0.00000000	-3.00951368	-3.00951368	0.00000000
1065.95	0.00000000	-3.01894790	-3.01894790	0.00000000
1067.03	0.00000000	-3.02838211	-3.02838211	0.00000000
1068.11	0.00000000	-3.03781632	-3.03781632	0.00000000
1069.19	0.00000000	-3.04725053	-3.04725053	0.00000000
1070.27	0.00000000	-3.05668474	-3.05668474	0.00000000
1071.35	0.00000000	-3.06611896	-3.06611896	0.00000000
1072.43	0.00000000	-3.07555317	-3.07555317	0.00000000
1073.51	0.00000000	-3.08498738	-3.08498738	0.00000000
1074.59	0.00000000	-3.09442159	-3.09442159	0.00000000
1075.68	0.00000000	-3.10385580	-3.10385580	0.00000000
1076.76	0.00000000	-3.11329002	-3.11329002	0.00000000
1077.84	0.00000000	-3.12272423	-3.12272423	0.00000000
1078.92	0.00000000	-3.13215844	-3.13215844	0.00000000
1080.00	0.00000000	-3.14159265	-3.14159265	0.00000000
