Eigenstates vs Theta
Theta = 0.00 degrees
State 0:
 (-0.65464850+0.00000000j)  (0.43881723+0.00000000j)  (0.43524406+0.00000000j)  (0.43524406+0.00000000j)
State 1:
 (0.00333560+0.00000000j)  (0.81593119+0.00000000j)  (-0.40880629+0.00000000j)  (-0.40880629+0.00000000j)
State 2:
 (0.00000000+0.00000000j)  (-0.00000000+0.00000000j)  (-0.70710678+0.00000000j)  (0.70710678+0.00000000j)
State 3:
 (-0.75592606+0.00000000j)  (-0.37642494+0.00000000j)  (-0.37873477+0.00000000j)  (-0.37873477+0.00000000j)

Theta = 7.35 degrees
State 0:
 (-0.65464850+0.00000000j)  (0.43879751+0.00000000j)  (0.43499224+0.00000000j)  (0.43551559+0.00000000j)
State 1:
 (0.00327401+0.00000000j)  (0.81425740+0.00000000j)  (-0.36255871+0.00000000j)  (-0.45334904+0.00000000j)
State 2:
 (0.00063718+0.00000000j)  (0.05231095+0.00000000j)  (-0.73196152+0.00000000j)  (0.67933459+0.00000000j)
State 3:
 (-0.75592606+0.00000000j)  (-0.37643751+0.00000000j)  (-0.37890006+0.00000000j)  (-0.37855691+0.00000000j)

Theta = 14.69 degrees
State 0:
 (-0.65464851+0.00000000j)  (0.43873870+0.00000000j)  (0.43476421+0.00000000j)  (0.43580244+0.00000000j)
State 1:
 (0.00309153+0.00000000j)  (0.80924454+0.00000000j)  (-0.31481158+0.00000000j)  (-0.49599132+0.00000000j)
State 2:
 (0.00125077+0.00000000j)  (0.10439447+0.00000000j)  (-0.75378698+0.00000000j)  (0.64877223+0.00000000j)
State 3:
 (-0.75592606+0.00000000j)  (-0.37647500+0.00000000j)  (-0.37905004+0.00000000j)  (-0.37836944+0.00000000j)

Theta = 22.04 degrees
State 0:
 (-0.65464852+0.00000000j)  (0.43864179+0.00000000j)  (0.43456361+0.00000000j)  (0.43609995+0.00000000j)
State 1:
 (0.00279496+0.00000000j)  (0.80091764+0.00000000j)  (-0.26577639+0.00000000j)  (-0.53655013+0.00000000j)
State 2:
 (0.00181808+0.00000000j)  (0.15602673+0.00000000j)  (-0.77248834+0.00000000j)  (0.61556000+0.00000000j)
State 3:
 (-0.75592606+0.00000000j)  (-0.37653682+0.00000000j)  (-0.37918220+0.00000000j)  (-0.37817546+0.00000000j)

Theta = 29.39 degrees
State 0:
 (-0.65464852+0.00000000j)  (0.43850842+0.00000000j)  (0.43439367+0.00000000j)  (0.43640327+0.00000000j)
State 1:
 (0.00239534+0.00000000j)  (0.78931692+0.00000000j)  (-0.21566723+0.00000000j)  (-0.57485712+0.00000000j)
State 2:
 (0.00231818+0.00000000j)  (0.20699047+0.00000000j)  (-0.78798832+0.00000000j)  (0.57984824+0.00000000j)
State 3:
 (-0.75592605+0.00000000j)  (-0.37662198+0.00000000j)  (-0.37929433+0.00000000j)  (-0.37797817+0.00000000j)

Theta = 36.73 degrees
State 0:
 (-0.65464853+0.00000000j)  (0.43834084+0.00000000j)  (0.43425710+0.00000000j)  (0.43670743+0.00000000j)
State 1:
 (-0.00190748+0.00000000j)  (-0.77449584+0.00000000j)  (0.16469787+0.00000000j)  (0.61075949+0.00000000j)
State 2:
 (0.00273265+0.00000000j)  (0.25707717+0.00000000j)  (-0.80022668+0.00000000j)  (0.54179435+0.00000000j)
State 3:
 (-0.75592605+0.00000000j)  (-0.37672911+0.00000000j)  (-0.37938456+0.00000000j)  (-0.37778081+0.00000000j)

Theta = 44.08 degrees
State 0:
 (-0.65464854+0.00000000j)  (0.43814188+0.00000000j)  (0.43415607+0.00000000j)  (0.43700743+0.00000000j)
State 1:
 (-0.00134943+0.00000000j)  (-0.75651904+0.00000000j)  (0.11307960+0.00000000j)  (0.64411966+0.00000000j)
State 2:
 (0.00304631+0.00000000j)  (0.30608794+0.00000000j)  (-0.80915893+0.00000000j)  (0.50156028+0.00000000j)
State 3:
 (-0.75592605+0.00000000j)  (-0.37685649+0.00000000j)  (-0.37945137+0.00000000j)  (-0.37758662+0.00000000j)

Theta = 51.43 degrees
State 0:
 (-0.65464854+0.00000000j)  (0.43791488+0.00000000j)  (0.43409219+0.00000000j)  (0.43729831+0.00000000j)
State 1:
 (-0.00074176+0.00000000j)  (-0.73546041+0.00000000j)  (0.06102031+0.00000000j)  (0.67481401+0.00000000j)
State 2:
 (0.00324766+0.00000000j)  (0.35383327+0.00000000j)  (-0.81475461+0.00000000j)  (0.45931078+0.00000000j)
State 3:
 (-0.75592605+0.00000000j)  (-0.37700206+0.00000000j)  (-0.37949364+0.00000000j)  (-0.37739878+0.00000000j)

Theta = 58.78 degrees
State 0:
 (-0.65464855+0.00000000j)  (0.43766366+0.00000000j)  (0.43406648+0.00000000j)  (0.43757525+0.00000000j)
State 1:
 (-0.00010684+0.00000000j)  (-0.71140198+0.00000000j)  (0.00872467+0.00000000j)  (0.70273116+0.00000000j)
State 2:
 (0.00332935+0.00000000j)  (0.40013180+0.00000000j)  (-0.81699561+0.00000000j)  (0.41521274+0.00000000j)
State 3:
 (-0.75592604+0.00000000j)  (-0.37716347+0.00000000j)  (-0.37951066+0.00000000j)  (-0.37722035+0.00000000j)

Theta = 66.12 degrees
State 0:
 (-0.65464854+0.00000000j)  (0.43739240+0.00000000j)  (0.43407935+0.00000000j)  (0.43783363+0.00000000j)
State 1:
 (0.00053201+0.00000000j)  (-0.68443350+0.00000000j)  (-0.04360466+0.00000000j)  (0.72776998+0.00000000j)
State 2:
 (0.00328842+0.00000000j)  (0.44480852+0.00000000j)  (-0.81587492+0.00000000j)  (0.36943563+0.00000000j)
State 3:
 (-0.75592605+0.00000000j)  (-0.37733811+0.00000000j)  (-0.37950214+0.00000000j)  (-0.37705423+0.00000000j)

Theta = 73.47 degrees
State 0:
 (-0.65464854+0.00000000j)  (0.43710564+0.00000000j)  (0.43413058+0.00000000j)  (0.43806915+0.00000000j)
State 1:
 (0.00115131+0.00000000j)  (-0.65465304+0.00000000j)  (-0.09576534+0.00000000j)  (0.74983803+0.00000000j)
State 2:
 (0.00312635+0.00000000j)  (0.48769286+0.00000000j)  (-0.81139602+0.00000000j)  (0.32215277+0.00000000j)
State 3:
 (-0.75592605+0.00000000j)  (-0.37752315+0.00000000j)  (-0.37946823+0.00000000j)  (-0.37690310+0.00000000j)

Theta = 80.82 degrees
State 0:
 (-0.65464853+0.00000000j)  (0.43680814+0.00000000j)  (0.43421938+0.00000000j)  (0.43827785+0.00000000j)
State 1:
 (0.00172829+0.00000000j)  (-0.62216839+0.00000000j)  (-0.14755355+0.00000000j)  (0.76885074+0.00000000j)
State 2:
 (0.00284906+0.00000000j)  (0.52861715+0.00000000j)  (-0.80357322+0.00000000j)  (0.27354319+0.00000000j)
State 3:
 (-0.75592605+0.00000000j)  (-0.37771557+0.00000000j)  (-0.37940949+0.00000000j)  (-0.37676942+0.00000000j)

Theta = 88.16 degrees
State 0:
 (-0.65464853+0.00000000j)  (0.43650481+0.00000000j)  (0.43434432+0.00000000j)  (0.43845623+0.00000000j)
State 1:
 (0.00224169+0.00000000j)  (-0.58709886+0.00000000j)  (-0.19876252+0.00000000j)  (0.78473139+0.00000000j)
State 2:
 (0.00246667+0.00000000j)  (0.56741592+0.00000000j)  (-0.79243268+0.00000000j)  (0.22379351+0.00000000j)
State 3:
 (-0.75592605+0.00000000j)  (-0.37791223+0.00000000j)  (-0.37932692+0.00000000j)  (-0.37665533+0.00000000j)

Theta = 95.51 degrees
State 0:
 (-0.65464852+0.00000000j)  (0.43620066+0.00000000j)  (0.43450341+0.00000000j)  (0.43860129+0.00000000j)
State 1:
 (0.00267254+0.00000000j)  (-0.54957720+0.00000000j)  (-0.24918208+0.00000000j)  (0.79741210+0.00000000j)
State 2:
 (-0.00199322+0.00000000j)  (-0.60392615+0.00000000j)  (0.77801403+0.00000000j)  (-0.17309941+0.00000000j)
State 3:
 (-0.75592606+0.00000000j)  (-0.37810990+0.00000000j)  (-0.37922190+0.00000000j)  (-0.37656268+0.00000000j)

Theta = 102.86 degrees
State 0:
 (-0.65464851+0.00000000j)  (0.43590066+0.00000000j)  (0.43469413+0.00000000j)  (0.43871056+0.00000000j)
State 1:
 (0.00300489+0.00000000j)  (-0.50975105+0.00000000j)  (-0.29859909+0.00000000j)  (0.80683544+0.00000000j)
State 2:
 (-0.00144609+0.00000000j)  (-0.63798867+0.00000000j)  (0.76037207+0.00000000j)  (-0.12166625+0.00000000j)
State 3:
 (-0.75592606+0.00000000j)  (-0.37830535+0.00000000j)  (-0.37909619+0.00000000j)  (-0.37649295+0.00000000j)

Theta = 110.20 degrees
State 0:
 (-0.65464851+0.00000000j)  (0.43560973+0.00000000j)  (0.43491340+0.00000000j)  (0.43878222+0.00000000j)
State 1:
 (0.00322637+0.00000000j)  (-0.46778362+0.00000000j)  (-0.34679926+0.00000000j)  (0.81295655+0.00000000j)
State 2:
 (-0.00084548+0.00000000j)  (-0.66945047+0.00000000j)  (0.73957831+0.00000000j)  (-0.06970855+0.00000000j)
State 3:
 (-0.75592606+0.00000000j)  (-0.37849534+0.00000000j)  (-0.37895189+0.00000000j)  (-0.37644726+0.00000000j)

Theta = 117.55 degrees
State 0:
 (-0.65464850+0.00000000j)  (0.43533259+0.00000000j)  (0.43515772+0.00000000j)  (0.43881504+0.00000000j)
State 1:
 (0.00332874+0.00000000j)  (-0.42385319+0.00000000j)  (-0.39356989+0.00000000j)  (0.81574514+0.00000000j)
State 2:
 (-0.00021357+0.00000000j)  (-0.69816756+0.00000000j)  (0.71572172+0.00000000j)  (-0.01744825+0.00000000j)
State 3:
 (-0.75592606+0.00000000j)  (-0.37867674+0.00000000j)  (-0.37879140+0.00000000j)  (-0.37642634+0.00000000j)

Theta = 124.90 degrees
State 0:
 (-0.65464850+0.00000000j)  (0.43507373+0.00000000j)  (0.43542315+0.00000000j)  (0.43880846+0.00000000j)
State 1:
 (0.00330818+0.00000000j)  (-0.37815148+0.00000000j)  (-0.43870320+0.00000000j)  (0.81518711+0.00000000j)
State 2:
 (0.00042625+0.00000000j)  (-0.72400801+0.00000000j)  (0.68890859+0.00000000j)  (0.03488804+0.00000000j)
State 3:
 (-0.75592606+0.00000000j)  (-0.37884654+0.00000000j)  (-0.37861742+0.00000000j)  (-0.37643053+0.00000000j)

Theta = 132.24 degrees
State 0:
 (-0.65464851+0.00000000j)  (0.43483734+0.00000000j)  (0.43570540+0.00000000j)  (0.43876260+0.00000000j)
State 1:
 (0.00316545+0.00000000j)  (-0.33088094+0.00000000j)  (-0.48199997+0.00000000j)  (0.81128528+0.00000000j)
State 2:
 (0.00105029+0.00000000j)  (-0.74685463+0.00000000j)  (0.65926128+0.00000000j)  (0.08707249+0.00000000j)
State 3:
 (-0.75592606+0.00000000j)  (-0.37900191+0.00000000j)  (-0.37843281+0.00000000j)  (-0.37645976+0.00000000j)

Theta = 139.59 degrees
State 0:
 (-0.65464851+0.00000000j)  (0.43462722+0.00000000j)  (0.43599989+0.00000000j)  (0.43867824+0.00000000j)
State 1:
 (-0.00290589+0.00000000j)  (0.28225137+0.00000000j)  (0.52327273+0.00000000j)  (-0.80405931+0.00000000j)
State 2:
 (-0.00163546+0.00000000j)  (0.76660681+0.00000000j)  (-0.62691607+0.00000000j)  (-0.13887969+0.00000000j)
State 3:
 (-0.75592606+0.00000000j)  (-0.37914027+0.00000000j)  (-0.37824065+0.00000000j)  (-0.37651357+0.00000000j)

Theta = 146.94 degrees
State 0:
 (-0.65464852+0.00000000j)  (0.43444673+0.00000000j)  (0.43630182+0.00000000j)  (0.43855680+0.00000000j)
State 1:
 (-0.00253915+0.00000000j)  (0.23247638+0.00000000j)  (0.56234808+0.00000000j)  (-0.79354453+0.00000000j)
State 2:
 (-0.00216014+0.00000000j)  (0.78318143+0.00000000j)  (-0.59202028+0.00000000j)  (-0.19008990+0.00000000j)
State 3:
 (-0.75592605+0.00000000j)  (-0.37925930+0.00000000j)  (-0.37804410+0.00000000j)  (-0.37659108+0.00000000j)

Theta = 154.29 degrees
State 0:
 (-0.65464853+0.00000000j)  (0.43429877+0.00000000j)  (0.43660626+0.00000000j)  (0.43840034+0.00000000j)
State 1:
 (0.00207885+0.00000000j)  (-0.18177013+0.00000000j)  (-0.59906801+0.00000000j)  (0.77979024+0.00000000j)
State 2:
 (-0.00260502+0.00000000j)  (0.79651268+0.00000000j)  (-0.55472929+0.00000000j)  (-0.24049153+0.00000000j)
State 3:
 (-0.75592605+0.00000000j)  (-0.37935702+0.00000000j)  (-0.37784640+0.00000000j)  (-0.37669106+0.00000000j)

Theta = 161.63 degrees
State 0:
 (-0.65464854+0.00000000j)  (0.43418568+0.00000000j)  (0.43690820+0.00000000j)  (0.43821149+0.00000000j)
State 1:
 (0.00154202+0.00000000j)  (-0.13034489+0.00000000j)  (-0.63328997+0.00000000j)  (0.76285755+0.00000000j)
State 2:
 (-0.00295375+0.00000000j)  (0.80655101+0.00000000j)  (-0.51520376+0.00000000j)  (-0.28988245+0.00000000j)
State 3:
 (-0.75592605+0.00000000j)  (-0.37943178+0.00000000j)  (-0.37765080+0.00000000j)  (-0.37681190+0.00000000j)

Theta = 168.98 degrees
State 0:
 (-0.65464854+0.00000000j)  (0.43410928+0.00000000j)  (0.43720266+0.00000000j)  (0.43799344+0.00000000j)
State 1:
 (0.00094848+0.00000000j)  (-0.07840972+0.00000000j)  (-0.66488587+0.00000000j)  (0.74281747+0.00000000j)
State 2:
 (-0.00319356+0.00000000j)  (0.81326147+0.00000000j)  (-0.47360763+0.00000000j)  (-0.33807011+0.00000000j)
State 3:
 (-0.75592605+0.00000000j)  (-0.37948233+0.00000000j)  (-0.37746050+0.00000000j)  (-0.37695165+0.00000000j)

Theta = 176.33 degrees
State 0:
 (-0.65464855+0.00000000j)  (0.43407077+0.00000000j)  (0.43748477+0.00000000j)  (0.43774984+0.00000000j)
State 1:
 (0.00032008+0.00000000j)  (-0.02617028+0.00000000j)  (-0.69374046+0.00000000j)  (0.71974939+0.00000000j)
State 2:
 (-0.00331569+0.00000000j)  (0.81662201+0.00000000j)  (-0.43010709+0.00000000j)  (-0.38487063+0.00000000j)
State 3:
 (-0.75592604+0.00000000j)  (-0.37950782+0.00000000j)  (-0.37727860+0.00000000j)  (-0.37710806+0.00000000j)

Theta = 183.67 degrees
State 0:
 (-0.65464855+0.00000000j)  (0.43407077+0.00000000j)  (0.43774984+0.00000000j)  (0.43748477+0.00000000j)
State 1:
 (-0.00032008+0.00000000j)  (0.02617028+0.00000000j)  (-0.71974939+0.00000000j)  (0.69374046+0.00000000j)
State 2:
 (-0.00331569+0.00000000j)  (0.81662201+0.00000000j)  (-0.38487063+0.00000000j)  (-0.43010709+0.00000000j)
State 3:
 (-0.75592604+0.00000000j)  (-0.37950782+0.00000000j)  (-0.37710806+0.00000000j)  (-0.37727860+0.00000000j)

Theta = 191.02 degrees
State 0:
 (-0.65464854+0.00000000j)  (0.43410928+0.00000000j)  (0.43799344+0.00000000j)  (0.43720266+0.00000000j)
State 1:
 (-0.00094848+0.00000000j)  (0.07840972+0.00000000j)  (-0.74281747+0.00000000j)  (0.66488587+0.00000000j)
State 2:
 (-0.00319356+0.00000000j)  (0.81326147+0.00000000j)  (-0.33807011+0.00000000j)  (-0.47360763+0.00000000j)
State 3:
 (-0.75592605+0.00000000j)  (-0.37948233+0.00000000j)  (-0.37695165+0.00000000j)  (-0.37746050+0.00000000j)

Theta = 198.37 degrees
State 0:
 (-0.65464854+0.00000000j)  (0.43418568+0.00000000j)  (0.43821149+0.00000000j)  (0.43690820+0.00000000j)
State 1:
 (-0.00154202+0.00000000j)  (0.13034489+0.00000000j)  (-0.76285755+0.00000000j)  (0.63328997+0.00000000j)
State 2:
 (-0.00295375+0.00000000j)  (0.80655101+0.00000000j)  (-0.28988245+0.00000000j)  (-0.51520376+0.00000000j)
State 3:
 (-0.75592605+0.00000000j)  (-0.37943178+0.00000000j)  (-0.37681190+0.00000000j)  (-0.37765080+0.00000000j)

Theta = 205.71 degrees
State 0:
 (-0.65464853+0.00000000j)  (0.43429877+0.00000000j)  (0.43840034+0.00000000j)  (0.43660626+0.00000000j)
State 1:
 (-0.00207885+0.00000000j)  (0.18177013+0.00000000j)  (-0.77979024+0.00000000j)  (0.59906801+0.00000000j)
State 2:
 (-0.00260502+0.00000000j)  (0.79651268+0.00000000j)  (-0.24049153+0.00000000j)  (-0.55472929+0.00000000j)
State 3:
 (-0.75592605+0.00000000j)  (-0.37935702+0.00000000j)  (-0.37669106+0.00000000j)  (-0.37784640+0.00000000j)

Theta = 213.06 degrees
State 0:
 (-0.65464852+0.00000000j)  (0.43444673+0.00000000j)  (0.43855680+0.00000000j)  (0.43630182+0.00000000j)
State 1:
 (-0.00253915+0.00000000j)  (0.23247638+0.00000000j)  (-0.79354453+0.00000000j)  (0.56234808+0.00000000j)
State 2:
 (0.00216014+0.00000000j)  (-0.78318143+0.00000000j)  (0.19008990+0.00000000j)  (0.59202028+0.00000000j)
State 3:
 (-0.75592605+0.00000000j)  (-0.37925930+0.00000000j)  (-0.37659108+0.00000000j)  (-0.37804410+0.00000000j)

Theta = 220.41 degrees
State 0:
 (-0.65464851+0.00000000j)  (0.43462722+0.00000000j)  (0.43867824+0.00000000j)  (0.43599989+0.00000000j)
State 1:
 (-0.00290589+0.00000000j)  (0.28225137+0.00000000j)  (-0.80405931+0.00000000j)  (0.52327273+0.00000000j)
State 2:
 (0.00163546+0.00000000j)  (-0.76660681+0.00000000j)  (0.13887969+0.00000000j)  (0.62691607+0.00000000j)
State 3:
 (-0.75592606+0.00000000j)  (-0.37914027+0.00000000j)  (-0.37651357+0.00000000j)  (-0.37824065+0.00000000j)

Theta = 227.76 degrees
State 0:
 (-0.65464851+0.00000000j)  (0.43483734+0.00000000j)  (0.43876260+0.00000000j)  (0.43570540+0.00000000j)
State 1:
 (-0.00316545+0.00000000j)  (0.33088094+0.00000000j)  (-0.81128528+0.00000000j)  (0.48199997+0.00000000j)
State 2:
 (0.00105029+0.00000000j)  (-0.74685463+0.00000000j)  (0.08707249+0.00000000j)  (0.65926128+0.00000000j)
State 3:
 (-0.75592606+0.00000000j)  (-0.37900191+0.00000000j)  (-0.37645976+0.00000000j)  (-0.37843281+0.00000000j)

Theta = 235.10 degrees
State 0:
 (-0.65464850+0.00000000j)  (0.43507373+0.00000000j)  (0.43880846+0.00000000j)  (0.43542315+0.00000000j)
State 1:
 (-0.00330818+0.00000000j)  (0.37815148+0.00000000j)  (-0.81518711+0.00000000j)  (0.43870320+0.00000000j)
State 2:
 (0.00042625+0.00000000j)  (-0.72400801+0.00000000j)  (0.03488804+0.00000000j)  (0.68890859+0.00000000j)
State 3:
 (-0.75592606+0.00000000j)  (-0.37884654+0.00000000j)  (-0.37643053+0.00000000j)  (-0.37861742+0.00000000j)

Theta = 242.45 degrees
State 0:
 (-0.65464850+0.00000000j)  (0.43533259+0.00000000j)  (0.43881504+0.00000000j)  (0.43515772+0.00000000j)
State 1:
 (-0.00332874+0.00000000j)  (0.42385319+0.00000000j)  (-0.81574514+0.00000000j)  (0.39356989+0.00000000j)
State 2:
 (-0.00021357+0.00000000j)  (-0.69816756+0.00000000j)  (-0.01744825+0.00000000j)  (0.71572172+0.00000000j)
State 3:
 (-0.75592606+0.00000000j)  (-0.37867674+0.00000000j)  (-0.37642634+0.00000000j)  (-0.37879140+0.00000000j)

Theta = 249.80 degrees
State 0:
 (-0.65464851+0.00000000j)  (0.43560973+0.00000000j)  (0.43878222+0.00000000j)  (0.43491340+0.00000000j)
State 1:
 (-0.00322637+0.00000000j)  (0.46778362+0.00000000j)  (-0.81295655+0.00000000j)  (0.34679926+0.00000000j)
State 2:
 (-0.00084548+0.00000000j)  (-0.66945047+0.00000000j)  (-0.06970855+0.00000000j)  (0.73957831+0.00000000j)
State 3:
 (-0.75592606+0.00000000j)  (-0.37849534+0.00000000j)  (-0.37644726+0.00000000j)  (-0.37895189+0.00000000j)

Theta = 257.14 degrees
State 0:
 (-0.65464851+0.00000000j)  (0.43590066+0.00000000j)  (0.43871056+0.00000000j)  (0.43469413+0.00000000j)
State 1:
 (-0.00300489+0.00000000j)  (0.50975105+0.00000000j)  (-0.80683544+0.00000000j)  (0.29859909+0.00000000j)
State 2:
 (-0.00144609+0.00000000j)  (-0.63798867+0.00000000j)  (-0.12166625+0.00000000j)  (0.76037207+0.00000000j)
State 3:
 (-0.75592606+0.00000000j)  (-0.37830535+0.00000000j)  (-0.37649295+0.00000000j)  (-0.37909619+0.00000000j)

Theta = 264.49 degrees
State 0:
 (-0.65464852+0.00000000j)  (0.43620066+0.00000000j)  (0.43860129+0.00000000j)  (0.43450341+0.00000000j)
State 1:
 (-0.00267254+0.00000000j)  (0.54957720+0.00000000j)  (-0.79741210+0.00000000j)  (0.24918208+0.00000000j)
State 2:
 (-0.00199322+0.00000000j)  (-0.60392615+0.00000000j)  (-0.17309941+0.00000000j)  (0.77801403+0.00000000j)
State 3:
 (-0.75592606+0.00000000j)  (-0.37810990+0.00000000j)  (-0.37656268+0.00000000j)  (-0.37922190+0.00000000j)

Theta = 271.84 degrees
State 0:
 (-0.65464853+0.00000000j)  (0.43650481+0.00000000j)  (0.43845623+0.00000000j)  (0.43434432+0.00000000j)
State 1:
 (0.00224169+0.00000000j)  (-0.58709886+0.00000000j)  (0.78473139+0.00000000j)  (-0.19876252+0.00000000j)
State 2:
 (-0.00246667+0.00000000j)  (-0.56741592+0.00000000j)  (-0.22379351+0.00000000j)  (0.79243268+0.00000000j)
State 3:
 (-0.75592605+0.00000000j)  (-0.37791223+0.00000000j)  (-0.37665533+0.00000000j)  (-0.37932692+0.00000000j)

Theta = 279.18 degrees
State 0:
 (-0.65464853+0.00000000j)  (0.43680814+0.00000000j)  (0.43827785+0.00000000j)  (0.43421938+0.00000000j)
State 1:
 (0.00172829+0.00000000j)  (-0.62216839+0.00000000j)  (0.76885074+0.00000000j)  (-0.14755355+0.00000000j)
State 2:
 (-0.00284906+0.00000000j)  (-0.52861715+0.00000000j)  (-0.27354319+0.00000000j)  (0.80357322+0.00000000j)
State 3:
 (-0.75592605+0.00000000j)  (-0.37771557+0.00000000j)  (-0.37676942+0.00000000j)  (-0.37940949+0.00000000j)

Theta = 286.53 degrees
State 0:
 (-0.65464854+0.00000000j)  (0.43710564+0.00000000j)  (0.43806915+0.00000000j)  (0.43413058+0.00000000j)
State 1:
 (0.00115131+0.00000000j)  (-0.65465304+0.00000000j)  (0.74983803+0.00000000j)  (-0.09576534+0.00000000j)
State 2:
 (-0.00312635+0.00000000j)  (-0.48769286+0.00000000j)  (-0.32215277+0.00000000j)  (0.81139602+0.00000000j)
State 3:
 (-0.75592605+0.00000000j)  (-0.37752315+0.00000000j)  (-0.37690310+0.00000000j)  (-0.37946823+0.00000000j)

Theta = 293.88 degrees
State 0:
 (-0.65464854+0.00000000j)  (0.43739240+0.00000000j)  (0.43783363+0.00000000j)  (0.43407935+0.00000000j)
State 1:
 (0.00053201+0.00000000j)  (-0.68443350+0.00000000j)  (0.72776998+0.00000000j)  (-0.04360466+0.00000000j)
State 2:
 (-0.00328842+0.00000000j)  (-0.44480852+0.00000000j)  (-0.36943563+0.00000000j)  (0.81587492+0.00000000j)
State 3:
 (-0.75592605+0.00000000j)  (-0.37733811+0.00000000j)  (-0.37705423+0.00000000j)  (-0.37950214+0.00000000j)

Theta = 301.22 degrees
State 0:
 (-0.65464855+0.00000000j)  (0.43766366+0.00000000j)  (0.43757525+0.00000000j)  (0.43406648+0.00000000j)
State 1:
 (-0.00010684+0.00000000j)  (-0.71140198+0.00000000j)  (0.70273116+0.00000000j)  (0.00872467+0.00000000j)
State 2:
 (-0.00332935+0.00000000j)  (-0.40013180+0.00000000j)  (-0.41521274+0.00000000j)  (0.81699561+0.00000000j)
State 3:
 (-0.75592604+0.00000000j)  (-0.37716347+0.00000000j)  (-0.37722035+0.00000000j)  (-0.37951066+0.00000000j)

Theta = 308.57 degrees
State 0:
 (-0.65464854+0.00000000j)  (0.43791488+0.00000000j)  (0.43729831+0.00000000j)  (0.43409219+0.00000000j)
State 1:
 (-0.00074176+0.00000000j)  (-0.73546041+0.00000000j)  (0.67481401+0.00000000j)  (0.06102031+0.00000000j)
State 2:
 (-0.00324766+0.00000000j)  (-0.35383327+0.00000000j)  (-0.45931078+0.00000000j)  (0.81475461+0.00000000j)
State 3:
 (-0.75592605+0.00000000j)  (-0.37700206+0.00000000j)  (-0.37739878+0.00000000j)  (-0.37949364+0.00000000j)

Theta = 315.92 degrees
State 0:
 (-0.65464854+0.00000000j)  (0.43814188+0.00000000j)  (0.43700743+0.00000000j)  (0.43415607+0.00000000j)
State 1:
 (0.00134943+0.00000000j)  (0.75651904+0.00000000j)  (-0.64411966+0.00000000j)  (-0.11307960+0.00000000j)
State 2:
 (0.00304631+0.00000000j)  (0.30608794+0.00000000j)  (0.50156028+0.00000000j)  (-0.80915893+0.00000000j)
State 3:
 (-0.75592605+0.00000000j)  (-0.37685649+0.00000000j)  (-0.37758662+0.00000000j)  (-0.37945137+0.00000000j)

Theta = 323.27 degrees
State 0:
 (-0.65464853+0.00000000j)  (0.43834084+0.00000000j)  (0.43670743+0.00000000j)  (0.43425710+0.00000000j)
State 1:
 (0.00190748+0.00000000j)  (0.77449584+0.00000000j)  (-0.61075949+0.00000000j)  (-0.16469787+0.00000000j)
State 2:
 (0.00273265+0.00000000j)  (0.25707717+0.00000000j)  (0.54179435+0.00000000j)  (-0.80022668+0.00000000j)
State 3:
 (-0.75592605+0.00000000j)  (-0.37672911+0.00000000j)  (-0.37778081+0.00000000j)  (-0.37938456+0.00000000j)

Theta = 330.61 degrees
State 0:
 (-0.65464852+0.00000000j)  (0.43850842+0.00000000j)  (0.43640327+0.00000000j)  (0.43439367+0.00000000j)
State 1:
 (0.00239534+0.00000000j)  (0.78931692+0.00000000j)  (-0.57485712+0.00000000j)  (-0.21566723+0.00000000j)
State 2:
 (-0.00231818+0.00000000j)  (-0.20699047+0.00000000j)  (-0.57984824+0.00000000j)  (0.78798832+0.00000000j)
State 3:
 (-0.75592605+0.00000000j)  (-0.37662198+0.00000000j)  (-0.37797817+0.00000000j)  (-0.37929433+0.00000000j)

Theta = 337.96 degrees
State 0:
 (-0.65464852+0.00000000j)  (0.43864179+0.00000000j)  (0.43609995+0.00000000j)  (0.43456361+0.00000000j)
State 1:
 (0.00279496+0.00000000j)  (0.80091764+0.00000000j)  (-0.53655013+0.00000000j)  (-0.26577639+0.00000000j)
State 2:
 (-0.00181808+0.00000000j)  (-0.15602673+0.00000000j)  (-0.61556000+0.00000000j)  (0.77248834+0.00000000j)
State 3:
 (-0.75592606+0.00000000j)  (-0.37653682+0.00000000j)  (-0.37817546+0.00000000j)  (-0.37918220+0.00000000j)

Theta = 345.31 degrees
State 0:
 (-0.65464851+0.00000000j)  (0.43873870+0.00000000j)  (0.43580244+0.00000000j)  (0.43476421+0.00000000j)
State 1:
 (0.00309153+0.00000000j)  (0.80924454+0.00000000j)  (-0.49599132+0.00000000j)  (-0.31481158+0.00000000j)
State 2:
 (-0.00125077+0.00000000j)  (-0.10439447+0.00000000j)  (-0.64877223+0.00000000j)  (0.75378698+0.00000000j)
State 3:
 (-0.75592606+0.00000000j)  (-0.37647500+0.00000000j)  (-0.37836944+0.00000000j)  (-0.37905004+0.00000000j)

Theta = 352.65 degrees
State 0:
 (-0.65464850+0.00000000j)  (0.43879751+0.00000000j)  (0.43551559+0.00000000j)  (0.43499224+0.00000000j)
State 1:
 (0.00327401+0.00000000j)  (0.81425740+0.00000000j)  (-0.45334904+0.00000000j)  (-0.36255871+0.00000000j)
State 2:
 (-0.00063718+0.00000000j)  (-0.05231095+0.00000000j)  (-0.67933459+0.00000000j)  (0.73196152+0.00000000j)
State 3:
 (-0.75592606+0.00000000j)  (-0.37643751+0.00000000j)  (-0.37855691+0.00000000j)  (-0.37890006+0.00000000j)

Theta = 360.00 degrees
State 0:
 (-0.65464850+0.00000000j)  (0.43881723+0.00000000j)  (0.43524406+0.00000000j)  (0.43524406+0.00000000j)
State 1:
 (0.00333560+0.00000000j)  (0.81593119+0.00000000j)  (-0.40880629+0.00000000j)  (-0.40880629+0.00000000j)
State 2:
 (0.00000000+0.00000000j)  (-0.00000000+0.00000000j)  (-0.70710678+0.00000000j)  (0.70710678+0.00000000j)
State 3:
 (-0.75592606+0.00000000j)  (-0.37642494+0.00000000j)  (-0.37873477+0.00000000j)  (-0.37873477+0.00000000j)

