Berry Phase Accumulation Data
===========================

Final Berry Phases:
State 0: 0.00000000
State 1: -1.57079633
State 2: -1.57079633
State 3: 0.00000000

Accumulated Berry Phases vs Theta:
Theta (degrees)	State 0	State 1	State 2	State 3
0.00	0.00000000	-0.00000000	-0.00000000	0.00000000
0.18	0.00000000	-0.00157237	-0.00157237	0.00000000
0.36	0.00000000	-0.00314474	-0.00314474	0.00000000
0.54	0.00000000	-0.00471711	-0.00471711	0.00000000
0.72	0.00000000	-0.00628947	-0.00628947	0.00000000
0.90	0.00000000	-0.00786184	-0.00786184	0.00000000
1.08	0.00000000	-0.00943421	-0.00943421	0.00000000
1.26	0.00000000	-0.01100658	-0.01100658	0.00000000
1.44	0.00000000	-0.01257895	-0.01257895	0.00000000
1.62	0.00000000	-0.01415132	-0.01415132	0.00000000
1.80	0.00000000	-0.01572369	-0.01572369	0.00000000
1.98	0.00000000	-0.01729606	-0.01729606	0.00000000
2.16	0.00000000	-0.01886842	-0.01886842	0.00000000
2.34	0.00000000	-0.02044079	-0.02044079	0.00000000
2.52	0.00000000	-0.02201316	-0.02201316	0.00000000
2.70	0.00000000	-0.02358553	-0.02358553	0.00000000
2.88	0.00000000	-0.02515790	-0.02515790	0.00000000
3.06	0.00000000	-0.02673027	-0.02673027	0.00000000
3.24	0.00000000	-0.02830264	-0.02830264	0.00000000
3.42	0.00000000	-0.02987501	-0.02987501	0.00000000
3.60	0.00000000	-0.03144737	-0.03144737	0.00000000
3.78	0.00000000	-0.03301974	-0.03301974	0.00000000
3.96	0.00000000	-0.03459211	-0.03459211	0.00000000
4.14	0.00000000	-0.03616448	-0.03616448	0.00000000
4.32	0.00000000	-0.03773685	-0.03773685	0.00000000
4.50	0.00000000	-0.03930922	-0.03930922	0.00000000
4.68	0.00000000	-0.04088159	-0.04088159	0.00000000
4.86	0.00000000	-0.04245395	-0.04245395	0.00000000
5.05	0.00000000	-0.04402632	-0.04402632	0.00000000
5.23	0.00000000	-0.04559869	-0.04559869	0.00000000
5.41	0.00000000	-0.04717106	-0.04717106	0.00000000
5.59	0.00000000	-0.04874343	-0.04874343	0.00000000
5.77	0.00000000	-0.05031580	-0.05031580	0.00000000
5.95	0.00000000	-0.05188817	-0.05188817	0.00000000
6.13	0.00000000	-0.05346054	-0.05346054	0.00000000
6.31	0.00000000	-0.05503290	-0.05503290	0.00000000
6.49	0.00000000	-0.05660527	-0.05660527	0.00000000
6.67	0.00000000	-0.05817764	-0.05817764	0.00000000
6.85	0.00000000	-0.05975001	-0.05975001	0.00000000
7.03	0.00000000	-0.06132238	-0.06132238	0.00000000
7.21	0.00000000	-0.06289475	-0.06289475	0.00000000
7.39	0.00000000	-0.06446712	-0.06446712	0.00000000
7.57	0.00000000	-0.06603949	-0.06603949	0.00000000
7.75	0.00000000	-0.06761185	-0.06761185	0.00000000
7.93	0.00000000	-0.06918422	-0.06918422	0.00000000
8.11	0.00000000	-0.07075659	-0.07075659	0.00000000
8.29	0.00000000	-0.07232896	-0.07232896	0.00000000
8.47	0.00000000	-0.07390133	-0.07390133	0.00000000
8.65	0.00000000	-0.07547370	-0.07547370	0.00000000
8.83	0.00000000	-0.07704607	-0.07704607	0.00000000
9.01	0.00000000	-0.07861843	-0.07861843	0.00000000
9.19	0.00000000	-0.08019080	-0.08019080	0.00000000
9.37	0.00000000	-0.08176317	-0.08176317	0.00000000
9.55	0.00000000	-0.08333554	-0.08333554	0.00000000
9.73	0.00000000	-0.08490791	-0.08490791	0.00000000
9.91	0.00000000	-0.08648028	-0.08648028	0.00000000
10.09	0.00000000	-0.08805265	-0.08805265	0.00000000
10.27	0.00000000	-0.08962502	-0.08962502	0.00000000
10.45	0.00000000	-0.09119738	-0.09119738	0.00000000
10.63	0.00000000	-0.09276975	-0.09276975	0.00000000
10.81	0.00000000	-0.09434212	-0.09434212	0.00000000
10.99	0.00000000	-0.09591449	-0.09591449	0.00000000
11.17	0.00000000	-0.09748686	-0.09748686	0.00000000
11.35	0.00000000	-0.09905923	-0.09905923	0.00000000
11.53	0.00000000	-0.10063160	-0.10063160	0.00000000
11.71	0.00000000	-0.10220397	-0.10220397	0.00000000
11.89	0.00000000	-0.10377633	-0.10377633	0.00000000
12.07	0.00000000	-0.10534870	-0.10534870	0.00000000
12.25	0.00000000	-0.10692107	-0.10692107	0.00000000
12.43	0.00000000	-0.10849344	-0.10849344	0.00000000
12.61	0.00000000	-0.11006581	-0.11006581	0.00000000
12.79	0.00000000	-0.11163818	-0.11163818	0.00000000
12.97	0.00000000	-0.11321055	-0.11321055	0.00000000
13.15	0.00000000	-0.11478291	-0.11478291	0.00000000
13.33	0.00000000	-0.11635528	-0.11635528	0.00000000
13.51	0.00000000	-0.11792765	-0.11792765	0.00000000
13.69	0.00000000	-0.11950002	-0.11950002	0.00000000
13.87	0.00000000	-0.12107239	-0.12107239	0.00000000
14.05	0.00000000	-0.12264476	-0.12264476	0.00000000
14.23	0.00000000	-0.12421713	-0.12421713	0.00000000
14.41	0.00000000	-0.12578950	-0.12578950	0.00000000
14.59	0.00000000	-0.12736186	-0.12736186	0.00000000
14.77	0.00000000	-0.12893423	-0.12893423	0.00000000
14.95	0.00000000	-0.13050660	-0.13050660	0.00000000
15.14	0.00000000	-0.13207897	-0.13207897	0.00000000
15.32	0.00000000	-0.13365134	-0.13365134	0.00000000
15.50	0.00000000	-0.13522371	-0.13522371	0.00000000
15.68	0.00000000	-0.13679608	-0.13679608	0.00000000
15.86	0.00000000	-0.13836845	-0.13836845	0.00000000
16.04	0.00000000	-0.13994081	-0.13994081	0.00000000
16.22	0.00000000	-0.14151318	-0.14151318	0.00000000
16.40	0.00000000	-0.14308555	-0.14308555	0.00000000
16.58	0.00000000	-0.14465792	-0.14465792	0.00000000
16.76	0.00000000	-0.14623029	-0.14623029	0.00000000
16.94	0.00000000	-0.14780266	-0.14780266	0.00000000
17.12	0.00000000	-0.14937503	-0.14937503	0.00000000
17.30	0.00000000	-0.15094739	-0.15094739	0.00000000
17.48	0.00000000	-0.15251976	-0.15251976	0.00000000
17.66	0.00000000	-0.15409213	-0.15409213	0.00000000
17.84	0.00000000	-0.15566450	-0.15566450	0.00000000
18.02	0.00000000	-0.15723687	-0.15723687	0.00000000
18.20	0.00000000	-0.15880924	-0.15880924	0.00000000
18.38	0.00000000	-0.16038161	-0.16038161	0.00000000
18.56	0.00000000	-0.16195398	-0.16195398	0.00000000
18.74	0.00000000	-0.16352634	-0.16352634	0.00000000
18.92	0.00000000	-0.16509871	-0.16509871	0.00000000
19.10	0.00000000	-0.16667108	-0.16667108	0.00000000
19.28	0.00000000	-0.16824345	-0.16824345	0.00000000
19.46	0.00000000	-0.16981582	-0.16981582	0.00000000
19.64	0.00000000	-0.17138819	-0.17138819	0.00000000
19.82	0.00000000	-0.17296056	-0.17296056	0.00000000
20.00	0.00000000	-0.17453293	-0.17453293	0.00000000
20.18	0.00000000	-0.17610529	-0.17610529	0.00000000
20.36	0.00000000	-0.17767766	-0.17767766	0.00000000
20.54	0.00000000	-0.17925003	-0.17925003	0.00000000
20.72	0.00000000	-0.18082240	-0.18082240	0.00000000
20.90	0.00000000	-0.18239477	-0.18239477	0.00000000
21.08	0.00000000	-0.18396714	-0.18396714	0.00000000
21.26	0.00000000	-0.18553951	-0.18553951	0.00000000
21.44	0.00000000	-0.18711187	-0.18711187	0.00000000
21.62	0.00000000	-0.18868424	-0.18868424	0.00000000
21.80	0.00000000	-0.19025661	-0.19025661	0.00000000
21.98	0.00000000	-0.19182898	-0.19182898	0.00000000
22.16	0.00000000	-0.19340135	-0.19340135	0.00000000
22.34	0.00000000	-0.19497372	-0.19497372	0.00000000
22.52	0.00000000	-0.19654609	-0.19654609	0.00000000
22.70	0.00000000	-0.19811846	-0.19811846	0.00000000
22.88	0.00000000	-0.19969082	-0.19969082	0.00000000
23.06	0.00000000	-0.20126319	-0.20126319	0.00000000
23.24	0.00000000	-0.20283556	-0.20283556	0.00000000
23.42	0.00000000	-0.20440793	-0.20440793	0.00000000
23.60	0.00000000	-0.20598030	-0.20598030	0.00000000
23.78	0.00000000	-0.20755267	-0.20755267	0.00000000
23.96	0.00000000	-0.20912504	-0.20912504	0.00000000
24.14	0.00000000	-0.21069741	-0.21069741	0.00000000
24.32	0.00000000	-0.21226977	-0.21226977	0.00000000
24.50	0.00000000	-0.21384214	-0.21384214	0.00000000
24.68	0.00000000	-0.21541451	-0.21541451	0.00000000
24.86	0.00000000	-0.21698688	-0.21698688	0.00000000
25.05	0.00000000	-0.21855925	-0.21855925	0.00000000
25.23	0.00000000	-0.22013162	-0.22013162	0.00000000
25.41	0.00000000	-0.22170399	-0.22170399	0.00000000
25.59	0.00000000	-0.22327635	-0.22327635	0.00000000
25.77	0.00000000	-0.22484872	-0.22484872	0.00000000
25.95	0.00000000	-0.22642109	-0.22642109	0.00000000
26.13	0.00000000	-0.22799346	-0.22799346	0.00000000
26.31	0.00000000	-0.22956583	-0.22956583	0.00000000
26.49	0.00000000	-0.23113820	-0.23113820	0.00000000
26.67	0.00000000	-0.23271057	-0.23271057	0.00000000
26.85	0.00000000	-0.23428294	-0.23428294	0.00000000
27.03	0.00000000	-0.23585530	-0.23585530	0.00000000
27.21	0.00000000	-0.23742767	-0.23742767	0.00000000
27.39	0.00000000	-0.23900004	-0.23900004	0.00000000
27.57	0.00000000	-0.24057241	-0.24057241	0.00000000
27.75	0.00000000	-0.24214478	-0.24214478	0.00000000
27.93	0.00000000	-0.24371715	-0.24371715	0.00000000
28.11	0.00000000	-0.24528952	-0.24528952	0.00000000
28.29	0.00000000	-0.24686189	-0.24686189	0.00000000
28.47	0.00000000	-0.24843425	-0.24843425	0.00000000
28.65	0.00000000	-0.25000662	-0.25000662	0.00000000
28.83	0.00000000	-0.25157899	-0.25157899	0.00000000
29.01	0.00000000	-0.25315136	-0.25315136	0.00000000
29.19	0.00000000	-0.25472373	-0.25472373	0.00000000
29.37	0.00000000	-0.25629610	-0.25629610	0.00000000
29.55	0.00000000	-0.25786847	-0.25786847	0.00000000
29.73	0.00000000	-0.25944083	-0.25944083	0.00000000
29.91	0.00000000	-0.26101320	-0.26101320	0.00000000
30.09	0.00000000	-0.26258557	-0.26258557	0.00000000
30.27	0.00000000	-0.26415794	-0.26415794	0.00000000
30.45	0.00000000	-0.26573031	-0.26573031	0.00000000
30.63	0.00000000	-0.26730268	-0.26730268	0.00000000
30.81	0.00000000	-0.26887505	-0.26887505	0.00000000
30.99	0.00000000	-0.27044742	-0.27044742	0.00000000
31.17	0.00000000	-0.27201978	-0.27201978	0.00000000
31.35	0.00000000	-0.27359215	-0.27359215	0.00000000
31.53	0.00000000	-0.27516452	-0.27516452	0.00000000
31.71	0.00000000	-0.27673689	-0.27673689	0.00000000
31.89	0.00000000	-0.27830926	-0.27830926	0.00000000
32.07	0.00000000	-0.27988163	-0.27988163	0.00000000
32.25	0.00000000	-0.28145400	-0.28145400	0.00000000
32.43	0.00000000	-0.28302637	-0.28302637	0.00000000
32.61	0.00000000	-0.28459873	-0.28459873	0.00000000
32.79	0.00000000	-0.28617110	-0.28617110	0.00000000
32.97	0.00000000	-0.28774347	-0.28774347	0.00000000
33.15	0.00000000	-0.28931584	-0.28931584	0.00000000
33.33	0.00000000	-0.29088821	-0.29088821	0.00000000
33.51	0.00000000	-0.29246058	-0.29246058	0.00000000
33.69	0.00000000	-0.29403295	-0.29403295	0.00000000
33.87	0.00000000	-0.29560531	-0.29560531	0.00000000
34.05	0.00000000	-0.29717768	-0.29717768	0.00000000
34.23	0.00000000	-0.29875005	-0.29875005	0.00000000
34.41	0.00000000	-0.30032242	-0.30032242	0.00000000
34.59	0.00000000	-0.30189479	-0.30189479	0.00000000
34.77	0.00000000	-0.30346716	-0.30346716	0.00000000
34.95	0.00000000	-0.30503953	-0.30503953	0.00000000
35.14	0.00000000	-0.30661190	-0.30661190	0.00000000
35.32	0.00000000	-0.30818426	-0.30818426	0.00000000
35.50	0.00000000	-0.30975663	-0.30975663	0.00000000
35.68	0.00000000	-0.31132900	-0.31132900	0.00000000
35.86	0.00000000	-0.31290137	-0.31290137	0.00000000
36.04	0.00000000	-0.31447374	-0.31447374	0.00000000
36.22	0.00000000	-0.31604611	-0.31604611	0.00000000
36.40	0.00000000	-0.31761848	-0.31761848	0.00000000
36.58	0.00000000	-0.31919085	-0.31919085	0.00000000
36.76	0.00000000	-0.32076321	-0.32076321	0.00000000
36.94	0.00000000	-0.32233558	-0.32233558	0.00000000
37.12	0.00000000	-0.32390795	-0.32390795	0.00000000
37.30	0.00000000	-0.32548032	-0.32548032	0.00000000
37.48	0.00000000	-0.32705269	-0.32705269	0.00000000
37.66	0.00000000	-0.32862506	-0.32862506	0.00000000
37.84	0.00000000	-0.33019743	-0.33019743	0.00000000
38.02	0.00000000	-0.33176979	-0.33176979	0.00000000
38.20	0.00000000	-0.33334216	-0.33334216	0.00000000
38.38	0.00000000	-0.33491453	-0.33491453	0.00000000
38.56	0.00000000	-0.33648690	-0.33648690	0.00000000
38.74	0.00000000	-0.33805927	-0.33805927	0.00000000
38.92	0.00000000	-0.33963164	-0.33963164	0.00000000
39.10	0.00000000	-0.34120401	-0.34120401	0.00000000
39.28	0.00000000	-0.34277638	-0.34277638	0.00000000
39.46	0.00000000	-0.34434874	-0.34434874	0.00000000
39.64	0.00000000	-0.34592111	-0.34592111	0.00000000
39.82	0.00000000	-0.34749348	-0.34749348	0.00000000
40.00	0.00000000	-0.34906585	-0.34906585	0.00000000
40.18	0.00000000	-0.35063822	-0.35063822	0.00000000
40.36	0.00000000	-0.35221059	-0.35221059	0.00000000
40.54	0.00000000	-0.35378296	-0.35378296	0.00000000
40.72	0.00000000	-0.35535533	-0.35535533	0.00000000
40.90	0.00000000	-0.35692769	-0.35692769	0.00000000
41.08	0.00000000	-0.35850006	-0.35850006	0.00000000
41.26	0.00000000	-0.36007243	-0.36007243	0.00000000
41.44	0.00000000	-0.36164480	-0.36164480	0.00000000
41.62	0.00000000	-0.36321717	-0.36321717	0.00000000
41.80	0.00000000	-0.36478954	-0.36478954	0.00000000
41.98	0.00000000	-0.36636191	-0.36636191	0.00000000
42.16	0.00000000	-0.36793427	-0.36793427	0.00000000
42.34	0.00000000	-0.36950664	-0.36950664	0.00000000
42.52	0.00000000	-0.37107901	-0.37107901	0.00000000
42.70	0.00000000	-0.37265138	-0.37265138	0.00000000
42.88	0.00000000	-0.37422375	-0.37422375	0.00000000
43.06	0.00000000	-0.37579612	-0.37579612	0.00000000
43.24	0.00000000	-0.37736849	-0.37736849	0.00000000
43.42	0.00000000	-0.37894086	-0.37894086	0.00000000
43.60	0.00000000	-0.38051322	-0.38051322	0.00000000
43.78	0.00000000	-0.38208559	-0.38208559	0.00000000
43.96	0.00000000	-0.38365796	-0.38365796	0.00000000
44.14	0.00000000	-0.38523033	-0.38523033	0.00000000
44.32	0.00000000	-0.38680270	-0.38680270	0.00000000
44.50	0.00000000	-0.38837507	-0.38837507	0.00000000
44.68	0.00000000	-0.38994744	-0.38994744	0.00000000
44.86	0.00000000	-0.39151981	-0.39151981	0.00000000
45.05	0.00000000	-0.39309217	-0.39309217	0.00000000
45.23	0.00000000	-0.39466454	-0.39466454	0.00000000
45.41	0.00000000	-0.39623691	-0.39623691	0.00000000
45.59	0.00000000	-0.39780928	-0.39780928	0.00000000
45.77	0.00000000	-0.39938165	-0.39938165	0.00000000
45.95	0.00000000	-0.40095402	-0.40095402	0.00000000
46.13	0.00000000	-0.40252639	-0.40252639	0.00000000
46.31	0.00000000	-0.40409875	-0.40409875	0.00000000
46.49	0.00000000	-0.40567112	-0.40567112	0.00000000
46.67	0.00000000	-0.40724349	-0.40724349	0.00000000
46.85	0.00000000	-0.40881586	-0.40881586	0.00000000
47.03	0.00000000	-0.41038823	-0.41038823	0.00000000
47.21	0.00000000	-0.41196060	-0.41196060	0.00000000
47.39	0.00000000	-0.41353297	-0.41353297	0.00000000
47.57	0.00000000	-0.41510534	-0.41510534	0.00000000
47.75	0.00000000	-0.41667770	-0.41667770	0.00000000
47.93	0.00000000	-0.41825007	-0.41825007	0.00000000
48.11	0.00000000	-0.41982244	-0.41982244	0.00000000
48.29	0.00000000	-0.42139481	-0.42139481	0.00000000
48.47	0.00000000	-0.42296718	-0.42296718	0.00000000
48.65	0.00000000	-0.42453955	-0.42453955	0.00000000
48.83	0.00000000	-0.42611192	-0.42611192	0.00000000
49.01	0.00000000	-0.42768429	-0.42768429	0.00000000
49.19	0.00000000	-0.42925665	-0.42925665	0.00000000
49.37	0.00000000	-0.43082902	-0.43082902	0.00000000
49.55	0.00000000	-0.43240139	-0.43240139	0.00000000
49.73	0.00000000	-0.43397376	-0.43397376	0.00000000
49.91	0.00000000	-0.43554613	-0.43554613	0.00000000
50.09	0.00000000	-0.43711850	-0.43711850	0.00000000
50.27	0.00000000	-0.43869087	-0.43869087	0.00000000
50.45	0.00000000	-0.44026323	-0.44026323	0.00000000
50.63	0.00000000	-0.44183560	-0.44183560	0.00000000
50.81	0.00000000	-0.44340797	-0.44340797	0.00000000
50.99	0.00000000	-0.44498034	-0.44498034	0.00000000
51.17	0.00000000	-0.44655271	-0.44655271	0.00000000
51.35	0.00000000	-0.44812508	-0.44812508	0.00000000
51.53	0.00000000	-0.44969745	-0.44969745	0.00000000
51.71	0.00000000	-0.45126982	-0.45126982	0.00000000
51.89	0.00000000	-0.45284218	-0.45284218	0.00000000
52.07	0.00000000	-0.45441455	-0.45441455	0.00000000
52.25	0.00000000	-0.45598692	-0.45598692	0.00000000
52.43	0.00000000	-0.45755929	-0.45755929	0.00000000
52.61	0.00000000	-0.45913166	-0.45913166	0.00000000
52.79	0.00000000	-0.46070403	-0.46070403	0.00000000
52.97	0.00000000	-0.46227640	-0.46227640	0.00000000
53.15	0.00000000	-0.46384877	-0.46384877	0.00000000
53.33	0.00000000	-0.46542113	-0.46542113	0.00000000
53.51	0.00000000	-0.46699350	-0.46699350	0.00000000
53.69	0.00000000	-0.46856587	-0.46856587	0.00000000
53.87	0.00000000	-0.47013824	-0.47013824	0.00000000
54.05	0.00000000	-0.47171061	-0.47171061	0.00000000
54.23	0.00000000	-0.47328298	-0.47328298	0.00000000
54.41	0.00000000	-0.47485535	-0.47485535	0.00000000
54.59	0.00000000	-0.47642771	-0.47642771	0.00000000
54.77	0.00000000	-0.47800008	-0.47800008	0.00000000
54.95	0.00000000	-0.47957245	-0.47957245	0.00000000
55.14	0.00000000	-0.48114482	-0.48114482	0.00000000
55.32	0.00000000	-0.48271719	-0.48271719	0.00000000
55.50	0.00000000	-0.48428956	-0.48428956	0.00000000
55.68	0.00000000	-0.48586193	-0.48586193	0.00000000
55.86	0.00000000	-0.48743430	-0.48743430	0.00000000
56.04	0.00000000	-0.48900666	-0.48900666	0.00000000
56.22	0.00000000	-0.49057903	-0.49057903	0.00000000
56.40	0.00000000	-0.49215140	-0.49215140	0.00000000
56.58	0.00000000	-0.49372377	-0.49372377	0.00000000
56.76	0.00000000	-0.49529614	-0.49529614	0.00000000
56.94	0.00000000	-0.49686851	-0.49686851	0.00000000
57.12	0.00000000	-0.49844088	-0.49844088	0.00000000
57.30	0.00000000	-0.50001325	-0.50001325	0.00000000
57.48	0.00000000	-0.50158561	-0.50158561	0.00000000
57.66	0.00000000	-0.50315798	-0.50315798	0.00000000
57.84	0.00000000	-0.50473035	-0.50473035	0.00000000
58.02	0.00000000	-0.50630272	-0.50630272	0.00000000
58.20	0.00000000	-0.50787509	-0.50787509	0.00000000
58.38	0.00000000	-0.50944746	-0.50944746	0.00000000
58.56	0.00000000	-0.51101983	-0.51101983	0.00000000
58.74	0.00000000	-0.51259219	-0.51259219	0.00000000
58.92	0.00000000	-0.51416456	-0.51416456	0.00000000
59.10	0.00000000	-0.51573693	-0.51573693	0.00000000
59.28	0.00000000	-0.51730930	-0.51730930	0.00000000
59.46	0.00000000	-0.51888167	-0.51888167	0.00000000
59.64	0.00000000	-0.52045404	-0.52045404	0.00000000
59.82	0.00000000	-0.52202641	-0.52202641	0.00000000
60.00	0.00000000	-0.52359878	-0.52359878	0.00000000
60.18	0.00000000	-0.52517114	-0.52517114	0.00000000
60.36	0.00000000	-0.52674351	-0.52674351	0.00000000
60.54	0.00000000	-0.52831588	-0.52831588	0.00000000
60.72	0.00000000	-0.52988825	-0.52988825	0.00000000
60.90	0.00000000	-0.53146062	-0.53146062	0.00000000
61.08	0.00000000	-0.53303299	-0.53303299	0.00000000
61.26	0.00000000	-0.53460536	-0.53460536	0.00000000
61.44	0.00000000	-0.53617773	-0.53617773	0.00000000
61.62	0.00000000	-0.53775009	-0.53775009	0.00000000
61.80	0.00000000	-0.53932246	-0.53932246	0.00000000
61.98	0.00000000	-0.54089483	-0.54089483	0.00000000
62.16	0.00000000	-0.54246720	-0.54246720	0.00000000
62.34	0.00000000	-0.54403957	-0.54403957	0.00000000
62.52	0.00000000	-0.54561194	-0.54561194	0.00000000
62.70	0.00000000	-0.54718431	-0.54718431	0.00000000
62.88	0.00000000	-0.54875667	-0.54875667	0.00000000
63.06	0.00000000	-0.55032904	-0.55032904	0.00000000
63.24	0.00000000	-0.55190141	-0.55190141	0.00000000
63.42	0.00000000	-0.55347378	-0.55347378	0.00000000
63.60	0.00000000	-0.55504615	-0.55504615	0.00000000
63.78	0.00000000	-0.55661852	-0.55661852	0.00000000
63.96	0.00000000	-0.55819089	-0.55819089	0.00000000
64.14	0.00000000	-0.55976326	-0.55976326	0.00000000
64.32	0.00000000	-0.56133562	-0.56133562	0.00000000
64.50	0.00000000	-0.56290799	-0.56290799	0.00000000
64.68	0.00000000	-0.56448036	-0.56448036	0.00000000
64.86	0.00000000	-0.56605273	-0.56605273	0.00000000
65.05	0.00000000	-0.56762510	-0.56762510	0.00000000
65.23	0.00000000	-0.56919747	-0.56919747	0.00000000
65.41	0.00000000	-0.57076984	-0.57076984	0.00000000
65.59	0.00000000	-0.57234221	-0.57234221	0.00000000
65.77	0.00000000	-0.57391457	-0.57391457	0.00000000
65.95	0.00000000	-0.57548694	-0.57548694	0.00000000
66.13	0.00000000	-0.57705931	-0.57705931	0.00000000
66.31	0.00000000	-0.57863168	-0.57863168	0.00000000
66.49	0.00000000	-0.58020405	-0.58020405	0.00000000
66.67	0.00000000	-0.58177642	-0.58177642	0.00000000
66.85	0.00000000	-0.58334879	-0.58334879	0.00000000
67.03	0.00000000	-0.58492115	-0.58492115	0.00000000
67.21	0.00000000	-0.58649352	-0.58649352	0.00000000
67.39	0.00000000	-0.58806589	-0.58806589	0.00000000
67.57	0.00000000	-0.58963826	-0.58963826	0.00000000
67.75	0.00000000	-0.59121063	-0.59121063	0.00000000
67.93	0.00000000	-0.59278300	-0.59278300	0.00000000
68.11	0.00000000	-0.59435537	-0.59435537	0.00000000
68.29	0.00000000	-0.59592774	-0.59592774	0.00000000
68.47	0.00000000	-0.59750010	-0.59750010	0.00000000
68.65	0.00000000	-0.59907247	-0.59907247	0.00000000
68.83	0.00000000	-0.60064484	-0.60064484	0.00000000
69.01	0.00000000	-0.60221721	-0.60221721	0.00000000
69.19	0.00000000	-0.60378958	-0.60378958	0.00000000
69.37	0.00000000	-0.60536195	-0.60536195	0.00000000
69.55	0.00000000	-0.60693432	-0.60693432	0.00000000
69.73	0.00000000	-0.60850669	-0.60850669	0.00000000
69.91	0.00000000	-0.61007905	-0.61007905	0.00000000
70.09	0.00000000	-0.61165142	-0.61165142	0.00000000
70.27	0.00000000	-0.61322379	-0.61322379	0.00000000
70.45	0.00000000	-0.61479616	-0.61479616	0.00000000
70.63	0.00000000	-0.61636853	-0.61636853	0.00000000
70.81	0.00000000	-0.61794090	-0.61794090	0.00000000
70.99	0.00000000	-0.61951327	-0.61951327	0.00000000
71.17	0.00000000	-0.62108563	-0.62108563	0.00000000
71.35	0.00000000	-0.62265800	-0.62265800	0.00000000
71.53	0.00000000	-0.62423037	-0.62423037	0.00000000
71.71	0.00000000	-0.62580274	-0.62580274	0.00000000
71.89	0.00000000	-0.62737511	-0.62737511	0.00000000
72.07	0.00000000	-0.62894748	-0.62894748	0.00000000
72.25	0.00000000	-0.63051985	-0.63051985	0.00000000
72.43	0.00000000	-0.63209222	-0.63209222	0.00000000
72.61	0.00000000	-0.63366458	-0.63366458	0.00000000
72.79	0.00000000	-0.63523695	-0.63523695	0.00000000
72.97	0.00000000	-0.63680932	-0.63680932	0.00000000
73.15	0.00000000	-0.63838169	-0.63838169	0.00000000
73.33	0.00000000	-0.63995406	-0.63995406	0.00000000
73.51	0.00000000	-0.64152643	-0.64152643	0.00000000
73.69	0.00000000	-0.64309880	-0.64309880	0.00000000
73.87	0.00000000	-0.64467117	-0.64467117	0.00000000
74.05	0.00000000	-0.64624353	-0.64624353	0.00000000
74.23	0.00000000	-0.64781590	-0.64781590	0.00000000
74.41	0.00000000	-0.64938827	-0.64938827	0.00000000
74.59	0.00000000	-0.65096064	-0.65096064	0.00000000
74.77	0.00000000	-0.65253301	-0.65253301	0.00000000
74.95	0.00000000	-0.65410538	-0.65410538	0.00000000
75.14	0.00000000	-0.65567775	-0.65567775	0.00000000
75.32	0.00000000	-0.65725011	-0.65725011	0.00000000
75.50	0.00000000	-0.65882248	-0.65882248	0.00000000
75.68	0.00000000	-0.66039485	-0.66039485	0.00000000
75.86	0.00000000	-0.66196722	-0.66196722	0.00000000
76.04	0.00000000	-0.66353959	-0.66353959	0.00000000
76.22	0.00000000	-0.66511196	-0.66511196	0.00000000
76.40	0.00000000	-0.66668433	-0.66668433	0.00000000
76.58	0.00000000	-0.66825670	-0.66825670	0.00000000
76.76	0.00000000	-0.66982906	-0.66982906	0.00000000
76.94	0.00000000	-0.67140143	-0.67140143	0.00000000
77.12	0.00000000	-0.67297380	-0.67297380	0.00000000
77.30	0.00000000	-0.67454617	-0.67454617	0.00000000
77.48	0.00000000	-0.67611854	-0.67611854	0.00000000
77.66	0.00000000	-0.67769091	-0.67769091	0.00000000
77.84	0.00000000	-0.67926328	-0.67926328	0.00000000
78.02	0.00000000	-0.68083565	-0.68083565	0.00000000
78.20	0.00000000	-0.68240801	-0.68240801	0.00000000
78.38	0.00000000	-0.68398038	-0.68398038	0.00000000
78.56	0.00000000	-0.68555275	-0.68555275	0.00000000
78.74	0.00000000	-0.68712512	-0.68712512	0.00000000
78.92	0.00000000	-0.68869749	-0.68869749	0.00000000
79.10	0.00000000	-0.69026986	-0.69026986	0.00000000
79.28	0.00000000	-0.69184223	-0.69184223	0.00000000
79.46	0.00000000	-0.69341459	-0.69341459	0.00000000
79.64	0.00000000	-0.69498696	-0.69498696	0.00000000
79.82	0.00000000	-0.69655933	-0.69655933	0.00000000
80.00	0.00000000	-0.69813170	-0.69813170	0.00000000
80.18	0.00000000	-0.69970407	-0.69970407	0.00000000
80.36	0.00000000	-0.70127644	-0.70127644	0.00000000
80.54	0.00000000	-0.70284881	-0.70284881	0.00000000
80.72	0.00000000	-0.70442118	-0.70442118	0.00000000
80.90	0.00000000	-0.70599354	-0.70599354	0.00000000
81.08	0.00000000	-0.70756591	-0.70756591	0.00000000
81.26	0.00000000	-0.70913828	-0.70913828	0.00000000
81.44	0.00000000	-0.71071065	-0.71071065	0.00000000
81.62	0.00000000	-0.71228302	-0.71228302	0.00000000
81.80	0.00000000	-0.71385539	-0.71385539	0.00000000
81.98	0.00000000	-0.71542776	-0.71542776	0.00000000
82.16	0.00000000	-0.71700013	-0.71700013	0.00000000
82.34	0.00000000	-0.71857249	-0.71857249	0.00000000
82.52	0.00000000	-0.72014486	-0.72014486	0.00000000
82.70	0.00000000	-0.72171723	-0.72171723	0.00000000
82.88	0.00000000	-0.72328960	-0.72328960	0.00000000
83.06	0.00000000	-0.72486197	-0.72486197	0.00000000
83.24	0.00000000	-0.72643434	-0.72643434	0.00000000
83.42	0.00000000	-0.72800671	-0.72800671	0.00000000
83.60	0.00000000	-0.72957907	-0.72957907	0.00000000
83.78	0.00000000	-0.73115144	-0.73115144	0.00000000
83.96	0.00000000	-0.73272381	-0.73272381	0.00000000
84.14	0.00000000	-0.73429618	-0.73429618	0.00000000
84.32	0.00000000	-0.73586855	-0.73586855	0.00000000
84.50	0.00000000	-0.73744092	-0.73744092	0.00000000
84.68	0.00000000	-0.73901329	-0.73901329	0.00000000
84.86	0.00000000	-0.74058566	-0.74058566	0.00000000
85.05	0.00000000	-0.74215802	-0.74215802	0.00000000
85.23	0.00000000	-0.74373039	-0.74373039	0.00000000
85.41	0.00000000	-0.74530276	-0.74530276	0.00000000
85.59	0.00000000	-0.74687513	-0.74687513	0.00000000
85.77	0.00000000	-0.74844750	-0.74844750	0.00000000
85.95	0.00000000	-0.75001987	-0.75001987	0.00000000
86.13	0.00000000	-0.75159224	-0.75159224	0.00000000
86.31	0.00000000	-0.75316461	-0.75316461	0.00000000
86.49	0.00000000	-0.75473697	-0.75473697	0.00000000
86.67	0.00000000	-0.75630934	-0.75630934	0.00000000
86.85	0.00000000	-0.75788171	-0.75788171	0.00000000
87.03	0.00000000	-0.75945408	-0.75945408	0.00000000
87.21	0.00000000	-0.76102645	-0.76102645	0.00000000
87.39	0.00000000	-0.76259882	-0.76259882	0.00000000
87.57	0.00000000	-0.76417119	-0.76417119	0.00000000
87.75	0.00000000	-0.76574355	-0.76574355	0.00000000
87.93	0.00000000	-0.76731592	-0.76731592	0.00000000
88.11	0.00000000	-0.76888829	-0.76888829	0.00000000
88.29	0.00000000	-0.77046066	-0.77046066	0.00000000
88.47	0.00000000	-0.77203303	-0.77203303	0.00000000
88.65	0.00000000	-0.77360540	-0.77360540	0.00000000
88.83	0.00000000	-0.77517777	-0.77517777	0.00000000
89.01	0.00000000	-0.77675014	-0.77675014	0.00000000
89.19	0.00000000	-0.77832250	-0.77832250	0.00000000
89.37	0.00000000	-0.77989487	-0.77989487	0.00000000
89.55	0.00000000	-0.78146724	-0.78146724	0.00000000
89.73	0.00000000	-0.78303961	-0.78303961	0.00000000
89.91	0.00000000	-0.78461198	-0.78461198	0.00000000
90.09	0.00000000	-0.78618435	-0.78618435	0.00000000
90.27	0.00000000	-0.78775672	-0.78775672	0.00000000
90.45	0.00000000	-0.78932909	-0.78932909	0.00000000
90.63	0.00000000	-0.79090145	-0.79090145	0.00000000
90.81	0.00000000	-0.79247382	-0.79247382	0.00000000
90.99	0.00000000	-0.79404619	-0.79404619	0.00000000
91.17	0.00000000	-0.79561856	-0.79561856	0.00000000
91.35	0.00000000	-0.79719093	-0.79719093	0.00000000
91.53	0.00000000	-0.79876330	-0.79876330	0.00000000
91.71	0.00000000	-0.80033567	-0.80033567	0.00000000
91.89	0.00000000	-0.80190803	-0.80190803	0.00000000
92.07	0.00000000	-0.80348040	-0.80348040	0.00000000
92.25	0.00000000	-0.80505277	-0.80505277	0.00000000
92.43	0.00000000	-0.80662514	-0.80662514	0.00000000
92.61	0.00000000	-0.80819751	-0.80819751	0.00000000
92.79	0.00000000	-0.80976988	-0.80976988	0.00000000
92.97	0.00000000	-0.81134225	-0.81134225	0.00000000
93.15	0.00000000	-0.81291462	-0.81291462	0.00000000
93.33	0.00000000	-0.81448698	-0.81448698	0.00000000
93.51	0.00000000	-0.81605935	-0.81605935	0.00000000
93.69	0.00000000	-0.81763172	-0.81763172	0.00000000
93.87	0.00000000	-0.81920409	-0.81920409	0.00000000
94.05	0.00000000	-0.82077646	-0.82077646	0.00000000
94.23	0.00000000	-0.82234883	-0.82234883	0.00000000
94.41	0.00000000	-0.82392120	-0.82392120	0.00000000
94.59	0.00000000	-0.82549357	-0.82549357	0.00000000
94.77	0.00000000	-0.82706593	-0.82706593	0.00000000
94.95	0.00000000	-0.82863830	-0.82863830	0.00000000
95.14	0.00000000	-0.83021067	-0.83021067	0.00000000
95.32	0.00000000	-0.83178304	-0.83178304	0.00000000
95.50	0.00000000	-0.83335541	-0.83335541	0.00000000
95.68	0.00000000	-0.83492778	-0.83492778	0.00000000
95.86	0.00000000	-0.83650015	-0.83650015	0.00000000
96.04	0.00000000	-0.83807251	-0.83807251	0.00000000
96.22	0.00000000	-0.83964488	-0.83964488	0.00000000
96.40	0.00000000	-0.84121725	-0.84121725	0.00000000
96.58	0.00000000	-0.84278962	-0.84278962	0.00000000
96.76	0.00000000	-0.84436199	-0.84436199	0.00000000
96.94	0.00000000	-0.84593436	-0.84593436	0.00000000
97.12	0.00000000	-0.84750673	-0.84750673	0.00000000
97.30	0.00000000	-0.84907910	-0.84907910	0.00000000
97.48	0.00000000	-0.85065146	-0.85065146	0.00000000
97.66	0.00000000	-0.85222383	-0.85222383	0.00000000
97.84	0.00000000	-0.85379620	-0.85379620	0.00000000
98.02	0.00000000	-0.85536857	-0.85536857	0.00000000
98.20	0.00000000	-0.85694094	-0.85694094	0.00000000
98.38	0.00000000	-0.85851331	-0.85851331	0.00000000
98.56	0.00000000	-0.86008568	-0.86008568	0.00000000
98.74	0.00000000	-0.86165805	-0.86165805	0.00000000
98.92	0.00000000	-0.86323041	-0.86323041	0.00000000
99.10	0.00000000	-0.86480278	-0.86480278	0.00000000
99.28	0.00000000	-0.86637515	-0.86637515	0.00000000
99.46	0.00000000	-0.86794752	-0.86794752	0.00000000
99.64	0.00000000	-0.86951989	-0.86951989	0.00000000
99.82	0.00000000	-0.87109226	-0.87109226	0.00000000
100.00	0.00000000	-0.87266463	-0.87266463	0.00000000
100.18	0.00000000	-0.87423699	-0.87423699	0.00000000
100.36	0.00000000	-0.87580936	-0.87580936	0.00000000
100.54	0.00000000	-0.87738173	-0.87738173	0.00000000
100.72	0.00000000	-0.87895410	-0.87895410	0.00000000
100.90	0.00000000	-0.88052647	-0.88052647	0.00000000
101.08	0.00000000	-0.88209884	-0.88209884	0.00000000
101.26	0.00000000	-0.88367121	-0.88367121	0.00000000
101.44	0.00000000	-0.88524358	-0.88524358	0.00000000
101.62	0.00000000	-0.88681594	-0.88681594	0.00000000
101.80	0.00000000	-0.88838831	-0.88838831	0.00000000
101.98	0.00000000	-0.88996068	-0.88996068	0.00000000
102.16	0.00000000	-0.89153305	-0.89153305	0.00000000
102.34	0.00000000	-0.89310542	-0.89310542	0.00000000
102.52	0.00000000	-0.89467779	-0.89467779	0.00000000
102.70	0.00000000	-0.89625016	-0.89625016	0.00000000
102.88	0.00000000	-0.89782253	-0.89782253	0.00000000
103.06	0.00000000	-0.89939489	-0.89939489	0.00000000
103.24	0.00000000	-0.90096726	-0.90096726	0.00000000
103.42	0.00000000	-0.90253963	-0.90253963	0.00000000
103.60	0.00000000	-0.90411200	-0.90411200	0.00000000
103.78	0.00000000	-0.90568437	-0.90568437	0.00000000
103.96	0.00000000	-0.90725674	-0.90725674	0.00000000
104.14	0.00000000	-0.90882911	-0.90882911	0.00000000
104.32	0.00000000	-0.91040147	-0.91040147	0.00000000
104.50	0.00000000	-0.91197384	-0.91197384	0.00000000
104.68	0.00000000	-0.91354621	-0.91354621	0.00000000
104.86	0.00000000	-0.91511858	-0.91511858	0.00000000
105.05	0.00000000	-0.91669095	-0.91669095	0.00000000
105.23	0.00000000	-0.91826332	-0.91826332	0.00000000
105.41	0.00000000	-0.91983569	-0.91983569	0.00000000
105.59	0.00000000	-0.92140806	-0.92140806	0.00000000
105.77	0.00000000	-0.92298042	-0.92298042	0.00000000
105.95	0.00000000	-0.92455279	-0.92455279	0.00000000
106.13	0.00000000	-0.92612516	-0.92612516	0.00000000
106.31	0.00000000	-0.92769753	-0.92769753	0.00000000
106.49	0.00000000	-0.92926990	-0.92926990	0.00000000
106.67	0.00000000	-0.93084227	-0.93084227	0.00000000
106.85	0.00000000	-0.93241464	-0.93241464	0.00000000
107.03	0.00000000	-0.93398701	-0.93398701	0.00000000
107.21	0.00000000	-0.93555937	-0.93555937	0.00000000
107.39	0.00000000	-0.93713174	-0.93713174	0.00000000
107.57	0.00000000	-0.93870411	-0.93870411	0.00000000
107.75	0.00000000	-0.94027648	-0.94027648	0.00000000
107.93	0.00000000	-0.94184885	-0.94184885	0.00000000
108.11	0.00000000	-0.94342122	-0.94342122	0.00000000
108.29	0.00000000	-0.94499359	-0.94499359	0.00000000
108.47	0.00000000	-0.94656595	-0.94656595	0.00000000
108.65	0.00000000	-0.94813832	-0.94813832	0.00000000
108.83	0.00000000	-0.94971069	-0.94971069	0.00000000
109.01	0.00000000	-0.95128306	-0.95128306	0.00000000
109.19	0.00000000	-0.95285543	-0.95285543	0.00000000
109.37	0.00000000	-0.95442780	-0.95442780	0.00000000
109.55	0.00000000	-0.95600017	-0.95600017	0.00000000
109.73	0.00000000	-0.95757254	-0.95757254	0.00000000
109.91	0.00000000	-0.95914490	-0.95914490	0.00000000
110.09	0.00000000	-0.96071727	-0.96071727	0.00000000
110.27	0.00000000	-0.96228964	-0.96228964	0.00000000
110.45	0.00000000	-0.96386201	-0.96386201	0.00000000
110.63	0.00000000	-0.96543438	-0.96543438	0.00000000
110.81	0.00000000	-0.96700675	-0.96700675	0.00000000
110.99	0.00000000	-0.96857912	-0.96857912	0.00000000
111.17	0.00000000	-0.97015149	-0.97015149	0.00000000
111.35	0.00000000	-0.97172385	-0.97172385	0.00000000
111.53	0.00000000	-0.97329622	-0.97329622	0.00000000
111.71	0.00000000	-0.97486859	-0.97486859	0.00000000
111.89	0.00000000	-0.97644096	-0.97644096	0.00000000
112.07	0.00000000	-0.97801333	-0.97801333	0.00000000
112.25	0.00000000	-0.97958570	-0.97958570	0.00000000
112.43	0.00000000	-0.98115807	-0.98115807	0.00000000
112.61	0.00000000	-0.98273043	-0.98273043	0.00000000
112.79	0.00000000	-0.98430280	-0.98430280	0.00000000
112.97	0.00000000	-0.98587517	-0.98587517	0.00000000
113.15	0.00000000	-0.98744754	-0.98744754	0.00000000
113.33	0.00000000	-0.98901991	-0.98901991	0.00000000
113.51	0.00000000	-0.99059228	-0.99059228	0.00000000
113.69	0.00000000	-0.99216465	-0.99216465	0.00000000
113.87	0.00000000	-0.99373702	-0.99373702	0.00000000
114.05	0.00000000	-0.99530938	-0.99530938	0.00000000
114.23	0.00000000	-0.99688175	-0.99688175	0.00000000
114.41	0.00000000	-0.99845412	-0.99845412	0.00000000
114.59	0.00000000	-1.00002649	-1.00002649	0.00000000
114.77	0.00000000	-1.00159886	-1.00159886	0.00000000
114.95	0.00000000	-1.00317123	-1.00317123	0.00000000
115.14	0.00000000	-1.00474360	-1.00474360	0.00000000
115.32	0.00000000	-1.00631597	-1.00631597	0.00000000
115.50	0.00000000	-1.00788833	-1.00788833	0.00000000
115.68	0.00000000	-1.00946070	-1.00946070	0.00000000
115.86	0.00000000	-1.01103307	-1.01103307	0.00000000
116.04	0.00000000	-1.01260544	-1.01260544	0.00000000
116.22	0.00000000	-1.01417781	-1.01417781	0.00000000
116.40	0.00000000	-1.01575018	-1.01575018	0.00000000
116.58	0.00000000	-1.01732255	-1.01732255	0.00000000
116.76	0.00000000	-1.01889491	-1.01889491	0.00000000
116.94	0.00000000	-1.02046728	-1.02046728	0.00000000
117.12	0.00000000	-1.02203965	-1.02203965	0.00000000
117.30	0.00000000	-1.02361202	-1.02361202	0.00000000
117.48	0.00000000	-1.02518439	-1.02518439	0.00000000
117.66	0.00000000	-1.02675676	-1.02675676	0.00000000
117.84	0.00000000	-1.02832913	-1.02832913	0.00000000
118.02	0.00000000	-1.02990150	-1.02990150	0.00000000
118.20	0.00000000	-1.03147386	-1.03147386	0.00000000
118.38	0.00000000	-1.03304623	-1.03304623	0.00000000
118.56	0.00000000	-1.03461860	-1.03461860	0.00000000
118.74	0.00000000	-1.03619097	-1.03619097	0.00000000
118.92	0.00000000	-1.03776334	-1.03776334	0.00000000
119.10	0.00000000	-1.03933571	-1.03933571	0.00000000
119.28	0.00000000	-1.04090808	-1.04090808	0.00000000
119.46	0.00000000	-1.04248045	-1.04248045	0.00000000
119.64	0.00000000	-1.04405281	-1.04405281	0.00000000
119.82	0.00000000	-1.04562518	-1.04562518	0.00000000
120.00	0.00000000	-1.04719755	-1.04719755	0.00000000
120.18	0.00000000	-1.04876992	-1.04876992	0.00000000
120.36	0.00000000	-1.05034229	-1.05034229	0.00000000
120.54	0.00000000	-1.05191466	-1.05191466	0.00000000
120.72	0.00000000	-1.05348703	-1.05348703	0.00000000
120.90	0.00000000	-1.05505939	-1.05505939	0.00000000
121.08	0.00000000	-1.05663176	-1.05663176	0.00000000
121.26	0.00000000	-1.05820413	-1.05820413	0.00000000
121.44	0.00000000	-1.05977650	-1.05977650	0.00000000
121.62	0.00000000	-1.06134887	-1.06134887	0.00000000
121.80	0.00000000	-1.06292124	-1.06292124	0.00000000
121.98	0.00000000	-1.06449361	-1.06449361	0.00000000
122.16	0.00000000	-1.06606598	-1.06606598	0.00000000
122.34	0.00000000	-1.06763834	-1.06763834	0.00000000
122.52	0.00000000	-1.06921071	-1.06921071	0.00000000
122.70	0.00000000	-1.07078308	-1.07078308	0.00000000
122.88	0.00000000	-1.07235545	-1.07235545	0.00000000
123.06	0.00000000	-1.07392782	-1.07392782	0.00000000
123.24	0.00000000	-1.07550019	-1.07550019	0.00000000
123.42	0.00000000	-1.07707256	-1.07707256	0.00000000
123.60	0.00000000	-1.07864493	-1.07864493	0.00000000
123.78	0.00000000	-1.08021729	-1.08021729	0.00000000
123.96	0.00000000	-1.08178966	-1.08178966	0.00000000
124.14	0.00000000	-1.08336203	-1.08336203	0.00000000
124.32	0.00000000	-1.08493440	-1.08493440	0.00000000
124.50	0.00000000	-1.08650677	-1.08650677	0.00000000
124.68	0.00000000	-1.08807914	-1.08807914	0.00000000
124.86	0.00000000	-1.08965151	-1.08965151	0.00000000
125.05	0.00000000	-1.09122387	-1.09122387	0.00000000
125.23	0.00000000	-1.09279624	-1.09279624	0.00000000
125.41	0.00000000	-1.09436861	-1.09436861	0.00000000
125.59	0.00000000	-1.09594098	-1.09594098	0.00000000
125.77	0.00000000	-1.09751335	-1.09751335	0.00000000
125.95	0.00000000	-1.09908572	-1.09908572	0.00000000
126.13	0.00000000	-1.10065809	-1.10065809	0.00000000
126.31	0.00000000	-1.10223046	-1.10223046	0.00000000
126.49	0.00000000	-1.10380282	-1.10380282	0.00000000
126.67	0.00000000	-1.10537519	-1.10537519	0.00000000
126.85	0.00000000	-1.10694756	-1.10694756	0.00000000
127.03	0.00000000	-1.10851993	-1.10851993	0.00000000
127.21	0.00000000	-1.11009230	-1.11009230	0.00000000
127.39	0.00000000	-1.11166467	-1.11166467	0.00000000
127.57	0.00000000	-1.11323704	-1.11323704	0.00000000
127.75	0.00000000	-1.11480941	-1.11480941	0.00000000
127.93	0.00000000	-1.11638177	-1.11638177	0.00000000
128.11	0.00000000	-1.11795414	-1.11795414	0.00000000
128.29	0.00000000	-1.11952651	-1.11952651	0.00000000
128.47	0.00000000	-1.12109888	-1.12109888	0.00000000
128.65	0.00000000	-1.12267125	-1.12267125	0.00000000
128.83	0.00000000	-1.12424362	-1.12424362	0.00000000
129.01	0.00000000	-1.12581599	-1.12581599	0.00000000
129.19	0.00000000	-1.12738835	-1.12738835	0.00000000
129.37	0.00000000	-1.12896072	-1.12896072	0.00000000
129.55	0.00000000	-1.13053309	-1.13053309	0.00000000
129.73	0.00000000	-1.13210546	-1.13210546	0.00000000
129.91	0.00000000	-1.13367783	-1.13367783	0.00000000
130.09	0.00000000	-1.13525020	-1.13525020	0.00000000
130.27	0.00000000	-1.13682257	-1.13682257	0.00000000
130.45	0.00000000	-1.13839494	-1.13839494	0.00000000
130.63	0.00000000	-1.13996730	-1.13996730	0.00000000
130.81	0.00000000	-1.14153967	-1.14153967	0.00000000
130.99	0.00000000	-1.14311204	-1.14311204	0.00000000
131.17	0.00000000	-1.14468441	-1.14468441	0.00000000
131.35	0.00000000	-1.14625678	-1.14625678	0.00000000
131.53	0.00000000	-1.14782915	-1.14782915	0.00000000
131.71	0.00000000	-1.14940152	-1.14940152	0.00000000
131.89	0.00000000	-1.15097389	-1.15097389	0.00000000
132.07	0.00000000	-1.15254625	-1.15254625	0.00000000
132.25	0.00000000	-1.15411862	-1.15411862	0.00000000
132.43	0.00000000	-1.15569099	-1.15569099	0.00000000
132.61	0.00000000	-1.15726336	-1.15726336	0.00000000
132.79	0.00000000	-1.15883573	-1.15883573	0.00000000
132.97	0.00000000	-1.16040810	-1.16040810	0.00000000
133.15	0.00000000	-1.16198047	-1.16198047	0.00000000
133.33	0.00000000	-1.16355283	-1.16355283	0.00000000
133.51	0.00000000	-1.16512520	-1.16512520	0.00000000
133.69	0.00000000	-1.16669757	-1.16669757	0.00000000
133.87	0.00000000	-1.16826994	-1.16826994	0.00000000
134.05	0.00000000	-1.16984231	-1.16984231	0.00000000
134.23	0.00000000	-1.17141468	-1.17141468	0.00000000
134.41	0.00000000	-1.17298705	-1.17298705	0.00000000
134.59	0.00000000	-1.17455942	-1.17455942	0.00000000
134.77	0.00000000	-1.17613178	-1.17613178	0.00000000
134.95	0.00000000	-1.17770415	-1.17770415	0.00000000
135.14	0.00000000	-1.17927652	-1.17927652	0.00000000
135.32	0.00000000	-1.18084889	-1.18084889	0.00000000
135.50	0.00000000	-1.18242126	-1.18242126	0.00000000
135.68	0.00000000	-1.18399363	-1.18399363	0.00000000
135.86	0.00000000	-1.18556600	-1.18556600	0.00000000
136.04	0.00000000	-1.18713837	-1.18713837	0.00000000
136.22	0.00000000	-1.18871073	-1.18871073	0.00000000
136.40	0.00000000	-1.19028310	-1.19028310	0.00000000
136.58	0.00000000	-1.19185547	-1.19185547	0.00000000
136.76	0.00000000	-1.19342784	-1.19342784	0.00000000
136.94	0.00000000	-1.19500021	-1.19500021	0.00000000
137.12	0.00000000	-1.19657258	-1.19657258	0.00000000
137.30	0.00000000	-1.19814495	-1.19814495	0.00000000
137.48	0.00000000	-1.19971731	-1.19971731	0.00000000
137.66	0.00000000	-1.20128968	-1.20128968	0.00000000
137.84	0.00000000	-1.20286205	-1.20286205	0.00000000
138.02	0.00000000	-1.20443442	-1.20443442	0.00000000
138.20	0.00000000	-1.20600679	-1.20600679	0.00000000
138.38	0.00000000	-1.20757916	-1.20757916	0.00000000
138.56	0.00000000	-1.20915153	-1.20915153	0.00000000
138.74	0.00000000	-1.21072390	-1.21072390	0.00000000
138.92	0.00000000	-1.21229626	-1.21229626	0.00000000
139.10	0.00000000	-1.21386863	-1.21386863	0.00000000
139.28	0.00000000	-1.21544100	-1.21544100	0.00000000
139.46	0.00000000	-1.21701337	-1.21701337	0.00000000
139.64	0.00000000	-1.21858574	-1.21858574	0.00000000
139.82	0.00000000	-1.22015811	-1.22015811	0.00000000
140.00	0.00000000	-1.22173048	-1.22173048	0.00000000
140.18	0.00000000	-1.22330285	-1.22330285	0.00000000
140.36	0.00000000	-1.22487521	-1.22487521	0.00000000
140.54	0.00000000	-1.22644758	-1.22644758	0.00000000
140.72	0.00000000	-1.22801995	-1.22801995	0.00000000
140.90	0.00000000	-1.22959232	-1.22959232	0.00000000
141.08	0.00000000	-1.23116469	-1.23116469	0.00000000
141.26	0.00000000	-1.23273706	-1.23273706	0.00000000
141.44	0.00000000	-1.23430943	-1.23430943	0.00000000
141.62	0.00000000	-1.23588179	-1.23588179	0.00000000
141.80	0.00000000	-1.23745416	-1.23745416	0.00000000
141.98	0.00000000	-1.23902653	-1.23902653	0.00000000
142.16	0.00000000	-1.24059890	-1.24059890	0.00000000
142.34	0.00000000	-1.24217127	-1.24217127	0.00000000
142.52	0.00000000	-1.24374364	-1.24374364	0.00000000
142.70	0.00000000	-1.24531601	-1.24531601	0.00000000
142.88	0.00000000	-1.24688838	-1.24688838	0.00000000
143.06	0.00000000	-1.24846074	-1.24846074	0.00000000
143.24	0.00000000	-1.25003311	-1.25003311	0.00000000
143.42	0.00000000	-1.25160548	-1.25160548	0.00000000
143.60	0.00000000	-1.25317785	-1.25317785	0.00000000
143.78	0.00000000	-1.25475022	-1.25475022	0.00000000
143.96	0.00000000	-1.25632259	-1.25632259	0.00000000
144.14	0.00000000	-1.25789496	-1.25789496	0.00000000
144.32	0.00000000	-1.25946733	-1.25946733	0.00000000
144.50	0.00000000	-1.26103969	-1.26103969	0.00000000
144.68	0.00000000	-1.26261206	-1.26261206	0.00000000
144.86	0.00000000	-1.26418443	-1.26418443	0.00000000
145.05	0.00000000	-1.26575680	-1.26575680	0.00000000
145.23	0.00000000	-1.26732917	-1.26732917	0.00000000
145.41	0.00000000	-1.26890154	-1.26890154	0.00000000
145.59	0.00000000	-1.27047391	-1.27047391	0.00000000
145.77	0.00000000	-1.27204627	-1.27204627	0.00000000
145.95	0.00000000	-1.27361864	-1.27361864	0.00000000
146.13	0.00000000	-1.27519101	-1.27519101	0.00000000
146.31	0.00000000	-1.27676338	-1.27676338	0.00000000
146.49	0.00000000	-1.27833575	-1.27833575	0.00000000
146.67	0.00000000	-1.27990812	-1.27990812	0.00000000
146.85	0.00000000	-1.28148049	-1.28148049	0.00000000
147.03	0.00000000	-1.28305286	-1.28305286	0.00000000
147.21	0.00000000	-1.28462522	-1.28462522	0.00000000
147.39	0.00000000	-1.28619759	-1.28619759	0.00000000
147.57	0.00000000	-1.28776996	-1.28776996	0.00000000
147.75	0.00000000	-1.28934233	-1.28934233	0.00000000
147.93	0.00000000	-1.29091470	-1.29091470	0.00000000
148.11	0.00000000	-1.29248707	-1.29248707	0.00000000
148.29	0.00000000	-1.29405944	-1.29405944	0.00000000
148.47	0.00000000	-1.29563181	-1.29563181	0.00000000
148.65	0.00000000	-1.29720417	-1.29720417	0.00000000
148.83	0.00000000	-1.29877654	-1.29877654	0.00000000
149.01	0.00000000	-1.30034891	-1.30034891	0.00000000
149.19	0.00000000	-1.30192128	-1.30192128	0.00000000
149.37	0.00000000	-1.30349365	-1.30349365	0.00000000
149.55	0.00000000	-1.30506602	-1.30506602	0.00000000
149.73	0.00000000	-1.30663839	-1.30663839	0.00000000
149.91	0.00000000	-1.30821075	-1.30821075	0.00000000
150.09	0.00000000	-1.30978312	-1.30978312	0.00000000
150.27	0.00000000	-1.31135549	-1.31135549	0.00000000
150.45	0.00000000	-1.31292786	-1.31292786	0.00000000
150.63	0.00000000	-1.31450023	-1.31450023	0.00000000
150.81	0.00000000	-1.31607260	-1.31607260	0.00000000
150.99	0.00000000	-1.31764497	-1.31764497	0.00000000
151.17	0.00000000	-1.31921734	-1.31921734	0.00000000
151.35	0.00000000	-1.32078970	-1.32078970	0.00000000
151.53	0.00000000	-1.32236207	-1.32236207	0.00000000
151.71	0.00000000	-1.32393444	-1.32393444	0.00000000
151.89	0.00000000	-1.32550681	-1.32550681	0.00000000
152.07	0.00000000	-1.32707918	-1.32707918	0.00000000
152.25	0.00000000	-1.32865155	-1.32865155	0.00000000
152.43	0.00000000	-1.33022392	-1.33022392	0.00000000
152.61	0.00000000	-1.33179629	-1.33179629	0.00000000
152.79	0.00000000	-1.33336865	-1.33336865	0.00000000
152.97	0.00000000	-1.33494102	-1.33494102	0.00000000
153.15	0.00000000	-1.33651339	-1.33651339	0.00000000
153.33	0.00000000	-1.33808576	-1.33808576	0.00000000
153.51	0.00000000	-1.33965813	-1.33965813	0.00000000
153.69	0.00000000	-1.34123050	-1.34123050	0.00000000
153.87	0.00000000	-1.34280287	-1.34280287	0.00000000
154.05	0.00000000	-1.34437523	-1.34437523	0.00000000
154.23	0.00000000	-1.34594760	-1.34594760	0.00000000
154.41	0.00000000	-1.34751997	-1.34751997	0.00000000
154.59	0.00000000	-1.34909234	-1.34909234	0.00000000
154.77	0.00000000	-1.35066471	-1.35066471	0.00000000
154.95	0.00000000	-1.35223708	-1.35223708	0.00000000
155.14	0.00000000	-1.35380945	-1.35380945	0.00000000
155.32	0.00000000	-1.35538182	-1.35538182	0.00000000
155.50	0.00000000	-1.35695418	-1.35695418	0.00000000
155.68	0.00000000	-1.35852655	-1.35852655	0.00000000
155.86	0.00000000	-1.36009892	-1.36009892	0.00000000
156.04	0.00000000	-1.36167129	-1.36167129	0.00000000
156.22	0.00000000	-1.36324366	-1.36324366	0.00000000
156.40	0.00000000	-1.36481603	-1.36481603	0.00000000
156.58	0.00000000	-1.36638840	-1.36638840	0.00000000
156.76	0.00000000	-1.36796077	-1.36796077	0.00000000
156.94	0.00000000	-1.36953313	-1.36953313	0.00000000
157.12	0.00000000	-1.37110550	-1.37110550	0.00000000
157.30	0.00000000	-1.37267787	-1.37267787	0.00000000
157.48	0.00000000	-1.37425024	-1.37425024	0.00000000
157.66	0.00000000	-1.37582261	-1.37582261	0.00000000
157.84	0.00000000	-1.37739498	-1.37739498	0.00000000
158.02	0.00000000	-1.37896735	-1.37896735	0.00000000
158.20	0.00000000	-1.38053971	-1.38053971	0.00000000
158.38	0.00000000	-1.38211208	-1.38211208	0.00000000
158.56	0.00000000	-1.38368445	-1.38368445	0.00000000
158.74	0.00000000	-1.38525682	-1.38525682	0.00000000
158.92	0.00000000	-1.38682919	-1.38682919	0.00000000
159.10	0.00000000	-1.38840156	-1.38840156	0.00000000
159.28	0.00000000	-1.38997393	-1.38997393	0.00000000
159.46	0.00000000	-1.39154630	-1.39154630	0.00000000
159.64	0.00000000	-1.39311866	-1.39311866	0.00000000
159.82	0.00000000	-1.39469103	-1.39469103	0.00000000
160.00	0.00000000	-1.39626340	-1.39626340	0.00000000
160.18	0.00000000	-1.39783577	-1.39783577	0.00000000
160.36	0.00000000	-1.39940814	-1.39940814	0.00000000
160.54	0.00000000	-1.40098051	-1.40098051	0.00000000
160.72	0.00000000	-1.40255288	-1.40255288	0.00000000
160.90	0.00000000	-1.40412525	-1.40412525	0.00000000
161.08	0.00000000	-1.40569761	-1.40569761	0.00000000
161.26	0.00000000	-1.40726998	-1.40726998	0.00000000
161.44	0.00000000	-1.40884235	-1.40884235	0.00000000
161.62	0.00000000	-1.41041472	-1.41041472	0.00000000
161.80	0.00000000	-1.41198709	-1.41198709	0.00000000
161.98	0.00000000	-1.41355946	-1.41355946	0.00000000
162.16	0.00000000	-1.41513183	-1.41513183	0.00000000
162.34	0.00000000	-1.41670419	-1.41670419	0.00000000
162.52	0.00000000	-1.41827656	-1.41827656	0.00000000
162.70	0.00000000	-1.41984893	-1.41984893	0.00000000
162.88	0.00000000	-1.42142130	-1.42142130	0.00000000
163.06	0.00000000	-1.42299367	-1.42299367	0.00000000
163.24	0.00000000	-1.42456604	-1.42456604	0.00000000
163.42	0.00000000	-1.42613841	-1.42613841	0.00000000
163.60	0.00000000	-1.42771078	-1.42771078	0.00000000
163.78	0.00000000	-1.42928314	-1.42928314	0.00000000
163.96	0.00000000	-1.43085551	-1.43085551	0.00000000
164.14	0.00000000	-1.43242788	-1.43242788	0.00000000
164.32	0.00000000	-1.43400025	-1.43400025	0.00000000
164.50	0.00000000	-1.43557262	-1.43557262	0.00000000
164.68	0.00000000	-1.43714499	-1.43714499	0.00000000
164.86	0.00000000	-1.43871736	-1.43871736	0.00000000
165.05	0.00000000	-1.44028973	-1.44028973	0.00000000
165.23	0.00000000	-1.44186209	-1.44186209	0.00000000
165.41	0.00000000	-1.44343446	-1.44343446	0.00000000
165.59	0.00000000	-1.44500683	-1.44500683	0.00000000
165.77	0.00000000	-1.44657920	-1.44657920	0.00000000
165.95	0.00000000	-1.44815157	-1.44815157	0.00000000
166.13	0.00000000	-1.44972394	-1.44972394	0.00000000
166.31	0.00000000	-1.45129631	-1.45129631	0.00000000
166.49	0.00000000	-1.45286867	-1.45286867	0.00000000
166.67	0.00000000	-1.45444104	-1.45444104	0.00000000
166.85	0.00000000	-1.45601341	-1.45601341	0.00000000
167.03	0.00000000	-1.45758578	-1.45758578	0.00000000
167.21	0.00000000	-1.45915815	-1.45915815	0.00000000
167.39	0.00000000	-1.46073052	-1.46073052	0.00000000
167.57	0.00000000	-1.46230289	-1.46230289	0.00000000
167.75	0.00000000	-1.46387526	-1.46387526	0.00000000
167.93	0.00000000	-1.46544762	-1.46544762	0.00000000
168.11	0.00000000	-1.46701999	-1.46701999	0.00000000
168.29	0.00000000	-1.46859236	-1.46859236	0.00000000
168.47	0.00000000	-1.47016473	-1.47016473	0.00000000
168.65	0.00000000	-1.47173710	-1.47173710	0.00000000
168.83	0.00000000	-1.47330947	-1.47330947	0.00000000
169.01	0.00000000	-1.47488184	-1.47488184	0.00000000
169.19	0.00000000	-1.47645421	-1.47645421	0.00000000
169.37	0.00000000	-1.47802657	-1.47802657	0.00000000
169.55	0.00000000	-1.47959894	-1.47959894	0.00000000
169.73	0.00000000	-1.48117131	-1.48117131	0.00000000
169.91	0.00000000	-1.48274368	-1.48274368	0.00000000
170.09	0.00000000	-1.48431605	-1.48431605	0.00000000
170.27	0.00000000	-1.48588842	-1.48588842	0.00000000
170.45	0.00000000	-1.48746079	-1.48746079	0.00000000
170.63	0.00000000	-1.48903315	-1.48903315	0.00000000
170.81	0.00000000	-1.49060552	-1.49060552	0.00000000
170.99	0.00000000	-1.49217789	-1.49217789	0.00000000
171.17	0.00000000	-1.49375026	-1.49375026	0.00000000
171.35	0.00000000	-1.49532263	-1.49532263	0.00000000
171.53	0.00000000	-1.49689500	-1.49689500	0.00000000
171.71	0.00000000	-1.49846737	-1.49846737	0.00000000
171.89	0.00000000	-1.50003974	-1.50003974	0.00000000
172.07	0.00000000	-1.50161210	-1.50161210	0.00000000
172.25	0.00000000	-1.50318447	-1.50318447	0.00000000
172.43	0.00000000	-1.50475684	-1.50475684	0.00000000
172.61	0.00000000	-1.50632921	-1.50632921	0.00000000
172.79	0.00000000	-1.50790158	-1.50790158	0.00000000
172.97	0.00000000	-1.50947395	-1.50947395	0.00000000
173.15	0.00000000	-1.51104632	-1.51104632	0.00000000
173.33	0.00000000	-1.51261869	-1.51261869	0.00000000
173.51	0.00000000	-1.51419105	-1.51419105	0.00000000
173.69	0.00000000	-1.51576342	-1.51576342	0.00000000
173.87	0.00000000	-1.51733579	-1.51733579	0.00000000
174.05	0.00000000	-1.51890816	-1.51890816	0.00000000
174.23	0.00000000	-1.52048053	-1.52048053	0.00000000
174.41	0.00000000	-1.52205290	-1.52205290	0.00000000
174.59	0.00000000	-1.52362527	-1.52362527	0.00000000
174.77	0.00000000	-1.52519763	-1.52519763	0.00000000
174.95	0.00000000	-1.52677000	-1.52677000	0.00000000
175.14	0.00000000	-1.52834237	-1.52834237	0.00000000
175.32	0.00000000	-1.52991474	-1.52991474	0.00000000
175.50	0.00000000	-1.53148711	-1.53148711	0.00000000
175.68	0.00000000	-1.53305948	-1.53305948	0.00000000
175.86	0.00000000	-1.53463185	-1.53463185	0.00000000
176.04	0.00000000	-1.53620422	-1.53620422	0.00000000
176.22	0.00000000	-1.53777658	-1.53777658	0.00000000
176.40	0.00000000	-1.53934895	-1.53934895	0.00000000
176.58	0.00000000	-1.54092132	-1.54092132	0.00000000
176.76	0.00000000	-1.54249369	-1.54249369	0.00000000
176.94	0.00000000	-1.54406606	-1.54406606	0.00000000
177.12	0.00000000	-1.54563843	-1.54563843	0.00000000
177.30	0.00000000	-1.54721080	-1.54721080	0.00000000
177.48	0.00000000	-1.54878317	-1.54878317	0.00000000
177.66	0.00000000	-1.55035553	-1.55035553	0.00000000
177.84	0.00000000	-1.55192790	-1.55192790	0.00000000
178.02	0.00000000	-1.55350027	-1.55350027	0.00000000
178.20	0.00000000	-1.55507264	-1.55507264	0.00000000
178.38	0.00000000	-1.55664501	-1.55664501	0.00000000
178.56	0.00000000	-1.55821738	-1.55821738	0.00000000
178.74	0.00000000	-1.55978975	-1.55978975	0.00000000
178.92	0.00000000	-1.56136211	-1.56136211	0.00000000
179.10	0.00000000	-1.56293448	-1.56293448	0.00000000
179.28	0.00000000	-1.56450685	-1.56450685	0.00000000
179.46	0.00000000	-1.56607922	-1.56607922	0.00000000
179.64	0.00000000	-1.56765159	-1.56765159	0.00000000
179.82	0.00000000	-1.56922396	-1.56922396	0.00000000
180.00	0.00000000	-1.57079633	-1.57079633	0.00000000
