Eigenstates vs Theta
Theta = 0.00 degrees
State 0:
 (0.95446184+0.00000000j)  (-0.17236957+0.00000000j)  (-0.17217916+0.00000000j)  (-0.17217916+0.00000000j)
State 1:
 (-0.00166096+0.00000000j)  (-0.81925320+0.00000000j)  (0.40547591+0.00000000j)  (0.40547591+0.00000000j)
State 2:
 (0.00000000+0.00000000j)  (0.00000000+0.00000000j)  (-0.70710678+0.00000000j)  (0.70710678+0.00000000j)
State 3:
 (-0.29832840+0.00000000j)  (-0.54691217+0.00000000j)  (-0.55312171+0.00000000j)  (-0.55312171+0.00000000j)

Theta = 7.35 degrees
State 0:
 (0.95446184+0.00000000j)  (-0.17236853+0.00000000j)  (-0.17216564+0.00000000j)  (-0.17219372+0.00000000j)
State 1:
 (-0.00163053+0.00000000j)  (-0.81755833+0.00000000j)  (0.35984791+0.00000000j)  (0.44956111+0.00000000j)
State 2:
 (0.00031864+0.00000000j)  (0.05232388+0.00000000j)  (-0.73104744+0.00000000j)  (0.68031739+0.00000000j)
State 3:
 (-0.29832840+0.00000000j)  (-0.54694577+0.00000000j)  (-0.55356853+0.00000000j)  (-0.55264127+0.00000000j)

Theta = 14.69 degrees
State 0:
 (0.95446184+0.00000000j)  (-0.17236542+0.00000000j)  (-0.17215338+0.00000000j)  (-0.17220909+0.00000000j)
State 1:
 (-0.00154031+0.00000000j)  (-0.81247255+0.00000000j)  (0.31279006+0.00000000j)  (0.49198411+0.00000000j)
State 2:
 (0.00062574+0.00000000j)  (0.10449473+0.00000000j)  (-0.75208920+0.00000000j)  (0.65072444+0.00000000j)
State 3:
 (-0.29832839+0.00000000j)  (-0.54704604+0.00000000j)  (-0.55397422+0.00000000j)  (-0.55213528+0.00000000j)

Theta = 22.04 degrees
State 0:
 (0.95446184+0.00000000j)  (-0.17236028+0.00000000j)  (-0.17214259+0.00000000j)  (-0.17222501+0.00000000j)
State 1:
 (-0.00139344+0.00000000j)  (-0.80399445+0.00000000j)  (0.26442085+0.00000000j)  (0.53260924+0.00000000j)
State 2:
 (0.00091013+0.00000000j)  (0.15634746+0.00000000j)  (-0.77017184+0.00000000j)  (0.61837690+0.00000000j)
State 3:
 (-0.29832838+0.00000000j)  (-0.54721141+0.00000000j)  (-0.55433193+0.00000000j)  (-0.55161215+0.00000000j)

Theta = 29.39 degrees
State 0:
 (0.95446184+0.00000000j)  (-0.17235322+0.00000000j)  (-0.17213344+0.00000000j)  (-0.17224123+0.00000000j)
State 1:
 (-0.00119512+0.00000000j)  (-0.79212835+0.00000000j)  (0.21487647+0.00000000j)  (0.57127870+0.00000000j)
State 2:
 (0.00116136+0.00000000j)  (0.20769515+0.00000000j)  (-0.78522452+0.00000000j)  (0.58333852+0.00000000j)
State 3:
 (-0.29832837+0.00000000j)  (-0.54743929+0.00000000j)  (-0.55463559+0.00000000j)  (-0.55108055+0.00000000j)

Theta = 36.73 degrees
State 0:
 (0.95446184+0.00000000j)  (-0.17234434+0.00000000j)  (-0.17212608+0.00000000j)  (-0.17225746+0.00000000j)
State 1:
 (0.00095245-0.00000000j)  (0.77689292+0.00000000j)  (-0.16432083+0.00000000j)  (-0.60781177+0.00000000j)
State 2:
 (-0.00137005+0.00000000j)  (-0.25832336+0.00000000j)  (0.79716963+0.00000000j)  (-0.54569932+0.00000000j)
State 3:
 (-0.29832836+0.00000000j)  (-0.54772609+0.00000000j)  (-0.55488004+0.00000000j)  (-0.55054925+0.00000000j)

Theta = 44.08 degrees
State 0:
 (0.95446184+0.00000000j)  (-0.17233379+0.00000000j)  (-0.17212064+0.00000000j)  (-0.17227346+0.00000000j)
State 1:
 (0.00067426-0.00000000j)  (0.75833071+0.00000000j)  (-0.11295141+0.00000000j)  (-0.64200939+0.00000000j)
State 2:
 (-0.00152832+0.00000000j)  (-0.30799004+0.00000000j)  (0.80593030+0.00000000j)  (-0.50558496+0.00000000j)
State 3:
 (-0.29832835+0.00000000j)  (-0.54806727+0.00000000j)  (-0.55506110+0.00000000j)  (-0.55002694+0.00000000j)

Theta = 51.43 degrees
State 0:
 (0.95446184+0.00000000j)  (-0.17232174+0.00000000j)  (-0.17211720+0.00000000j)  (-0.17228895+0.00000000j)
State 1:
 (0.00037080-0.00000000j)  (0.73651635+0.00000000j)  (-0.06099954+0.00000000j)  (-0.67366355+0.00000000j)
State 2:
 (-0.00163010+0.00000000j)  (-0.35643135+0.00000000j)  (0.81143989+0.00000000j)  (-0.46316233+0.00000000j)
State 3:
 (-0.29832834+0.00000000j)  (-0.54845745+0.00000000j)  (-0.55517568+0.00000000j)  (-0.54952215+0.00000000j)

Theta = 58.78 degrees
State 0:
 (0.95446184+0.00000000j)  (-0.17230839+0.00000000j)  (-0.17211581+0.00000000j)  (-0.17230369+0.00000000j)
State 1:
 (0.00005342-0.00000000j)  (0.71156137+0.00000000j)  (-0.00872461+0.00000000j)  (-0.70256978+0.00000000j)
State 2:
 (-0.00167143+0.00000000j)  (-0.40337273+0.00000000j)  (0.81365150+0.00000000j)  (-0.41863932+0.00000000j)
State 3:
 (-0.29832834+0.00000000j)  (-0.54889040+0.00000000j)  (-0.55522182+0.00000000j)  (-0.54904305+0.00000000j)

Theta = 66.12 degrees
State 0:
 (0.95446184+0.00000000j)  (-0.17229396+0.00000000j)  (-0.17211650+0.00000000j)  (-0.17231742+0.00000000j)
State 1:
 (-0.00026598+0.00000000j)  (0.68361402+0.00000000j)  (0.04359703+0.00000000j)  (-0.72854039+0.00000000j)
State 2:
 (-0.00165072+0.00000000j)  (-0.44854334+0.00000000j)  (0.81254513+0.00000000j)  (-0.37225873+0.00000000j)
State 3:
 (-0.29832834+0.00000000j)  (-0.54935920+0.00000000j)  (-0.55519872+0.00000000j)  (-0.54859734+0.00000000j)

Theta = 73.47 degrees
State 0:
 (0.95446184+0.00000000j)  (-0.17227870+0.00000000j)  (-0.17211927+0.00000000j)  (-0.17232993+0.00000000j)
State 1:
 (-0.00057537+0.00000000j)  (0.65285368+0.00000000j)  (0.09568651+0.00000000j)  (-0.75141588+0.00000000j)
State 2:
 (-0.00156876+0.00000000j)  (-0.49169110+0.00000000j)  (0.80813086+0.00000000j)  (-0.32428676+0.00000000j)
State 3:
 (-0.29832835+0.00000000j)  (-0.54985632+0.00000000j)  (-0.55510680+0.00000000j)  (-0.54819218+0.00000000j)

Theta = 80.82 degrees
State 0:
 (0.95446184+0.00000000j)  (-0.17226284+0.00000000j)  (-0.17212405+0.00000000j)  (-0.17234100+0.00000000j)
State 1:
 (-0.00086319+0.00000000j)  (0.61948067+0.00000000j)  (0.14727735+0.00000000j)  (-0.77107220+0.00000000j)
State 2:
 (-0.00142875+0.00000000j)  (-0.53259551+0.00000000j)  (0.80044728+0.00000000j)  (-0.27499842+0.00000000j)
State 3:
 (-0.29832835+0.00000000j)  (-0.55037372+0.00000000j)  (-0.55494761+0.00000000j)  (-0.54783402+0.00000000j)

Theta = 88.16 degrees
State 0:
 (0.95446184+0.00000000j)  (-0.17224665+0.00000000j)  (-0.17213078+0.00000000j)  (-0.17235045+0.00000000j)
State 1:
 (-0.00111876+0.00000000j)  (0.58370329+0.00000000j)  (0.19812792+0.00000000j)  (-0.78742272+0.00000000j)
State 2:
 (-0.00123607+0.00000000j)  (-0.57107571+0.00000000j)  (0.78955541+0.00000000j)  (-0.22466258+0.00000000j)
State 3:
 (-0.29832837+0.00000000j)  (-0.55090298+0.00000000j)  (-0.55472388+0.00000000j)  (-0.54752855+0.00000000j)

Theta = 95.51 degrees
State 0:
 (0.95446184+0.00000000j)  (-0.17223040+0.00000000j)  (-0.17213935+0.00000000j)  (-0.17235814+0.00000000j)
State 1:
 (-0.00133274+0.00000000j)  (0.54572483+0.00000000j)  (0.24802918+0.00000000j)  (-0.80041499+0.00000000j)
State 2:
 (-0.00099805+0.00000000j)  (-0.60699262+0.00000000j)  (0.77552981+0.00000000j)  (-0.17352947+0.00000000j)
State 3:
 (-0.29832838+0.00000000j)  (-0.55143545+0.00000000j)  (-0.55443943+0.00000000j)  (-0.54728058+0.00000000j)

Theta = 102.86 degrees
State 0:
 (0.95446184+0.00000000j)  (-0.17221435+0.00000000j)  (-0.17214961+0.00000000j)  (-0.17236393+0.00000000j)
State 1:
 (-0.00149743+0.00000000j)  (0.50573289+0.00000000j)  (0.29680644+0.00000000j)  (-0.81002342+0.00000000j)
State 2:
 (-0.00072360+0.00000000j)  (-0.64024526+0.00000000j)  (0.75844883+0.00000000j)  (-0.12182303+0.00000000j)
State 3:
 (-0.29832839+0.00000000j)  (-0.55196238+0.00000000j)  (-0.55409911+0.00000000j)  (-0.54709404+0.00000000j)

Theta = 110.20 degrees
State 0:
 (0.95446184+0.00000000j)  (-0.17219877+0.00000000j)  (-0.17216140+0.00000000j)  (-0.17236772+0.00000000j)
State 1:
 (-0.00160699+0.00000000j)  (0.46389309+0.00000000j)  (0.34431522+0.00000000j)  (-0.81623995+0.00000000j)
State 2:
 (-0.00042285+0.00000000j)  (-0.67076234+0.00000000j)  (0.73838620+0.00000000j)  (-0.06973897+0.00000000j)
State 3:
 (-0.29832840+0.00000000j)  (-0.55247504+0.00000000j)  (-0.55370868+0.00000000j)  (-0.54697184+0.00000000j)

Theta = 117.55 degrees
State 0:
 (0.95446184+0.00000000j)  (-0.17218391+0.00000000j)  (-0.17217452+0.00000000j)  (-0.17236946+0.00000000j)
State 1:
 (-0.00165757+0.00000000j)  (0.42034806+0.00000000j)  (0.39043240+0.00000000j)  (-0.81906490+0.00000000j)
State 2:
 (-0.00010679+0.00000000j)  (-0.69849125+0.00000000j)  (0.71540583+0.00000000j)  (-0.01744873+0.00000000j)
State 3:
 (-0.29832840+0.00000000j)  (-0.55296491+0.00000000j)  (-0.55327477+0.00000000j)  (-0.54691591+0.00000000j)

Theta = 124.90 degrees
State 0:
 (0.95446184+0.00000000j)  (-0.17217001+0.00000000j)  (-0.17218877+0.00000000j)  (-0.17236911+0.00000000j)
State 1:
 (-0.00164741+0.00000000j)  (0.37522169+0.00000000j)  (0.43504458+0.00000000j)  (-0.81849996+0.00000000j)
State 2:
 (0.00021314+0.00000000j)  (-0.72338667+0.00000000j)  (0.68956090+0.00000000j)  (0.03489190+0.00000000j)
State 3:
 (-0.29832840+0.00000000j)  (-0.55342380+0.00000000j)  (-0.55280467+0.00000000j)  (-0.54692711+0.00000000j)

Theta = 132.24 degrees
State 0:
 (0.95446184+0.00000000j)  (-0.17215731+0.00000000j)  (-0.17220389+0.00000000j)  (-0.17236668+0.00000000j)
State 1:
 (-0.00157688+0.00000000j)  (0.32862782+0.00000000j)  (0.47803575+0.00000000j)  (-0.81454471+0.00000000j)
State 2:
 (0.00052536+0.00000000j)  (-0.74540086+0.00000000j)  (0.66089744+0.00000000j)  (0.08713127+0.00000000j)
State 3:
 (-0.29832840+0.00000000j)  (-0.55384400+0.00000000j)  (-0.55230627+0.00000000j)  (-0.54700528+0.00000000j)

Theta = 139.59 degrees
State 0:
 (0.95446184+0.00000000j)  (-0.17214601+0.00000000j)  (-0.17221966+0.00000000j)  (-0.17236221+0.00000000j)
State 1:
 (0.00144841+0.00000000j)  (-0.28068170+0.00000000j)  (-0.51927654+0.00000000j)  (0.80719735+0.00000000j)
State 2:
 (-0.00081852+0.00000000j)  (0.76447726+0.00000000j)  (-0.62946198+0.00000000j)  (-0.13910957+0.00000000j)
State 3:
 (-0.29832839+0.00000000j)  (-0.55421842+0.00000000j)  (-0.55178789+0.00000000j)  (-0.54714919+0.00000000j)

Theta = 146.94 degrees
State 0:
 (0.95446184+0.00000000j)  (-0.17213630+0.00000000j)  (-0.17223581+0.00000000j)  (-0.17235578+0.00000000j)
State 1:
 (0.00126655+0.00000000j)  (-0.23151238+0.00000000j)  (-0.55861689+0.00000000j)  (0.79645941+0.00000000j)
State 2:
 (-0.00108191+0.00000000j)  (0.78054834+0.00000000j)  (-0.59531206+0.00000000j)  (-0.19064801+0.00000000j)
State 3:
 (-0.29832837+0.00000000j)  (-0.55454071+0.00000000j)  (-0.55125815+0.00000000j)  (-0.54735659+0.00000000j)

Theta = 154.29 degrees
State 0:
 (0.95446184+0.00000000j)  (-0.17212833+0.00000000j)  (-0.17225207+0.00000000j)  (-0.17234749+0.00000000j)
State 1:
 (-0.00103776+0.00000000j)  (0.18127360+0.00000000j)  (0.59588345+0.00000000j)  (-0.78234373+0.00000000j)
State 2:
 (0.00130573+0.00000000j)  (-0.79353807+0.00000000j)  (0.55852776+0.00000000j)  (0.24154164+0.00000000j)
State 3:
 (-0.29832836+0.00000000j)  (-0.55480541+0.00000000j)  (-0.55072577+0.00000000j)  (-0.54762420+0.00000000j)

Theta = 161.63 degrees
State 0:
 (0.95446184+0.00000000j)  (-0.17212224+0.00000000j)  (-0.17226817+0.00000000j)  (-0.17233748+0.00000000j)
State 1:
 (-0.00077033+0.00000000j)  (0.13015135+0.00000000j)  (0.63088246+0.00000000j)  (-0.76488388+0.00000000j)
State 2:
 (0.00148158+0.00000000j)  (-0.80336834+0.00000000j)  (0.51922200+0.00000000j)  (0.29155725+0.00000000j)
State 3:
 (-0.29832835+0.00000000j)  (-0.55500800+0.00000000j)  (-0.55019951+0.00000000j)  (-0.54794782+0.00000000j)

Theta = 168.98 degrees
State 0:
 (0.95446184+0.00000000j)  (-0.17211812+0.00000000j)  (-0.17228386+0.00000000j)  (-0.17232591+0.00000000j)
State 1:
 (-0.00047408+0.00000000j)  (0.07836601+0.00000000j)  (0.66340761+0.00000000j)  (-0.74414305+0.00000000j)
State 2:
 (0.00160274+0.00000000j)  (-0.80996798+0.00000000j)  (0.47754765+0.00000000j)  (0.34043727+0.00000000j)
State 3:
 (-0.29832834+0.00000000j)  (-0.55514501+0.00000000j)  (-0.54968796+0.00000000j)  (-0.54832232+0.00000000j)

Theta = 176.33 degrees
State 0:
 (0.95446184+0.00000000j)  (-0.17211604+0.00000000j)  (-0.17229888+0.00000000j)  (-0.17231297+0.00000000j)
State 1:
 (-0.00016003+0.00000000j)  (0.02616862+0.00000000j)  (0.69325176+0.00000000j)  (-0.72022022+0.00000000j)
State 2:
 (0.00166452+0.00000000j)  (-0.81328258+0.00000000j)  (0.43369932+0.00000000j)  (0.38790922+0.00000000j)
State 3:
 (-0.29832834+0.00000000j)  (-0.55521411+0.00000000j)  (-0.54919941+0.00000000j)  (-0.54874174+0.00000000j)

Theta = 183.67 degrees
State 0:
 (0.95446184+0.00000000j)  (-0.17211604+0.00000000j)  (-0.17231297+0.00000000j)  (-0.17229888+0.00000000j)
State 1:
 (0.00016003-0.00000000j)  (-0.02616862+0.00000000j)  (0.72022022+0.00000000j)  (-0.69325176+0.00000000j)
State 2:
 (0.00166452+0.00000000j)  (-0.81328258+0.00000000j)  (0.38790922+0.00000000j)  (0.43369932+0.00000000j)
State 3:
 (-0.29832834+0.00000000j)  (-0.55521411+0.00000000j)  (-0.54874174+0.00000000j)  (-0.54919941+0.00000000j)

Theta = 191.02 degrees
State 0:
 (0.95446184+0.00000000j)  (-0.17211812+0.00000000j)  (-0.17232591+0.00000000j)  (-0.17228386+0.00000000j)
State 1:
 (0.00047408-0.00000000j)  (-0.07836601+0.00000000j)  (0.74414305+0.00000000j)  (-0.66340761+0.00000000j)
State 2:
 (0.00160274+0.00000000j)  (-0.80996798+0.00000000j)  (0.34043727+0.00000000j)  (0.47754765+0.00000000j)
State 3:
 (-0.29832834+0.00000000j)  (-0.55514501+0.00000000j)  (-0.54832232+0.00000000j)  (-0.54968796+0.00000000j)

Theta = 198.37 degrees
State 0:
 (0.95446184+0.00000000j)  (-0.17212224+0.00000000j)  (-0.17233748+0.00000000j)  (-0.17226817+0.00000000j)
State 1:
 (0.00077033-0.00000000j)  (-0.13015135+0.00000000j)  (0.76488388+0.00000000j)  (-0.63088246+0.00000000j)
State 2:
 (0.00148158+0.00000000j)  (-0.80336834+0.00000000j)  (0.29155725+0.00000000j)  (0.51922200+0.00000000j)
State 3:
 (-0.29832835+0.00000000j)  (-0.55500800+0.00000000j)  (-0.54794782+0.00000000j)  (-0.55019951+0.00000000j)

Theta = 205.71 degrees
State 0:
 (0.95446184+0.00000000j)  (-0.17212833+0.00000000j)  (-0.17234749+0.00000000j)  (-0.17225207+0.00000000j)
State 1:
 (0.00103776-0.00000000j)  (-0.18127360+0.00000000j)  (0.78234373+0.00000000j)  (-0.59588345+0.00000000j)
State 2:
 (0.00130573+0.00000000j)  (-0.79353807+0.00000000j)  (0.24154164+0.00000000j)  (0.55852776+0.00000000j)
State 3:
 (-0.29832836+0.00000000j)  (-0.55480541+0.00000000j)  (-0.54762420+0.00000000j)  (-0.55072577+0.00000000j)

Theta = 213.06 degrees
State 0:
 (0.95446184+0.00000000j)  (-0.17213630+0.00000000j)  (-0.17235578+0.00000000j)  (-0.17223581+0.00000000j)
State 1:
 (0.00126655-0.00000000j)  (-0.23151238+0.00000000j)  (0.79645941+0.00000000j)  (-0.55861689+0.00000000j)
State 2:
 (0.00108191+0.00000000j)  (-0.78054834+0.00000000j)  (0.19064801+0.00000000j)  (0.59531206+0.00000000j)
State 3:
 (-0.29832837+0.00000000j)  (-0.55454071+0.00000000j)  (-0.54735659+0.00000000j)  (-0.55125815+0.00000000j)

Theta = 220.41 degrees
State 0:
 (0.95446184+0.00000000j)  (-0.17214601+0.00000000j)  (-0.17236221+0.00000000j)  (-0.17221966+0.00000000j)
State 1:
 (0.00144841-0.00000000j)  (-0.28068170+0.00000000j)  (0.80719735+0.00000000j)  (-0.51927654+0.00000000j)
State 2:
 (0.00081852+0.00000000j)  (-0.76447726+0.00000000j)  (0.13910957+0.00000000j)  (0.62946198+0.00000000j)
State 3:
 (-0.29832839+0.00000000j)  (-0.55421842+0.00000000j)  (-0.54714919+0.00000000j)  (-0.55178789+0.00000000j)

Theta = 227.76 degrees
State 0:
 (0.95446184+0.00000000j)  (-0.17215731+0.00000000j)  (-0.17236668+0.00000000j)  (-0.17220389+0.00000000j)
State 1:
 (0.00157688-0.00000000j)  (-0.32862782+0.00000000j)  (0.81454471+0.00000000j)  (-0.47803575+0.00000000j)
State 2:
 (0.00052536+0.00000000j)  (-0.74540086+0.00000000j)  (0.08713127+0.00000000j)  (0.66089744+0.00000000j)
State 3:
 (-0.29832840+0.00000000j)  (-0.55384400+0.00000000j)  (-0.54700528+0.00000000j)  (-0.55230627+0.00000000j)

Theta = 235.10 degrees
State 0:
 (0.95446184+0.00000000j)  (-0.17217001+0.00000000j)  (-0.17236911+0.00000000j)  (-0.17218877+0.00000000j)
State 1:
 (0.00164741-0.00000000j)  (-0.37522169+0.00000000j)  (0.81849996+0.00000000j)  (-0.43504458+0.00000000j)
State 2:
 (0.00021314+0.00000000j)  (-0.72338667+0.00000000j)  (0.03489190+0.00000000j)  (0.68956090+0.00000000j)
State 3:
 (-0.29832840+0.00000000j)  (-0.55342380+0.00000000j)  (-0.54692711+0.00000000j)  (-0.55280467+0.00000000j)

Theta = 242.45 degrees
State 0:
 (0.95446184+0.00000000j)  (-0.17218391+0.00000000j)  (-0.17236946+0.00000000j)  (-0.17217452+0.00000000j)
State 1:
 (0.00165757+0.00000000j)  (-0.42034806+0.00000000j)  (0.81906490+0.00000000j)  (-0.39043240+0.00000000j)
State 2:
 (-0.00010679+0.00000000j)  (-0.69849125+0.00000000j)  (-0.01744873+0.00000000j)  (0.71540583+0.00000000j)
State 3:
 (-0.29832840+0.00000000j)  (-0.55296491+0.00000000j)  (-0.54691591+0.00000000j)  (-0.55327477+0.00000000j)

Theta = 249.80 degrees
State 0:
 (0.95446184+0.00000000j)  (-0.17219877+0.00000000j)  (-0.17236772+0.00000000j)  (-0.17216140+0.00000000j)
State 1:
 (0.00160699+0.00000000j)  (-0.46389309+0.00000000j)  (0.81623995+0.00000000j)  (-0.34431522+0.00000000j)
State 2:
 (-0.00042285+0.00000000j)  (-0.67076234+0.00000000j)  (-0.06973897+0.00000000j)  (0.73838620+0.00000000j)
State 3:
 (-0.29832840+0.00000000j)  (-0.55247504+0.00000000j)  (-0.54697184+0.00000000j)  (-0.55370868+0.00000000j)

Theta = 257.14 degrees
State 0:
 (0.95446184+0.00000000j)  (-0.17221435+0.00000000j)  (-0.17236393+0.00000000j)  (-0.17214961+0.00000000j)
State 1:
 (0.00149743+0.00000000j)  (-0.50573289+0.00000000j)  (0.81002342+0.00000000j)  (-0.29680644+0.00000000j)
State 2:
 (-0.00072360+0.00000000j)  (-0.64024526+0.00000000j)  (-0.12182303+0.00000000j)  (0.75844883+0.00000000j)
State 3:
 (-0.29832839+0.00000000j)  (-0.55196238+0.00000000j)  (-0.54709404+0.00000000j)  (-0.55409911+0.00000000j)

Theta = 264.49 degrees
State 0:
 (0.95446184+0.00000000j)  (-0.17223040+0.00000000j)  (-0.17235814+0.00000000j)  (-0.17213935+0.00000000j)
State 1:
 (0.00133274+0.00000000j)  (-0.54572483+0.00000000j)  (0.80041499+0.00000000j)  (-0.24802918+0.00000000j)
State 2:
 (-0.00099805+0.00000000j)  (-0.60699262+0.00000000j)  (-0.17352947+0.00000000j)  (0.77552981+0.00000000j)
State 3:
 (-0.29832838+0.00000000j)  (-0.55143545+0.00000000j)  (-0.54728058+0.00000000j)  (-0.55443943+0.00000000j)

Theta = 271.84 degrees
State 0:
 (0.95446184+0.00000000j)  (-0.17224665+0.00000000j)  (-0.17235045+0.00000000j)  (-0.17213078+0.00000000j)
State 1:
 (-0.00111876+0.00000000j)  (0.58370329+0.00000000j)  (-0.78742272+0.00000000j)  (0.19812792+0.00000000j)
State 2:
 (0.00123607+0.00000000j)  (0.57107571+0.00000000j)  (0.22466258+0.00000000j)  (-0.78955541+0.00000000j)
State 3:
 (-0.29832837+0.00000000j)  (-0.55090298+0.00000000j)  (-0.54752855+0.00000000j)  (-0.55472388+0.00000000j)

Theta = 279.18 degrees
State 0:
 (0.95446184+0.00000000j)  (-0.17226284+0.00000000j)  (-0.17234100+0.00000000j)  (-0.17212405+0.00000000j)
State 1:
 (-0.00086319+0.00000000j)  (0.61948067+0.00000000j)  (-0.77107220+0.00000000j)  (0.14727735+0.00000000j)
State 2:
 (0.00142875+0.00000000j)  (0.53259551+0.00000000j)  (0.27499842+0.00000000j)  (-0.80044728+0.00000000j)
State 3:
 (-0.29832835+0.00000000j)  (-0.55037372+0.00000000j)  (-0.54783402+0.00000000j)  (-0.55494761+0.00000000j)

Theta = 286.53 degrees
State 0:
 (0.95446184+0.00000000j)  (-0.17227870+0.00000000j)  (-0.17232993+0.00000000j)  (-0.17211927+0.00000000j)
State 1:
 (-0.00057537+0.00000000j)  (0.65285368+0.00000000j)  (-0.75141588+0.00000000j)  (0.09568651+0.00000000j)
State 2:
 (0.00156876+0.00000000j)  (0.49169110+0.00000000j)  (0.32428676+0.00000000j)  (-0.80813086+0.00000000j)
State 3:
 (-0.29832835+0.00000000j)  (-0.54985632+0.00000000j)  (-0.54819218+0.00000000j)  (-0.55510680+0.00000000j)

Theta = 293.88 degrees
State 0:
 (0.95446184+0.00000000j)  (-0.17229396+0.00000000j)  (-0.17231742+0.00000000j)  (-0.17211650+0.00000000j)
State 1:
 (-0.00026598+0.00000000j)  (0.68361402+0.00000000j)  (-0.72854039+0.00000000j)  (0.04359703+0.00000000j)
State 2:
 (0.00165072+0.00000000j)  (0.44854334+0.00000000j)  (0.37225873+0.00000000j)  (-0.81254513+0.00000000j)
State 3:
 (-0.29832834+0.00000000j)  (-0.54935920+0.00000000j)  (-0.54859734+0.00000000j)  (-0.55519872+0.00000000j)

Theta = 301.22 degrees
State 0:
 (0.95446184+0.00000000j)  (-0.17230839+0.00000000j)  (-0.17230369+0.00000000j)  (-0.17211581+0.00000000j)
State 1:
 (0.00005342-0.00000000j)  (0.71156137+0.00000000j)  (-0.70256978+0.00000000j)  (-0.00872461+0.00000000j)
State 2:
 (0.00167143+0.00000000j)  (0.40337273+0.00000000j)  (0.41863932+0.00000000j)  (-0.81365150+0.00000000j)
State 3:
 (-0.29832834+0.00000000j)  (-0.54889040+0.00000000j)  (-0.54904305+0.00000000j)  (-0.55522182+0.00000000j)

Theta = 308.57 degrees
State 0:
 (0.95446184+0.00000000j)  (-0.17232174+0.00000000j)  (-0.17228895+0.00000000j)  (-0.17211720+0.00000000j)
State 1:
 (0.00037080-0.00000000j)  (0.73651635+0.00000000j)  (-0.67366355+0.00000000j)  (-0.06099954+0.00000000j)
State 2:
 (0.00163010+0.00000000j)  (0.35643135+0.00000000j)  (0.46316233+0.00000000j)  (-0.81143989+0.00000000j)
State 3:
 (-0.29832834+0.00000000j)  (-0.54845745+0.00000000j)  (-0.54952215+0.00000000j)  (-0.55517568+0.00000000j)

Theta = 315.92 degrees
State 0:
 (0.95446184+0.00000000j)  (-0.17233379+0.00000000j)  (-0.17227346+0.00000000j)  (-0.17212064+0.00000000j)
State 1:
 (-0.00067426+0.00000000j)  (-0.75833071+0.00000000j)  (0.64200939+0.00000000j)  (0.11295141+0.00000000j)
State 2:
 (-0.00152832+0.00000000j)  (-0.30799004+0.00000000j)  (-0.50558496+0.00000000j)  (0.80593030+0.00000000j)
State 3:
 (-0.29832835+0.00000000j)  (-0.54806727+0.00000000j)  (-0.55002694+0.00000000j)  (-0.55506110+0.00000000j)

Theta = 323.27 degrees
State 0:
 (0.95446184+0.00000000j)  (-0.17234434+0.00000000j)  (-0.17225746+0.00000000j)  (-0.17212608+0.00000000j)
State 1:
 (-0.00095245+0.00000000j)  (-0.77689292+0.00000000j)  (0.60781177+0.00000000j)  (0.16432083+0.00000000j)
State 2:
 (-0.00137005+0.00000000j)  (-0.25832336+0.00000000j)  (-0.54569932+0.00000000j)  (0.79716963+0.00000000j)
State 3:
 (-0.29832836+0.00000000j)  (-0.54772609+0.00000000j)  (-0.55054925+0.00000000j)  (-0.55488004+0.00000000j)

Theta = 330.61 degrees
State 0:
 (0.95446184+0.00000000j)  (-0.17235322+0.00000000j)  (-0.17224123+0.00000000j)  (-0.17213344+0.00000000j)
State 1:
 (-0.00119512+0.00000000j)  (-0.79212835+0.00000000j)  (0.57127870+0.00000000j)  (0.21487647+0.00000000j)
State 2:
 (-0.00116136+0.00000000j)  (-0.20769515+0.00000000j)  (-0.58333852+0.00000000j)  (0.78522452+0.00000000j)
State 3:
 (-0.29832837+0.00000000j)  (-0.54743929+0.00000000j)  (-0.55108055+0.00000000j)  (-0.55463559+0.00000000j)

Theta = 337.96 degrees
State 0:
 (0.95446184+0.00000000j)  (-0.17236028+0.00000000j)  (-0.17222501+0.00000000j)  (-0.17214259+0.00000000j)
State 1:
 (-0.00139344+0.00000000j)  (-0.80399445+0.00000000j)  (0.53260924+0.00000000j)  (0.26442085+0.00000000j)
State 2:
 (-0.00091013+0.00000000j)  (-0.15634746+0.00000000j)  (-0.61837690+0.00000000j)  (0.77017184+0.00000000j)
State 3:
 (-0.29832838+0.00000000j)  (-0.54721141+0.00000000j)  (-0.55161215+0.00000000j)  (-0.55433193+0.00000000j)

Theta = 345.31 degrees
State 0:
 (0.95446184+0.00000000j)  (-0.17236542+0.00000000j)  (-0.17220909+0.00000000j)  (-0.17215338+0.00000000j)
State 1:
 (-0.00154031+0.00000000j)  (-0.81247255+0.00000000j)  (0.49198411+0.00000000j)  (0.31279006+0.00000000j)
State 2:
 (-0.00062574+0.00000000j)  (-0.10449473+0.00000000j)  (-0.65072444+0.00000000j)  (0.75208920+0.00000000j)
State 3:
 (-0.29832839+0.00000000j)  (-0.54704604+0.00000000j)  (-0.55213528+0.00000000j)  (-0.55397422+0.00000000j)

Theta = 352.65 degrees
State 0:
 (0.95446184+0.00000000j)  (-0.17236853+0.00000000j)  (-0.17219372+0.00000000j)  (-0.17216564+0.00000000j)
State 1:
 (-0.00163053+0.00000000j)  (-0.81755833+0.00000000j)  (0.44956111+0.00000000j)  (0.35984791+0.00000000j)
State 2:
 (-0.00031864+0.00000000j)  (-0.05232388+0.00000000j)  (-0.68031739+0.00000000j)  (0.73104744+0.00000000j)
State 3:
 (-0.29832840+0.00000000j)  (-0.54694577+0.00000000j)  (-0.55264127+0.00000000j)  (-0.55356853+0.00000000j)

Theta = 360.00 degrees
State 0:
 (0.95446184+0.00000000j)  (-0.17236957+0.00000000j)  (-0.17217916+0.00000000j)  (-0.17217916+0.00000000j)
State 1:
 (-0.00166096+0.00000000j)  (-0.81925320+0.00000000j)  (0.40547591+0.00000000j)  (0.40547591+0.00000000j)
State 2:
 (0.00000000+0.00000000j)  (0.00000000+0.00000000j)  (-0.70710678+0.00000000j)  (0.70710678+0.00000000j)
State 3:
 (-0.29832840+0.00000000j)  (-0.54691217+0.00000000j)  (-0.55312171+0.00000000j)  (-0.55312171+0.00000000j)

