Berry Phase Accumulation Data
===========================

Final Berry Phases:
State 0: 0.00000000
State 1: -3.14159265
State 2: -3.14159265
State 3: 0.00000000

Accumulated Berry Phases vs Theta:
Theta (degrees)	State 0	State 1	State 2	State 3
0.00	0.00000000	-0.00000000	-0.00000000	0.00000000
0.36	0.00000000	-0.00314474	-0.00314474	0.00000000
0.72	0.00000000	-0.00628947	-0.00628947	0.00000000
1.08	0.00000000	-0.00943421	-0.00943421	0.00000000
1.44	0.00000000	-0.01257895	-0.01257895	0.00000000
1.80	0.00000000	-0.01572369	-0.01572369	0.00000000
2.16	0.00000000	-0.01886842	-0.01886842	0.00000000
2.52	0.00000000	-0.02201316	-0.02201316	0.00000000
2.88	0.00000000	-0.02515790	-0.02515790	0.00000000
3.24	0.00000000	-0.02830264	-0.02830264	0.00000000
3.60	0.00000000	-0.03144737	-0.03144737	0.00000000
3.96	0.00000000	-0.03459211	-0.03459211	0.00000000
4.32	0.00000000	-0.03773685	-0.03773685	0.00000000
4.68	0.00000000	-0.04088159	-0.04088159	0.00000000
5.05	0.00000000	-0.04402632	-0.04402632	0.00000000
5.41	0.00000000	-0.04717106	-0.04717106	0.00000000
5.77	0.00000000	-0.05031580	-0.05031580	0.00000000
6.13	0.00000000	-0.05346054	-0.05346054	0.00000000
6.49	0.00000000	-0.05660527	-0.05660527	0.00000000
6.85	0.00000000	-0.05975001	-0.05975001	0.00000000
7.21	0.00000000	-0.06289475	-0.06289475	0.00000000
7.57	0.00000000	-0.06603949	-0.06603949	0.00000000
7.93	0.00000000	-0.06918422	-0.06918422	0.00000000
8.29	0.00000000	-0.07232896	-0.07232896	0.00000000
8.65	0.00000000	-0.07547370	-0.07547370	0.00000000
9.01	0.00000000	-0.07861843	-0.07861843	0.00000000
9.37	0.00000000	-0.08176317	-0.08176317	0.00000000
9.73	0.00000000	-0.08490791	-0.08490791	0.00000000
10.09	0.00000000	-0.08805265	-0.08805265	0.00000000
10.45	0.00000000	-0.09119738	-0.09119738	0.00000000
10.81	0.00000000	-0.09434212	-0.09434212	0.00000000
11.17	0.00000000	-0.09748686	-0.09748686	0.00000000
11.53	0.00000000	-0.10063160	-0.10063160	0.00000000
11.89	0.00000000	-0.10377633	-0.10377633	0.00000000
12.25	0.00000000	-0.10692107	-0.10692107	0.00000000
12.61	0.00000000	-0.11006581	-0.11006581	0.00000000
12.97	0.00000000	-0.11321055	-0.11321055	0.00000000
13.33	0.00000000	-0.11635528	-0.11635528	0.00000000
13.69	0.00000000	-0.11950002	-0.11950002	0.00000000
14.05	0.00000000	-0.12264476	-0.12264476	0.00000000
14.41	0.00000000	-0.12578950	-0.12578950	0.00000000
14.77	0.00000000	-0.12893423	-0.12893423	0.00000000
15.14	0.00000000	-0.13207897	-0.13207897	0.00000000
15.50	0.00000000	-0.13522371	-0.13522371	0.00000000
15.86	0.00000000	-0.13836845	-0.13836845	0.00000000
16.22	0.00000000	-0.14151318	-0.14151318	0.00000000
16.58	0.00000000	-0.14465792	-0.14465792	0.00000000
16.94	0.00000000	-0.14780266	-0.14780266	0.00000000
17.30	0.00000000	-0.15094739	-0.15094739	0.00000000
17.66	0.00000000	-0.15409213	-0.15409213	0.00000000
18.02	0.00000000	-0.15723687	-0.15723687	0.00000000
18.38	0.00000000	-0.16038161	-0.16038161	0.00000000
18.74	0.00000000	-0.16352634	-0.16352634	0.00000000
19.10	0.00000000	-0.16667108	-0.16667108	0.00000000
19.46	0.00000000	-0.16981582	-0.16981582	0.00000000
19.82	0.00000000	-0.17296056	-0.17296056	0.00000000
20.18	0.00000000	-0.17610529	-0.17610529	0.00000000
20.54	0.00000000	-0.17925003	-0.17925003	0.00000000
20.90	0.00000000	-0.18239477	-0.18239477	0.00000000
21.26	0.00000000	-0.18553951	-0.18553951	0.00000000
21.62	0.00000000	-0.18868424	-0.18868424	0.00000000
21.98	0.00000000	-0.19182898	-0.19182898	0.00000000
22.34	0.00000000	-0.19497372	-0.19497372	0.00000000
22.70	0.00000000	-0.19811846	-0.19811846	0.00000000
23.06	0.00000000	-0.20126319	-0.20126319	0.00000000
23.42	0.00000000	-0.20440793	-0.20440793	0.00000000
23.78	0.00000000	-0.20755267	-0.20755267	0.00000000
24.14	0.00000000	-0.21069741	-0.21069741	0.00000000
24.50	0.00000000	-0.21384214	-0.21384214	0.00000000
24.86	0.00000000	-0.21698688	-0.21698688	0.00000000
25.23	0.00000000	-0.22013162	-0.22013162	0.00000000
25.59	0.00000000	-0.22327635	-0.22327635	0.00000000
25.95	0.00000000	-0.22642109	-0.22642109	0.00000000
26.31	0.00000000	-0.22956583	-0.22956583	0.00000000
26.67	0.00000000	-0.23271057	-0.23271057	0.00000000
27.03	0.00000000	-0.23585530	-0.23585530	0.00000000
27.39	0.00000000	-0.23900004	-0.23900004	0.00000000
27.75	0.00000000	-0.24214478	-0.24214478	0.00000000
28.11	0.00000000	-0.24528952	-0.24528952	0.00000000
28.47	0.00000000	-0.24843425	-0.24843425	0.00000000
28.83	0.00000000	-0.25157899	-0.25157899	0.00000000
29.19	0.00000000	-0.25472373	-0.25472373	0.00000000
29.55	0.00000000	-0.25786847	-0.25786847	0.00000000
29.91	0.00000000	-0.26101320	-0.26101320	0.00000000
30.27	0.00000000	-0.26415794	-0.26415794	0.00000000
30.63	0.00000000	-0.26730268	-0.26730268	0.00000000
30.99	0.00000000	-0.27044742	-0.27044742	0.00000000
31.35	0.00000000	-0.27359215	-0.27359215	0.00000000
31.71	0.00000000	-0.27673689	-0.27673689	0.00000000
32.07	0.00000000	-0.27988163	-0.27988163	0.00000000
32.43	0.00000000	-0.28302637	-0.28302637	0.00000000
32.79	0.00000000	-0.28617110	-0.28617110	0.00000000
33.15	0.00000000	-0.28931584	-0.28931584	0.00000000
33.51	0.00000000	-0.29246058	-0.29246058	0.00000000
33.87	0.00000000	-0.29560531	-0.29560531	0.00000000
34.23	0.00000000	-0.29875005	-0.29875005	0.00000000
34.59	0.00000000	-0.30189479	-0.30189479	0.00000000
34.95	0.00000000	-0.30503953	-0.30503953	0.00000000
35.32	0.00000000	-0.30818426	-0.30818426	0.00000000
35.68	0.00000000	-0.31132900	-0.31132900	0.00000000
36.04	0.00000000	-0.31447374	-0.31447374	0.00000000
36.40	0.00000000	-0.31761848	-0.31761848	0.00000000
36.76	0.00000000	-0.32076321	-0.32076321	0.00000000
37.12	0.00000000	-0.32390795	-0.32390795	0.00000000
37.48	0.00000000	-0.32705269	-0.32705269	0.00000000
37.84	0.00000000	-0.33019743	-0.33019743	0.00000000
38.20	0.00000000	-0.33334216	-0.33334216	0.00000000
38.56	0.00000000	-0.33648690	-0.33648690	0.00000000
38.92	0.00000000	-0.33963164	-0.33963164	0.00000000
39.28	0.00000000	-0.34277638	-0.34277638	0.00000000
39.64	0.00000000	-0.34592111	-0.34592111	0.00000000
40.00	0.00000000	-0.34906585	-0.34906585	0.00000000
40.36	0.00000000	-0.35221059	-0.35221059	0.00000000
40.72	0.00000000	-0.35535533	-0.35535533	0.00000000
41.08	0.00000000	-0.35850006	-0.35850006	0.00000000
41.44	0.00000000	-0.36164480	-0.36164480	0.00000000
41.80	0.00000000	-0.36478954	-0.36478954	0.00000000
42.16	0.00000000	-0.36793427	-0.36793427	0.00000000
42.52	0.00000000	-0.37107901	-0.37107901	0.00000000
42.88	0.00000000	-0.37422375	-0.37422375	0.00000000
43.24	0.00000000	-0.37736849	-0.37736849	0.00000000
43.60	0.00000000	-0.38051322	-0.38051322	0.00000000
43.96	0.00000000	-0.38365796	-0.38365796	0.00000000
44.32	0.00000000	-0.38680270	-0.38680270	0.00000000
44.68	0.00000000	-0.38994744	-0.38994744	0.00000000
45.05	0.00000000	-0.39309217	-0.39309217	0.00000000
45.41	0.00000000	-0.39623691	-0.39623691	0.00000000
45.77	0.00000000	-0.39938165	-0.39938165	0.00000000
46.13	0.00000000	-0.40252639	-0.40252639	0.00000000
46.49	0.00000000	-0.40567112	-0.40567112	0.00000000
46.85	0.00000000	-0.40881586	-0.40881586	0.00000000
47.21	0.00000000	-0.41196060	-0.41196060	0.00000000
47.57	0.00000000	-0.41510534	-0.41510534	0.00000000
47.93	0.00000000	-0.41825007	-0.41825007	0.00000000
48.29	0.00000000	-0.42139481	-0.42139481	0.00000000
48.65	0.00000000	-0.42453955	-0.42453955	0.00000000
49.01	0.00000000	-0.42768429	-0.42768429	0.00000000
49.37	0.00000000	-0.43082902	-0.43082902	0.00000000
49.73	0.00000000	-0.43397376	-0.43397376	0.00000000
50.09	0.00000000	-0.43711850	-0.43711850	0.00000000
50.45	0.00000000	-0.44026323	-0.44026323	0.00000000
50.81	0.00000000	-0.44340797	-0.44340797	0.00000000
51.17	0.00000000	-0.44655271	-0.44655271	0.00000000
51.53	0.00000000	-0.44969745	-0.44969745	0.00000000
51.89	0.00000000	-0.45284218	-0.45284218	0.00000000
52.25	0.00000000	-0.45598692	-0.45598692	0.00000000
52.61	0.00000000	-0.45913166	-0.45913166	0.00000000
52.97	0.00000000	-0.46227640	-0.46227640	0.00000000
53.33	0.00000000	-0.46542113	-0.46542113	0.00000000
53.69	0.00000000	-0.46856587	-0.46856587	0.00000000
54.05	0.00000000	-0.47171061	-0.47171061	0.00000000
54.41	0.00000000	-0.47485535	-0.47485535	0.00000000
54.77	0.00000000	-0.47800008	-0.47800008	0.00000000
55.14	0.00000000	-0.48114482	-0.48114482	0.00000000
55.50	0.00000000	-0.48428956	-0.48428956	0.00000000
55.86	0.00000000	-0.48743430	-0.48743430	0.00000000
56.22	0.00000000	-0.49057903	-0.49057903	0.00000000
56.58	0.00000000	-0.49372377	-0.49372377	0.00000000
56.94	0.00000000	-0.49686851	-0.49686851	0.00000000
57.30	0.00000000	-0.50001325	-0.50001325	0.00000000
57.66	0.00000000	-0.50315798	-0.50315798	0.00000000
58.02	0.00000000	-0.50630272	-0.50630272	0.00000000
58.38	0.00000000	-0.50944746	-0.50944746	0.00000000
58.74	0.00000000	-0.51259219	-0.51259219	0.00000000
59.10	0.00000000	-0.51573693	-0.51573693	0.00000000
59.46	0.00000000	-0.51888167	-0.51888167	0.00000000
59.82	0.00000000	-0.52202641	-0.52202641	0.00000000
60.18	0.00000000	-0.52517114	-0.52517114	0.00000000
60.54	0.00000000	-0.52831588	-0.52831588	0.00000000
60.90	0.00000000	-0.53146062	-0.53146062	0.00000000
61.26	0.00000000	-0.53460536	-0.53460536	0.00000000
61.62	0.00000000	-0.53775009	-0.53775009	0.00000000
61.98	0.00000000	-0.54089483	-0.54089483	0.00000000
62.34	0.00000000	-0.54403957	-0.54403957	0.00000000
62.70	0.00000000	-0.54718431	-0.54718431	0.00000000
63.06	0.00000000	-0.55032904	-0.55032904	0.00000000
63.42	0.00000000	-0.55347378	-0.55347378	0.00000000
63.78	0.00000000	-0.55661852	-0.55661852	0.00000000
64.14	0.00000000	-0.55976326	-0.55976326	0.00000000
64.50	0.00000000	-0.56290799	-0.56290799	0.00000000
64.86	0.00000000	-0.56605273	-0.56605273	0.00000000
65.23	0.00000000	-0.56919747	-0.56919747	0.00000000
65.59	0.00000000	-0.57234221	-0.57234221	0.00000000
65.95	0.00000000	-0.57548694	-0.57548694	0.00000000
66.31	0.00000000	-0.57863168	-0.57863168	0.00000000
66.67	0.00000000	-0.58177642	-0.58177642	0.00000000
67.03	0.00000000	-0.58492115	-0.58492115	0.00000000
67.39	0.00000000	-0.58806589	-0.58806589	0.00000000
67.75	0.00000000	-0.59121063	-0.59121063	0.00000000
68.11	0.00000000	-0.59435537	-0.59435537	0.00000000
68.47	0.00000000	-0.59750010	-0.59750010	0.00000000
68.83	0.00000000	-0.60064484	-0.60064484	0.00000000
69.19	0.00000000	-0.60378958	-0.60378958	0.00000000
69.55	0.00000000	-0.60693432	-0.60693432	0.00000000
69.91	0.00000000	-0.61007905	-0.61007905	0.00000000
70.27	0.00000000	-0.61322379	-0.61322379	0.00000000
70.63	0.00000000	-0.61636853	-0.61636853	0.00000000
70.99	0.00000000	-0.61951327	-0.61951327	0.00000000
71.35	0.00000000	-0.62265800	-0.62265800	0.00000000
71.71	0.00000000	-0.62580274	-0.62580274	0.00000000
72.07	0.00000000	-0.62894748	-0.62894748	0.00000000
72.43	0.00000000	-0.63209222	-0.63209222	0.00000000
72.79	0.00000000	-0.63523695	-0.63523695	0.00000000
73.15	0.00000000	-0.63838169	-0.63838169	0.00000000
73.51	0.00000000	-0.64152643	-0.64152643	0.00000000
73.87	0.00000000	-0.64467117	-0.64467117	0.00000000
74.23	0.00000000	-0.64781590	-0.64781590	0.00000000
74.59	0.00000000	-0.65096064	-0.65096064	0.00000000
74.95	0.00000000	-0.65410538	-0.65410538	0.00000000
75.32	0.00000000	-0.65725011	-0.65725011	0.00000000
75.68	0.00000000	-0.66039485	-0.66039485	0.00000000
76.04	0.00000000	-0.66353959	-0.66353959	0.00000000
76.40	0.00000000	-0.66668433	-0.66668433	0.00000000
76.76	0.00000000	-0.66982906	-0.66982906	0.00000000
77.12	0.00000000	-0.67297380	-0.67297380	0.00000000
77.48	0.00000000	-0.67611854	-0.67611854	0.00000000
77.84	0.00000000	-0.67926328	-0.67926328	0.00000000
78.20	0.00000000	-0.68240801	-0.68240801	0.00000000
78.56	0.00000000	-0.68555275	-0.68555275	0.00000000
78.92	0.00000000	-0.68869749	-0.68869749	0.00000000
79.28	0.00000000	-0.69184223	-0.69184223	0.00000000
79.64	0.00000000	-0.69498696	-0.69498696	0.00000000
80.00	0.00000000	-0.69813170	-0.69813170	0.00000000
80.36	0.00000000	-0.70127644	-0.70127644	0.00000000
80.72	0.00000000	-0.70442118	-0.70442118	0.00000000
81.08	0.00000000	-0.70756591	-0.70756591	0.00000000
81.44	0.00000000	-0.71071065	-0.71071065	0.00000000
81.80	0.00000000	-0.71385539	-0.71385539	0.00000000
82.16	0.00000000	-0.71700013	-0.71700013	0.00000000
82.52	0.00000000	-0.72014486	-0.72014486	0.00000000
82.88	0.00000000	-0.72328960	-0.72328960	0.00000000
83.24	0.00000000	-0.72643434	-0.72643434	0.00000000
83.60	0.00000000	-0.72957907	-0.72957907	0.00000000
83.96	0.00000000	-0.73272381	-0.73272381	0.00000000
84.32	0.00000000	-0.73586855	-0.73586855	0.00000000
84.68	0.00000000	-0.73901329	-0.73901329	0.00000000
85.05	0.00000000	-0.74215802	-0.74215802	0.00000000
85.41	0.00000000	-0.74530276	-0.74530276	0.00000000
85.77	0.00000000	-0.74844750	-0.74844750	0.00000000
86.13	0.00000000	-0.75159224	-0.75159224	0.00000000
86.49	0.00000000	-0.75473697	-0.75473697	0.00000000
86.85	0.00000000	-0.75788171	-0.75788171	0.00000000
87.21	0.00000000	-0.76102645	-0.76102645	0.00000000
87.57	0.00000000	-0.76417119	-0.76417119	0.00000000
87.93	0.00000000	-0.76731592	-0.76731592	0.00000000
88.29	0.00000000	-0.77046066	-0.77046066	0.00000000
88.65	0.00000000	-0.77360540	-0.77360540	0.00000000
89.01	0.00000000	-0.77675014	-0.77675014	0.00000000
89.37	0.00000000	-0.77989487	-0.77989487	0.00000000
89.73	0.00000000	-0.78303961	-0.78303961	0.00000000
90.09	0.00000000	-0.78618435	-0.78618435	0.00000000
90.45	0.00000000	-0.78932909	-0.78932909	0.00000000
90.81	0.00000000	-0.79247382	-0.79247382	0.00000000
91.17	0.00000000	-0.79561856	-0.79561856	0.00000000
91.53	0.00000000	-0.79876330	-0.79876330	0.00000000
91.89	0.00000000	-0.80190803	-0.80190803	0.00000000
92.25	0.00000000	-0.80505277	-0.80505277	0.00000000
92.61	0.00000000	-0.80819751	-0.80819751	0.00000000
92.97	0.00000000	-0.81134225	-0.81134225	0.00000000
93.33	0.00000000	-0.81448698	-0.81448698	0.00000000
93.69	0.00000000	-0.81763172	-0.81763172	0.00000000
94.05	0.00000000	-0.82077646	-0.82077646	0.00000000
94.41	0.00000000	-0.82392120	-0.82392120	0.00000000
94.77	0.00000000	-0.82706593	-0.82706593	0.00000000
95.14	0.00000000	-0.83021067	-0.83021067	0.00000000
95.50	0.00000000	-0.83335541	-0.83335541	0.00000000
95.86	0.00000000	-0.83650015	-0.83650015	0.00000000
96.22	0.00000000	-0.83964488	-0.83964488	0.00000000
96.58	0.00000000	-0.84278962	-0.84278962	0.00000000
96.94	0.00000000	-0.84593436	-0.84593436	0.00000000
97.30	0.00000000	-0.84907910	-0.84907910	0.00000000
97.66	0.00000000	-0.85222383	-0.85222383	0.00000000
98.02	0.00000000	-0.85536857	-0.85536857	0.00000000
98.38	0.00000000	-0.85851331	-0.85851331	0.00000000
98.74	0.00000000	-0.86165805	-0.86165805	0.00000000
99.10	0.00000000	-0.86480278	-0.86480278	0.00000000
99.46	0.00000000	-0.86794752	-0.86794752	0.00000000
99.82	0.00000000	-0.87109226	-0.87109226	0.00000000
100.18	0.00000000	-0.87423699	-0.87423699	0.00000000
100.54	0.00000000	-0.87738173	-0.87738173	0.00000000
100.90	0.00000000	-0.88052647	-0.88052647	0.00000000
101.26	0.00000000	-0.88367121	-0.88367121	0.00000000
101.62	0.00000000	-0.88681594	-0.88681594	0.00000000
101.98	0.00000000	-0.88996068	-0.88996068	0.00000000
102.34	0.00000000	-0.89310542	-0.89310542	0.00000000
102.70	0.00000000	-0.89625016	-0.89625016	0.00000000
103.06	0.00000000	-0.89939489	-0.89939489	0.00000000
103.42	0.00000000	-0.90253963	-0.90253963	0.00000000
103.78	0.00000000	-0.90568437	-0.90568437	0.00000000
104.14	0.00000000	-0.90882911	-0.90882911	0.00000000
104.50	0.00000000	-0.91197384	-0.91197384	0.00000000
104.86	0.00000000	-0.91511858	-0.91511858	0.00000000
105.23	0.00000000	-0.91826332	-0.91826332	0.00000000
105.59	0.00000000	-0.92140806	-0.92140806	0.00000000
105.95	0.00000000	-0.92455279	-0.92455279	0.00000000
106.31	0.00000000	-0.92769753	-0.92769753	0.00000000
106.67	0.00000000	-0.93084227	-0.93084227	0.00000000
107.03	0.00000000	-0.93398701	-0.93398701	0.00000000
107.39	0.00000000	-0.93713174	-0.93713174	0.00000000
107.75	0.00000000	-0.94027648	-0.94027648	0.00000000
108.11	0.00000000	-0.94342122	-0.94342122	0.00000000
108.47	0.00000000	-0.94656595	-0.94656595	0.00000000
108.83	0.00000000	-0.94971069	-0.94971069	0.00000000
109.19	0.00000000	-0.95285543	-0.95285543	0.00000000
109.55	0.00000000	-0.95600017	-0.95600017	0.00000000
109.91	0.00000000	-0.95914490	-0.95914490	0.00000000
110.27	0.00000000	-0.96228964	-0.96228964	0.00000000
110.63	0.00000000	-0.96543438	-0.96543438	0.00000000
110.99	0.00000000	-0.96857912	-0.96857912	0.00000000
111.35	0.00000000	-0.97172385	-0.97172385	0.00000000
111.71	0.00000000	-0.97486859	-0.97486859	0.00000000
112.07	0.00000000	-0.97801333	-0.97801333	0.00000000
112.43	0.00000000	-0.98115807	-0.98115807	0.00000000
112.79	0.00000000	-0.98430280	-0.98430280	0.00000000
113.15	0.00000000	-0.98744754	-0.98744754	0.00000000
113.51	0.00000000	-0.99059228	-0.99059228	0.00000000
113.87	0.00000000	-0.99373702	-0.99373702	0.00000000
114.23	0.00000000	-0.99688175	-0.99688175	0.00000000
114.59	0.00000000	-1.00002649	-1.00002649	0.00000000
114.95	0.00000000	-1.00317123	-1.00317123	0.00000000
115.32	0.00000000	-1.00631597	-1.00631597	0.00000000
115.68	0.00000000	-1.00946070	-1.00946070	0.00000000
116.04	0.00000000	-1.01260544	-1.01260544	0.00000000
116.40	0.00000000	-1.01575018	-1.01575018	0.00000000
116.76	0.00000000	-1.01889491	-1.01889491	0.00000000
117.12	0.00000000	-1.02203965	-1.02203965	0.00000000
117.48	0.00000000	-1.02518439	-1.02518439	0.00000000
117.84	0.00000000	-1.02832913	-1.02832913	0.00000000
118.20	0.00000000	-1.03147386	-1.03147386	0.00000000
118.56	0.00000000	-1.03461860	-1.03461860	0.00000000
118.92	0.00000000	-1.03776334	-1.03776334	0.00000000
119.28	0.00000000	-1.04090808	-1.04090808	0.00000000
119.64	0.00000000	-1.04405281	-1.04405281	0.00000000
120.00	0.00000000	-1.04719755	-1.04719755	0.00000000
120.36	0.00000000	-1.05034229	-1.05034229	0.00000000
120.72	0.00000000	-1.05348703	-1.05348703	0.00000000
121.08	0.00000000	-1.05663176	-1.05663176	0.00000000
121.44	0.00000000	-1.05977650	-1.05977650	0.00000000
121.80	0.00000000	-1.06292124	-1.06292124	0.00000000
122.16	0.00000000	-1.06606598	-1.06606598	0.00000000
122.52	0.00000000	-1.06921071	-1.06921071	0.00000000
122.88	0.00000000	-1.07235545	-1.07235545	0.00000000
123.24	0.00000000	-1.07550019	-1.07550019	0.00000000
123.60	0.00000000	-1.07864493	-1.07864493	0.00000000
123.96	0.00000000	-1.08178966	-1.08178966	0.00000000
124.32	0.00000000	-1.08493440	-1.08493440	0.00000000
124.68	0.00000000	-1.08807914	-1.08807914	0.00000000
125.05	0.00000000	-1.09122387	-1.09122387	0.00000000
125.41	0.00000000	-1.09436861	-1.09436861	0.00000000
125.77	0.00000000	-1.09751335	-1.09751335	0.00000000
126.13	0.00000000	-1.10065809	-1.10065809	0.00000000
126.49	0.00000000	-1.10380282	-1.10380282	0.00000000
126.85	0.00000000	-1.10694756	-1.10694756	0.00000000
127.21	0.00000000	-1.11009230	-1.11009230	0.00000000
127.57	0.00000000	-1.11323704	-1.11323704	0.00000000
127.93	0.00000000	-1.11638177	-1.11638177	0.00000000
128.29	0.00000000	-1.11952651	-1.11952651	0.00000000
128.65	0.00000000	-1.12267125	-1.12267125	0.00000000
129.01	0.00000000	-1.12581599	-1.12581599	0.00000000
129.37	0.00000000	-1.12896072	-1.12896072	0.00000000
129.73	0.00000000	-1.13210546	-1.13210546	0.00000000
130.09	0.00000000	-1.13525020	-1.13525020	0.00000000
130.45	0.00000000	-1.13839494	-1.13839494	0.00000000
130.81	0.00000000	-1.14153967	-1.14153967	0.00000000
131.17	0.00000000	-1.14468441	-1.14468441	0.00000000
131.53	0.00000000	-1.14782915	-1.14782915	0.00000000
131.89	0.00000000	-1.15097389	-1.15097389	0.00000000
132.25	0.00000000	-1.15411862	-1.15411862	0.00000000
132.61	0.00000000	-1.15726336	-1.15726336	0.00000000
132.97	0.00000000	-1.16040810	-1.16040810	0.00000000
133.33	0.00000000	-1.16355283	-1.16355283	0.00000000
133.69	0.00000000	-1.16669757	-1.16669757	0.00000000
134.05	0.00000000	-1.16984231	-1.16984231	0.00000000
134.41	0.00000000	-1.17298705	-1.17298705	0.00000000
134.77	0.00000000	-1.17613178	-1.17613178	0.00000000
135.14	0.00000000	-1.17927652	-1.17927652	0.00000000
135.50	0.00000000	-1.18242126	-1.18242126	0.00000000
135.86	0.00000000	-1.18556600	-1.18556600	0.00000000
136.22	0.00000000	-1.18871073	-1.18871073	0.00000000
136.58	0.00000000	-1.19185547	-1.19185547	0.00000000
136.94	0.00000000	-1.19500021	-1.19500021	0.00000000
137.30	0.00000000	-1.19814495	-1.19814495	0.00000000
137.66	0.00000000	-1.20128968	-1.20128968	0.00000000
138.02	0.00000000	-1.20443442	-1.20443442	0.00000000
138.38	0.00000000	-1.20757916	-1.20757916	0.00000000
138.74	0.00000000	-1.21072390	-1.21072390	0.00000000
139.10	0.00000000	-1.21386863	-1.21386863	0.00000000
139.46	0.00000000	-1.21701337	-1.21701337	0.00000000
139.82	0.00000000	-1.22015811	-1.22015811	0.00000000
140.18	0.00000000	-1.22330285	-1.22330285	0.00000000
140.54	0.00000000	-1.22644758	-1.22644758	0.00000000
140.90	0.00000000	-1.22959232	-1.22959232	0.00000000
141.26	0.00000000	-1.23273706	-1.23273706	0.00000000
141.62	0.00000000	-1.23588179	-1.23588179	0.00000000
141.98	0.00000000	-1.23902653	-1.23902653	0.00000000
142.34	0.00000000	-1.24217127	-1.24217127	0.00000000
142.70	0.00000000	-1.24531601	-1.24531601	0.00000000
143.06	0.00000000	-1.24846074	-1.24846074	0.00000000
143.42	0.00000000	-1.25160548	-1.25160548	0.00000000
143.78	0.00000000	-1.25475022	-1.25475022	0.00000000
144.14	0.00000000	-1.25789496	-1.25789496	0.00000000
144.50	0.00000000	-1.26103969	-1.26103969	0.00000000
144.86	0.00000000	-1.26418443	-1.26418443	0.00000000
145.23	0.00000000	-1.26732917	-1.26732917	0.00000000
145.59	0.00000000	-1.27047391	-1.27047391	0.00000000
145.95	0.00000000	-1.27361864	-1.27361864	0.00000000
146.31	0.00000000	-1.27676338	-1.27676338	0.00000000
146.67	0.00000000	-1.27990812	-1.27990812	0.00000000
147.03	0.00000000	-1.28305286	-1.28305286	0.00000000
147.39	0.00000000	-1.28619759	-1.28619759	0.00000000
147.75	0.00000000	-1.28934233	-1.28934233	0.00000000
148.11	0.00000000	-1.29248707	-1.29248707	0.00000000
148.47	0.00000000	-1.29563181	-1.29563181	0.00000000
148.83	0.00000000	-1.29877654	-1.29877654	0.00000000
149.19	0.00000000	-1.30192128	-1.30192128	0.00000000
149.55	0.00000000	-1.30506602	-1.30506602	0.00000000
149.91	0.00000000	-1.30821075	-1.30821075	0.00000000
150.27	0.00000000	-1.31135549	-1.31135549	0.00000000
150.63	0.00000000	-1.31450023	-1.31450023	0.00000000
150.99	0.00000000	-1.31764497	-1.31764497	0.00000000
151.35	0.00000000	-1.32078970	-1.32078970	0.00000000
151.71	0.00000000	-1.32393444	-1.32393444	0.00000000
152.07	0.00000000	-1.32707918	-1.32707918	0.00000000
152.43	0.00000000	-1.33022392	-1.33022392	0.00000000
152.79	0.00000000	-1.33336865	-1.33336865	0.00000000
153.15	0.00000000	-1.33651339	-1.33651339	0.00000000
153.51	0.00000000	-1.33965813	-1.33965813	0.00000000
153.87	0.00000000	-1.34280287	-1.34280287	0.00000000
154.23	0.00000000	-1.34594760	-1.34594760	0.00000000
154.59	0.00000000	-1.34909234	-1.34909234	0.00000000
154.95	0.00000000	-1.35223708	-1.35223708	0.00000000
155.32	0.00000000	-1.35538182	-1.35538182	0.00000000
155.68	0.00000000	-1.35852655	-1.35852655	0.00000000
156.04	0.00000000	-1.36167129	-1.36167129	0.00000000
156.40	0.00000000	-1.36481603	-1.36481603	0.00000000
156.76	0.00000000	-1.36796077	-1.36796077	0.00000000
157.12	0.00000000	-1.37110550	-1.37110550	0.00000000
157.48	0.00000000	-1.37425024	-1.37425024	0.00000000
157.84	0.00000000	-1.37739498	-1.37739498	0.00000000
158.20	0.00000000	-1.38053971	-1.38053971	0.00000000
158.56	0.00000000	-1.38368445	-1.38368445	0.00000000
158.92	0.00000000	-1.38682919	-1.38682919	0.00000000
159.28	0.00000000	-1.38997393	-1.38997393	0.00000000
159.64	0.00000000	-1.39311866	-1.39311866	0.00000000
160.00	0.00000000	-1.39626340	-1.39626340	0.00000000
160.36	0.00000000	-1.39940814	-1.39940814	0.00000000
160.72	0.00000000	-1.40255288	-1.40255288	0.00000000
161.08	0.00000000	-1.40569761	-1.40569761	0.00000000
161.44	0.00000000	-1.40884235	-1.40884235	0.00000000
161.80	0.00000000	-1.41198709	-1.41198709	0.00000000
162.16	0.00000000	-1.41513183	-1.41513183	0.00000000
162.52	0.00000000	-1.41827656	-1.41827656	0.00000000
162.88	0.00000000	-1.42142130	-1.42142130	0.00000000
163.24	0.00000000	-1.42456604	-1.42456604	0.00000000
163.60	0.00000000	-1.42771078	-1.42771078	0.00000000
163.96	0.00000000	-1.43085551	-1.43085551	0.00000000
164.32	0.00000000	-1.43400025	-1.43400025	0.00000000
164.68	0.00000000	-1.43714499	-1.43714499	0.00000000
165.05	0.00000000	-1.44028973	-1.44028973	0.00000000
165.41	0.00000000	-1.44343446	-1.44343446	0.00000000
165.77	0.00000000	-1.44657920	-1.44657920	0.00000000
166.13	0.00000000	-1.44972394	-1.44972394	0.00000000
166.49	0.00000000	-1.45286867	-1.45286867	0.00000000
166.85	0.00000000	-1.45601341	-1.45601341	0.00000000
167.21	0.00000000	-1.45915815	-1.45915815	0.00000000
167.57	0.00000000	-1.46230289	-1.46230289	0.00000000
167.93	0.00000000	-1.46544762	-1.46544762	0.00000000
168.29	0.00000000	-1.46859236	-1.46859236	0.00000000
168.65	0.00000000	-1.47173710	-1.47173710	0.00000000
169.01	0.00000000	-1.47488184	-1.47488184	0.00000000
169.37	0.00000000	-1.47802657	-1.47802657	0.00000000
169.73	0.00000000	-1.48117131	-1.48117131	0.00000000
170.09	0.00000000	-1.48431605	-1.48431605	0.00000000
170.45	0.00000000	-1.48746079	-1.48746079	0.00000000
170.81	0.00000000	-1.49060552	-1.49060552	0.00000000
171.17	0.00000000	-1.49375026	-1.49375026	0.00000000
171.53	0.00000000	-1.49689500	-1.49689500	0.00000000
171.89	0.00000000	-1.50003974	-1.50003974	0.00000000
172.25	0.00000000	-1.50318447	-1.50318447	0.00000000
172.61	0.00000000	-1.50632921	-1.50632921	0.00000000
172.97	0.00000000	-1.50947395	-1.50947395	0.00000000
173.33	0.00000000	-1.51261869	-1.51261869	0.00000000
173.69	0.00000000	-1.51576342	-1.51576342	0.00000000
174.05	0.00000000	-1.51890816	-1.51890816	0.00000000
174.41	0.00000000	-1.52205290	-1.52205290	0.00000000
174.77	0.00000000	-1.52519763	-1.52519763	0.00000000
175.14	0.00000000	-1.52834237	-1.52834237	0.00000000
175.50	0.00000000	-1.53148711	-1.53148711	0.00000000
175.86	0.00000000	-1.53463185	-1.53463185	0.00000000
176.22	0.00000000	-1.53777658	-1.53777658	0.00000000
176.58	0.00000000	-1.54092132	-1.54092132	0.00000000
176.94	0.00000000	-1.54406606	-1.54406606	0.00000000
177.30	0.00000000	-1.54721080	-1.54721080	0.00000000
177.66	0.00000000	-1.55035553	-1.55035553	0.00000000
178.02	0.00000000	-1.55350027	-1.55350027	0.00000000
178.38	0.00000000	-1.55664501	-1.55664501	0.00000000
178.74	0.00000000	-1.55978975	-1.55978975	0.00000000
179.10	0.00000000	-1.56293448	-1.56293448	0.00000000
179.46	0.00000000	-1.56607922	-1.56607922	0.00000000
179.82	0.00000000	-1.56922396	-1.56922396	0.00000000
180.18	0.00000000	-1.57236870	-1.57236870	0.00000000
180.54	0.00000000	-1.57551343	-1.57551343	0.00000000
180.90	0.00000000	-1.57865817	-1.57865817	0.00000000
181.26	0.00000000	-1.58180291	-1.58180291	0.00000000
181.62	0.00000000	-1.58494765	-1.58494765	0.00000000
181.98	0.00000000	-1.58809238	-1.58809238	0.00000000
182.34	0.00000000	-1.59123712	-1.59123712	0.00000000
182.70	0.00000000	-1.59438186	-1.59438186	0.00000000
183.06	0.00000000	-1.59752659	-1.59752659	0.00000000
183.42	0.00000000	-1.60067133	-1.60067133	0.00000000
183.78	0.00000000	-1.60381607	-1.60381607	0.00000000
184.14	0.00000000	-1.60696081	-1.60696081	0.00000000
184.50	0.00000000	-1.61010554	-1.61010554	0.00000000
184.86	0.00000000	-1.61325028	-1.61325028	0.00000000
185.23	0.00000000	-1.61639502	-1.61639502	0.00000000
185.59	0.00000000	-1.61953976	-1.61953976	0.00000000
185.95	0.00000000	-1.62268449	-1.62268449	0.00000000
186.31	0.00000000	-1.62582923	-1.62582923	0.00000000
186.67	0.00000000	-1.62897397	-1.62897397	0.00000000
187.03	0.00000000	-1.63211871	-1.63211871	0.00000000
187.39	0.00000000	-1.63526344	-1.63526344	0.00000000
187.75	0.00000000	-1.63840818	-1.63840818	0.00000000
188.11	0.00000000	-1.64155292	-1.64155292	0.00000000
188.47	0.00000000	-1.64469766	-1.64469766	0.00000000
188.83	0.00000000	-1.64784239	-1.64784239	0.00000000
189.19	0.00000000	-1.65098713	-1.65098713	0.00000000
189.55	0.00000000	-1.65413187	-1.65413187	0.00000000
189.91	0.00000000	-1.65727661	-1.65727661	0.00000000
190.27	0.00000000	-1.66042134	-1.66042134	0.00000000
190.63	0.00000000	-1.66356608	-1.66356608	0.00000000
190.99	0.00000000	-1.66671082	-1.66671082	0.00000000
191.35	0.00000000	-1.66985555	-1.66985555	0.00000000
191.71	0.00000000	-1.67300029	-1.67300029	0.00000000
192.07	0.00000000	-1.67614503	-1.67614503	0.00000000
192.43	0.00000000	-1.67928977	-1.67928977	0.00000000
192.79	0.00000000	-1.68243450	-1.68243450	0.00000000
193.15	0.00000000	-1.68557924	-1.68557924	0.00000000
193.51	0.00000000	-1.68872398	-1.68872398	0.00000000
193.87	0.00000000	-1.69186872	-1.69186872	0.00000000
194.23	0.00000000	-1.69501345	-1.69501345	0.00000000
194.59	0.00000000	-1.69815819	-1.69815819	0.00000000
194.95	0.00000000	-1.70130293	-1.70130293	0.00000000
195.32	0.00000000	-1.70444767	-1.70444767	0.00000000
195.68	0.00000000	-1.70759240	-1.70759240	0.00000000
196.04	0.00000000	-1.71073714	-1.71073714	0.00000000
196.40	0.00000000	-1.71388188	-1.71388188	0.00000000
196.76	0.00000000	-1.71702662	-1.71702662	0.00000000
197.12	0.00000000	-1.72017135	-1.72017135	0.00000000
197.48	0.00000000	-1.72331609	-1.72331609	0.00000000
197.84	0.00000000	-1.72646083	-1.72646083	0.00000000
198.20	0.00000000	-1.72960557	-1.72960557	0.00000000
198.56	0.00000000	-1.73275030	-1.73275030	0.00000000
198.92	0.00000000	-1.73589504	-1.73589504	0.00000000
199.28	0.00000000	-1.73903978	-1.73903978	0.00000000
199.64	0.00000000	-1.74218451	-1.74218451	0.00000000
200.00	0.00000000	-1.74532925	-1.74532925	0.00000000
200.36	0.00000000	-1.74847399	-1.74847399	0.00000000
200.72	0.00000000	-1.75161873	-1.75161873	0.00000000
201.08	0.00000000	-1.75476346	-1.75476346	0.00000000
201.44	0.00000000	-1.75790820	-1.75790820	0.00000000
201.80	0.00000000	-1.76105294	-1.76105294	0.00000000
202.16	0.00000000	-1.76419768	-1.76419768	0.00000000
202.52	0.00000000	-1.76734241	-1.76734241	0.00000000
202.88	0.00000000	-1.77048715	-1.77048715	0.00000000
203.24	0.00000000	-1.77363189	-1.77363189	0.00000000
203.60	0.00000000	-1.77677663	-1.77677663	0.00000000
203.96	0.00000000	-1.77992136	-1.77992136	0.00000000
204.32	0.00000000	-1.78306610	-1.78306610	0.00000000
204.68	0.00000000	-1.78621084	-1.78621084	0.00000000
205.05	0.00000000	-1.78935558	-1.78935558	0.00000000
205.41	0.00000000	-1.79250031	-1.79250031	0.00000000
205.77	0.00000000	-1.79564505	-1.79564505	0.00000000
206.13	0.00000000	-1.79878979	-1.79878979	0.00000000
206.49	0.00000000	-1.80193453	-1.80193453	0.00000000
206.85	0.00000000	-1.80507926	-1.80507926	0.00000000
207.21	0.00000000	-1.80822400	-1.80822400	0.00000000
207.57	0.00000000	-1.81136874	-1.81136874	0.00000000
207.93	0.00000000	-1.81451347	-1.81451347	0.00000000
208.29	0.00000000	-1.81765821	-1.81765821	0.00000000
208.65	0.00000000	-1.82080295	-1.82080295	0.00000000
209.01	0.00000000	-1.82394769	-1.82394769	0.00000000
209.37	0.00000000	-1.82709242	-1.82709242	0.00000000
209.73	0.00000000	-1.83023716	-1.83023716	0.00000000
210.09	0.00000000	-1.83338190	-1.83338190	0.00000000
210.45	0.00000000	-1.83652664	-1.83652664	0.00000000
210.81	0.00000000	-1.83967137	-1.83967137	0.00000000
211.17	0.00000000	-1.84281611	-1.84281611	0.00000000
211.53	0.00000000	-1.84596085	-1.84596085	0.00000000
211.89	0.00000000	-1.84910559	-1.84910559	0.00000000
212.25	0.00000000	-1.85225032	-1.85225032	0.00000000
212.61	0.00000000	-1.85539506	-1.85539506	0.00000000
212.97	0.00000000	-1.85853980	-1.85853980	0.00000000
213.33	0.00000000	-1.86168454	-1.86168454	0.00000000
213.69	0.00000000	-1.86482927	-1.86482927	0.00000000
214.05	0.00000000	-1.86797401	-1.86797401	0.00000000
214.41	0.00000000	-1.87111875	-1.87111875	0.00000000
214.77	0.00000000	-1.87426349	-1.87426349	0.00000000
215.14	0.00000000	-1.87740822	-1.87740822	0.00000000
215.50	0.00000000	-1.88055296	-1.88055296	0.00000000
215.86	0.00000000	-1.88369770	-1.88369770	0.00000000
216.22	0.00000000	-1.88684243	-1.88684243	0.00000000
216.58	0.00000000	-1.88998717	-1.88998717	0.00000000
216.94	0.00000000	-1.89313191	-1.89313191	0.00000000
217.30	0.00000000	-1.89627665	-1.89627665	0.00000000
217.66	0.00000000	-1.89942138	-1.89942138	0.00000000
218.02	0.00000000	-1.90256612	-1.90256612	0.00000000
218.38	0.00000000	-1.90571086	-1.90571086	0.00000000
218.74	0.00000000	-1.90885560	-1.90885560	0.00000000
219.10	0.00000000	-1.91200033	-1.91200033	0.00000000
219.46	0.00000000	-1.91514507	-1.91514507	0.00000000
219.82	0.00000000	-1.91828981	-1.91828981	0.00000000
220.18	0.00000000	-1.92143455	-1.92143455	0.00000000
220.54	0.00000000	-1.92457928	-1.92457928	0.00000000
220.90	0.00000000	-1.92772402	-1.92772402	0.00000000
221.26	0.00000000	-1.93086876	-1.93086876	0.00000000
221.62	0.00000000	-1.93401350	-1.93401350	0.00000000
221.98	0.00000000	-1.93715823	-1.93715823	0.00000000
222.34	0.00000000	-1.94030297	-1.94030297	0.00000000
222.70	0.00000000	-1.94344771	-1.94344771	0.00000000
223.06	0.00000000	-1.94659245	-1.94659245	0.00000000
223.42	0.00000000	-1.94973718	-1.94973718	0.00000000
223.78	0.00000000	-1.95288192	-1.95288192	0.00000000
224.14	0.00000000	-1.95602666	-1.95602666	0.00000000
224.50	0.00000000	-1.95917139	-1.95917139	0.00000000
224.86	0.00000000	-1.96231613	-1.96231613	0.00000000
225.23	0.00000000	-1.96546087	-1.96546087	0.00000000
225.59	0.00000000	-1.96860561	-1.96860561	0.00000000
225.95	0.00000000	-1.97175034	-1.97175034	0.00000000
226.31	0.00000000	-1.97489508	-1.97489508	0.00000000
226.67	0.00000000	-1.97803982	-1.97803982	0.00000000
227.03	0.00000000	-1.98118456	-1.98118456	0.00000000
227.39	0.00000000	-1.98432929	-1.98432929	0.00000000
227.75	0.00000000	-1.98747403	-1.98747403	0.00000000
228.11	0.00000000	-1.99061877	-1.99061877	0.00000000
228.47	0.00000000	-1.99376351	-1.99376351	0.00000000
228.83	0.00000000	-1.99690824	-1.99690824	0.00000000
229.19	0.00000000	-2.00005298	-2.00005298	0.00000000
229.55	0.00000000	-2.00319772	-2.00319772	0.00000000
229.91	0.00000000	-2.00634246	-2.00634246	0.00000000
230.27	0.00000000	-2.00948719	-2.00948719	0.00000000
230.63	0.00000000	-2.01263193	-2.01263193	0.00000000
230.99	0.00000000	-2.01577667	-2.01577667	0.00000000
231.35	0.00000000	-2.01892141	-2.01892141	0.00000000
231.71	0.00000000	-2.02206614	-2.02206614	0.00000000
232.07	0.00000000	-2.02521088	-2.02521088	0.00000000
232.43	0.00000000	-2.02835562	-2.02835562	0.00000000
232.79	0.00000000	-2.03150035	-2.03150035	0.00000000
233.15	0.00000000	-2.03464509	-2.03464509	0.00000000
233.51	0.00000000	-2.03778983	-2.03778983	0.00000000
233.87	0.00000000	-2.04093457	-2.04093457	0.00000000
234.23	0.00000000	-2.04407930	-2.04407930	0.00000000
234.59	0.00000000	-2.04722404	-2.04722404	0.00000000
234.95	0.00000000	-2.05036878	-2.05036878	0.00000000
235.32	0.00000000	-2.05351352	-2.05351352	0.00000000
235.68	0.00000000	-2.05665825	-2.05665825	0.00000000
236.04	0.00000000	-2.05980299	-2.05980299	0.00000000
236.40	0.00000000	-2.06294773	-2.06294773	0.00000000
236.76	0.00000000	-2.06609247	-2.06609247	0.00000000
237.12	0.00000000	-2.06923720	-2.06923720	0.00000000
237.48	0.00000000	-2.07238194	-2.07238194	0.00000000
237.84	0.00000000	-2.07552668	-2.07552668	0.00000000
238.20	0.00000000	-2.07867142	-2.07867142	0.00000000
238.56	0.00000000	-2.08181615	-2.08181615	0.00000000
238.92	0.00000000	-2.08496089	-2.08496089	0.00000000
239.28	0.00000000	-2.08810563	-2.08810563	0.00000000
239.64	0.00000000	-2.09125037	-2.09125037	0.00000000
240.00	0.00000000	-2.09439510	-2.09439510	0.00000000
240.36	0.00000000	-2.09753984	-2.09753984	0.00000000
240.72	0.00000000	-2.10068458	-2.10068458	0.00000000
241.08	0.00000000	-2.10382931	-2.10382931	0.00000000
241.44	0.00000000	-2.10697405	-2.10697405	0.00000000
241.80	0.00000000	-2.11011879	-2.11011879	0.00000000
242.16	0.00000000	-2.11326353	-2.11326353	0.00000000
242.52	0.00000000	-2.11640826	-2.11640826	0.00000000
242.88	0.00000000	-2.11955300	-2.11955300	0.00000000
243.24	0.00000000	-2.12269774	-2.12269774	0.00000000
243.60	0.00000000	-2.12584248	-2.12584248	0.00000000
243.96	0.00000000	-2.12898721	-2.12898721	0.00000000
244.32	0.00000000	-2.13213195	-2.13213195	0.00000000
244.68	0.00000000	-2.13527669	-2.13527669	0.00000000
245.05	0.00000000	-2.13842143	-2.13842143	0.00000000
245.41	0.00000000	-2.14156616	-2.14156616	0.00000000
245.77	0.00000000	-2.14471090	-2.14471090	0.00000000
246.13	0.00000000	-2.14785564	-2.14785564	0.00000000
246.49	0.00000000	-2.15100038	-2.15100038	0.00000000
246.85	0.00000000	-2.15414511	-2.15414511	0.00000000
247.21	0.00000000	-2.15728985	-2.15728985	0.00000000
247.57	0.00000000	-2.16043459	-2.16043459	0.00000000
247.93	0.00000000	-2.16357932	-2.16357932	0.00000000
248.29	0.00000000	-2.16672406	-2.16672406	0.00000000
248.65	0.00000000	-2.16986880	-2.16986880	0.00000000
249.01	0.00000000	-2.17301354	-2.17301354	0.00000000
249.37	0.00000000	-2.17615827	-2.17615827	0.00000000
249.73	0.00000000	-2.17930301	-2.17930301	0.00000000
250.09	0.00000000	-2.18244775	-2.18244775	0.00000000
250.45	0.00000000	-2.18559249	-2.18559249	0.00000000
250.81	0.00000000	-2.18873722	-2.18873722	0.00000000
251.17	0.00000000	-2.19188196	-2.19188196	0.00000000
251.53	0.00000000	-2.19502670	-2.19502670	0.00000000
251.89	0.00000000	-2.19817144	-2.19817144	0.00000000
252.25	0.00000000	-2.20131617	-2.20131617	0.00000000
252.61	0.00000000	-2.20446091	-2.20446091	0.00000000
252.97	0.00000000	-2.20760565	-2.20760565	0.00000000
253.33	0.00000000	-2.21075039	-2.21075039	0.00000000
253.69	0.00000000	-2.21389512	-2.21389512	0.00000000
254.05	0.00000000	-2.21703986	-2.21703986	0.00000000
254.41	0.00000000	-2.22018460	-2.22018460	0.00000000
254.77	0.00000000	-2.22332934	-2.22332934	0.00000000
255.14	0.00000000	-2.22647407	-2.22647407	0.00000000
255.50	0.00000000	-2.22961881	-2.22961881	0.00000000
255.86	0.00000000	-2.23276355	-2.23276355	0.00000000
256.22	0.00000000	-2.23590828	-2.23590828	0.00000000
256.58	0.00000000	-2.23905302	-2.23905302	0.00000000
256.94	0.00000000	-2.24219776	-2.24219776	0.00000000
257.30	0.00000000	-2.24534250	-2.24534250	0.00000000
257.66	0.00000000	-2.24848723	-2.24848723	0.00000000
258.02	0.00000000	-2.25163197	-2.25163197	0.00000000
258.38	0.00000000	-2.25477671	-2.25477671	0.00000000
258.74	0.00000000	-2.25792145	-2.25792145	0.00000000
259.10	0.00000000	-2.26106618	-2.26106618	0.00000000
259.46	0.00000000	-2.26421092	-2.26421092	0.00000000
259.82	0.00000000	-2.26735566	-2.26735566	0.00000000
260.18	0.00000000	-2.27050040	-2.27050040	0.00000000
260.54	0.00000000	-2.27364513	-2.27364513	0.00000000
260.90	0.00000000	-2.27678987	-2.27678987	0.00000000
261.26	0.00000000	-2.27993461	-2.27993461	0.00000000
261.62	0.00000000	-2.28307935	-2.28307935	0.00000000
261.98	0.00000000	-2.28622408	-2.28622408	0.00000000
262.34	0.00000000	-2.28936882	-2.28936882	0.00000000
262.70	0.00000000	-2.29251356	-2.29251356	0.00000000
263.06	0.00000000	-2.29565830	-2.29565830	0.00000000
263.42	0.00000000	-2.29880303	-2.29880303	0.00000000
263.78	0.00000000	-2.30194777	-2.30194777	0.00000000
264.14	0.00000000	-2.30509251	-2.30509251	0.00000000
264.50	0.00000000	-2.30823724	-2.30823724	0.00000000
264.86	0.00000000	-2.31138198	-2.31138198	0.00000000
265.23	0.00000000	-2.31452672	-2.31452672	0.00000000
265.59	0.00000000	-2.31767146	-2.31767146	0.00000000
265.95	0.00000000	-2.32081619	-2.32081619	0.00000000
266.31	0.00000000	-2.32396093	-2.32396093	0.00000000
266.67	0.00000000	-2.32710567	-2.32710567	0.00000000
267.03	0.00000000	-2.33025041	-2.33025041	0.00000000
267.39	0.00000000	-2.33339514	-2.33339514	0.00000000
267.75	0.00000000	-2.33653988	-2.33653988	0.00000000
268.11	0.00000000	-2.33968462	-2.33968462	0.00000000
268.47	0.00000000	-2.34282936	-2.34282936	0.00000000
268.83	0.00000000	-2.34597409	-2.34597409	0.00000000
269.19	0.00000000	-2.34911883	-2.34911883	0.00000000
269.55	0.00000000	-2.35226357	-2.35226357	0.00000000
269.91	0.00000000	-2.35540831	-2.35540831	0.00000000
270.27	0.00000000	-2.35855304	-2.35855304	0.00000000
270.63	0.00000000	-2.36169778	-2.36169778	0.00000000
270.99	0.00000000	-2.36484252	-2.36484252	0.00000000
271.35	0.00000000	-2.36798726	-2.36798726	0.00000000
271.71	0.00000000	-2.37113199	-2.37113199	0.00000000
272.07	0.00000000	-2.37427673	-2.37427673	0.00000000
272.43	0.00000000	-2.37742147	-2.37742147	0.00000000
272.79	0.00000000	-2.38056620	-2.38056620	0.00000000
273.15	0.00000000	-2.38371094	-2.38371094	0.00000000
273.51	0.00000000	-2.38685568	-2.38685568	0.00000000
273.87	0.00000000	-2.39000042	-2.39000042	0.00000000
274.23	0.00000000	-2.39314515	-2.39314515	0.00000000
274.59	0.00000000	-2.39628989	-2.39628989	0.00000000
274.95	0.00000000	-2.39943463	-2.39943463	0.00000000
275.32	0.00000000	-2.40257937	-2.40257937	0.00000000
275.68	0.00000000	-2.40572410	-2.40572410	0.00000000
276.04	0.00000000	-2.40886884	-2.40886884	0.00000000
276.40	0.00000000	-2.41201358	-2.41201358	0.00000000
276.76	0.00000000	-2.41515832	-2.41515832	0.00000000
277.12	0.00000000	-2.41830305	-2.41830305	0.00000000
277.48	0.00000000	-2.42144779	-2.42144779	0.00000000
277.84	0.00000000	-2.42459253	-2.42459253	0.00000000
278.20	0.00000000	-2.42773727	-2.42773727	0.00000000
278.56	0.00000000	-2.43088200	-2.43088200	0.00000000
278.92	0.00000000	-2.43402674	-2.43402674	0.00000000
279.28	0.00000000	-2.43717148	-2.43717148	0.00000000
279.64	0.00000000	-2.44031622	-2.44031622	0.00000000
280.00	0.00000000	-2.44346095	-2.44346095	0.00000000
280.36	0.00000000	-2.44660569	-2.44660569	0.00000000
280.72	0.00000000	-2.44975043	-2.44975043	0.00000000
281.08	0.00000000	-2.45289516	-2.45289516	0.00000000
281.44	0.00000000	-2.45603990	-2.45603990	0.00000000
281.80	0.00000000	-2.45918464	-2.45918464	0.00000000
282.16	0.00000000	-2.46232938	-2.46232938	0.00000000
282.52	0.00000000	-2.46547411	-2.46547411	0.00000000
282.88	0.00000000	-2.46861885	-2.46861885	0.00000000
283.24	0.00000000	-2.47176359	-2.47176359	0.00000000
283.60	0.00000000	-2.47490833	-2.47490833	0.00000000
283.96	0.00000000	-2.47805306	-2.47805306	0.00000000
284.32	0.00000000	-2.48119780	-2.48119780	0.00000000
284.68	0.00000000	-2.48434254	-2.48434254	0.00000000
285.05	0.00000000	-2.48748728	-2.48748728	0.00000000
285.41	0.00000000	-2.49063201	-2.49063201	0.00000000
285.77	0.00000000	-2.49377675	-2.49377675	0.00000000
286.13	0.00000000	-2.49692149	-2.49692149	0.00000000
286.49	0.00000000	-2.50006623	-2.50006623	0.00000000
286.85	0.00000000	-2.50321096	-2.50321096	0.00000000
287.21	0.00000000	-2.50635570	-2.50635570	0.00000000
287.57	0.00000000	-2.50950044	-2.50950044	0.00000000
287.93	0.00000000	-2.51264518	-2.51264518	0.00000000
288.29	0.00000000	-2.51578991	-2.51578991	0.00000000
288.65	0.00000000	-2.51893465	-2.51893465	0.00000000
289.01	0.00000000	-2.52207939	-2.52207939	0.00000000
289.37	0.00000000	-2.52522412	-2.52522412	0.00000000
289.73	0.00000000	-2.52836886	-2.52836886	0.00000000
290.09	0.00000000	-2.53151360	-2.53151360	0.00000000
290.45	0.00000000	-2.53465834	-2.53465834	0.00000000
290.81	0.00000000	-2.53780307	-2.53780307	0.00000000
291.17	0.00000000	-2.54094781	-2.54094781	0.00000000
291.53	0.00000000	-2.54409255	-2.54409255	0.00000000
291.89	0.00000000	-2.54723729	-2.54723729	0.00000000
292.25	0.00000000	-2.55038202	-2.55038202	0.00000000
292.61	0.00000000	-2.55352676	-2.55352676	0.00000000
292.97	0.00000000	-2.55667150	-2.55667150	0.00000000
293.33	0.00000000	-2.55981624	-2.55981624	0.00000000
293.69	0.00000000	-2.56296097	-2.56296097	0.00000000
294.05	0.00000000	-2.56610571	-2.56610571	0.00000000
294.41	0.00000000	-2.56925045	-2.56925045	0.00000000
294.77	0.00000000	-2.57239519	-2.57239519	0.00000000
295.14	0.00000000	-2.57553992	-2.57553992	0.00000000
295.50	0.00000000	-2.57868466	-2.57868466	0.00000000
295.86	0.00000000	-2.58182940	-2.58182940	0.00000000
296.22	0.00000000	-2.58497414	-2.58497414	0.00000000
296.58	0.00000000	-2.58811887	-2.58811887	0.00000000
296.94	0.00000000	-2.59126361	-2.59126361	0.00000000
297.30	0.00000000	-2.59440835	-2.59440835	0.00000000
297.66	0.00000000	-2.59755308	-2.59755308	0.00000000
298.02	0.00000000	-2.60069782	-2.60069782	0.00000000
298.38	0.00000000	-2.60384256	-2.60384256	0.00000000
298.74	0.00000000	-2.60698730	-2.60698730	0.00000000
299.10	0.00000000	-2.61013203	-2.61013203	0.00000000
299.46	0.00000000	-2.61327677	-2.61327677	0.00000000
299.82	0.00000000	-2.61642151	-2.61642151	0.00000000
300.18	0.00000000	-2.61956625	-2.61956625	0.00000000
300.54	0.00000000	-2.62271098	-2.62271098	0.00000000
300.90	0.00000000	-2.62585572	-2.62585572	0.00000000
301.26	0.00000000	-2.62900046	-2.62900046	0.00000000
301.62	0.00000000	-2.63214520	-2.63214520	0.00000000
301.98	0.00000000	-2.63528993	-2.63528993	0.00000000
302.34	0.00000000	-2.63843467	-2.63843467	0.00000000
302.70	0.00000000	-2.64157941	-2.64157941	0.00000000
303.06	0.00000000	-2.64472415	-2.64472415	0.00000000
303.42	0.00000000	-2.64786888	-2.64786888	0.00000000
303.78	0.00000000	-2.65101362	-2.65101362	0.00000000
304.14	0.00000000	-2.65415836	-2.65415836	0.00000000
304.50	0.00000000	-2.65730310	-2.65730310	0.00000000
304.86	0.00000000	-2.66044783	-2.66044783	0.00000000
305.23	0.00000000	-2.66359257	-2.66359257	0.00000000
305.59	0.00000000	-2.66673731	-2.66673731	0.00000000
305.95	0.00000000	-2.66988204	-2.66988204	0.00000000
306.31	0.00000000	-2.67302678	-2.67302678	0.00000000
306.67	0.00000000	-2.67617152	-2.67617152	0.00000000
307.03	0.00000000	-2.67931626	-2.67931626	0.00000000
307.39	0.00000000	-2.68246099	-2.68246099	0.00000000
307.75	0.00000000	-2.68560573	-2.68560573	0.00000000
308.11	0.00000000	-2.68875047	-2.68875047	0.00000000
308.47	0.00000000	-2.69189521	-2.69189521	0.00000000
308.83	0.00000000	-2.69503994	-2.69503994	0.00000000
309.19	0.00000000	-2.69818468	-2.69818468	0.00000000
309.55	0.00000000	-2.70132942	-2.70132942	0.00000000
309.91	0.00000000	-2.70447416	-2.70447416	0.00000000
310.27	0.00000000	-2.70761889	-2.70761889	0.00000000
310.63	0.00000000	-2.71076363	-2.71076363	0.00000000
310.99	0.00000000	-2.71390837	-2.71390837	0.00000000
311.35	0.00000000	-2.71705311	-2.71705311	0.00000000
311.71	0.00000000	-2.72019784	-2.72019784	0.00000000
312.07	0.00000000	-2.72334258	-2.72334258	0.00000000
312.43	0.00000000	-2.72648732	-2.72648732	0.00000000
312.79	0.00000000	-2.72963206	-2.72963206	0.00000000
313.15	0.00000000	-2.73277679	-2.73277679	0.00000000
313.51	0.00000000	-2.73592153	-2.73592153	0.00000000
313.87	0.00000000	-2.73906627	-2.73906627	0.00000000
314.23	0.00000000	-2.74221100	-2.74221100	0.00000000
314.59	0.00000000	-2.74535574	-2.74535574	0.00000000
314.95	0.00000000	-2.74850048	-2.74850048	0.00000000
315.32	0.00000000	-2.75164522	-2.75164522	0.00000000
315.68	0.00000000	-2.75478995	-2.75478995	0.00000000
316.04	0.00000000	-2.75793469	-2.75793469	0.00000000
316.40	0.00000000	-2.76107943	-2.76107943	0.00000000
316.76	0.00000000	-2.76422417	-2.76422417	0.00000000
317.12	0.00000000	-2.76736890	-2.76736890	0.00000000
317.48	0.00000000	-2.77051364	-2.77051364	0.00000000
317.84	0.00000000	-2.77365838	-2.77365838	0.00000000
318.20	0.00000000	-2.77680312	-2.77680312	0.00000000
318.56	0.00000000	-2.77994785	-2.77994785	0.00000000
318.92	0.00000000	-2.78309259	-2.78309259	0.00000000
319.28	0.00000000	-2.78623733	-2.78623733	0.00000000
319.64	0.00000000	-2.78938207	-2.78938207	0.00000000
320.00	0.00000000	-2.79252680	-2.79252680	0.00000000
320.36	0.00000000	-2.79567154	-2.79567154	0.00000000
320.72	0.00000000	-2.79881628	-2.79881628	0.00000000
321.08	0.00000000	-2.80196102	-2.80196102	0.00000000
321.44	0.00000000	-2.80510575	-2.80510575	0.00000000
321.80	0.00000000	-2.80825049	-2.80825049	0.00000000
322.16	0.00000000	-2.81139523	-2.81139523	0.00000000
322.52	0.00000000	-2.81453996	-2.81453996	0.00000000
322.88	0.00000000	-2.81768470	-2.81768470	0.00000000
323.24	0.00000000	-2.82082944	-2.82082944	0.00000000
323.60	0.00000000	-2.82397418	-2.82397418	0.00000000
323.96	0.00000000	-2.82711891	-2.82711891	0.00000000
324.32	0.00000000	-2.83026365	-2.83026365	0.00000000
324.68	0.00000000	-2.83340839	-2.83340839	0.00000000
325.05	0.00000000	-2.83655313	-2.83655313	0.00000000
325.41	0.00000000	-2.83969786	-2.83969786	0.00000000
325.77	0.00000000	-2.84284260	-2.84284260	0.00000000
326.13	0.00000000	-2.84598734	-2.84598734	0.00000000
326.49	0.00000000	-2.84913208	-2.84913208	0.00000000
326.85	0.00000000	-2.85227681	-2.85227681	0.00000000
327.21	0.00000000	-2.85542155	-2.85542155	0.00000000
327.57	0.00000000	-2.85856629	-2.85856629	0.00000000
327.93	0.00000000	-2.86171103	-2.86171103	0.00000000
328.29	0.00000000	-2.86485576	-2.86485576	0.00000000
328.65	0.00000000	-2.86800050	-2.86800050	0.00000000
329.01	0.00000000	-2.87114524	-2.87114524	0.00000000
329.37	0.00000000	-2.87428998	-2.87428998	0.00000000
329.73	0.00000000	-2.87743471	-2.87743471	0.00000000
330.09	0.00000000	-2.88057945	-2.88057945	0.00000000
330.45	0.00000000	-2.88372419	-2.88372419	0.00000000
330.81	0.00000000	-2.88686892	-2.88686892	0.00000000
331.17	0.00000000	-2.89001366	-2.89001366	0.00000000
331.53	0.00000000	-2.89315840	-2.89315840	0.00000000
331.89	0.00000000	-2.89630314	-2.89630314	0.00000000
332.25	0.00000000	-2.89944787	-2.89944787	0.00000000
332.61	0.00000000	-2.90259261	-2.90259261	0.00000000
332.97	0.00000000	-2.90573735	-2.90573735	0.00000000
333.33	0.00000000	-2.90888209	-2.90888209	0.00000000
333.69	0.00000000	-2.91202682	-2.91202682	0.00000000
334.05	0.00000000	-2.91517156	-2.91517156	0.00000000
334.41	0.00000000	-2.91831630	-2.91831630	0.00000000
334.77	0.00000000	-2.92146104	-2.92146104	0.00000000
335.14	0.00000000	-2.92460577	-2.92460577	0.00000000
335.50	0.00000000	-2.92775051	-2.92775051	0.00000000
335.86	0.00000000	-2.93089525	-2.93089525	0.00000000
336.22	0.00000000	-2.93403999	-2.93403999	0.00000000
336.58	0.00000000	-2.93718472	-2.93718472	0.00000000
336.94	0.00000000	-2.94032946	-2.94032946	0.00000000
337.30	0.00000000	-2.94347420	-2.94347420	0.00000000
337.66	0.00000000	-2.94661894	-2.94661894	0.00000000
338.02	0.00000000	-2.94976367	-2.94976367	0.00000000
338.38	0.00000000	-2.95290841	-2.95290841	0.00000000
338.74	0.00000000	-2.95605315	-2.95605315	0.00000000
339.10	0.00000000	-2.95919788	-2.95919788	0.00000000
339.46	0.00000000	-2.96234262	-2.96234262	0.00000000
339.82	0.00000000	-2.96548736	-2.96548736	0.00000000
340.18	0.00000000	-2.96863210	-2.96863210	0.00000000
340.54	0.00000000	-2.97177683	-2.97177683	0.00000000
340.90	0.00000000	-2.97492157	-2.97492157	0.00000000
341.26	0.00000000	-2.97806631	-2.97806631	0.00000000
341.62	0.00000000	-2.98121105	-2.98121105	0.00000000
341.98	0.00000000	-2.98435578	-2.98435578	0.00000000
342.34	0.00000000	-2.98750052	-2.98750052	0.00000000
342.70	0.00000000	-2.99064526	-2.99064526	0.00000000
343.06	0.00000000	-2.99379000	-2.99379000	0.00000000
343.42	0.00000000	-2.99693473	-2.99693473	0.00000000
343.78	0.00000000	-3.00007947	-3.00007947	0.00000000
344.14	0.00000000	-3.00322421	-3.00322421	0.00000000
344.50	0.00000000	-3.00636895	-3.00636895	0.00000000
344.86	0.00000000	-3.00951368	-3.00951368	0.00000000
345.23	0.00000000	-3.01265842	-3.01265842	0.00000000
345.59	0.00000000	-3.01580316	-3.01580316	0.00000000
345.95	0.00000000	-3.01894790	-3.01894790	0.00000000
346.31	0.00000000	-3.02209263	-3.02209263	0.00000000
346.67	0.00000000	-3.02523737	-3.02523737	0.00000000
347.03	0.00000000	-3.02838211	-3.02838211	0.00000000
347.39	0.00000000	-3.03152684	-3.03152684	0.00000000
347.75	0.00000000	-3.03467158	-3.03467158	0.00000000
348.11	0.00000000	-3.03781632	-3.03781632	0.00000000
348.47	0.00000000	-3.04096106	-3.04096106	0.00000000
348.83	0.00000000	-3.04410579	-3.04410579	0.00000000
349.19	0.00000000	-3.04725053	-3.04725053	0.00000000
349.55	0.00000000	-3.05039527	-3.05039527	0.00000000
349.91	0.00000000	-3.05354001	-3.05354001	0.00000000
350.27	0.00000000	-3.05668474	-3.05668474	0.00000000
350.63	0.00000000	-3.05982948	-3.05982948	0.00000000
350.99	0.00000000	-3.06297422	-3.06297422	0.00000000
351.35	0.00000000	-3.06611896	-3.06611896	0.00000000
351.71	0.00000000	-3.06926369	-3.06926369	0.00000000
352.07	0.00000000	-3.07240843	-3.07240843	0.00000000
352.43	0.00000000	-3.07555317	-3.07555317	0.00000000
352.79	0.00000000	-3.07869791	-3.07869791	0.00000000
353.15	0.00000000	-3.08184264	-3.08184264	0.00000000
353.51	0.00000000	-3.08498738	-3.08498738	0.00000000
353.87	0.00000000	-3.08813212	-3.08813212	0.00000000
354.23	0.00000000	-3.09127686	-3.09127686	0.00000000
354.59	0.00000000	-3.09442159	-3.09442159	0.00000000
354.95	0.00000000	-3.09756633	-3.09756633	0.00000000
355.32	0.00000000	-3.10071107	-3.10071107	0.00000000
355.68	0.00000000	-3.10385580	-3.10385580	0.00000000
356.04	0.00000000	-3.10700054	-3.10700054	0.00000000
356.40	0.00000000	-3.11014528	-3.11014528	0.00000000
356.76	0.00000000	-3.11329002	-3.11329002	0.00000000
357.12	0.00000000	-3.11643475	-3.11643475	0.00000000
357.48	0.00000000	-3.11957949	-3.11957949	0.00000000
357.84	0.00000000	-3.12272423	-3.12272423	0.00000000
358.20	0.00000000	-3.12586897	-3.12586897	0.00000000
358.56	0.00000000	-3.12901370	-3.12901370	0.00000000
358.92	0.00000000	-3.13215844	-3.13215844	0.00000000
359.28	0.00000000	-3.13530318	-3.13530318	0.00000000
359.64	0.00000000	-3.13844792	-3.13844792	0.00000000
360.00	0.00000000	-3.14159265	-3.14159265	0.00000000
