# Eigenstate Overlaps vs Theta
# Theta (degrees)	State 0	State 1	State 2	State 3
0.00	1.00000000	0.99798184	0.99798167	0.99999982	
7.35	1.00000000	0.99797655	0.99797640	0.99999982	
14.69	1.00000000	0.99796670	0.99796660	0.99999982	
22.04	1.00000000	0.99795367	0.99795363	0.99999982	
29.39	1.00000000	0.99793932	0.99793935	0.99999982	
36.73	1.00000000	0.99792574	0.99792583	0.99999982	
44.08	1.00000000	0.99791495	0.99791509	0.99999983	
51.43	1.00000000	0.99790860	0.99790877	0.99999983	
58.78	1.00000000	0.99790766	0.99790783	0.99999983	
66.12	1.00000000	0.99791228	0.99791243	0.99999983	
73.47	1.00000000	0.99792174	0.99792185	0.99999983	
80.82	1.00000000	0.99793460	0.99793465	0.99999982	
88.16	1.00000000	0.99794894	0.99794892	0.99999982	
95.51	1.00000000	0.99796263	0.99796255	0.99999982	
102.86	1.00000000	0.99797372	0.99797358	0.99999982	
110.20	1.00000000	0.99798065	0.99798048	0.99999982	
117.55	1.00000000	0.99798245	0.99798227	0.99999982	
124.90	1.00000000	0.99797887	0.99797871	0.99999982	
132.24	1.00000000	0.99797042	0.99797030	0.99999982	
139.59	1.00000000	0.99795826	0.99795820	0.99999982	
146.94	1.00000000	0.99794413	0.99794413	0.99999982	
154.29	1.00000000	0.99793005	0.99793012	0.99999982	
161.63	1.00000000	0.99791812	0.99791825	0.99999983	
168.98	1.00000000	0.99791015	0.99791031	0.99999983	
176.33	1.00000000	0.99790734	0.99790752	0.99999983	
183.67	1.00000000	0.99791015	0.99791031	0.99999983	
191.02	1.00000000	0.99791812	0.99791825	0.99999983	
198.37	1.00000000	0.99793005	0.99793012	0.99999982	
205.71	1.00000000	0.99794413	0.99794413	0.99999982	
213.06	1.00000000	0.99795826	0.99795820	0.99999982	
220.41	1.00000000	0.99797042	0.99797030	0.99999982	
227.76	1.00000000	0.99797887	0.99797871	0.99999982	
235.10	1.00000000	0.99798245	0.99798227	0.99999982	
242.45	1.00000000	0.99798065	0.99798048	0.99999982	
249.80	1.00000000	0.99797372	0.99797358	0.99999982	
257.14	1.00000000	0.99796263	0.99796255	0.99999982	
264.49	1.00000000	0.99794894	0.99794892	0.99999982	
271.84	1.00000000	0.99793460	0.99793465	0.99999982	
279.18	1.00000000	0.99792174	0.99792185	0.99999983	
286.53	1.00000000	0.99791228	0.99791243	0.99999983	
293.88	1.00000000	0.99790766	0.99790783	0.99999983	
301.22	1.00000000	0.99790860	0.99790877	0.99999983	
308.57	1.00000000	0.99791495	0.99791509	0.99999983	
315.92	1.00000000	0.99792574	0.99792583	0.99999982	
323.27	1.00000000	0.99793932	0.99793935	0.99999982	
330.61	1.00000000	0.99795367	0.99795363	0.99999982	
337.96	1.00000000	0.99796670	0.99796660	0.99999982	
345.31	1.00000000	0.99797655	0.99797640	0.99999982	
352.65	1.00000000	0.99798184	0.99798167	0.99999982	
360.00	1.00000000	1.00000000	1.00000000	1.00000000	
