# Degeneracy Check
======================================

Parameters:
Tolerance level: 0.001
Small difference threshold: 0.1

======================================

No near-degenerate eigenstates found.
Eigenstates 1 and 2 are degenerate.

======================================
Differences between eigenstates:
Eigenstates 0 and 1: [1.01748013 1.01748022 1.01748048 1.01748087 1.01748133 1.0174818
 1.01748221 1.0174825  1.01748262 1.01748256 1.01748232 1.01748195
 1.01748149 1.01748102 1.0174806  1.01748029 1.01748014 1.01748017
 1.01748038 1.01748073 1.01748117 1.01748165 1.01748209 1.01748242
 1.0174826  1.0174826  1.01748242 1.01748209 1.01748165 1.01748117
 1.01748073 1.01748038 1.01748017 1.01748014 1.01748029 1.0174806
 1.01748102 1.01748149 1.01748195 1.01748232 1.01748256 1.01748262
 1.0174825  1.01748221 1.0174818  1.01748133 1.01748087 1.01748048
 1.01748022 1.01748013]
Eigenstates 0 and 2: [1.01829912 1.01829903 1.01829876 1.01829837 1.0182979  1.01829743
 1.01829702 1.01829673 1.01829661 1.01829667 1.01829691 1.01829728
 1.01829774 1.01829822 1.01829865 1.01829896 1.01829911 1.01829908
 1.01829887 1.01829851 1.01829806 1.01829759 1.01829715 1.01829681
 1.01829663 1.01829663 1.01829681 1.01829715 1.01829759 1.01829806
 1.01829851 1.01829887 1.01829908 1.01829911 1.01829896 1.01829865
 1.01829822 1.01829774 1.01829728 1.01829691 1.01829667 1.01829661
 1.01829673 1.01829702 1.01829743 1.0182979  1.01829837 1.01829876
 1.01829903 1.01829912]
Eigenstates 0 and 3: [1.13578423 1.13578423 1.13578423 1.13578423 1.13578424 1.13578424
 1.13578424 1.13578425 1.13578425 1.13578425 1.13578424 1.13578424
 1.13578424 1.13578423 1.13578423 1.13578423 1.13578423 1.13578423
 1.13578423 1.13578423 1.13578424 1.13578424 1.13578424 1.13578424
 1.13578425 1.13578425 1.13578424 1.13578424 1.13578424 1.13578424
 1.13578423 1.13578423 1.13578423 1.13578423 1.13578423 1.13578423
 1.13578423 1.13578424 1.13578424 1.13578424 1.13578425 1.13578425
 1.13578425 1.13578424 1.13578424 1.13578424 1.13578423 1.13578423
 1.13578423 1.13578423]
Eigenstates 1 and 2: [0.00081899 0.00081881 0.00081829 0.0008175  0.00081657 0.00081563
 0.00081481 0.00081424 0.00081399 0.00081412 0.00081459 0.00081533
 0.00081625 0.0008172  0.00081805 0.00081867 0.00081897 0.00081891
 0.00081849 0.00081779 0.00081689 0.00081594 0.00081506 0.00081439
 0.00081403 0.00081403 0.00081439 0.00081506 0.00081594 0.00081689
 0.00081779 0.00081849 0.00081891 0.00081897 0.00081867 0.00081805
 0.0008172  0.00081625 0.00081533 0.00081459 0.00081412 0.00081399
 0.00081424 0.00081481 0.00081563 0.00081657 0.0008175  0.00081829
 0.00081881 0.00081899]
Eigenstates 1 and 3: [0.1183041  0.11830401 0.11830375 0.11830336 0.1183029  0.11830244
 0.11830203 0.11830175 0.11830163 0.11830169 0.11830192 0.11830229
 0.11830275 0.11830322 0.11830363 0.11830394 0.11830409 0.11830406
 0.11830385 0.1183035  0.11830306 0.11830259 0.11830216 0.11830183
 0.11830165 0.11830165 0.11830183 0.11830216 0.11830259 0.11830306
 0.1183035  0.11830385 0.11830406 0.11830409 0.11830394 0.11830363
 0.11830322 0.11830275 0.11830229 0.11830192 0.11830169 0.11830163
 0.11830175 0.11830203 0.11830244 0.1183029  0.11830336 0.11830375
 0.11830401 0.1183041 ]
Eigenstates 2 and 3: [0.11748511 0.1174852  0.11748547 0.11748586 0.11748633 0.11748681
 0.11748722 0.11748751 0.11748764 0.11748757 0.11748734 0.11748696
 0.11748649 0.11748601 0.11748559 0.11748527 0.11748512 0.11748515
 0.11748536 0.11748572 0.11748617 0.11748665 0.1174871  0.11748743
 0.11748761 0.11748761 0.11748743 0.1174871  0.11748665 0.11748617
 0.11748572 0.11748536 0.11748515 0.11748512 0.11748527 0.11748559
 0.11748601 0.11748649 0.11748696 0.11748734 0.11748757 0.11748764
 0.11748751 0.11748722 0.11748681 0.11748633 0.11748586 0.11748547
 0.1174852  0.11748511]
