# Degeneracy Check
======================================

Parameters:
Tolerance level: 0.001
Small difference threshold: 0.1

======================================

No degenerate eigenstates found.
Eigenstates 1 and 2 are near degenerate.
Eigenstates 1 and 3 are near degenerate.
Eigenstates 2 and 3 are near degenerate.

======================================
Differences between eigenstates:
Eigenstates 0 and 1: [6.01454197 6.01458141 6.01469651 6.01487732 6.01510625 6.01535682
 6.01559285 6.01577092 6.01585026 6.01580996 6.01566086 6.01543916
 6.01518896 6.01494939 6.01475018 6.01461172 6.01454638 6.01455957
 6.01465021 6.01481066 6.01502603 6.01527293 6.01551839 6.01572075
 6.01583668 6.01583668 6.01572075 6.01551839 6.01527293 6.01502603
 6.01481066 6.01465021 6.01455957 6.01454638 6.01461172 6.01475018
 6.01494939 6.01518896 6.01543916 6.01566086 6.01580996 6.01585026
 6.01577092 6.01559285 6.01535682 6.01510625 6.01487732 6.01469651
 6.01458141 6.01454197]
Eigenstates 0 and 2: [6.02401694 6.02395582 6.02377936 6.02350761 6.02317256 6.02281661
 6.02249092 6.02225098 6.02214562 6.02219903 6.02239871 6.02270197
 6.02305386 6.02340107 6.02369802 6.02390909 6.02401009 6.02398963
 6.02385002 6.02360704 6.02328886 6.02293458 6.0225927  6.0223181
 6.02216359 6.02216359 6.0223181  6.0225927  6.02293458 6.02328886
 6.02360704 6.02385002 6.02398963 6.02401009 6.02390909 6.02369802
 6.02340107 6.02305386 6.02270197 6.02239871 6.02219903 6.02214562
 6.02225098 6.02249092 6.02281661 6.02317256 6.02350761 6.02377936
 6.02395582 6.02401694]
Eigenstates 0 and 3: [6.04118024 6.04120192 6.04126328 6.04135422 6.04146034 6.04156572
 6.04165538 6.04171724 6.04174327 6.04173017 6.04167958 6.04159802
 6.04149633 6.04138869 6.04129096 6.04121834 6.04118268 6.04118995
 6.04123893 6.04132145 6.04142426 6.04153164 6.04162806 6.0417003
 6.04173888 6.04173888 6.0417003  6.04162806 6.04153164 6.04142426
 6.04132145 6.04123893 6.04118995 6.04118268 6.04121834 6.04129096
 6.04138869 6.04149633 6.04159802 6.04167958 6.04173017 6.04174327
 6.04171724 6.04165538 6.04156572 6.04146034 6.04135422 6.04126328
 6.04120192 6.04118024]
Eigenstates 1 and 2: [0.00947496 0.00937441 0.00908285 0.00863029 0.0080663  0.00745979
 0.00689806 0.00648006 0.00629535 0.00638907 0.00673784 0.0072628
 0.0078649  0.00845167 0.00894784 0.00929737 0.00946371 0.00943007
 0.00919981 0.00879637 0.00826282 0.00766164 0.00707431 0.00659735
 0.0063269  0.0063269  0.00659735 0.00707431 0.00766164 0.00826282
 0.00879637 0.00919981 0.00943007 0.00946371 0.00929737 0.00894784
 0.00845167 0.0078649  0.0072628  0.00673784 0.00638907 0.00629535
 0.00648006 0.00689806 0.00745979 0.0080663  0.00863029 0.00908285
 0.00937441 0.00947496]
Eigenstates 1 and 3: [0.02663827 0.0266205  0.02656677 0.0264769  0.02635409 0.02620889
 0.02606253 0.02594632 0.02589301 0.02592021 0.02601872 0.02615886
 0.02630737 0.02643929 0.02654078 0.02660663 0.0266363  0.02663039
 0.02658872 0.02651079 0.02639823 0.02625871 0.02610967 0.02597955
 0.0259022  0.0259022  0.02597955 0.02610967 0.02625871 0.02639823
 0.02651079 0.02658872 0.02663039 0.0266363  0.02660663 0.02654078
 0.02643929 0.02630737 0.02615886 0.02601872 0.02592021 0.02589301
 0.02594632 0.02606253 0.02620889 0.02635409 0.0264769  0.02656677
 0.0266205  0.02663827]
Eigenstates 2 and 3: [0.0171633  0.01724609 0.01748392 0.01784661 0.01828779 0.0187491
 0.01916447 0.01946626 0.01959766 0.01953114 0.01928088 0.01889605
 0.01844247 0.01798762 0.01759294 0.01730925 0.01717259 0.01720032
 0.01738891 0.01771442 0.01813541 0.01859707 0.01903536 0.0193822
 0.0195753  0.0195753  0.0193822  0.01903536 0.01859707 0.01813541
 0.01771442 0.01738891 0.01720032 0.01717259 0.01730925 0.01759294
 0.01798762 0.01844247 0.01889605 0.01928088 0.01953114 0.01959766
 0.01946626 0.01916447 0.0187491  0.01828779 0.01784661 0.01748392
 0.01724609 0.0171633 ]
