Eigenvectors vs Theta
Theta = 0.00 degrees
State 0:
 (0.95446177+0.00000000j)  (-0.17236970+0.00000000j)  (-0.17217929+0.00000000j)  (-0.17217929+0.00000000j)
State 1:
 (-0.00166096+0.00000000j)  (-0.81925320+0.00000000j)  (0.40547591+0.00000000j)  (0.40547591+0.00000000j)
State 2:
 (0.00000000+0.00000000j)  (-0.00000000+0.00000000j)  (-0.70710678+0.00000000j)  (0.70710678+0.00000000j)
State 3:
 (0.29832862-0.00000000j)  (0.54691213+0.00000000j)  (0.55312166+0.00000000j)  (0.55312166+0.00000000j)

Theta = 7.35 degrees
State 0:
 (0.95446177+0.00000000j)  (-0.17236866+0.00000000j)  (-0.17216577+0.00000000j)  (-0.17219385+0.00000000j)
State 1:
 (-0.00163053+0.00000000j)  (-0.81755833+0.00000000j)  (0.35984791+0.00000000j)  (0.44956111+0.00000000j)
State 2:
 (0.00031864+0.00000000j)  (0.05232388+0.00000000j)  (-0.73104744+0.00000000j)  (0.68031739+0.00000000j)
State 3:
 (0.29832862-0.00000000j)  (0.54694573-0.00000000j)  (0.55356849-0.00000000j)  (0.55264123-0.00000000j)

Theta = 14.69 degrees
State 0:
 (0.95446177+0.00000000j)  (-0.17236554+0.00000000j)  (-0.17215351+0.00000000j)  (-0.17220922+0.00000000j)
State 1:
 (-0.00154031+0.00000000j)  (-0.81247255+0.00000000j)  (0.31279006+0.00000000j)  (0.49198411+0.00000000j)
State 2:
 (0.00062574+0.00000000j)  (0.10449473+0.00000000j)  (-0.75208920+0.00000000j)  (0.65072444+0.00000000j)
State 3:
 (0.29832862-0.00000000j)  (0.54704600-0.00000000j)  (0.55397418-0.00000000j)  (0.55213524-0.00000000j)

Theta = 22.04 degrees
State 0:
 (0.95446177+0.00000000j)  (-0.17236041+0.00000000j)  (-0.17214272+0.00000000j)  (-0.17222514+0.00000000j)
State 1:
 (-0.00139344+0.00000000j)  (-0.80399445+0.00000000j)  (0.26442085+0.00000000j)  (0.53260924+0.00000000j)
State 2:
 (0.00091013+0.00000000j)  (0.15634746+0.00000000j)  (-0.77017184+0.00000000j)  (0.61837689+0.00000000j)
State 3:
 (0.29832861-0.00000000j)  (0.54721137-0.00000000j)  (0.55433189-0.00000000j)  (0.55161210-0.00000000j)

Theta = 29.39 degrees
State 0:
 (0.95446177+0.00000000j)  (-0.17235335+0.00000000j)  (-0.17213357+0.00000000j)  (-0.17224136+0.00000000j)
State 1:
 (-0.00119512+0.00000000j)  (-0.79212834+0.00000000j)  (0.21487647+0.00000000j)  (0.57127871+0.00000000j)
State 2:
 (0.00116136+0.00000000j)  (0.20769515+0.00000000j)  (-0.78522452+0.00000000j)  (0.58333852+0.00000000j)
State 3:
 (0.29832859-0.00000000j)  (0.54743925-0.00000000j)  (0.55463555-0.00000000j)  (0.55108051-0.00000000j)

Theta = 36.73 degrees
State 0:
 (0.95446177+0.00000000j)  (-0.17234447+0.00000000j)  (-0.17212621+0.00000000j)  (-0.17225759+0.00000000j)
State 1:
 (-0.00095245+0.00000000j)  (-0.77689292+0.00000000j)  (0.16432083-0.00000000j)  (0.60781177-0.00000000j)
State 2:
 (0.00137005-0.00000000j)  (0.25832336-0.00000000j)  (-0.79716963+0.00000000j)  (0.54569931-0.00000000j)
State 3:
 (0.29832858-0.00000000j)  (0.54772605-0.00000000j)  (0.55487999-0.00000000j)  (0.55054921-0.00000000j)

Theta = 44.08 degrees
State 0:
 (0.95446177+0.00000000j)  (-0.17233392+0.00000000j)  (-0.17212077+0.00000000j)  (-0.17227359+0.00000000j)
State 1:
 (-0.00067426+0.00000000j)  (-0.75833071+0.00000000j)  (0.11295141-0.00000000j)  (0.64200939-0.00000000j)
State 2:
 (0.00152832-0.00000000j)  (0.30799004-0.00000000j)  (-0.80593030+0.00000000j)  (0.50558496-0.00000000j)
State 3:
 (0.29832857-0.00000000j)  (0.54806724-0.00000000j)  (0.55506105-0.00000000j)  (0.55002690-0.00000000j)

Theta = 51.43 degrees
State 0:
 (0.95446177+0.00000000j)  (-0.17232187+0.00000000j)  (-0.17211732+0.00000000j)  (-0.17228908+0.00000000j)
State 1:
 (-0.00037080+0.00000000j)  (-0.73651635+0.00000000j)  (0.06099954-0.00000000j)  (0.67366355-0.00000000j)
State 2:
 (0.00163010-0.00000000j)  (0.35643134-0.00000000j)  (-0.81143989+0.00000000j)  (0.46316232-0.00000000j)
State 3:
 (0.29832856-0.00000000j)  (0.54845741-0.00000000j)  (0.55517563-0.00000000j)  (0.54952211-0.00000000j)

Theta = 58.78 degrees
State 0:
 (0.95446177+0.00000000j)  (-0.17230852+0.00000000j)  (-0.17211594+0.00000000j)  (-0.17230382+0.00000000j)
State 1:
 (-0.00005342+0.00000000j)  (-0.71156137+0.00000000j)  (0.00872461-0.00000000j)  (0.70256978-0.00000000j)
State 2:
 (0.00167143-0.00000000j)  (0.40337273-0.00000000j)  (-0.81365150+0.00000000j)  (0.41863932-0.00000000j)
State 3:
 (0.29832856-0.00000000j)  (0.54889036-0.00000000j)  (0.55522177-0.00000000j)  (0.54904301-0.00000000j)

Theta = 66.12 degrees
State 0:
 (0.95446177+0.00000000j)  (-0.17229409+0.00000000j)  (-0.17211663+0.00000000j)  (-0.17231755+0.00000000j)
State 1:
 (0.00026598-0.00000000j)  (-0.68361402+0.00000000j)  (-0.04359703+0.00000000j)  (0.72854039-0.00000000j)
State 2:
 (0.00165072-0.00000000j)  (0.44854333-0.00000000j)  (-0.81254513+0.00000000j)  (0.37225873-0.00000000j)
State 3:
 (0.29832856-0.00000000j)  (0.54935917-0.00000000j)  (0.55519868-0.00000000j)  (0.54859730-0.00000000j)

Theta = 73.47 degrees
State 0:
 (0.95446177+0.00000000j)  (-0.17227882+0.00000000j)  (-0.17211939+0.00000000j)  (-0.17233006+0.00000000j)
State 1:
 (0.00057537-0.00000000j)  (-0.65285369+0.00000000j)  (-0.09568651+0.00000000j)  (0.75141588-0.00000000j)
State 2:
 (0.00156876-0.00000000j)  (0.49169110-0.00000000j)  (-0.80813087+0.00000000j)  (0.32428676-0.00000000j)
State 3:
 (0.29832857-0.00000000j)  (0.54985628-0.00000000j)  (0.55510675-0.00000000j)  (0.54819214-0.00000000j)

Theta = 80.82 degrees
State 0:
 (0.95446177+0.00000000j)  (-0.17226297+0.00000000j)  (-0.17212418+0.00000000j)  (-0.17234113+0.00000000j)
State 1:
 (0.00086319-0.00000000j)  (-0.61948067+0.00000000j)  (-0.14727735+0.00000000j)  (0.77107220-0.00000000j)
State 2:
 (0.00142875-0.00000000j)  (0.53259551-0.00000000j)  (-0.80044728+0.00000000j)  (0.27499842-0.00000000j)
State 3:
 (0.29832858-0.00000000j)  (0.55037368-0.00000000j)  (0.55494756-0.00000000j)  (0.54783398-0.00000000j)

Theta = 88.16 degrees
State 0:
 (0.95446177+0.00000000j)  (-0.17224678+0.00000000j)  (-0.17213091+0.00000000j)  (-0.17235058+0.00000000j)
State 1:
 (0.00111876-0.00000000j)  (-0.58370330+0.00000000j)  (-0.19812792+0.00000000j)  (0.78742272-0.00000000j)
State 2:
 (0.00123607-0.00000000j)  (0.57107570-0.00000000j)  (-0.78955541+0.00000000j)  (0.22466257-0.00000000j)
State 3:
 (0.29832859-0.00000000j)  (0.55090294-0.00000000j)  (0.55472384-0.00000000j)  (0.54752851-0.00000000j)

Theta = 95.51 degrees
State 0:
 (0.95446177+0.00000000j)  (-0.17223053+0.00000000j)  (-0.17213948+0.00000000j)  (-0.17235827+0.00000000j)
State 1:
 (0.00133274-0.00000000j)  (-0.54572483+0.00000000j)  (-0.24802918+0.00000000j)  (0.80041499-0.00000000j)
State 2:
 (0.00099805-0.00000000j)  (0.60699262-0.00000000j)  (-0.77552981+0.00000000j)  (0.17352947-0.00000000j)
State 3:
 (0.29832860-0.00000000j)  (0.55143541-0.00000000j)  (0.55443939-0.00000000j)  (0.54728055-0.00000000j)

Theta = 102.86 degrees
State 0:
 (0.95446177+0.00000000j)  (-0.17221448+0.00000000j)  (-0.17214974+0.00000000j)  (-0.17236405+0.00000000j)
State 1:
 (0.00149743-0.00000000j)  (-0.50573289+0.00000000j)  (-0.29680644+0.00000000j)  (0.81002342-0.00000000j)
State 2:
 (0.00072360-0.00000000j)  (0.64024526-0.00000000j)  (-0.75844883+0.00000000j)  (0.12182303-0.00000000j)
State 3:
 (0.29832861-0.00000000j)  (0.55196234-0.00000000j)  (0.55409906-0.00000000j)  (0.54709400-0.00000000j)

Theta = 110.20 degrees
State 0:
 (0.95446177+0.00000000j)  (-0.17219890+0.00000000j)  (-0.17216153+0.00000000j)  (-0.17236785+0.00000000j)
State 1:
 (0.00160699-0.00000000j)  (-0.46389309+0.00000000j)  (-0.34431522+0.00000000j)  (0.81623995-0.00000000j)
State 2:
 (0.00042285-0.00000000j)  (0.67076234-0.00000000j)  (-0.73838620+0.00000000j)  (0.06973897-0.00000000j)
State 3:
 (0.29832862-0.00000000j)  (0.55247500-0.00000000j)  (0.55370864-0.00000000j)  (0.54697180-0.00000000j)

Theta = 117.55 degrees
State 0:
 (0.95446177+0.00000000j)  (-0.17218404+0.00000000j)  (-0.17217465+0.00000000j)  (-0.17236958+0.00000000j)
State 1:
 (0.00165757-0.00000000j)  (-0.42034806+0.00000000j)  (-0.39043240+0.00000000j)  (0.81906489-0.00000000j)
State 2:
 (0.00010679-0.00000000j)  (0.69849125-0.00000000j)  (-0.71540584+0.00000000j)  (0.01744873-0.00000000j)
State 3:
 (0.29832862-0.00000000j)  (0.55296487-0.00000000j)  (0.55327472-0.00000000j)  (0.54691587-0.00000000j)

Theta = 124.90 degrees
State 0:
 (0.95446177+0.00000000j)  (-0.17217014+0.00000000j)  (-0.17218889+0.00000000j)  (-0.17236924+0.00000000j)
State 1:
 (0.00164741-0.00000000j)  (-0.37522169+0.00000000j)  (-0.43504459+0.00000000j)  (0.81849995-0.00000000j)
State 2:
 (-0.00021314+0.00000000j)  (0.72338667-0.00000000j)  (-0.68956090+0.00000000j)  (-0.03489190+0.00000000j)
State 3:
 (0.29832862-0.00000000j)  (0.55342376-0.00000000j)  (0.55280462-0.00000000j)  (0.54692708-0.00000000j)

Theta = 132.24 degrees
State 0:
 (0.95446177+0.00000000j)  (-0.17215744+0.00000000j)  (-0.17220402+0.00000000j)  (-0.17236681+0.00000000j)
State 1:
 (0.00157688-0.00000000j)  (-0.32862782+0.00000000j)  (-0.47803576+0.00000000j)  (0.81454471-0.00000000j)
State 2:
 (-0.00052536+0.00000000j)  (0.74540086-0.00000000j)  (-0.66089743+0.00000000j)  (-0.08713127+0.00000000j)
State 3:
 (0.29832862-0.00000000j)  (0.55384395-0.00000000j)  (0.55230623-0.00000000j)  (0.54700525-0.00000000j)

Theta = 139.59 degrees
State 0:
 (0.95446177+0.00000000j)  (-0.17214614+0.00000000j)  (-0.17221979+0.00000000j)  (-0.17236234+0.00000000j)
State 1:
 (0.00144841+0.00000000j)  (-0.28068170+0.00000000j)  (-0.51927655+0.00000000j)  (0.80719734+0.00000000j)
State 2:
 (-0.00081852+0.00000000j)  (0.76447726+0.00000000j)  (-0.62946197+0.00000000j)  (-0.13910957+0.00000000j)
State 3:
 (0.29832861-0.00000000j)  (0.55421837-0.00000000j)  (0.55178785-0.00000000j)  (0.54714916-0.00000000j)

Theta = 146.94 degrees
State 0:
 (0.95446177+0.00000000j)  (-0.17213643+0.00000000j)  (-0.17223593+0.00000000j)  (-0.17235591+0.00000000j)
State 1:
 (0.00126655+0.00000000j)  (-0.23151238+0.00000000j)  (-0.55861689+0.00000000j)  (0.79645940+0.00000000j)
State 2:
 (-0.00108191+0.00000000j)  (0.78054834+0.00000000j)  (-0.59531206+0.00000000j)  (-0.19064801+0.00000000j)
State 3:
 (0.29832860-0.00000000j)  (0.55454067-0.00000000j)  (0.55125811-0.00000000j)  (0.54735655-0.00000000j)

Theta = 154.29 degrees
State 0:
 (0.95446177+0.00000000j)  (-0.17212846+0.00000000j)  (-0.17225219+0.00000000j)  (-0.17234762+0.00000000j)
State 1:
 (0.00103776-0.00000000j)  (-0.18127360+0.00000000j)  (-0.59588346+0.00000000j)  (0.78234373-0.00000000j)
State 2:
 (-0.00130573+0.00000000j)  (0.79353808-0.00000000j)  (-0.55852776+0.00000000j)  (-0.24154164+0.00000000j)
State 3:
 (0.29832859-0.00000000j)  (0.55480537-0.00000000j)  (0.55072573-0.00000000j)  (0.54762416-0.00000000j)

Theta = 161.63 degrees
State 0:
 (0.95446177+0.00000000j)  (-0.17212236+0.00000000j)  (-0.17226830+0.00000000j)  (-0.17233761+0.00000000j)
State 1:
 (0.00077033-0.00000000j)  (-0.13015135+0.00000000j)  (-0.63088247+0.00000000j)  (0.76488388-0.00000000j)
State 2:
 (-0.00148158+0.00000000j)  (0.80336834-0.00000000j)  (-0.51922200+0.00000000j)  (-0.29155725+0.00000000j)
State 3:
 (0.29832857-0.00000000j)  (0.55500796-0.00000000j)  (0.55019947-0.00000000j)  (0.54794778-0.00000000j)

Theta = 168.98 degrees
State 0:
 (0.95446177+0.00000000j)  (-0.17211825+0.00000000j)  (-0.17228399+0.00000000j)  (-0.17232604+0.00000000j)
State 1:
 (0.00047408-0.00000000j)  (-0.07836601+0.00000000j)  (-0.66340762+0.00000000j)  (0.74414305-0.00000000j)
State 2:
 (-0.00160274+0.00000000j)  (0.80996799-0.00000000j)  (-0.47754765+0.00000000j)  (-0.34043727+0.00000000j)
State 3:
 (0.29832857-0.00000000j)  (0.55514497-0.00000000j)  (0.54968792-0.00000000j)  (0.54832228-0.00000000j)

Theta = 176.33 degrees
State 0:
 (0.95446177+0.00000000j)  (-0.17211617+0.00000000j)  (-0.17229901+0.00000000j)  (-0.17231310+0.00000000j)
State 1:
 (0.00016003-0.00000000j)  (-0.02616862+0.00000000j)  (-0.69325176+0.00000000j)  (0.72022022-0.00000000j)
State 2:
 (-0.00166452+0.00000000j)  (0.81328259-0.00000000j)  (-0.43369932+0.00000000j)  (-0.38790922+0.00000000j)
State 3:
 (0.29832856-0.00000000j)  (0.55521407-0.00000000j)  (0.54919937-0.00000000j)  (0.54874171-0.00000000j)

Theta = 183.67 degrees
State 0:
 (0.95446177+0.00000000j)  (-0.17211617+0.00000000j)  (-0.17231310+0.00000000j)  (-0.17229901+0.00000000j)
State 1:
 (-0.00016003+0.00000000j)  (0.02616862-0.00000000j)  (-0.72022022+0.00000000j)  (0.69325176-0.00000000j)
State 2:
 (-0.00166452+0.00000000j)  (0.81328259-0.00000000j)  (-0.38790922+0.00000000j)  (-0.43369932+0.00000000j)
State 3:
 (0.29832856-0.00000000j)  (0.55521407-0.00000000j)  (0.54874171-0.00000000j)  (0.54919937-0.00000000j)

Theta = 191.02 degrees
State 0:
 (0.95446177+0.00000000j)  (-0.17211825+0.00000000j)  (-0.17232604+0.00000000j)  (-0.17228399+0.00000000j)
State 1:
 (-0.00047408+0.00000000j)  (0.07836601-0.00000000j)  (-0.74414305+0.00000000j)  (0.66340762-0.00000000j)
State 2:
 (-0.00160274+0.00000000j)  (0.80996799-0.00000000j)  (-0.34043727+0.00000000j)  (-0.47754765+0.00000000j)
State 3:
 (0.29832857-0.00000000j)  (0.55514497-0.00000000j)  (0.54832228-0.00000000j)  (0.54968792-0.00000000j)

Theta = 198.37 degrees
State 0:
 (0.95446177+0.00000000j)  (-0.17212236+0.00000000j)  (-0.17233761+0.00000000j)  (-0.17226830+0.00000000j)
State 1:
 (-0.00077033+0.00000000j)  (0.13015135-0.00000000j)  (-0.76488388+0.00000000j)  (0.63088247-0.00000000j)
State 2:
 (-0.00148158+0.00000000j)  (0.80336834-0.00000000j)  (-0.29155725+0.00000000j)  (-0.51922200+0.00000000j)
State 3:
 (0.29832857-0.00000000j)  (0.55500796-0.00000000j)  (0.54794778-0.00000000j)  (0.55019947-0.00000000j)

Theta = 205.71 degrees
State 0:
 (0.95446177+0.00000000j)  (-0.17212846+0.00000000j)  (-0.17234762+0.00000000j)  (-0.17225219+0.00000000j)
State 1:
 (-0.00103776+0.00000000j)  (0.18127360-0.00000000j)  (-0.78234373+0.00000000j)  (0.59588346-0.00000000j)
State 2:
 (-0.00130573+0.00000000j)  (0.79353808-0.00000000j)  (-0.24154164+0.00000000j)  (-0.55852776+0.00000000j)
State 3:
 (0.29832859-0.00000000j)  (0.55480537-0.00000000j)  (0.54762416-0.00000000j)  (0.55072573-0.00000000j)

Theta = 213.06 degrees
State 0:
 (0.95446177+0.00000000j)  (-0.17213643+0.00000000j)  (-0.17235591+0.00000000j)  (-0.17223593+0.00000000j)
State 1:
 (-0.00126655+0.00000000j)  (0.23151238-0.00000000j)  (-0.79645940+0.00000000j)  (0.55861689-0.00000000j)
State 2:
 (-0.00108191+0.00000000j)  (0.78054834-0.00000000j)  (-0.19064801+0.00000000j)  (-0.59531206+0.00000000j)
State 3:
 (0.29832860-0.00000000j)  (0.55454067-0.00000000j)  (0.54735655-0.00000000j)  (0.55125811-0.00000000j)

Theta = 220.41 degrees
State 0:
 (0.95446177+0.00000000j)  (-0.17214614+0.00000000j)  (-0.17236234+0.00000000j)  (-0.17221979+0.00000000j)
State 1:
 (-0.00144841+0.00000000j)  (0.28068170-0.00000000j)  (-0.80719734+0.00000000j)  (0.51927655-0.00000000j)
State 2:
 (-0.00081852+0.00000000j)  (0.76447726-0.00000000j)  (-0.13910957+0.00000000j)  (-0.62946197+0.00000000j)
State 3:
 (0.29832861-0.00000000j)  (0.55421837-0.00000000j)  (0.54714916-0.00000000j)  (0.55178785-0.00000000j)

Theta = 227.76 degrees
State 0:
 (0.95446177+0.00000000j)  (-0.17215744+0.00000000j)  (-0.17236681+0.00000000j)  (-0.17220402+0.00000000j)
State 1:
 (-0.00157688+0.00000000j)  (0.32862782-0.00000000j)  (-0.81454471+0.00000000j)  (0.47803576-0.00000000j)
State 2:
 (-0.00052536+0.00000000j)  (0.74540086-0.00000000j)  (-0.08713127+0.00000000j)  (-0.66089743+0.00000000j)
State 3:
 (0.29832862-0.00000000j)  (0.55384395-0.00000000j)  (0.54700525-0.00000000j)  (0.55230623-0.00000000j)

Theta = 235.10 degrees
State 0:
 (0.95446177+0.00000000j)  (-0.17217014+0.00000000j)  (-0.17236924+0.00000000j)  (-0.17218889+0.00000000j)
State 1:
 (-0.00164741+0.00000000j)  (0.37522169-0.00000000j)  (-0.81849995+0.00000000j)  (0.43504459-0.00000000j)
State 2:
 (-0.00021314+0.00000000j)  (0.72338667-0.00000000j)  (-0.03489190+0.00000000j)  (-0.68956090+0.00000000j)
State 3:
 (0.29832862-0.00000000j)  (0.55342376-0.00000000j)  (0.54692708-0.00000000j)  (0.55280462-0.00000000j)

Theta = 242.45 degrees
State 0:
 (0.95446177+0.00000000j)  (-0.17218404+0.00000000j)  (-0.17236958+0.00000000j)  (-0.17217465+0.00000000j)
State 1:
 (-0.00165757+0.00000000j)  (0.42034806-0.00000000j)  (-0.81906489+0.00000000j)  (0.39043240-0.00000000j)
State 2:
 (0.00010679-0.00000000j)  (0.69849125-0.00000000j)  (0.01744873-0.00000000j)  (-0.71540584+0.00000000j)
State 3:
 (0.29832862-0.00000000j)  (0.55296487-0.00000000j)  (0.54691587-0.00000000j)  (0.55327472-0.00000000j)

Theta = 249.80 degrees
State 0:
 (0.95446177+0.00000000j)  (-0.17219890+0.00000000j)  (-0.17236785+0.00000000j)  (-0.17216153+0.00000000j)
State 1:
 (-0.00160699+0.00000000j)  (0.46389309-0.00000000j)  (-0.81623995+0.00000000j)  (0.34431522-0.00000000j)
State 2:
 (0.00042285-0.00000000j)  (0.67076234-0.00000000j)  (0.06973897-0.00000000j)  (-0.73838620+0.00000000j)
State 3:
 (0.29832862-0.00000000j)  (0.55247500-0.00000000j)  (0.54697180-0.00000000j)  (0.55370864-0.00000000j)

Theta = 257.14 degrees
State 0:
 (0.95446177+0.00000000j)  (-0.17221448+0.00000000j)  (-0.17236405+0.00000000j)  (-0.17214974+0.00000000j)
State 1:
 (-0.00149743+0.00000000j)  (0.50573289-0.00000000j)  (-0.81002342+0.00000000j)  (0.29680644-0.00000000j)
State 2:
 (0.00072360-0.00000000j)  (0.64024526-0.00000000j)  (0.12182303-0.00000000j)  (-0.75844883+0.00000000j)
State 3:
 (0.29832861-0.00000000j)  (0.55196234-0.00000000j)  (0.54709400-0.00000000j)  (0.55409906-0.00000000j)

Theta = 264.49 degrees
State 0:
 (0.95446177+0.00000000j)  (-0.17223053+0.00000000j)  (-0.17235827+0.00000000j)  (-0.17213948+0.00000000j)
State 1:
 (-0.00133274+0.00000000j)  (0.54572483-0.00000000j)  (-0.80041499+0.00000000j)  (0.24802918-0.00000000j)
State 2:
 (0.00099805-0.00000000j)  (0.60699262-0.00000000j)  (0.17352947-0.00000000j)  (-0.77552981+0.00000000j)
State 3:
 (0.29832860-0.00000000j)  (0.55143541-0.00000000j)  (0.54728055-0.00000000j)  (0.55443939-0.00000000j)

Theta = 271.84 degrees
State 0:
 (0.95446177+0.00000000j)  (-0.17224678+0.00000000j)  (-0.17235058+0.00000000j)  (-0.17213091+0.00000000j)
State 1:
 (-0.00111876+0.00000000j)  (0.58370330+0.00000000j)  (-0.78742272+0.00000000j)  (0.19812792+0.00000000j)
State 2:
 (0.00123607+0.00000000j)  (0.57107570+0.00000000j)  (0.22466257+0.00000000j)  (-0.78955541+0.00000000j)
State 3:
 (0.29832859-0.00000000j)  (0.55090294-0.00000000j)  (0.54752851-0.00000000j)  (0.55472384-0.00000000j)

Theta = 279.18 degrees
State 0:
 (0.95446177+0.00000000j)  (-0.17226297+0.00000000j)  (-0.17234113+0.00000000j)  (-0.17212418+0.00000000j)
State 1:
 (-0.00086319+0.00000000j)  (0.61948067+0.00000000j)  (-0.77107220+0.00000000j)  (0.14727735+0.00000000j)
State 2:
 (0.00142875+0.00000000j)  (0.53259551+0.00000000j)  (0.27499842+0.00000000j)  (-0.80044728+0.00000000j)
State 3:
 (0.29832858-0.00000000j)  (0.55037368-0.00000000j)  (0.54783398-0.00000000j)  (0.55494756-0.00000000j)

Theta = 286.53 degrees
State 0:
 (0.95446177+0.00000000j)  (-0.17227882+0.00000000j)  (-0.17233006+0.00000000j)  (-0.17211939+0.00000000j)
State 1:
 (-0.00057537+0.00000000j)  (0.65285369+0.00000000j)  (-0.75141588+0.00000000j)  (0.09568651+0.00000000j)
State 2:
 (0.00156876+0.00000000j)  (0.49169110+0.00000000j)  (0.32428676+0.00000000j)  (-0.80813087+0.00000000j)
State 3:
 (0.29832857-0.00000000j)  (0.54985628-0.00000000j)  (0.54819214-0.00000000j)  (0.55510675-0.00000000j)

Theta = 293.88 degrees
State 0:
 (0.95446177+0.00000000j)  (-0.17229409+0.00000000j)  (-0.17231755+0.00000000j)  (-0.17211663+0.00000000j)
State 1:
 (-0.00026598+0.00000000j)  (0.68361402+0.00000000j)  (-0.72854039+0.00000000j)  (0.04359703+0.00000000j)
State 2:
 (0.00165072+0.00000000j)  (0.44854333+0.00000000j)  (0.37225873+0.00000000j)  (-0.81254513+0.00000000j)
State 3:
 (0.29832856-0.00000000j)  (0.54935917-0.00000000j)  (0.54859730-0.00000000j)  (0.55519868-0.00000000j)

Theta = 301.22 degrees
State 0:
 (0.95446177+0.00000000j)  (-0.17230852+0.00000000j)  (-0.17230382+0.00000000j)  (-0.17211594+0.00000000j)
State 1:
 (0.00005342-0.00000000j)  (0.71156137+0.00000000j)  (-0.70256978+0.00000000j)  (-0.00872461+0.00000000j)
State 2:
 (0.00167143+0.00000000j)  (0.40337273+0.00000000j)  (0.41863932+0.00000000j)  (-0.81365150+0.00000000j)
State 3:
 (0.29832856-0.00000000j)  (0.54889036-0.00000000j)  (0.54904301-0.00000000j)  (0.55522177-0.00000000j)

Theta = 308.57 degrees
State 0:
 (0.95446177+0.00000000j)  (-0.17232187+0.00000000j)  (-0.17228908+0.00000000j)  (-0.17211732+0.00000000j)
State 1:
 (0.00037080-0.00000000j)  (0.73651635+0.00000000j)  (-0.67366355+0.00000000j)  (-0.06099954+0.00000000j)
State 2:
 (0.00163010+0.00000000j)  (0.35643134+0.00000000j)  (0.46316232+0.00000000j)  (-0.81143989+0.00000000j)
State 3:
 (0.29832856-0.00000000j)  (0.54845741-0.00000000j)  (0.54952211-0.00000000j)  (0.55517563-0.00000000j)

Theta = 315.92 degrees
State 0:
 (0.95446177+0.00000000j)  (-0.17233392+0.00000000j)  (-0.17227359+0.00000000j)  (-0.17212077+0.00000000j)
State 1:
 (0.00067426-0.00000000j)  (0.75833071-0.00000000j)  (-0.64200939+0.00000000j)  (-0.11295141+0.00000000j)
State 2:
 (0.00152832-0.00000000j)  (0.30799004-0.00000000j)  (0.50558496-0.00000000j)  (-0.80593030+0.00000000j)
State 3:
 (0.29832857-0.00000000j)  (0.54806724-0.00000000j)  (0.55002690-0.00000000j)  (0.55506105-0.00000000j)

Theta = 323.27 degrees
State 0:
 (0.95446177+0.00000000j)  (-0.17234447+0.00000000j)  (-0.17225759+0.00000000j)  (-0.17212621+0.00000000j)
State 1:
 (0.00095245-0.00000000j)  (0.77689292-0.00000000j)  (-0.60781177+0.00000000j)  (-0.16432083+0.00000000j)
State 2:
 (0.00137005-0.00000000j)  (0.25832336-0.00000000j)  (0.54569931-0.00000000j)  (-0.79716963+0.00000000j)
State 3:
 (0.29832858-0.00000000j)  (0.54772605-0.00000000j)  (0.55054921-0.00000000j)  (0.55487999-0.00000000j)

Theta = 330.61 degrees
State 0:
 (0.95446177+0.00000000j)  (-0.17235335+0.00000000j)  (-0.17224136+0.00000000j)  (-0.17213357+0.00000000j)
State 1:
 (0.00119512-0.00000000j)  (0.79212834-0.00000000j)  (-0.57127871+0.00000000j)  (-0.21487647+0.00000000j)
State 2:
 (0.00116136-0.00000000j)  (0.20769515-0.00000000j)  (0.58333852-0.00000000j)  (-0.78522452+0.00000000j)
State 3:
 (0.29832859-0.00000000j)  (0.54743925-0.00000000j)  (0.55108051-0.00000000j)  (0.55463555-0.00000000j)

Theta = 337.96 degrees
State 0:
 (0.95446177+0.00000000j)  (-0.17236041+0.00000000j)  (-0.17222514+0.00000000j)  (-0.17214272+0.00000000j)
State 1:
 (0.00139344-0.00000000j)  (0.80399445-0.00000000j)  (-0.53260924+0.00000000j)  (-0.26442085+0.00000000j)
State 2:
 (0.00091013-0.00000000j)  (0.15634746-0.00000000j)  (0.61837689-0.00000000j)  (-0.77017184+0.00000000j)
State 3:
 (0.29832861-0.00000000j)  (0.54721137-0.00000000j)  (0.55161210-0.00000000j)  (0.55433189-0.00000000j)

Theta = 345.31 degrees
State 0:
 (0.95446177+0.00000000j)  (-0.17236554+0.00000000j)  (-0.17220922+0.00000000j)  (-0.17215351+0.00000000j)
State 1:
 (0.00154031-0.00000000j)  (0.81247255-0.00000000j)  (-0.49198411+0.00000000j)  (-0.31279006+0.00000000j)
State 2:
 (0.00062574-0.00000000j)  (0.10449473-0.00000000j)  (0.65072444-0.00000000j)  (-0.75208920+0.00000000j)
State 3:
 (0.29832862-0.00000000j)  (0.54704600-0.00000000j)  (0.55213524-0.00000000j)  (0.55397418-0.00000000j)

Theta = 352.65 degrees
State 0:
 (0.95446177+0.00000000j)  (-0.17236866+0.00000000j)  (-0.17219385+0.00000000j)  (-0.17216577+0.00000000j)
State 1:
 (0.00163053-0.00000000j)  (0.81755833-0.00000000j)  (-0.44956111+0.00000000j)  (-0.35984791+0.00000000j)
State 2:
 (0.00031864-0.00000000j)  (0.05232388-0.00000000j)  (0.68031739-0.00000000j)  (-0.73104744+0.00000000j)
State 3:
 (0.29832862-0.00000000j)  (0.54694573-0.00000000j)  (0.55264123-0.00000000j)  (0.55356849-0.00000000j)

Theta = 360.00 degrees
State 0:
 (0.95446177+0.00000000j)  (-0.17236970+0.00000000j)  (-0.17217929+0.00000000j)  (-0.17217929+0.00000000j)
State 1:
 (0.00166096-0.00000000j)  (0.81925320-0.00000000j)  (-0.40547591+0.00000000j)  (-0.40547591+0.00000000j)
State 2:
 (-0.00000000+0.00000000j)  (0.00000000-0.00000000j)  (0.70710678-0.00000000j)  (-0.70710678+0.00000000j)
State 3:
 (0.29832862-0.00000000j)  (0.54691213+0.00000000j)  (0.55312166+0.00000000j)  (0.55312166+0.00000000j)

